running egg_info
creating ../build/opencv_tutorials/opencv_tutorials.egg-info
writing ../build/opencv_tutorials/opencv_tutorials.egg-info/PKG-INFO
writing dependency_links to ../build/opencv_tutorials/opencv_tutorials.egg-info/dependency_links.txt
writing entry points to ../build/opencv_tutorials/opencv_tutorials.egg-info/entry_points.txt
writing requirements to ../build/opencv_tutorials/opencv_tutorials.egg-info/requires.txt
writing top-level names to ../build/opencv_tutorials/opencv_tutorials.egg-info/top_level.txt
writing manifest file '../build/opencv_tutorials/opencv_tutorials.egg-info/SOURCES.txt'
reading manifest file '../build/opencv_tutorials/opencv_tutorials.egg-info/SOURCES.txt'
writing manifest file '../build/opencv_tutorials/opencv_tutorials.egg-info/SOURCES.txt'
running build
running build_py
creating /home/jb/dev_ws/opencv_ws/build/opencv_tutorials/build
creating /home/jb/dev_ws/opencv_ws/build/opencv_tutorials/build/lib
creating /home/jb/dev_ws/opencv_ws/build/opencv_tutorials/build/lib/opencv_tutorials
copying opencv_tutorials/img_control.py -> /home/jb/dev_ws/opencv_ws/build/opencv_tutorials/build/lib/opencv_tutorials
copying opencv_tutorials/__init__.py -> /home/jb/dev_ws/opencv_ws/build/opencv_tutorials/build/lib/opencv_tutorials
copying opencv_tutorials/edge.py -> /home/jb/dev_ws/opencv_ws/build/opencv_tutorials/build/lib/opencv_tutorials
copying opencv_tutorials/optical_flow.py -> /home/jb/dev_ws/opencv_ws/build/opencv_tutorials/build/lib/opencv_tutorials
copying opencv_tutorials/img_publisher.py -> /home/jb/dev_ws/opencv_ws/build/opencv_tutorials/build/lib/opencv_tutorials
copying opencv_tutorials/cartoon.py -> /home/jb/dev_ws/opencv_ws/build/opencv_tutorials/build/lib/opencv_tutorials
running install
running install_lib
creating /home/jb/dev_ws/opencv_ws/install/opencv_tutorials/lib/python3.10/site-packages/opencv_tutorials
copying /home/jb/dev_ws/opencv_ws/build/opencv_tutorials/build/lib/opencv_tutorials/img_control.py -> /home/jb/dev_ws/opencv_ws/install/opencv_tutorials/lib/python3.10/site-packages/opencv_tutorials
copying /home/jb/dev_ws/opencv_ws/build/opencv_tutorials/build/lib/opencv_tutorials/__init__.py -> /home/jb/dev_ws/opencv_ws/install/opencv_tutorials/lib/python3.10/site-packages/opencv_tutorials
copying /home/jb/dev_ws/opencv_ws/build/opencv_tutorials/build/lib/opencv_tutorials/edge.py -> /home/jb/dev_ws/opencv_ws/install/opencv_tutorials/lib/python3.10/site-packages/opencv_tutorials
copying /home/jb/dev_ws/opencv_ws/build/opencv_tutorials/build/lib/opencv_tutorials/optical_flow.py -> /home/jb/dev_ws/opencv_ws/install/opencv_tutorials/lib/python3.10/site-packages/opencv_tutorials
copying /home/jb/dev_ws/opencv_ws/build/opencv_tutorials/build/lib/opencv_tutorials/img_publisher.py -> /home/jb/dev_ws/opencv_ws/install/opencv_tutorials/lib/python3.10/site-packages/opencv_tutorials
copying /home/jb/dev_ws/opencv_ws/build/opencv_tutorials/build/lib/opencv_tutorials/cartoon.py -> /home/jb/dev_ws/opencv_ws/install/opencv_tutorials/lib/python3.10/site-packages/opencv_tutorials
byte-compiling /home/jb/dev_ws/opencv_ws/install/opencv_tutorials/lib/python3.10/site-packages/opencv_tutorials/img_control.py to img_control.cpython-310.pyc
byte-compiling /home/jb/dev_ws/opencv_ws/install/opencv_tutorials/lib/python3.10/site-packages/opencv_tutorials/__init__.py to __init__.cpython-310.pyc
byte-compiling /home/jb/dev_ws/opencv_ws/install/opencv_tutorials/lib/python3.10/site-packages/opencv_tutorials/edge.py to edge.cpython-310.pyc
byte-compiling /home/jb/dev_ws/opencv_ws/install/opencv_tutorials/lib/python3.10/site-packages/opencv_tutorials/optical_flow.py to optical_flow.cpython-310.pyc
byte-compiling /home/jb/dev_ws/opencv_ws/install/opencv_tutorials/lib/python3.10/site-packages/opencv_tutorials/img_publisher.py to img_publisher.cpython-310.pyc
byte-compiling /home/jb/dev_ws/opencv_ws/install/opencv_tutorials/lib/python3.10/site-packages/opencv_tutorials/cartoon.py to cartoon.cpython-310.pyc
running install_data
creating /home/jb/dev_ws/opencv_ws/install/opencv_tutorials/share/ament_index
creating /home/jb/dev_ws/opencv_ws/install/opencv_tutorials/share/ament_index/resource_index
creating /home/jb/dev_ws/opencv_ws/install/opencv_tutorials/share/ament_index/resource_index/packages
copying resource/opencv_tutorials -> /home/jb/dev_ws/opencv_ws/install/opencv_tutorials/share/ament_index/resource_index/packages
copying package.xml -> /home/jb/dev_ws/opencv_ws/install/opencv_tutorials/share/opencv_tutorials
creating /home/jb/dev_ws/opencv_ws/install/opencv_tutorials/share/opencv_tutorials/launch
copying launch/camera.launch.py -> /home/jb/dev_ws/opencv_ws/install/opencv_tutorials/share/opencv_tutorials/launch
copying launch/optical_flow.launch.py -> /home/jb/dev_ws/opencv_ws/install/opencv_tutorials/share/opencv_tutorials/launch
copying launch/img_control.launch.py -> /home/jb/dev_ws/opencv_ws/install/opencv_tutorials/share/opencv_tutorials/launch
copying launch/edge.launch.py -> /home/jb/dev_ws/opencv_ws/install/opencv_tutorials/share/opencv_tutorials/launch
creating /home/jb/dev_ws/opencv_ws/install/opencv_tutorials/share/opencv_tutorials/param
copying param/filter.yaml -> /home/jb/dev_ws/opencv_ws/install/opencv_tutorials/share/opencv_tutorials/param
copying param/size.yaml -> /home/jb/dev_ws/opencv_ws/install/opencv_tutorials/share/opencv_tutorials/param
running install_egg_info
Copying ../build/opencv_tutorials/opencv_tutorials.egg-info to /home/jb/dev_ws/opencv_ws/install/opencv_tutorials/lib/python3.10/site-packages/opencv_tutorials-0.0.0-py3.10.egg-info
running install_scripts
Installing cartoon script to /home/jb/dev_ws/opencv_ws/install/opencv_tutorials/lib/opencv_tutorials
Installing edge script to /home/jb/dev_ws/opencv_ws/install/opencv_tutorials/lib/opencv_tutorials
Installing img_control script to /home/jb/dev_ws/opencv_ws/install/opencv_tutorials/lib/opencv_tutorials
Installing img_publisher script to /home/jb/dev_ws/opencv_ws/install/opencv_tutorials/lib/opencv_tutorials
Installing laplace script to /home/jb/dev_ws/opencv_ws/install/opencv_tutorials/lib/opencv_tutorials
Installing optical_flow script to /home/jb/dev_ws/opencv_ws/install/opencv_tutorials/lib/opencv_tutorials
writing list of installed files to '/home/jb/dev_ws/opencv_ws/build/opencv_tutorials/install.log'
