[0.443s] Invoking command in '/home/noma/FINAL_ws/manipulator/build/open_manipulator_msgs': CMAKE_PREFIX_PATH=${CMAKE_PREFIX_PATH}:/home/noma/FINAL_ws/manipulator/install/test_package:/home/noma/FINAL_ws/manipulator/install/open_manipulator_x_teleop:/opt/ros/humble /usr/bin/cmake --build /home/noma/FINAL_ws/manipulator/build/open_manipulator_msgs -- -j8 -l8
[0.524s] [  1%] Built target open_manipulator_msgs__cpp
[0.535s] [ 12%] Built target open_manipulator_msgs__rosidl_generator_c
[0.550s] [ 12%] Built target ament_cmake_python_copy_open_manipulator_msgs
[0.601s] [ 32%] Built target open_manipulator_msgs__rosidl_typesupport_cpp
[0.601s] [ 35%] Built target open_manipulator_msgs__rosidl_typesupport_fastrtps_cpp
[0.606s] [ 47%] Built target open_manipulator_msgs__rosidl_typesupport_introspection_cpp
[0.607s] [ 58%] Built target open_manipulator_msgs__rosidl_typesupport_introspection_c
[0.614s] [ 70%] Built target open_manipulator_msgs__rosidl_typesupport_c
[0.616s] [ 82%] Built target open_manipulator_msgs__rosidl_typesupport_fastrtps_c
[0.640s] [ 82%] Built target open_manipulator_msgs
[0.674s] [ 83%] Built target open_manipulator_msgs__py
[0.715s] [ 93%] Built target open_manipulator_msgs__rosidl_generator_py
[0.756s] [ 97%] Built target open_manipulator_msgs__rosidl_typesupport_introspection_c__pyext
[0.756s] [ 97%] Built target open_manipulator_msgs__rosidl_typesupport_fastrtps_c__pyext
[0.757s] [100%] Built target open_manipulator_msgs__rosidl_typesupport_c__pyext
[0.997s] running egg_info
[0.997s] writing open_manipulator_msgs.egg-info/PKG-INFO
[0.998s] writing dependency_links to open_manipulator_msgs.egg-info/dependency_links.txt
[0.998s] writing top-level names to open_manipulator_msgs.egg-info/top_level.txt
[1.000s] reading manifest file 'open_manipulator_msgs.egg-info/SOURCES.txt'
[1.001s] writing manifest file 'open_manipulator_msgs.egg-info/SOURCES.txt'
[1.027s] [100%] Built target ament_cmake_python_build_open_manipulator_msgs_egg
[1.080s] Invoked command in '/home/noma/FINAL_ws/manipulator/build/open_manipulator_msgs' returned '0': CMAKE_PREFIX_PATH=${CMAKE_PREFIX_PATH}:/home/noma/FINAL_ws/manipulator/install/test_package:/home/noma/FINAL_ws/manipulator/install/open_manipulator_x_teleop:/opt/ros/humble /usr/bin/cmake --build /home/noma/FINAL_ws/manipulator/build/open_manipulator_msgs -- -j8 -l8
[1.434s] Invoking command in '/home/noma/FINAL_ws/manipulator/build/open_manipulator_msgs': CMAKE_PREFIX_PATH=${CMAKE_PREFIX_PATH}:/home/noma/FINAL_ws/manipulator/install/test_package:/home/noma/FINAL_ws/manipulator/install/open_manipulator_x_teleop:/opt/ros/humble /usr/bin/cmake --install /home/noma/FINAL_ws/manipulator/build/open_manipulator_msgs
[1.573s] -- Install configuration: ""
[1.573s] -- Up-to-date: /home/noma/FINAL_ws/manipulator/install/open_manipulator_msgs/share/ament_index/resource_index/rosidl_interfaces/open_manipulator_msgs
[1.573s] -- Up-to-date: /home/noma/FINAL_ws/manipulator/install/open_manipulator_msgs/include/open_manipulator_msgs/open_manipulator_msgs
[1.573s] -- Up-to-date: /home/noma/FINAL_ws/manipulator/install/open_manipulator_msgs/include/open_manipulator_msgs/open_manipulator_msgs/srv
[1.573s] -- Up-to-date: /home/noma/FINAL_ws/manipulator/install/open_manipulator_msgs/include/open_manipulator_msgs/open_manipulator_msgs/srv/get_kinematics_pose.h
[1.574s] -- Up-to-date: /home/noma/FINAL_ws/manipulator/install/open_manipulator_msgs/include/open_manipulator_msgs/open_manipulator_msgs/srv/set_kinematics_pose.h
[1.574s] -- Up-to-date: /home/noma/FINAL_ws/manipulator/install/open_manipulator_msgs/include/open_manipulator_msgs/open_manipulator_msgs/srv/set_joint_position.h
[1.574s] -- Up-to-date: /home/noma/FINAL_ws/manipulator/install/open_manipulator_msgs/include/open_manipulator_msgs/open_manipulator_msgs/srv/get_joint_position.h
[1.574s] -- Up-to-date: /home/noma/FINAL_ws/manipulator/install/open_manipulator_msgs/include/open_manipulator_msgs/open_manipulator_msgs/srv/detail
[1.574s] -- Up-to-date: /home/noma/FINAL_ws/manipulator/install/open_manipulator_msgs/include/open_manipulator_msgs/open_manipulator_msgs/srv/detail/get_joint_position__struct.h
[1.574s] -- Up-to-date: /home/noma/FINAL_ws/manipulator/install/open_manipulator_msgs/include/open_manipulator_msgs/open_manipulator_msgs/srv/detail/get_kinematics_pose__functions.h
[1.574s] -- Up-to-date: /home/noma/FINAL_ws/manipulator/install/open_manipulator_msgs/include/open_manipulator_msgs/open_manipulator_msgs/srv/detail/set_joint_position__functions.h
[1.574s] -- Up-to-date: /home/noma/FINAL_ws/manipulator/install/open_manipulator_msgs/include/open_manipulator_msgs/open_manipulator_msgs/srv/detail/set_actuator_state__functions.c
[1.574s] -- Up-to-date: /home/noma/FINAL_ws/manipulator/install/open_manipulator_msgs/include/open_manipulator_msgs/open_manipulator_msgs/srv/detail/get_kinematics_pose__type_support.h
[1.574s] -- Up-to-date: /home/noma/FINAL_ws/manipulator/install/open_manipulator_msgs/include/open_manipulator_msgs/open_manipulator_msgs/srv/detail/set_joint_position__functions.c
[1.574s] -- Up-to-date: /home/noma/FINAL_ws/manipulator/install/open_manipulator_msgs/include/open_manipulator_msgs/open_manipulator_msgs/srv/detail/set_actuator_state__functions.h
[1.574s] -- Up-to-date: /home/noma/FINAL_ws/manipulator/install/open_manipulator_msgs/include/open_manipulator_msgs/open_manipulator_msgs/srv/detail/set_kinematics_pose__type_support.h
[1.575s] -- Up-to-date: /home/noma/FINAL_ws/manipulator/install/open_manipulator_msgs/include/open_manipulator_msgs/open_manipulator_msgs/srv/detail/get_joint_position__functions.h
[1.575s] -- Up-to-date: /home/noma/FINAL_ws/manipulator/install/open_manipulator_msgs/include/open_manipulator_msgs/open_manipulator_msgs/srv/detail/set_kinematics_pose__functions.h
[1.575s] -- Up-to-date: /home/noma/FINAL_ws/manipulator/install/open_manipulator_msgs/include/open_manipulator_msgs/open_manipulator_msgs/srv/detail/get_kinematics_pose__struct.h
[1.575s] -- Up-to-date: /home/noma/FINAL_ws/manipulator/install/open_manipulator_msgs/include/open_manipulator_msgs/open_manipulator_msgs/srv/detail/get_joint_position__type_support.h
[1.575s] -- Up-to-date: /home/noma/FINAL_ws/manipulator/install/open_manipulator_msgs/include/open_manipulator_msgs/open_manipulator_msgs/srv/detail/get_kinematics_pose__functions.c
[1.575s] -- Up-to-date: /home/noma/FINAL_ws/manipulator/install/open_manipulator_msgs/include/open_manipulator_msgs/open_manipulator_msgs/srv/detail/set_drawing_trajectory__functions.c
[1.575s] -- Up-to-date: /home/noma/FINAL_ws/manipulator/install/open_manipulator_msgs/include/open_manipulator_msgs/open_manipulator_msgs/srv/detail/set_joint_position__struct.h
[1.575s] -- Up-to-date: /home/noma/FINAL_ws/manipulator/install/open_manipulator_msgs/include/open_manipulator_msgs/open_manipulator_msgs/srv/detail/set_actuator_state__struct.h
[1.575s] -- Up-to-date: /home/noma/FINAL_ws/manipulator/install/open_manipulator_msgs/include/open_manipulator_msgs/open_manipulator_msgs/srv/detail/set_joint_position__type_support.h
[1.575s] -- Up-to-date: /home/noma/FINAL_ws/manipulator/install/open_manipulator_msgs/include/open_manipulator_msgs/open_manipulator_msgs/srv/detail/set_kinematics_pose__functions.c
[1.575s] -- Up-to-date: /home/noma/FINAL_ws/manipulator/install/open_manipulator_msgs/include/open_manipulator_msgs/open_manipulator_msgs/srv/detail/get_joint_position__functions.c
[1.576s] -- Up-to-date: /home/noma/FINAL_ws/manipulator/install/open_manipulator_msgs/include/open_manipulator_msgs/open_manipulator_msgs/srv/detail/set_drawing_trajectory__type_support.h
[1.576s] -- Up-to-date: /home/noma/FINAL_ws/manipulator/install/open_manipulator_msgs/include/open_manipulator_msgs/open_manipulator_msgs/srv/detail/set_drawing_trajectory__struct.h
[1.576s] -- Up-to-date: /home/noma/FINAL_ws/manipulator/install/open_manipulator_msgs/include/open_manipulator_msgs/open_manipulator_msgs/srv/detail/set_kinematics_pose__struct.h
[1.576s] -- Up-to-date: /home/noma/FINAL_ws/manipulator/install/open_manipulator_msgs/include/open_manipulator_msgs/open_manipulator_msgs/srv/detail/set_drawing_trajectory__functions.h
[1.576s] -- Up-to-date: /home/noma/FINAL_ws/manipulator/install/open_manipulator_msgs/include/open_manipulator_msgs/open_manipulator_msgs/srv/detail/set_actuator_state__type_support.h
[1.576s] -- Up-to-date: /home/noma/FINAL_ws/manipulator/install/open_manipulator_msgs/include/open_manipulator_msgs/open_manipulator_msgs/srv/set_actuator_state.h
[1.576s] -- Up-to-date: /home/noma/FINAL_ws/manipulator/install/open_manipulator_msgs/include/open_manipulator_msgs/open_manipulator_msgs/srv/set_drawing_trajectory.h
[1.576s] -- Up-to-date: /home/noma/FINAL_ws/manipulator/install/open_manipulator_msgs/include/open_manipulator_msgs/open_manipulator_msgs/msg
[1.576s] -- Up-to-date: /home/noma/FINAL_ws/manipulator/install/open_manipulator_msgs/include/open_manipulator_msgs/open_manipulator_msgs/msg/kinematics_pose.h
[1.576s] -- Up-to-date: /home/noma/FINAL_ws/manipulator/install/open_manipulator_msgs/include/open_manipulator_msgs/open_manipulator_msgs/msg/rosidl_generator_c__visibility_control.h
[1.576s] -- Up-to-date: /home/noma/FINAL_ws/manipulator/install/open_manipulator_msgs/include/open_manipulator_msgs/open_manipulator_msgs/msg/open_manipulator_state.h
[1.576s] -- Up-to-date: /home/noma/FINAL_ws/manipulator/install/open_manipulator_msgs/include/open_manipulator_msgs/open_manipulator_msgs/msg/detail
[1.577s] -- Up-to-date: /home/noma/FINAL_ws/manipulator/install/open_manipulator_msgs/include/open_manipulator_msgs/open_manipulator_msgs/msg/detail/open_manipulator_state__type_support.h
[1.577s] -- Up-to-date: /home/noma/FINAL_ws/manipulator/install/open_manipulator_msgs/include/open_manipulator_msgs/open_manipulator_msgs/msg/detail/kinematics_pose__struct.h
[1.577s] -- Up-to-date: /home/noma/FINAL_ws/manipulator/install/open_manipulator_msgs/include/open_manipulator_msgs/open_manipulator_msgs/msg/detail/joint_position__functions.c
[1.577s] -- Up-to-date: /home/noma/FINAL_ws/manipulator/install/open_manipulator_msgs/include/open_manipulator_msgs/open_manipulator_msgs/msg/detail/open_manipulator_state__functions.c
[1.577s] -- Up-to-date: /home/noma/FINAL_ws/manipulator/install/open_manipulator_msgs/include/open_manipulator_msgs/open_manipulator_msgs/msg/detail/kinematics_pose__functions.c
[1.577s] -- Up-to-date: /home/noma/FINAL_ws/manipulator/install/open_manipulator_msgs/include/open_manipulator_msgs/open_manipulator_msgs/msg/detail/kinematics_pose__type_support.h
[1.577s] -- Up-to-date: /home/noma/FINAL_ws/manipulator/install/open_manipulator_msgs/include/open_manipulator_msgs/open_manipulator_msgs/msg/detail/joint_position__struct.h
[1.577s] -- Up-to-date: /home/noma/FINAL_ws/manipulator/install/open_manipulator_msgs/include/open_manipulator_msgs/open_manipulator_msgs/msg/detail/open_manipulator_state__struct.h
[1.577s] -- Up-to-date: /home/noma/FINAL_ws/manipulator/install/open_manipulator_msgs/include/open_manipulator_msgs/open_manipulator_msgs/msg/detail/joint_position__type_support.h
[1.578s] -- Up-to-date: /home/noma/FINAL_ws/manipulator/install/open_manipulator_msgs/include/open_manipulator_msgs/open_manipulator_msgs/msg/detail/open_manipulator_state__functions.h
[1.578s] -- Up-to-date: /home/noma/FINAL_ws/manipulator/install/open_manipulator_msgs/include/open_manipulator_msgs/open_manipulator_msgs/msg/detail/kinematics_pose__functions.h
[1.578s] -- Up-to-date: /home/noma/FINAL_ws/manipulator/install/open_manipulator_msgs/include/open_manipulator_msgs/open_manipulator_msgs/msg/detail/joint_position__functions.h
[1.578s] -- Up-to-date: /home/noma/FINAL_ws/manipulator/install/open_manipulator_msgs/include/open_manipulator_msgs/open_manipulator_msgs/msg/joint_position.h
[1.579s] -- Up-to-date: /home/noma/FINAL_ws/manipulator/install/open_manipulator_msgs/share/open_manipulator_msgs/environment/library_path.sh
[1.579s] -- Up-to-date: /home/noma/FINAL_ws/manipulator/install/open_manipulator_msgs/share/open_manipulator_msgs/environment/library_path.dsv
[1.579s] -- Up-to-date: /home/noma/FINAL_ws/manipulator/install/open_manipulator_msgs/lib/libopen_manipulator_msgs__rosidl_generator_c.so
[1.579s] -- Up-to-date: /home/noma/FINAL_ws/manipulator/install/open_manipulator_msgs/include/open_manipulator_msgs/open_manipulator_msgs
[1.579s] -- Up-to-date: /home/noma/FINAL_ws/manipulator/install/open_manipulator_msgs/include/open_manipulator_msgs/open_manipulator_msgs/srv
[1.579s] -- Up-to-date: /home/noma/FINAL_ws/manipulator/install/open_manipulator_msgs/include/open_manipulator_msgs/open_manipulator_msgs/srv/detail
[1.580s] -- Up-to-date: /home/noma/FINAL_ws/manipulator/install/open_manipulator_msgs/include/open_manipulator_msgs/open_manipulator_msgs/srv/detail/set_joint_position__rosidl_typesupport_fastrtps_c.h
[1.580s] -- Up-to-date: /home/noma/FINAL_ws/manipulator/install/open_manipulator_msgs/include/open_manipulator_msgs/open_manipulator_msgs/srv/detail/set_kinematics_pose__rosidl_typesupport_fastrtps_c.h
[1.580s] -- Up-to-date: /home/noma/FINAL_ws/manipulator/install/open_manipulator_msgs/include/open_manipulator_msgs/open_manipulator_msgs/srv/detail/set_drawing_trajectory__rosidl_typesupport_fastrtps_c.h
[1.580s] -- Up-to-date: /home/noma/FINAL_ws/manipulator/install/open_manipulator_msgs/include/open_manipulator_msgs/open_manipulator_msgs/srv/detail/get_kinematics_pose__rosidl_typesupport_fastrtps_c.h
[1.581s] -- Up-to-date: /home/noma/FINAL_ws/manipulator/install/open_manipulator_msgs/include/open_manipulator_msgs/open_manipulator_msgs/srv/detail/set_actuator_state__rosidl_typesupport_fastrtps_c.h
[1.581s] -- Up-to-date: /home/noma/FINAL_ws/manipulator/install/open_manipulator_msgs/include/open_manipulator_msgs/open_manipulator_msgs/srv/detail/get_joint_position__rosidl_typesupport_fastrtps_c.h
[1.581s] -- Up-to-date: /home/noma/FINAL_ws/manipulator/install/open_manipulator_msgs/include/open_manipulator_msgs/open_manipulator_msgs/msg
[1.581s] -- Up-to-date: /home/noma/FINAL_ws/manipulator/install/open_manipulator_msgs/include/open_manipulator_msgs/open_manipulator_msgs/msg/detail
[1.581s] -- Up-to-date: /home/noma/FINAL_ws/manipulator/install/open_manipulator_msgs/include/open_manipulator_msgs/open_manipulator_msgs/msg/detail/kinematics_pose__rosidl_typesupport_fastrtps_c.h
[1.582s] -- Up-to-date: /home/noma/FINAL_ws/manipulator/install/open_manipulator_msgs/include/open_manipulator_msgs/open_manipulator_msgs/msg/detail/joint_position__rosidl_typesupport_fastrtps_c.h
[1.582s] -- Up-to-date: /home/noma/FINAL_ws/manipulator/install/open_manipulator_msgs/include/open_manipulator_msgs/open_manipulator_msgs/msg/detail/open_manipulator_state__rosidl_typesupport_fastrtps_c.h
[1.582s] -- Up-to-date: /home/noma/FINAL_ws/manipulator/install/open_manipulator_msgs/include/open_manipulator_msgs/open_manipulator_msgs/msg/rosidl_typesupport_fastrtps_c__visibility_control.h
[1.582s] -- Up-to-date: /home/noma/FINAL_ws/manipulator/install/open_manipulator_msgs/lib/libopen_manipulator_msgs__rosidl_typesupport_fastrtps_c.so
[1.582s] -- Up-to-date: /home/noma/FINAL_ws/manipulator/install/open_manipulator_msgs/include/open_manipulator_msgs/open_manipulator_msgs
[1.582s] -- Up-to-date: /home/noma/FINAL_ws/manipulator/install/open_manipulator_msgs/include/open_manipulator_msgs/open_manipulator_msgs/srv
[1.582s] -- Up-to-date: /home/noma/FINAL_ws/manipulator/install/open_manipulator_msgs/include/open_manipulator_msgs/open_manipulator_msgs/srv/set_joint_position.hpp
[1.582s] -- Up-to-date: /home/noma/FINAL_ws/manipulator/install/open_manipulator_msgs/include/open_manipulator_msgs/open_manipulator_msgs/srv/set_drawing_trajectory.hpp
[1.582s] -- Up-to-date: /home/noma/FINAL_ws/manipulator/install/open_manipulator_msgs/include/open_manipulator_msgs/open_manipulator_msgs/srv/set_kinematics_pose.hpp
[1.582s] -- Up-to-date: /home/noma/FINAL_ws/manipulator/install/open_manipulator_msgs/include/open_manipulator_msgs/open_manipulator_msgs/srv/get_joint_position.hpp
[1.582s] -- Up-to-date: /home/noma/FINAL_ws/manipulator/install/open_manipulator_msgs/include/open_manipulator_msgs/open_manipulator_msgs/srv/detail
[1.582s] -- Up-to-date: /home/noma/FINAL_ws/manipulator/install/open_manipulator_msgs/include/open_manipulator_msgs/open_manipulator_msgs/srv/detail/set_kinematics_pose__builder.hpp
[1.582s] -- Up-to-date: /home/noma/FINAL_ws/manipulator/install/open_manipulator_msgs/include/open_manipulator_msgs/open_manipulator_msgs/srv/detail/set_drawing_trajectory__struct.hpp
[1.583s] -- Up-to-date: /home/noma/FINAL_ws/manipulator/install/open_manipulator_msgs/include/open_manipulator_msgs/open_manipulator_msgs/srv/detail/set_kinematics_pose__struct.hpp
[1.583s] -- Up-to-date: /home/noma/FINAL_ws/manipulator/install/open_manipulator_msgs/include/open_manipulator_msgs/open_manipulator_msgs/srv/detail/set_joint_position__traits.hpp
[1.583s] -- Up-to-date: /home/noma/FINAL_ws/manipulator/install/open_manipulator_msgs/include/open_manipulator_msgs/open_manipulator_msgs/srv/detail/get_joint_position__traits.hpp
[1.583s] -- Up-to-date: /home/noma/FINAL_ws/manipulator/install/open_manipulator_msgs/include/open_manipulator_msgs/open_manipulator_msgs/srv/detail/set_actuator_state__builder.hpp
[1.583s] -- Up-to-date: /home/noma/FINAL_ws/manipulator/install/open_manipulator_msgs/include/open_manipulator_msgs/open_manipulator_msgs/srv/detail/set_actuator_state__traits.hpp
[1.583s] -- Up-to-date: /home/noma/FINAL_ws/manipulator/install/open_manipulator_msgs/include/open_manipulator_msgs/open_manipulator_msgs/srv/detail/get_kinematics_pose__traits.hpp
[1.583s] -- Up-to-date: /home/noma/FINAL_ws/manipulator/install/open_manipulator_msgs/include/open_manipulator_msgs/open_manipulator_msgs/srv/detail/set_actuator_state__struct.hpp
[1.583s] -- Up-to-date: /home/noma/FINAL_ws/manipulator/install/open_manipulator_msgs/include/open_manipulator_msgs/open_manipulator_msgs/srv/detail/set_drawing_trajectory__traits.hpp
[1.584s] -- Up-to-date: /home/noma/FINAL_ws/manipulator/install/open_manipulator_msgs/include/open_manipulator_msgs/open_manipulator_msgs/srv/detail/set_drawing_trajectory__builder.hpp
[1.584s] -- Up-to-date: /home/noma/FINAL_ws/manipulator/install/open_manipulator_msgs/include/open_manipulator_msgs/open_manipulator_msgs/srv/detail/get_kinematics_pose__struct.hpp
[1.584s] -- Up-to-date: /home/noma/FINAL_ws/manipulator/install/open_manipulator_msgs/include/open_manipulator_msgs/open_manipulator_msgs/srv/detail/set_kinematics_pose__traits.hpp
[1.585s] -- Up-to-date: /home/noma/FINAL_ws/manipulator/install/open_manipulator_msgs/include/open_manipulator_msgs/open_manipulator_msgs/srv/detail/set_joint_position__struct.hpp
[1.585s] -- Up-to-date: /home/noma/FINAL_ws/manipulator/install/open_manipulator_msgs/include/open_manipulator_msgs/open_manipulator_msgs/srv/detail/get_joint_position__builder.hpp
[1.585s] -- Up-to-date: /home/noma/FINAL_ws/manipulator/install/open_manipulator_msgs/include/open_manipulator_msgs/open_manipulator_msgs/srv/detail/get_kinematics_pose__builder.hpp
[1.586s] -- Up-to-date: /home/noma/FINAL_ws/manipulator/install/open_manipulator_msgs/include/open_manipulator_msgs/open_manipulator_msgs/srv/detail/get_joint_position__struct.hpp
[1.586s] -- Up-to-date: /home/noma/FINAL_ws/manipulator/install/open_manipulator_msgs/include/open_manipulator_msgs/open_manipulator_msgs/srv/detail/set_joint_position__builder.hpp
[1.586s] -- Up-to-date: /home/noma/FINAL_ws/manipulator/install/open_manipulator_msgs/include/open_manipulator_msgs/open_manipulator_msgs/srv/get_kinematics_pose.hpp
[1.586s] -- Up-to-date: /home/noma/FINAL_ws/manipulator/install/open_manipulator_msgs/include/open_manipulator_msgs/open_manipulator_msgs/srv/set_actuator_state.hpp
[1.587s] -- Up-to-date: /home/noma/FINAL_ws/manipulator/install/open_manipulator_msgs/include/open_manipulator_msgs/open_manipulator_msgs/msg
[1.587s] -- Up-to-date: /home/noma/FINAL_ws/manipulator/install/open_manipulator_msgs/include/open_manipulator_msgs/open_manipulator_msgs/msg/open_manipulator_state.hpp
[1.587s] -- Up-to-date: /home/noma/FINAL_ws/manipulator/install/open_manipulator_msgs/include/open_manipulator_msgs/open_manipulator_msgs/msg/joint_position.hpp
[1.588s] -- Up-to-date: /home/noma/FINAL_ws/manipulator/install/open_manipulator_msgs/include/open_manipulator_msgs/open_manipulator_msgs/msg/kinematics_pose.hpp
[1.588s] -- Up-to-date: /home/noma/FINAL_ws/manipulator/install/open_manipulator_msgs/include/open_manipulator_msgs/open_manipulator_msgs/msg/detail
[1.588s] -- Up-to-date: /home/noma/FINAL_ws/manipulator/install/open_manipulator_msgs/include/open_manipulator_msgs/open_manipulator_msgs/msg/detail/kinematics_pose__builder.hpp
[1.588s] -- Up-to-date: /home/noma/FINAL_ws/manipulator/install/open_manipulator_msgs/include/open_manipulator_msgs/open_manipulator_msgs/msg/detail/joint_position__traits.hpp
[1.589s] -- Up-to-date: /home/noma/FINAL_ws/manipulator/install/open_manipulator_msgs/include/open_manipulator_msgs/open_manipulator_msgs/msg/detail/kinematics_pose__traits.hpp
[1.589s] -- Up-to-date: /home/noma/FINAL_ws/manipulator/install/open_manipulator_msgs/include/open_manipulator_msgs/open_manipulator_msgs/msg/detail/open_manipulator_state__struct.hpp
[1.589s] -- Up-to-date: /home/noma/FINAL_ws/manipulator/install/open_manipulator_msgs/include/open_manipulator_msgs/open_manipulator_msgs/msg/detail/joint_position__struct.hpp
[1.590s] -- Up-to-date: /home/noma/FINAL_ws/manipulator/install/open_manipulator_msgs/include/open_manipulator_msgs/open_manipulator_msgs/msg/detail/open_manipulator_state__traits.hpp
[1.590s] -- Up-to-date: /home/noma/FINAL_ws/manipulator/install/open_manipulator_msgs/include/open_manipulator_msgs/open_manipulator_msgs/msg/detail/joint_position__builder.hpp
[1.590s] -- Up-to-date: /home/noma/FINAL_ws/manipulator/install/open_manipulator_msgs/include/open_manipulator_msgs/open_manipulator_msgs/msg/detail/kinematics_pose__struct.hpp
[1.591s] -- Up-to-date: /home/noma/FINAL_ws/manipulator/install/open_manipulator_msgs/include/open_manipulator_msgs/open_manipulator_msgs/msg/detail/open_manipulator_state__builder.hpp
[1.592s] -- Up-to-date: /home/noma/FINAL_ws/manipulator/install/open_manipulator_msgs/include/open_manipulator_msgs/open_manipulator_msgs
[1.593s] -- Up-to-date: /home/noma/FINAL_ws/manipulator/install/open_manipulator_msgs/include/open_manipulator_msgs/open_manipulator_msgs/srv
[1.593s] -- Up-to-date: /home/noma/FINAL_ws/manipulator/install/open_manipulator_msgs/include/open_manipulator_msgs/open_manipulator_msgs/srv/detail
[1.593s] -- Up-to-date: /home/noma/FINAL_ws/manipulator/install/open_manipulator_msgs/include/open_manipulator_msgs/open_manipulator_msgs/srv/detail/set_kinematics_pose__rosidl_typesupport_fastrtps_cpp.hpp
[1.594s] -- Up-to-date: /home/noma/FINAL_ws/manipulator/install/open_manipulator_msgs/include/open_manipulator_msgs/open_manipulator_msgs/srv/detail/set_actuator_state__rosidl_typesupport_fastrtps_cpp.hpp
[1.595s] -- Up-to-date: /home/noma/FINAL_ws/manipulator/install/open_manipulator_msgs/include/open_manipulator_msgs/open_manipulator_msgs/srv/detail/dds_fastrtps
[1.595s] -- Up-to-date: /home/noma/FINAL_ws/manipulator/install/open_manipulator_msgs/include/open_manipulator_msgs/open_manipulator_msgs/srv/detail/set_drawing_trajectory__rosidl_typesupport_fastrtps_cpp.hpp
[1.596s] -- Up-to-date: /home/noma/FINAL_ws/manipulator/install/open_manipulator_msgs/include/open_manipulator_msgs/open_manipulator_msgs/srv/detail/set_joint_position__rosidl_typesupport_fastrtps_cpp.hpp
[1.596s] -- Up-to-date: /home/noma/FINAL_ws/manipulator/install/open_manipulator_msgs/include/open_manipulator_msgs/open_manipulator_msgs/srv/detail/get_kinematics_pose__rosidl_typesupport_fastrtps_cpp.hpp
[1.597s] -- Up-to-date: /home/noma/FINAL_ws/manipulator/install/open_manipulator_msgs/include/open_manipulator_msgs/open_manipulator_msgs/srv/detail/get_joint_position__rosidl_typesupport_fastrtps_cpp.hpp
[1.597s] -- Up-to-date: /home/noma/FINAL_ws/manipulator/install/open_manipulator_msgs/include/open_manipulator_msgs/open_manipulator_msgs/msg
[1.598s] -- Up-to-date: /home/noma/FINAL_ws/manipulator/install/open_manipulator_msgs/include/open_manipulator_msgs/open_manipulator_msgs/msg/detail
[1.598s] -- Up-to-date: /home/noma/FINAL_ws/manipulator/install/open_manipulator_msgs/include/open_manipulator_msgs/open_manipulator_msgs/msg/detail/kinematics_pose__rosidl_typesupport_fastrtps_cpp.hpp
[1.599s] -- Up-to-date: /home/noma/FINAL_ws/manipulator/install/open_manipulator_msgs/include/open_manipulator_msgs/open_manipulator_msgs/msg/detail/open_manipulator_state__rosidl_typesupport_fastrtps_cpp.hpp
[1.599s] -- Up-to-date: /home/noma/FINAL_ws/manipulator/install/open_manipulator_msgs/include/open_manipulator_msgs/open_manipulator_msgs/msg/detail/dds_fastrtps
[1.599s] -- Up-to-date: /home/noma/FINAL_ws/manipulator/install/open_manipulator_msgs/include/open_manipulator_msgs/open_manipulator_msgs/msg/detail/joint_position__rosidl_typesupport_fastrtps_cpp.hpp
[1.600s] -- Up-to-date: /home/noma/FINAL_ws/manipulator/install/open_manipulator_msgs/include/open_manipulator_msgs/open_manipulator_msgs/msg/rosidl_typesupport_fastrtps_cpp__visibility_control.h
[1.600s] -- Up-to-date: /home/noma/FINAL_ws/manipulator/install/open_manipulator_msgs/lib/libopen_manipulator_msgs__rosidl_typesupport_fastrtps_cpp.so
[1.601s] -- Up-to-date: /home/noma/FINAL_ws/manipulator/install/open_manipulator_msgs/include/open_manipulator_msgs/open_manipulator_msgs
[1.601s] -- Up-to-date: /home/noma/FINAL_ws/manipulator/install/open_manipulator_msgs/include/open_manipulator_msgs/open_manipulator_msgs/srv
[1.601s] -- Up-to-date: /home/noma/FINAL_ws/manipulator/install/open_manipulator_msgs/include/open_manipulator_msgs/open_manipulator_msgs/srv/detail
[1.602s] -- Up-to-date: /home/noma/FINAL_ws/manipulator/install/open_manipulator_msgs/include/open_manipulator_msgs/open_manipulator_msgs/srv/detail/get_joint_position__rosidl_typesupport_introspection_c.h
[1.602s] -- Up-to-date: /home/noma/FINAL_ws/manipulator/install/open_manipulator_msgs/include/open_manipulator_msgs/open_manipulator_msgs/srv/detail/set_joint_position__type_support.c
[1.602s] -- Up-to-date: /home/noma/FINAL_ws/manipulator/install/open_manipulator_msgs/include/open_manipulator_msgs/open_manipulator_msgs/srv/detail/set_actuator_state__rosidl_typesupport_introspection_c.h
[1.603s] -- Up-to-date: /home/noma/FINAL_ws/manipulator/install/open_manipulator_msgs/include/open_manipulator_msgs/open_manipulator_msgs/srv/detail/get_kinematics_pose__type_support.c
[1.603s] -- Up-to-date: /home/noma/FINAL_ws/manipulator/install/open_manipulator_msgs/include/open_manipulator_msgs/open_manipulator_msgs/srv/detail/get_joint_position__type_support.c
[1.603s] -- Up-to-date: /home/noma/FINAL_ws/manipulator/install/open_manipulator_msgs/include/open_manipulator_msgs/open_manipulator_msgs/srv/detail/set_kinematics_pose__rosidl_typesupport_introspection_c.h
[1.604s] -- Up-to-date: /home/noma/FINAL_ws/manipulator/install/open_manipulator_msgs/include/open_manipulator_msgs/open_manipulator_msgs/srv/detail/set_drawing_trajectory__type_support.c
[1.605s] -- Up-to-date: /home/noma/FINAL_ws/manipulator/install/open_manipulator_msgs/include/open_manipulator_msgs/open_manipulator_msgs/srv/detail/set_kinematics_pose__type_support.c
[1.605s] -- Up-to-date: /home/noma/FINAL_ws/manipulator/install/open_manipulator_msgs/include/open_manipulator_msgs/open_manipulator_msgs/srv/detail/get_kinematics_pose__rosidl_typesupport_introspection_c.h
[1.606s] -- Up-to-date: /home/noma/FINAL_ws/manipulator/install/open_manipulator_msgs/include/open_manipulator_msgs/open_manipulator_msgs/srv/detail/set_actuator_state__type_support.c
[1.606s] -- Up-to-date: /home/noma/FINAL_ws/manipulator/install/open_manipulator_msgs/include/open_manipulator_msgs/open_manipulator_msgs/srv/detail/set_joint_position__rosidl_typesupport_introspection_c.h
[1.607s] -- Up-to-date: /home/noma/FINAL_ws/manipulator/install/open_manipulator_msgs/include/open_manipulator_msgs/open_manipulator_msgs/srv/detail/set_drawing_trajectory__rosidl_typesupport_introspection_c.h
[1.607s] -- Up-to-date: /home/noma/FINAL_ws/manipulator/install/open_manipulator_msgs/include/open_manipulator_msgs/open_manipulator_msgs/msg
[1.608s] -- Up-to-date: /home/noma/FINAL_ws/manipulator/install/open_manipulator_msgs/include/open_manipulator_msgs/open_manipulator_msgs/msg/rosidl_typesupport_introspection_c__visibility_control.h
[1.608s] -- Up-to-date: /home/noma/FINAL_ws/manipulator/install/open_manipulator_msgs/include/open_manipulator_msgs/open_manipulator_msgs/msg/detail
[1.608s] -- Up-to-date: /home/noma/FINAL_ws/manipulator/install/open_manipulator_msgs/include/open_manipulator_msgs/open_manipulator_msgs/msg/detail/open_manipulator_state__rosidl_typesupport_introspection_c.h
[1.609s] -- Up-to-date: /home/noma/FINAL_ws/manipulator/install/open_manipulator_msgs/include/open_manipulator_msgs/open_manipulator_msgs/msg/detail/joint_position__rosidl_typesupport_introspection_c.h
[1.609s] -- Up-to-date: /home/noma/FINAL_ws/manipulator/install/open_manipulator_msgs/include/open_manipulator_msgs/open_manipulator_msgs/msg/detail/open_manipulator_state__type_support.c
[1.610s] -- Up-to-date: /home/noma/FINAL_ws/manipulator/install/open_manipulator_msgs/include/open_manipulator_msgs/open_manipulator_msgs/msg/detail/kinematics_pose__type_support.c
[1.610s] -- Up-to-date: /home/noma/FINAL_ws/manipulator/install/open_manipulator_msgs/include/open_manipulator_msgs/open_manipulator_msgs/msg/detail/kinematics_pose__rosidl_typesupport_introspection_c.h
[1.611s] -- Up-to-date: /home/noma/FINAL_ws/manipulator/install/open_manipulator_msgs/include/open_manipulator_msgs/open_manipulator_msgs/msg/detail/joint_position__type_support.c
[1.611s] -- Up-to-date: /home/noma/FINAL_ws/manipulator/install/open_manipulator_msgs/lib/libopen_manipulator_msgs__rosidl_typesupport_introspection_c.so
[1.612s] -- Up-to-date: /home/noma/FINAL_ws/manipulator/install/open_manipulator_msgs/lib/libopen_manipulator_msgs__rosidl_typesupport_c.so
[1.612s] -- Up-to-date: /home/noma/FINAL_ws/manipulator/install/open_manipulator_msgs/include/open_manipulator_msgs/open_manipulator_msgs
[1.612s] -- Up-to-date: /home/noma/FINAL_ws/manipulator/install/open_manipulator_msgs/include/open_manipulator_msgs/open_manipulator_msgs/srv
[1.612s] -- Up-to-date: /home/noma/FINAL_ws/manipulator/install/open_manipulator_msgs/include/open_manipulator_msgs/open_manipulator_msgs/srv/detail
[1.613s] -- Up-to-date: /home/noma/FINAL_ws/manipulator/install/open_manipulator_msgs/include/open_manipulator_msgs/open_manipulator_msgs/srv/detail/get_joint_position__type_support.cpp
[1.613s] -- Up-to-date: /home/noma/FINAL_ws/manipulator/install/open_manipulator_msgs/include/open_manipulator_msgs/open_manipulator_msgs/srv/detail/get_joint_position__rosidl_typesupport_introspection_cpp.hpp
[1.614s] -- Up-to-date: /home/noma/FINAL_ws/manipulator/install/open_manipulator_msgs/include/open_manipulator_msgs/open_manipulator_msgs/srv/detail/set_kinematics_pose__rosidl_typesupport_introspection_cpp.hpp
[1.614s] -- Up-to-date: /home/noma/FINAL_ws/manipulator/install/open_manipulator_msgs/include/open_manipulator_msgs/open_manipulator_msgs/srv/detail/set_actuator_state__rosidl_typesupport_introspection_cpp.hpp
[1.614s] -- Up-to-date: /home/noma/FINAL_ws/manipulator/install/open_manipulator_msgs/include/open_manipulator_msgs/open_manipulator_msgs/srv/detail/set_joint_position__type_support.cpp
[1.615s] -- Up-to-date: /home/noma/FINAL_ws/manipulator/install/open_manipulator_msgs/include/open_manipulator_msgs/open_manipulator_msgs/srv/detail/set_kinematics_pose__type_support.cpp
[1.615s] -- Up-to-date: /home/noma/FINAL_ws/manipulator/install/open_manipulator_msgs/include/open_manipulator_msgs/open_manipulator_msgs/srv/detail/get_kinematics_pose__type_support.cpp
[1.616s] -- Up-to-date: /home/noma/FINAL_ws/manipulator/install/open_manipulator_msgs/include/open_manipulator_msgs/open_manipulator_msgs/srv/detail/set_actuator_state__type_support.cpp
[1.616s] -- Up-to-date: /home/noma/FINAL_ws/manipulator/install/open_manipulator_msgs/include/open_manipulator_msgs/open_manipulator_msgs/srv/detail/set_joint_position__rosidl_typesupport_introspection_cpp.hpp
[1.616s] -- Up-to-date: /home/noma/FINAL_ws/manipulator/install/open_manipulator_msgs/include/open_manipulator_msgs/open_manipulator_msgs/srv/detail/set_drawing_trajectory__type_support.cpp
[1.616s] -- Up-to-date: /home/noma/FINAL_ws/manipulator/install/open_manipulator_msgs/include/open_manipulator_msgs/open_manipulator_msgs/srv/detail/set_drawing_trajectory__rosidl_typesupport_introspection_cpp.hpp
[1.616s] -- Up-to-date: /home/noma/FINAL_ws/manipulator/install/open_manipulator_msgs/include/open_manipulator_msgs/open_manipulator_msgs/srv/detail/get_kinematics_pose__rosidl_typesupport_introspection_cpp.hpp
[1.616s] -- Up-to-date: /home/noma/FINAL_ws/manipulator/install/open_manipulator_msgs/include/open_manipulator_msgs/open_manipulator_msgs/msg
[1.616s] -- Up-to-date: /home/noma/FINAL_ws/manipulator/install/open_manipulator_msgs/include/open_manipulator_msgs/open_manipulator_msgs/msg/detail
[1.616s] -- Up-to-date: /home/noma/FINAL_ws/manipulator/install/open_manipulator_msgs/include/open_manipulator_msgs/open_manipulator_msgs/msg/detail/open_manipulator_state__type_support.cpp
[1.616s] -- Up-to-date: /home/noma/FINAL_ws/manipulator/install/open_manipulator_msgs/include/open_manipulator_msgs/open_manipulator_msgs/msg/detail/joint_position__rosidl_typesupport_introspection_cpp.hpp
[1.616s] -- Up-to-date: /home/noma/FINAL_ws/manipulator/install/open_manipulator_msgs/include/open_manipulator_msgs/open_manipulator_msgs/msg/detail/kinematics_pose__rosidl_typesupport_introspection_cpp.hpp
[1.616s] -- Up-to-date: /home/noma/FINAL_ws/manipulator/install/open_manipulator_msgs/include/open_manipulator_msgs/open_manipulator_msgs/msg/detail/kinematics_pose__type_support.cpp
[1.616s] -- Up-to-date: /home/noma/FINAL_ws/manipulator/install/open_manipulator_msgs/include/open_manipulator_msgs/open_manipulator_msgs/msg/detail/joint_position__type_support.cpp
[1.617s] -- Up-to-date: /home/noma/FINAL_ws/manipulator/install/open_manipulator_msgs/include/open_manipulator_msgs/open_manipulator_msgs/msg/detail/open_manipulator_state__rosidl_typesupport_introspection_cpp.hpp
[1.617s] -- Up-to-date: /home/noma/FINAL_ws/manipulator/install/open_manipulator_msgs/lib/libopen_manipulator_msgs__rosidl_typesupport_introspection_cpp.so
[1.617s] -- Up-to-date: /home/noma/FINAL_ws/manipulator/install/open_manipulator_msgs/lib/libopen_manipulator_msgs__rosidl_typesupport_cpp.so
[1.617s] -- Up-to-date: /home/noma/FINAL_ws/manipulator/install/open_manipulator_msgs/share/open_manipulator_msgs/environment/pythonpath.sh
[1.617s] -- Up-to-date: /home/noma/FINAL_ws/manipulator/install/open_manipulator_msgs/share/open_manipulator_msgs/environment/pythonpath.dsv
[1.617s] -- Up-to-date: /home/noma/FINAL_ws/manipulator/install/open_manipulator_msgs/local/lib/python3.10/dist-packages/open_manipulator_msgs-2.2.0-py3.10.egg-info
[1.617s] -- Installing: /home/noma/FINAL_ws/manipulator/install/open_manipulator_msgs/local/lib/python3.10/dist-packages/open_manipulator_msgs-2.2.0-py3.10.egg-info/PKG-INFO
[1.617s] -- Installing: /home/noma/FINAL_ws/manipulator/install/open_manipulator_msgs/local/lib/python3.10/dist-packages/open_manipulator_msgs-2.2.0-py3.10.egg-info/SOURCES.txt
[1.617s] -- Installing: /home/noma/FINAL_ws/manipulator/install/open_manipulator_msgs/local/lib/python3.10/dist-packages/open_manipulator_msgs-2.2.0-py3.10.egg-info/dependency_links.txt
[1.617s] -- Installing: /home/noma/FINAL_ws/manipulator/install/open_manipulator_msgs/local/lib/python3.10/dist-packages/open_manipulator_msgs-2.2.0-py3.10.egg-info/top_level.txt
[1.617s] -- Up-to-date: /home/noma/FINAL_ws/manipulator/install/open_manipulator_msgs/local/lib/python3.10/dist-packages/open_manipulator_msgs
[1.617s] -- Up-to-date: /home/noma/FINAL_ws/manipulator/install/open_manipulator_msgs/local/lib/python3.10/dist-packages/open_manipulator_msgs/__init__.py
[1.617s] -- Up-to-date: /home/noma/FINAL_ws/manipulator/install/open_manipulator_msgs/local/lib/python3.10/dist-packages/open_manipulator_msgs/libopen_manipulator_msgs__rosidl_generator_py.so
[1.617s] -- Up-to-date: /home/noma/FINAL_ws/manipulator/install/open_manipulator_msgs/local/lib/python3.10/dist-packages/open_manipulator_msgs/_open_manipulator_msgs_s.ep.rosidl_typesupport_c.c
[1.618s] -- Up-to-date: /home/noma/FINAL_ws/manipulator/install/open_manipulator_msgs/local/lib/python3.10/dist-packages/open_manipulator_msgs/srv
[1.618s] -- Up-to-date: /home/noma/FINAL_ws/manipulator/install/open_manipulator_msgs/local/lib/python3.10/dist-packages/open_manipulator_msgs/srv/_get_joint_position_s.c
[1.618s] -- Up-to-date: /home/noma/FINAL_ws/manipulator/install/open_manipulator_msgs/local/lib/python3.10/dist-packages/open_manipulator_msgs/srv/_get_joint_position.py
[1.618s] -- Up-to-date: /home/noma/FINAL_ws/manipulator/install/open_manipulator_msgs/local/lib/python3.10/dist-packages/open_manipulator_msgs/srv/_set_joint_position_s.c
[1.618s] -- Up-to-date: /home/noma/FINAL_ws/manipulator/install/open_manipulator_msgs/local/lib/python3.10/dist-packages/open_manipulator_msgs/srv/__init__.py
[1.618s] -- Up-to-date: /home/noma/FINAL_ws/manipulator/install/open_manipulator_msgs/local/lib/python3.10/dist-packages/open_manipulator_msgs/srv/_get_kinematics_pose.py
[1.618s] -- Up-to-date: /home/noma/FINAL_ws/manipulator/install/open_manipulator_msgs/local/lib/python3.10/dist-packages/open_manipulator_msgs/srv/_set_drawing_trajectory.py
[1.618s] -- Up-to-date: /home/noma/FINAL_ws/manipulator/install/open_manipulator_msgs/local/lib/python3.10/dist-packages/open_manipulator_msgs/srv/_set_joint_position.py
[1.618s] -- Up-to-date: /home/noma/FINAL_ws/manipulator/install/open_manipulator_msgs/local/lib/python3.10/dist-packages/open_manipulator_msgs/srv/_set_kinematics_pose_s.c
[1.618s] -- Up-to-date: /home/noma/FINAL_ws/manipulator/install/open_manipulator_msgs/local/lib/python3.10/dist-packages/open_manipulator_msgs/srv/_set_kinematics_pose.py
[1.618s] -- Up-to-date: /home/noma/FINAL_ws/manipulator/install/open_manipulator_msgs/local/lib/python3.10/dist-packages/open_manipulator_msgs/srv/_get_kinematics_pose_s.c
[1.618s] -- Up-to-date: /home/noma/FINAL_ws/manipulator/install/open_manipulator_msgs/local/lib/python3.10/dist-packages/open_manipulator_msgs/srv/_set_actuator_state_s.c
[1.618s] -- Up-to-date: /home/noma/FINAL_ws/manipulator/install/open_manipulator_msgs/local/lib/python3.10/dist-packages/open_manipulator_msgs/srv/_set_actuator_state.py
[1.618s] -- Up-to-date: /home/noma/FINAL_ws/manipulator/install/open_manipulator_msgs/local/lib/python3.10/dist-packages/open_manipulator_msgs/srv/_set_drawing_trajectory_s.c
[1.619s] -- Up-to-date: /home/noma/FINAL_ws/manipulator/install/open_manipulator_msgs/local/lib/python3.10/dist-packages/open_manipulator_msgs/_open_manipulator_msgs_s.ep.rosidl_typesupport_fastrtps_c.c
[1.619s] -- Up-to-date: /home/noma/FINAL_ws/manipulator/install/open_manipulator_msgs/local/lib/python3.10/dist-packages/open_manipulator_msgs/msg
[1.619s] -- Up-to-date: /home/noma/FINAL_ws/manipulator/install/open_manipulator_msgs/local/lib/python3.10/dist-packages/open_manipulator_msgs/msg/_kinematics_pose_s.c
[1.619s] -- Up-to-date: /home/noma/FINAL_ws/manipulator/install/open_manipulator_msgs/local/lib/python3.10/dist-packages/open_manipulator_msgs/msg/_kinematics_pose.py
[1.619s] -- Up-to-date: /home/noma/FINAL_ws/manipulator/install/open_manipulator_msgs/local/lib/python3.10/dist-packages/open_manipulator_msgs/msg/_joint_position_s.c
[1.619s] -- Up-to-date: /home/noma/FINAL_ws/manipulator/install/open_manipulator_msgs/local/lib/python3.10/dist-packages/open_manipulator_msgs/msg/__init__.py
[1.619s] -- Up-to-date: /home/noma/FINAL_ws/manipulator/install/open_manipulator_msgs/local/lib/python3.10/dist-packages/open_manipulator_msgs/msg/_open_manipulator_state.py
[1.619s] -- Up-to-date: /home/noma/FINAL_ws/manipulator/install/open_manipulator_msgs/local/lib/python3.10/dist-packages/open_manipulator_msgs/msg/_open_manipulator_state_s.c
[1.619s] -- Up-to-date: /home/noma/FINAL_ws/manipulator/install/open_manipulator_msgs/local/lib/python3.10/dist-packages/open_manipulator_msgs/msg/_joint_position.py
[1.619s] -- Up-to-date: /home/noma/FINAL_ws/manipulator/install/open_manipulator_msgs/local/lib/python3.10/dist-packages/open_manipulator_msgs/open_manipulator_msgs_s__rosidl_typesupport_introspection_c.cpython-310-x86_64-linux-gnu.so
[1.619s] -- Up-to-date: /home/noma/FINAL_ws/manipulator/install/open_manipulator_msgs/local/lib/python3.10/dist-packages/open_manipulator_msgs/_open_manipulator_msgs_s.ep.rosidl_typesupport_introspection_c.c
[1.620s] -- Up-to-date: /home/noma/FINAL_ws/manipulator/install/open_manipulator_msgs/local/lib/python3.10/dist-packages/open_manipulator_msgs/open_manipulator_msgs_s__rosidl_typesupport_fastrtps_c.cpython-310-x86_64-linux-gnu.so
[1.620s] -- Up-to-date: /home/noma/FINAL_ws/manipulator/install/open_manipulator_msgs/local/lib/python3.10/dist-packages/open_manipulator_msgs/open_manipulator_msgs_s__rosidl_typesupport_c.cpython-310-x86_64-linux-gnu.so
[1.620s] Listing '/home/noma/FINAL_ws/manipulator/install/open_manipulator_msgs/local/lib/python3.10/dist-packages/open_manipulator_msgs'...
[1.620s] Listing '/home/noma/FINAL_ws/manipulator/install/open_manipulator_msgs/local/lib/python3.10/dist-packages/open_manipulator_msgs/msg'...
[1.621s] Listing '/home/noma/FINAL_ws/manipulator/install/open_manipulator_msgs/local/lib/python3.10/dist-packages/open_manipulator_msgs/srv'...
[1.621s] -- Up-to-date: /home/noma/FINAL_ws/manipulator/install/open_manipulator_msgs/local/lib/python3.10/dist-packages/open_manipulator_msgs/open_manipulator_msgs_s__rosidl_typesupport_fastrtps_c.cpython-310-x86_64-linux-gnu.so
[1.621s] -- Up-to-date: /home/noma/FINAL_ws/manipulator/install/open_manipulator_msgs/local/lib/python3.10/dist-packages/open_manipulator_msgs/open_manipulator_msgs_s__rosidl_typesupport_introspection_c.cpython-310-x86_64-linux-gnu.so
[1.621s] -- Up-to-date: /home/noma/FINAL_ws/manipulator/install/open_manipulator_msgs/local/lib/python3.10/dist-packages/open_manipulator_msgs/open_manipulator_msgs_s__rosidl_typesupport_c.cpython-310-x86_64-linux-gnu.so
[1.621s] -- Up-to-date: /home/noma/FINAL_ws/manipulator/install/open_manipulator_msgs/lib/libopen_manipulator_msgs__rosidl_generator_py.so
[1.621s] -- Up-to-date: /home/noma/FINAL_ws/manipulator/install/open_manipulator_msgs/share/open_manipulator_msgs/msg/JointPosition.idl
[1.621s] -- Up-to-date: /home/noma/FINAL_ws/manipulator/install/open_manipulator_msgs/share/open_manipulator_msgs/msg/KinematicsPose.idl
[1.621s] -- Up-to-date: /home/noma/FINAL_ws/manipulator/install/open_manipulator_msgs/share/open_manipulator_msgs/msg/OpenManipulatorState.idl
[1.622s] -- Up-to-date: /home/noma/FINAL_ws/manipulator/install/open_manipulator_msgs/share/open_manipulator_msgs/srv/GetJointPosition.idl
[1.622s] -- Up-to-date: /home/noma/FINAL_ws/manipulator/install/open_manipulator_msgs/share/open_manipulator_msgs/srv/GetKinematicsPose.idl
[1.622s] -- Up-to-date: /home/noma/FINAL_ws/manipulator/install/open_manipulator_msgs/share/open_manipulator_msgs/srv/SetJointPosition.idl
[1.622s] -- Up-to-date: /home/noma/FINAL_ws/manipulator/install/open_manipulator_msgs/share/open_manipulator_msgs/srv/SetKinematicsPose.idl
[1.622s] -- Up-to-date: /home/noma/FINAL_ws/manipulator/install/open_manipulator_msgs/share/open_manipulator_msgs/srv/SetDrawingTrajectory.idl
[1.622s] -- Up-to-date: /home/noma/FINAL_ws/manipulator/install/open_manipulator_msgs/share/open_manipulator_msgs/srv/SetActuatorState.idl
[1.622s] -- Up-to-date: /home/noma/FINAL_ws/manipulator/install/open_manipulator_msgs/share/open_manipulator_msgs/msg/JointPosition.msg
[1.622s] -- Up-to-date: /home/noma/FINAL_ws/manipulator/install/open_manipulator_msgs/share/open_manipulator_msgs/msg/KinematicsPose.msg
[1.622s] -- Up-to-date: /home/noma/FINAL_ws/manipulator/install/open_manipulator_msgs/share/open_manipulator_msgs/msg/OpenManipulatorState.msg
[1.622s] -- Up-to-date: /home/noma/FINAL_ws/manipulator/install/open_manipulator_msgs/share/open_manipulator_msgs/srv/GetJointPosition.srv
[1.623s] -- Up-to-date: /home/noma/FINAL_ws/manipulator/install/open_manipulator_msgs/share/open_manipulator_msgs/srv/GetJointPosition_Request.msg
[1.623s] -- Up-to-date: /home/noma/FINAL_ws/manipulator/install/open_manipulator_msgs/share/open_manipulator_msgs/srv/GetJointPosition_Response.msg
[1.623s] -- Up-to-date: /home/noma/FINAL_ws/manipulator/install/open_manipulator_msgs/share/open_manipulator_msgs/srv/GetKinematicsPose.srv
[1.623s] -- Up-to-date: /home/noma/FINAL_ws/manipulator/install/open_manipulator_msgs/share/open_manipulator_msgs/srv/GetKinematicsPose_Request.msg
[1.623s] -- Up-to-date: /home/noma/FINAL_ws/manipulator/install/open_manipulator_msgs/share/open_manipulator_msgs/srv/GetKinematicsPose_Response.msg
[1.623s] -- Up-to-date: /home/noma/FINAL_ws/manipulator/install/open_manipulator_msgs/share/open_manipulator_msgs/srv/SetJointPosition.srv
[1.623s] -- Up-to-date: /home/noma/FINAL_ws/manipulator/install/open_manipulator_msgs/share/open_manipulator_msgs/srv/SetJointPosition_Request.msg
[1.623s] -- Up-to-date: /home/noma/FINAL_ws/manipulator/install/open_manipulator_msgs/share/open_manipulator_msgs/srv/SetJointPosition_Response.msg
[1.623s] -- Up-to-date: /home/noma/FINAL_ws/manipulator/install/open_manipulator_msgs/share/open_manipulator_msgs/srv/SetKinematicsPose.srv
[1.623s] -- Up-to-date: /home/noma/FINAL_ws/manipulator/install/open_manipulator_msgs/share/open_manipulator_msgs/srv/SetKinematicsPose_Request.msg
[1.624s] -- Up-to-date: /home/noma/FINAL_ws/manipulator/install/open_manipulator_msgs/share/open_manipulator_msgs/srv/SetKinematicsPose_Response.msg
[1.624s] -- Up-to-date: /home/noma/FINAL_ws/manipulator/install/open_manipulator_msgs/share/open_manipulator_msgs/srv/SetDrawingTrajectory.srv
[1.624s] -- Up-to-date: /home/noma/FINAL_ws/manipulator/install/open_manipulator_msgs/share/open_manipulator_msgs/srv/SetDrawingTrajectory_Request.msg
[1.624s] -- Up-to-date: /home/noma/FINAL_ws/manipulator/install/open_manipulator_msgs/share/open_manipulator_msgs/srv/SetDrawingTrajectory_Response.msg
[1.624s] -- Up-to-date: /home/noma/FINAL_ws/manipulator/install/open_manipulator_msgs/share/open_manipulator_msgs/srv/SetActuatorState.srv
[1.625s] -- Up-to-date: /home/noma/FINAL_ws/manipulator/install/open_manipulator_msgs/share/open_manipulator_msgs/srv/SetActuatorState_Request.msg
[1.625s] -- Up-to-date: /home/noma/FINAL_ws/manipulator/install/open_manipulator_msgs/share/open_manipulator_msgs/srv/SetActuatorState_Response.msg
[1.625s] -- Up-to-date: /home/noma/FINAL_ws/manipulator/install/open_manipulator_msgs/share/ament_index/resource_index/package_run_dependencies/open_manipulator_msgs
[1.625s] -- Up-to-date: /home/noma/FINAL_ws/manipulator/install/open_manipulator_msgs/share/ament_index/resource_index/parent_prefix_path/open_manipulator_msgs
[1.625s] -- Up-to-date: /home/noma/FINAL_ws/manipulator/install/open_manipulator_msgs/share/open_manipulator_msgs/environment/ament_prefix_path.sh
[1.625s] -- Up-to-date: /home/noma/FINAL_ws/manipulator/install/open_manipulator_msgs/share/open_manipulator_msgs/environment/ament_prefix_path.dsv
[1.625s] -- Up-to-date: /home/noma/FINAL_ws/manipulator/install/open_manipulator_msgs/share/open_manipulator_msgs/environment/path.sh
[1.625s] -- Up-to-date: /home/noma/FINAL_ws/manipulator/install/open_manipulator_msgs/share/open_manipulator_msgs/environment/path.dsv
[1.625s] -- Up-to-date: /home/noma/FINAL_ws/manipulator/install/open_manipulator_msgs/share/open_manipulator_msgs/local_setup.bash
[1.625s] -- Up-to-date: /home/noma/FINAL_ws/manipulator/install/open_manipulator_msgs/share/open_manipulator_msgs/local_setup.sh
[1.625s] -- Up-to-date: /home/noma/FINAL_ws/manipulator/install/open_manipulator_msgs/share/open_manipulator_msgs/local_setup.zsh
[1.625s] -- Up-to-date: /home/noma/FINAL_ws/manipulator/install/open_manipulator_msgs/share/open_manipulator_msgs/local_setup.dsv
[1.626s] -- Installing: /home/noma/FINAL_ws/manipulator/install/open_manipulator_msgs/share/open_manipulator_msgs/package.dsv
[1.626s] -- Up-to-date: /home/noma/FINAL_ws/manipulator/install/open_manipulator_msgs/share/ament_index/resource_index/packages/open_manipulator_msgs
[1.626s] -- Up-to-date: /home/noma/FINAL_ws/manipulator/install/open_manipulator_msgs/share/open_manipulator_msgs/cmake/export_open_manipulator_msgs__rosidl_generator_cExport.cmake
[1.626s] -- Up-to-date: /home/noma/FINAL_ws/manipulator/install/open_manipulator_msgs/share/open_manipulator_msgs/cmake/export_open_manipulator_msgs__rosidl_generator_cExport-noconfig.cmake
[1.626s] -- Up-to-date: /home/noma/FINAL_ws/manipulator/install/open_manipulator_msgs/share/open_manipulator_msgs/cmake/export_open_manipulator_msgs__rosidl_typesupport_fastrtps_cExport.cmake
[1.626s] -- Up-to-date: /home/noma/FINAL_ws/manipulator/install/open_manipulator_msgs/share/open_manipulator_msgs/cmake/export_open_manipulator_msgs__rosidl_typesupport_fastrtps_cExport-noconfig.cmake
[1.626s] -- Up-to-date: /home/noma/FINAL_ws/manipulator/install/open_manipulator_msgs/share/open_manipulator_msgs/cmake/export_open_manipulator_msgs__rosidl_generator_cppExport.cmake
[1.626s] -- Up-to-date: /home/noma/FINAL_ws/manipulator/install/open_manipulator_msgs/share/open_manipulator_msgs/cmake/export_open_manipulator_msgs__rosidl_typesupport_fastrtps_cppExport.cmake
[1.627s] -- Up-to-date: /home/noma/FINAL_ws/manipulator/install/open_manipulator_msgs/share/open_manipulator_msgs/cmake/export_open_manipulator_msgs__rosidl_typesupport_fastrtps_cppExport-noconfig.cmake
[1.627s] -- Up-to-date: /home/noma/FINAL_ws/manipulator/install/open_manipulator_msgs/share/open_manipulator_msgs/cmake/open_manipulator_msgs__rosidl_typesupport_introspection_cExport.cmake
[1.627s] -- Up-to-date: /home/noma/FINAL_ws/manipulator/install/open_manipulator_msgs/share/open_manipulator_msgs/cmake/open_manipulator_msgs__rosidl_typesupport_introspection_cExport-noconfig.cmake
[1.627s] -- Up-to-date: /home/noma/FINAL_ws/manipulator/install/open_manipulator_msgs/share/open_manipulator_msgs/cmake/open_manipulator_msgs__rosidl_typesupport_cExport.cmake
[1.627s] -- Up-to-date: /home/noma/FINAL_ws/manipulator/install/open_manipulator_msgs/share/open_manipulator_msgs/cmake/open_manipulator_msgs__rosidl_typesupport_cExport-noconfig.cmake
[1.627s] -- Up-to-date: /home/noma/FINAL_ws/manipulator/install/open_manipulator_msgs/share/open_manipulator_msgs/cmake/open_manipulator_msgs__rosidl_typesupport_introspection_cppExport.cmake
[1.627s] -- Up-to-date: /home/noma/FINAL_ws/manipulator/install/open_manipulator_msgs/share/open_manipulator_msgs/cmake/open_manipulator_msgs__rosidl_typesupport_introspection_cppExport-noconfig.cmake
[1.627s] -- Up-to-date: /home/noma/FINAL_ws/manipulator/install/open_manipulator_msgs/share/open_manipulator_msgs/cmake/open_manipulator_msgs__rosidl_typesupport_cppExport.cmake
[1.628s] -- Up-to-date: /home/noma/FINAL_ws/manipulator/install/open_manipulator_msgs/share/open_manipulator_msgs/cmake/open_manipulator_msgs__rosidl_typesupport_cppExport-noconfig.cmake
[1.628s] -- Up-to-date: /home/noma/FINAL_ws/manipulator/install/open_manipulator_msgs/share/open_manipulator_msgs/cmake/export_open_manipulator_msgs__rosidl_generator_pyExport.cmake
[1.628s] -- Up-to-date: /home/noma/FINAL_ws/manipulator/install/open_manipulator_msgs/share/open_manipulator_msgs/cmake/export_open_manipulator_msgs__rosidl_generator_pyExport-noconfig.cmake
[1.628s] -- Up-to-date: /home/noma/FINAL_ws/manipulator/install/open_manipulator_msgs/share/open_manipulator_msgs/cmake/rosidl_cmake-extras.cmake
[1.628s] -- Up-to-date: /home/noma/FINAL_ws/manipulator/install/open_manipulator_msgs/share/open_manipulator_msgs/cmake/ament_cmake_export_dependencies-extras.cmake
[1.628s] -- Up-to-date: /home/noma/FINAL_ws/manipulator/install/open_manipulator_msgs/share/open_manipulator_msgs/cmake/ament_cmake_export_include_directories-extras.cmake
[1.628s] -- Up-to-date: /home/noma/FINAL_ws/manipulator/install/open_manipulator_msgs/share/open_manipulator_msgs/cmake/ament_cmake_export_libraries-extras.cmake
[1.628s] -- Up-to-date: /home/noma/FINAL_ws/manipulator/install/open_manipulator_msgs/share/open_manipulator_msgs/cmake/ament_cmake_export_targets-extras.cmake
[1.628s] -- Up-to-date: /home/noma/FINAL_ws/manipulator/install/open_manipulator_msgs/share/open_manipulator_msgs/cmake/rosidl_cmake_export_typesupport_targets-extras.cmake
[1.628s] -- Up-to-date: /home/noma/FINAL_ws/manipulator/install/open_manipulator_msgs/share/open_manipulator_msgs/cmake/rosidl_cmake_export_typesupport_libraries-extras.cmake
[1.628s] -- Up-to-date: /home/noma/FINAL_ws/manipulator/install/open_manipulator_msgs/share/open_manipulator_msgs/cmake/open_manipulator_msgsConfig.cmake
[1.628s] -- Up-to-date: /home/noma/FINAL_ws/manipulator/install/open_manipulator_msgs/share/open_manipulator_msgs/cmake/open_manipulator_msgsConfig-version.cmake
[1.628s] -- Up-to-date: /home/noma/FINAL_ws/manipulator/install/open_manipulator_msgs/share/open_manipulator_msgs/package.xml
[2.143s] Invoked command in '/home/noma/FINAL_ws/manipulator/build/open_manipulator_msgs' returned '0': CMAKE_PREFIX_PATH=${CMAKE_PREFIX_PATH}:/home/noma/FINAL_ws/manipulator/install/test_package:/home/noma/FINAL_ws/manipulator/install/open_manipulator_x_teleop:/opt/ros/humble /usr/bin/cmake --install /home/noma/FINAL_ws/manipulator/build/open_manipulator_msgs
