[0.834s] Invoking command in '/home/jb/dev_ws/opencv_ws/opencv_tutorials': PYTHONPATH=/home/jb/dev_ws/opencv_ws/build/opencv_tutorials/prefix_override:/home/jb/dev_ws/opencv_ws/install/opencv_tutorials/lib/python3.10/site-packages:${PYTHONPATH} /usr/bin/python3 setup.py egg_info --egg-base ../build/opencv_tutorials build --build-base /home/jb/dev_ws/opencv_ws/build/opencv_tutorials/build install --record /home/jb/dev_ws/opencv_ws/build/opencv_tutorials/install.log --single-version-externally-managed
[0.986s] running egg_info
[0.986s] writing ../build/opencv_tutorials/opencv_tutorials.egg-info/PKG-INFO
[0.987s] writing dependency_links to ../build/opencv_tutorials/opencv_tutorials.egg-info/dependency_links.txt
[0.987s] writing entry points to ../build/opencv_tutorials/opencv_tutorials.egg-info/entry_points.txt
[0.987s] writing requirements to ../build/opencv_tutorials/opencv_tutorials.egg-info/requires.txt
[0.987s] writing top-level names to ../build/opencv_tutorials/opencv_tutorials.egg-info/top_level.txt
[0.988s] reading manifest file '../build/opencv_tutorials/opencv_tutorials.egg-info/SOURCES.txt'
[0.989s] writing manifest file '../build/opencv_tutorials/opencv_tutorials.egg-info/SOURCES.txt'
[0.989s] running build
[0.989s] running build_py
[0.990s] running install
[0.990s] /usr/lib/python3/dist-packages/setuptools/command/install.py:34: SetuptoolsDeprecationWarning: setup.py install is deprecated. Use build and pip and other standards-based tools.
[0.990s]   warnings.warn(
[0.990s] running install_lib
[0.992s] running install_data
[0.992s] running install_egg_info
[0.993s] removing '/home/jb/dev_ws/opencv_ws/install/opencv_tutorials/lib/python3.10/site-packages/opencv_tutorials-0.0.0-py3.10.egg-info' (and everything under it)
[0.993s] Copying ../build/opencv_tutorials/opencv_tutorials.egg-info to /home/jb/dev_ws/opencv_ws/install/opencv_tutorials/lib/python3.10/site-packages/opencv_tutorials-0.0.0-py3.10.egg-info
[0.994s] running install_scripts
[1.007s] Installing cartoon script to /home/jb/dev_ws/opencv_ws/install/opencv_tutorials/lib/opencv_tutorials
[1.007s] Installing edge script to /home/jb/dev_ws/opencv_ws/install/opencv_tutorials/lib/opencv_tutorials
[1.007s] Installing img_control script to /home/jb/dev_ws/opencv_ws/install/opencv_tutorials/lib/opencv_tutorials
[1.007s] Installing img_publisher script to /home/jb/dev_ws/opencv_ws/install/opencv_tutorials/lib/opencv_tutorials
[1.007s] Installing laplace script to /home/jb/dev_ws/opencv_ws/install/opencv_tutorials/lib/opencv_tutorials
[1.008s] Installing optical_flow script to /home/jb/dev_ws/opencv_ws/install/opencv_tutorials/lib/opencv_tutorials
[1.008s] writing list of installed files to '/home/jb/dev_ws/opencv_ws/build/opencv_tutorials/install.log'
[1.068s] Invoked command in '/home/jb/dev_ws/opencv_ws/opencv_tutorials' returned '0': PYTHONPATH=/home/jb/dev_ws/opencv_ws/build/opencv_tutorials/prefix_override:/home/jb/dev_ws/opencv_ws/install/opencv_tutorials/lib/python3.10/site-packages:${PYTHONPATH} /usr/bin/python3 setup.py egg_info --egg-base ../build/opencv_tutorials build --build-base /home/jb/dev_ws/opencv_ws/build/opencv_tutorials/build install --record /home/jb/dev_ws/opencv_ws/build/opencv_tutorials/install.log --single-version-externally-managed
