[0.253s] Invoking command in '/home/noma/FINAL_ws/manipulator/build/dynamixel_sdk': /usr/bin/cmake /home/noma/FINAL_ws/manipulator/src/DynamixelSDK/dynamixel_sdk -DCMAKE_INSTALL_PREFIX=/home/noma/FINAL_ws/manipulator/install/dynamixel_sdk
[0.429s] -- The C compiler identification is GNU 11.4.0
[0.561s] -- The CXX compiler identification is GNU 11.4.0
[0.576s] -- Detecting C compiler ABI info
[0.664s] -- Detecting C compiler ABI info - done
[0.675s] -- Check for working C compiler: /usr/bin/cc - skipped
[0.676s] -- Detecting C compile features
[0.676s] -- Detecting C compile features - done
[0.679s] -- Detecting CXX compiler ABI info
[0.790s] -- Detecting CXX compiler ABI info - done
[0.798s] -- Check for working CXX compiler: /usr/bin/c++ - skipped
[0.798s] -- Detecting CXX compile features
[0.798s] -- Detecting CXX compile features - done
[0.816s] -- Configuring incomplete, errors occurred!
[0.816s] See also "/home/noma/FINAL_ws/manipulator/build/dynamixel_sdk/CMakeFiles/CMakeOutput.log".
[0.816s] [31mCMake Error at CMakeLists.txt:18 (find_package):
[0.816s]   By not providing "Findament_cmake.cmake" in CMAKE_MODULE_PATH this project
[0.816s]   has asked CMake to find a package configuration file provided by
[0.816s]   "ament_cmake", but CMake did not find one.
[0.816s] 
[0.816s]   Could not find a package configuration file provided by "ament_cmake" with
[0.817s]   any of the following names:
[0.817s] 
[0.817s]     ament_cmakeConfig.cmake
[0.817s]     ament_cmake-config.cmake
[0.817s] 
[0.817s]   Add the installation prefix of "ament_cmake" to CMAKE_PREFIX_PATH or set
[0.817s]   "ament_cmake_DIR" to a directory containing one of the above files.  If
[0.817s]   "ament_cmake" provides a separate development package or SDK, be sure it
[0.817s]   has been installed.
[0.817s] 
[0.817s] [0m
[0.820s] Invoked command in '/home/noma/FINAL_ws/manipulator/build/dynamixel_sdk' returned '1': /usr/bin/cmake /home/noma/FINAL_ws/manipulator/src/DynamixelSDK/dynamixel_sdk -DCMAKE_INSTALL_PREFIX=/home/noma/FINAL_ws/manipulator/install/dynamixel_sdk
