[1.687s] Invoking command in '/home/noma/FINAL_ws/manipulator/src/open_manipulator/open_manipulator_x_teleop': CMAKE_PREFIX_PATH=/home/noma/FINAL_ws/manipulator/install/open_manipulator_msgs:/home/noma/FINAL_ws/manipulator/install/open_manipulator:/home/noma/FINAL_ws/manipulator/install/open_manipulator_x_controller:/home/noma/FINAL_ws/manipulator/install/open_manipulator_x_libs:/home/noma/FINAL_ws/manipulator/install/robotis_manipulator:/home/noma/FINAL_ws/manipulator/install/open_manipulator_x_description:/home/noma/FINAL_ws/manipulator/install/dynamixel_workbench:/home/noma/FINAL_ws/manipulator/install/dynamixel_workbench_toolbox:/home/noma/FINAL_ws/manipulator/install/dynamixel_sdk_examples:/home/noma/FINAL_ws/manipulator/install/dynamixel_sdk_custom_interfaces:/home/noma/FINAL_ws/manipulator/install/dynamixel_sdk:/home/noma/FINAL_ws/manipulator/install/cmake_modules LD_LIBRARY_PATH=/home/noma/FINAL_ws/manipulator/install/open_manipulator_msgs/lib:/home/noma/FINAL_ws/manipulator/install/open_manipulator_x_libs/lib:/home/noma/FINAL_ws/manipulator/install/robotis_manipulator/lib:/home/noma/FINAL_ws/manipulator/install/dynamixel_workbench_toolbox/lib:/home/noma/FINAL_ws/manipulator/install/dynamixel_sdk_custom_interfaces/lib:/home/noma/FINAL_ws/manipulator/install/dynamixel_sdk/lib:/usr/lib/x86_64-linux-gnu/gazebo-11/plugins:/opt/ros/humble/opt/rviz_ogre_vendor/lib:/opt/ros/humble/lib/x86_64-linux-gnu:/opt/ros/humble/lib:/usr/local/cuda-11.7/lib64:/usr/local/cuda-11.7/lib64/ PYTHONPATH=/home/noma/FINAL_ws/manipulator/build/open_manipulator_x_teleop/prefix_override:/home/noma/FINAL_ws/manipulator/install/open_manipulator_x_teleop/lib/python3.10/site-packages:${PYTHONPATH} /usr/bin/python3 setup.py egg_info --egg-base ../../../build/open_manipulator_x_teleop build --build-base /home/noma/FINAL_ws/manipulator/build/open_manipulator_x_teleop/build install --record /home/noma/FINAL_ws/manipulator/build/open_manipulator_x_teleop/install.log --single-version-externally-managed
[2.045s] running egg_info
[2.045s] writing ../../../build/open_manipulator_x_teleop/open_manipulator_x_teleop.egg-info/PKG-INFO
[2.045s] writing dependency_links to ../../../build/open_manipulator_x_teleop/open_manipulator_x_teleop.egg-info/dependency_links.txt
[2.045s] writing entry points to ../../../build/open_manipulator_x_teleop/open_manipulator_x_teleop.egg-info/entry_points.txt
[2.046s] writing requirements to ../../../build/open_manipulator_x_teleop/open_manipulator_x_teleop.egg-info/requires.txt
[2.046s] writing top-level names to ../../../build/open_manipulator_x_teleop/open_manipulator_x_teleop.egg-info/top_level.txt
[2.047s] reading manifest file '../../../build/open_manipulator_x_teleop/open_manipulator_x_teleop.egg-info/SOURCES.txt'
[2.048s] writing manifest file '../../../build/open_manipulator_x_teleop/open_manipulator_x_teleop.egg-info/SOURCES.txt'
[2.048s] running build
[2.048s] running build_py
[2.049s] copying open_manipulator_x_teleop/script/teleop_keyboard.py -> /home/noma/FINAL_ws/manipulator/build/open_manipulator_x_teleop/build/lib/open_manipulator_x_teleop/script
[2.049s] running install
[2.049s] running install_lib
[2.050s] copying /home/noma/FINAL_ws/manipulator/build/open_manipulator_x_teleop/build/lib/open_manipulator_x_teleop/script/teleop_keyboard.py -> /home/noma/FINAL_ws/manipulator/install/open_manipulator_x_teleop/lib/python3.10/site-packages/open_manipulator_x_teleop/script
[2.050s] byte-compiling /home/noma/FINAL_ws/manipulator/install/open_manipulator_x_teleop/lib/python3.10/site-packages/open_manipulator_x_teleop/script/teleop_keyboard.py to teleop_keyboard.cpython-310.pyc
[2.053s]   File "/home/noma/FINAL_ws/manipulator/install/open_manipulator_x_teleop/lib/python3.10/site-packages/open_manipulator_x_teleop/script/teleop_keyboard.py", line 306
[2.053s]     teleop_keyboard.send_goal_joint_space(pathtime)e[4] = prev_goal_joint_angle[4] + 0.002
[2.053s]                                                    ^
[2.053s] SyntaxError: invalid syntax
[2.054s] 
[2.054s] running install_data
[2.055s] running install_egg_info
[2.055s] removing '/home/noma/FINAL_ws/manipulator/install/open_manipulator_x_teleop/lib/python3.10/site-packages/open_manipulator_x_teleop-2.3.0-py3.10.egg-info' (and everything under it)
[2.057s] Copying ../../../build/open_manipulator_x_teleop/open_manipulator_x_teleop.egg-info to /home/noma/FINAL_ws/manipulator/install/open_manipulator_x_teleop/lib/python3.10/site-packages/open_manipulator_x_teleop-2.3.0-py3.10.egg-info
[2.057s] running install_scripts
[2.075s] Installing potato_check script to /home/noma/FINAL_ws/manipulator/install/open_manipulator_x_teleop/lib/open_manipulator_x_teleop
[2.075s] Installing potato_test script to /home/noma/FINAL_ws/manipulator/install/open_manipulator_x_teleop/lib/open_manipulator_x_teleop
[2.075s] Installing teleop_keyboard script to /home/noma/FINAL_ws/manipulator/install/open_manipulator_x_teleop/lib/open_manipulator_x_teleop
[2.075s] Installing teleop_yeah script to /home/noma/FINAL_ws/manipulator/install/open_manipulator_x_teleop/lib/open_manipulator_x_teleop
[2.075s] writing list of installed files to '/home/noma/FINAL_ws/manipulator/build/open_manipulator_x_teleop/install.log'
[2.285s] Invoked command in '/home/noma/FINAL_ws/manipulator/src/open_manipulator/open_manipulator_x_teleop' returned '0': CMAKE_PREFIX_PATH=/home/noma/FINAL_ws/manipulator/install/open_manipulator_msgs:/home/noma/FINAL_ws/manipulator/install/open_manipulator:/home/noma/FINAL_ws/manipulator/install/open_manipulator_x_controller:/home/noma/FINAL_ws/manipulator/install/open_manipulator_x_libs:/home/noma/FINAL_ws/manipulator/install/robotis_manipulator:/home/noma/FINAL_ws/manipulator/install/open_manipulator_x_description:/home/noma/FINAL_ws/manipulator/install/dynamixel_workbench:/home/noma/FINAL_ws/manipulator/install/dynamixel_workbench_toolbox:/home/noma/FINAL_ws/manipulator/install/dynamixel_sdk_examples:/home/noma/FINAL_ws/manipulator/install/dynamixel_sdk_custom_interfaces:/home/noma/FINAL_ws/manipulator/install/dynamixel_sdk:/home/noma/FINAL_ws/manipulator/install/cmake_modules LD_LIBRARY_PATH=/home/noma/FINAL_ws/manipulator/install/open_manipulator_msgs/lib:/home/noma/FINAL_ws/manipulator/install/open_manipulator_x_libs/lib:/home/noma/FINAL_ws/manipulator/install/robotis_manipulator/lib:/home/noma/FINAL_ws/manipulator/install/dynamixel_workbench_toolbox/lib:/home/noma/FINAL_ws/manipulator/install/dynamixel_sdk_custom_interfaces/lib:/home/noma/FINAL_ws/manipulator/install/dynamixel_sdk/lib:/usr/lib/x86_64-linux-gnu/gazebo-11/plugins:/opt/ros/humble/opt/rviz_ogre_vendor/lib:/opt/ros/humble/lib/x86_64-linux-gnu:/opt/ros/humble/lib:/usr/local/cuda-11.7/lib64:/usr/local/cuda-11.7/lib64/ PYTHONPATH=/home/noma/FINAL_ws/manipulator/build/open_manipulator_x_teleop/prefix_override:/home/noma/FINAL_ws/manipulator/install/open_manipulator_x_teleop/lib/python3.10/site-packages:${PYTHONPATH} /usr/bin/python3 setup.py egg_info --egg-base ../../../build/open_manipulator_x_teleop build --build-base /home/noma/FINAL_ws/manipulator/build/open_manipulator_x_teleop/build install --record /home/noma/FINAL_ws/manipulator/build/open_manipulator_x_teleop/install.log --single-version-externally-managed
