/home/boma/realsense/install/depth_example/lib/python3.10/site-packages/depth_example/detect_final.py
/home/boma/realsense/install/depth_example/lib/python3.10/site-packages/depth_example/alarm2.py
/home/boma/realsense/install/depth_example/lib/python3.10/site-packages/depth_example/test_node.py
/home/boma/realsense/install/depth_example/lib/python3.10/site-packages/depth_example/final_RS_node.py
/home/boma/realsense/install/depth_example/lib/python3.10/site-packages/depth_example/label.py
/home/boma/realsense/install/depth_example/lib/python3.10/site-packages/depth_example/depth_el.py
/home/boma/realsense/install/depth_example/lib/python3.10/site-packages/depth_example/final_node.py
/home/boma/realsense/install/depth_example/lib/python3.10/site-packages/depth_example/__init__.py
/home/boma/realsense/install/depth_example/lib/python3.10/site-packages/depth_example/detect_node.py
/home/boma/realsense/install/depth_example/lib/python3.10/site-packages/depth_example/mail_node.py
/home/boma/realsense/install/depth_example/lib/python3.10/site-packages/depth_example/__pycache__/detect_final.cpython-310.pyc
/home/boma/realsense/install/depth_example/lib/python3.10/site-packages/depth_example/__pycache__/alarm2.cpython-310.pyc
/home/boma/realsense/install/depth_example/lib/python3.10/site-packages/depth_example/__pycache__/test_node.cpython-310.pyc
/home/boma/realsense/install/depth_example/lib/python3.10/site-packages/depth_example/__pycache__/final_RS_node.cpython-310.pyc
/home/boma/realsense/install/depth_example/lib/python3.10/site-packages/depth_example/__pycache__/label.cpython-310.pyc
/home/boma/realsense/install/depth_example/lib/python3.10/site-packages/depth_example/__pycache__/depth_el.cpython-310.pyc
/home/boma/realsense/install/depth_example/lib/python3.10/site-packages/depth_example/__pycache__/final_node.cpython-310.pyc
/home/boma/realsense/install/depth_example/lib/python3.10/site-packages/depth_example/__pycache__/__init__.cpython-310.pyc
/home/boma/realsense/install/depth_example/lib/python3.10/site-packages/depth_example/__pycache__/detect_node.cpython-310.pyc
/home/boma/realsense/install/depth_example/lib/python3.10/site-packages/depth_example/__pycache__/mail_node.cpython-310.pyc
/home/boma/realsense/install/depth_example/share/ament_index/resource_index/packages/depth_example
/home/boma/realsense/install/depth_example/share/depth_example/package.xml
/home/boma/realsense/install/depth_example/lib/python3.10/site-packages/depth_example-0.0.0-py3.10.egg-info/zip-safe
/home/boma/realsense/install/depth_example/lib/python3.10/site-packages/depth_example-0.0.0-py3.10.egg-info/dependency_links.txt
/home/boma/realsense/install/depth_example/lib/python3.10/site-packages/depth_example-0.0.0-py3.10.egg-info/top_level.txt
/home/boma/realsense/install/depth_example/lib/python3.10/site-packages/depth_example-0.0.0-py3.10.egg-info/SOURCES.txt
/home/boma/realsense/install/depth_example/lib/python3.10/site-packages/depth_example-0.0.0-py3.10.egg-info/requires.txt
/home/boma/realsense/install/depth_example/lib/python3.10/site-packages/depth_example-0.0.0-py3.10.egg-info/PKG-INFO
/home/boma/realsense/install/depth_example/lib/python3.10/site-packages/depth_example-0.0.0-py3.10.egg-info/entry_points.txt
/home/boma/realsense/install/depth_example/lib/depth_example/detect_node
/home/boma/realsense/install/depth_example/lib/depth_example/final_RS_node
/home/boma/realsense/install/depth_example/lib/depth_example/final_node
/home/boma/realsense/install/depth_example/lib/depth_example/mail_node
/home/boma/realsense/install/depth_example/lib/depth_example/test_node
