running egg_info
writing ../build/opencv_tutorials/opencv_tutorials.egg-info/PKG-INFO
writing dependency_links to ../build/opencv_tutorials/opencv_tutorials.egg-info/dependency_links.txt
writing entry points to ../build/opencv_tutorials/opencv_tutorials.egg-info/entry_points.txt
writing requirements to ../build/opencv_tutorials/opencv_tutorials.egg-info/requires.txt
writing top-level names to ../build/opencv_tutorials/opencv_tutorials.egg-info/top_level.txt
reading manifest file '../build/opencv_tutorials/opencv_tutorials.egg-info/SOURCES.txt'
writing manifest file '../build/opencv_tutorials/opencv_tutorials.egg-info/SOURCES.txt'
running build
running build_py
copying opencv_tutorials/optical_flow.py -> /home/jb/dev_ws/opencv_ws/build/opencv_tutorials/build/lib/opencv_tutorials
copying opencv_tutorials/img_publisher.py -> /home/jb/dev_ws/opencv_ws/build/opencv_tutorials/build/lib/opencv_tutorials
running install
/usr/lib/python3/dist-packages/setuptools/command/install.py:34: SetuptoolsDeprecationWarning: setup.py install is deprecated. Use build and pip and other standards-based tools.
  warnings.warn(
running install_lib
copying /home/jb/dev_ws/opencv_ws/build/opencv_tutorials/build/lib/opencv_tutorials/optical_flow.py -> /home/jb/dev_ws/opencv_ws/install/opencv_tutorials/lib/python3.10/site-packages/opencv_tutorials
copying /home/jb/dev_ws/opencv_ws/build/opencv_tutorials/build/lib/opencv_tutorials/img_publisher.py -> /home/jb/dev_ws/opencv_ws/install/opencv_tutorials/lib/python3.10/site-packages/opencv_tutorials
byte-compiling /home/jb/dev_ws/opencv_ws/install/opencv_tutorials/lib/python3.10/site-packages/opencv_tutorials/optical_flow.py to optical_flow.cpython-310.pyc
byte-compiling /home/jb/dev_ws/opencv_ws/install/opencv_tutorials/lib/python3.10/site-packages/opencv_tutorials/img_publisher.py to img_publisher.cpython-310.pyc
running install_data
copying param/filter.yaml -> /home/jb/dev_ws/opencv_ws/install/opencv_tutorials/share/opencv_tutorials/param
running install_egg_info
removing '/home/jb/dev_ws/opencv_ws/install/opencv_tutorials/lib/python3.10/site-packages/opencv_tutorials-0.0.0-py3.10.egg-info' (and everything under it)
Copying ../build/opencv_tutorials/opencv_tutorials.egg-info to /home/jb/dev_ws/opencv_ws/install/opencv_tutorials/lib/python3.10/site-packages/opencv_tutorials-0.0.0-py3.10.egg-info
running install_scripts
Installing cartoon script to /home/jb/dev_ws/opencv_ws/install/opencv_tutorials/lib/opencv_tutorials
Installing edge script to /home/jb/dev_ws/opencv_ws/install/opencv_tutorials/lib/opencv_tutorials
Installing img_control script to /home/jb/dev_ws/opencv_ws/install/opencv_tutorials/lib/opencv_tutorials
Installing img_publisher script to /home/jb/dev_ws/opencv_ws/install/opencv_tutorials/lib/opencv_tutorials
Installing laplace script to /home/jb/dev_ws/opencv_ws/install/opencv_tutorials/lib/opencv_tutorials
Installing optical_flow script to /home/jb/dev_ws/opencv_ws/install/opencv_tutorials/lib/opencv_tutorials
writing list of installed files to '/home/jb/dev_ws/opencv_ws/build/opencv_tutorials/install.log'
