/home/jb/dev_ws/opencv_ws/install/opencv_tutorials/lib/python3.10/site-packages/opencv_tutorials/img_control.py
/home/jb/dev_ws/opencv_ws/install/opencv_tutorials/lib/python3.10/site-packages/opencv_tutorials/__init__.py
/home/jb/dev_ws/opencv_ws/install/opencv_tutorials/lib/python3.10/site-packages/opencv_tutorials/edge.py
/home/jb/dev_ws/opencv_ws/install/opencv_tutorials/lib/python3.10/site-packages/opencv_tutorials/optical_flow.py
/home/jb/dev_ws/opencv_ws/install/opencv_tutorials/lib/python3.10/site-packages/opencv_tutorials/img_publisher.py
/home/jb/dev_ws/opencv_ws/install/opencv_tutorials/lib/python3.10/site-packages/opencv_tutorials/cartoon.py
/home/jb/dev_ws/opencv_ws/install/opencv_tutorials/lib/python3.10/site-packages/opencv_tutorials/__pycache__/img_control.cpython-310.pyc
/home/jb/dev_ws/opencv_ws/install/opencv_tutorials/lib/python3.10/site-packages/opencv_tutorials/__pycache__/__init__.cpython-310.pyc
/home/jb/dev_ws/opencv_ws/install/opencv_tutorials/lib/python3.10/site-packages/opencv_tutorials/__pycache__/edge.cpython-310.pyc
/home/jb/dev_ws/opencv_ws/install/opencv_tutorials/lib/python3.10/site-packages/opencv_tutorials/__pycache__/optical_flow.cpython-310.pyc
/home/jb/dev_ws/opencv_ws/install/opencv_tutorials/lib/python3.10/site-packages/opencv_tutorials/__pycache__/img_publisher.cpython-310.pyc
/home/jb/dev_ws/opencv_ws/install/opencv_tutorials/lib/python3.10/site-packages/opencv_tutorials/__pycache__/cartoon.cpython-310.pyc
/home/jb/dev_ws/opencv_ws/install/opencv_tutorials/share/ament_index/resource_index/packages/opencv_tutorials
/home/jb/dev_ws/opencv_ws/install/opencv_tutorials/share/opencv_tutorials/package.xml
/home/jb/dev_ws/opencv_ws/install/opencv_tutorials/share/opencv_tutorials/launch/camera.launch.py
/home/jb/dev_ws/opencv_ws/install/opencv_tutorials/share/opencv_tutorials/launch/optical_flow.launch.py
/home/jb/dev_ws/opencv_ws/install/opencv_tutorials/share/opencv_tutorials/launch/img_control.launch.py
/home/jb/dev_ws/opencv_ws/install/opencv_tutorials/share/opencv_tutorials/launch/edge.launch.py
/home/jb/dev_ws/opencv_ws/install/opencv_tutorials/share/opencv_tutorials/param/filter.yaml
/home/jb/dev_ws/opencv_ws/install/opencv_tutorials/share/opencv_tutorials/param/size.yaml
/home/jb/dev_ws/opencv_ws/install/opencv_tutorials/lib/python3.10/site-packages/opencv_tutorials-0.0.0-py3.10.egg-info/requires.txt
/home/jb/dev_ws/opencv_ws/install/opencv_tutorials/lib/python3.10/site-packages/opencv_tutorials-0.0.0-py3.10.egg-info/entry_points.txt
/home/jb/dev_ws/opencv_ws/install/opencv_tutorials/lib/python3.10/site-packages/opencv_tutorials-0.0.0-py3.10.egg-info/zip-safe
/home/jb/dev_ws/opencv_ws/install/opencv_tutorials/lib/python3.10/site-packages/opencv_tutorials-0.0.0-py3.10.egg-info/dependency_links.txt
/home/jb/dev_ws/opencv_ws/install/opencv_tutorials/lib/python3.10/site-packages/opencv_tutorials-0.0.0-py3.10.egg-info/top_level.txt
/home/jb/dev_ws/opencv_ws/install/opencv_tutorials/lib/python3.10/site-packages/opencv_tutorials-0.0.0-py3.10.egg-info/PKG-INFO
/home/jb/dev_ws/opencv_ws/install/opencv_tutorials/lib/python3.10/site-packages/opencv_tutorials-0.0.0-py3.10.egg-info/SOURCES.txt
/home/jb/dev_ws/opencv_ws/install/opencv_tutorials/lib/opencv_tutorials/cartoon
/home/jb/dev_ws/opencv_ws/install/opencv_tutorials/lib/opencv_tutorials/edge
/home/jb/dev_ws/opencv_ws/install/opencv_tutorials/lib/opencv_tutorials/img_control
/home/jb/dev_ws/opencv_ws/install/opencv_tutorials/lib/opencv_tutorials/img_publisher
/home/jb/dev_ws/opencv_ws/install/opencv_tutorials/lib/opencv_tutorials/laplace
/home/jb/dev_ws/opencv_ws/install/opencv_tutorials/lib/opencv_tutorials/optical_flow
