[0.516s] Invoking command in '/home/boma/realsense/src/depth_example': PYTHONPATH=/home/boma/realsense/build/depth_example/prefix_override:/home/boma/realsense/install/depth_example/lib/python3.10/site-packages:${PYTHONPATH} /usr/bin/python3 setup.py egg_info --egg-base ../../build/depth_example build --build-base /home/boma/realsense/build/depth_example/build install --record /home/boma/realsense/build/depth_example/install.log --single-version-externally-managed
[0.683s] running egg_info
[0.683s] writing ../../build/depth_example/depth_example.egg-info/PKG-INFO
[0.683s] writing dependency_links to ../../build/depth_example/depth_example.egg-info/dependency_links.txt
[0.683s] writing entry points to ../../build/depth_example/depth_example.egg-info/entry_points.txt
[0.683s] writing requirements to ../../build/depth_example/depth_example.egg-info/requires.txt
[0.683s] writing top-level names to ../../build/depth_example/depth_example.egg-info/top_level.txt
[0.685s] reading manifest file '../../build/depth_example/depth_example.egg-info/SOURCES.txt'
[0.685s] writing manifest file '../../build/depth_example/depth_example.egg-info/SOURCES.txt'
[0.685s] running build
[0.685s] running build_py
[0.685s] copying depth_example/detect_final.py -> /home/boma/realsense/build/depth_example/build/lib/depth_example
[0.686s] copying depth_example/alarm2.py -> /home/boma/realsense/build/depth_example/build/lib/depth_example
[0.686s] copying depth_example/label.py -> /home/boma/realsense/build/depth_example/build/lib/depth_example
[0.686s] copying depth_example/depth_el.py -> /home/boma/realsense/build/depth_example/build/lib/depth_example
[0.686s] copying depth_example/final_node.py -> /home/boma/realsense/build/depth_example/build/lib/depth_example
[0.686s] copying depth_example/mail_node.py -> /home/boma/realsense/build/depth_example/build/lib/depth_example
[0.686s] running install
[0.686s] running install_lib
[0.686s] copying /home/boma/realsense/build/depth_example/build/lib/depth_example/detect_final.py -> /home/boma/realsense/install/depth_example/lib/python3.10/site-packages/depth_example
[0.686s] copying /home/boma/realsense/build/depth_example/build/lib/depth_example/alarm2.py -> /home/boma/realsense/install/depth_example/lib/python3.10/site-packages/depth_example
[0.687s] copying /home/boma/realsense/build/depth_example/build/lib/depth_example/label.py -> /home/boma/realsense/install/depth_example/lib/python3.10/site-packages/depth_example
[0.687s] copying /home/boma/realsense/build/depth_example/build/lib/depth_example/depth_el.py -> /home/boma/realsense/install/depth_example/lib/python3.10/site-packages/depth_example
[0.687s] copying /home/boma/realsense/build/depth_example/build/lib/depth_example/final_node.py -> /home/boma/realsense/install/depth_example/lib/python3.10/site-packages/depth_example
[0.687s] copying /home/boma/realsense/build/depth_example/build/lib/depth_example/mail_node.py -> /home/boma/realsense/install/depth_example/lib/python3.10/site-packages/depth_example
[0.687s] byte-compiling /home/boma/realsense/install/depth_example/lib/python3.10/site-packages/depth_example/detect_final.py to detect_final.cpython-310.pyc
[0.688s] byte-compiling /home/boma/realsense/install/depth_example/lib/python3.10/site-packages/depth_example/alarm2.py to alarm2.cpython-310.pyc
[0.689s] byte-compiling /home/boma/realsense/install/depth_example/lib/python3.10/site-packages/depth_example/label.py to label.cpython-310.pyc
[0.689s] byte-compiling /home/boma/realsense/install/depth_example/lib/python3.10/site-packages/depth_example/depth_el.py to depth_el.cpython-310.pyc
[0.690s] byte-compiling /home/boma/realsense/install/depth_example/lib/python3.10/site-packages/depth_example/final_node.py to final_node.cpython-310.pyc
[0.690s] byte-compiling /home/boma/realsense/install/depth_example/lib/python3.10/site-packages/depth_example/mail_node.py to mail_node.cpython-310.pyc
[0.691s]   File "/home/boma/realsense/install/depth_example/lib/python3.10/site-packages/depth_example/mail_node.py", line 428
[0.691s]     global ska
[0.691s]     ^^^^^^^^^^
[0.691s] SyntaxError: name 'ska' is used prior to global declaration
[0.691s] 
[0.691s] running install_data
[0.691s] running install_egg_info
[0.692s] removing '/home/boma/realsense/install/depth_example/lib/python3.10/site-packages/depth_example-0.0.0-py3.10.egg-info' (and everything under it)
[0.693s] Copying ../../build/depth_example/depth_example.egg-info to /home/boma/realsense/install/depth_example/lib/python3.10/site-packages/depth_example-0.0.0-py3.10.egg-info
[0.693s] running install_scripts
[0.705s] Installing detect_node script to /home/boma/realsense/install/depth_example/lib/depth_example
[0.705s] Installing final_RS_node script to /home/boma/realsense/install/depth_example/lib/depth_example
[0.705s] Installing final_node script to /home/boma/realsense/install/depth_example/lib/depth_example
[0.705s] Installing mail_node script to /home/boma/realsense/install/depth_example/lib/depth_example
[0.705s] Installing test_node script to /home/boma/realsense/install/depth_example/lib/depth_example
[0.705s] writing list of installed files to '/home/boma/realsense/build/depth_example/install.log'
[0.722s] Invoked command in '/home/boma/realsense/src/depth_example' returned '0': PYTHONPATH=/home/boma/realsense/build/depth_example/prefix_override:/home/boma/realsense/install/depth_example/lib/python3.10/site-packages:${PYTHONPATH} /usr/bin/python3 setup.py egg_info --egg-base ../../build/depth_example build --build-base /home/boma/realsense/build/depth_example/build install --record /home/boma/realsense/build/depth_example/install.log --single-version-externally-managed
