[0.790s] Invoking command in '/home/boma/realsense/src/depth_example': PYTHONPATH=/home/boma/realsense/build/depth_example/prefix_override:/home/boma/realsense/install/depth_example/lib/python3.10/site-packages:${PYTHONPATH} /usr/bin/python3 setup.py egg_info --egg-base ../../build/depth_example build --build-base /home/boma/realsense/build/depth_example/build install --record /home/boma/realsense/build/depth_example/install.log --single-version-externally-managed
[1.054s] running egg_info
[1.054s] writing ../../build/depth_example/depth_example.egg-info/PKG-INFO
[1.054s] writing dependency_links to ../../build/depth_example/depth_example.egg-info/dependency_links.txt
[1.055s] writing entry points to ../../build/depth_example/depth_example.egg-info/entry_points.txt
[1.055s] writing requirements to ../../build/depth_example/depth_example.egg-info/requires.txt
[1.055s] writing top-level names to ../../build/depth_example/depth_example.egg-info/top_level.txt
[1.057s] reading manifest file '../../build/depth_example/depth_example.egg-info/SOURCES.txt'
[1.057s] writing manifest file '../../build/depth_example/depth_example.egg-info/SOURCES.txt'
[1.057s] running build
[1.057s] running build_py
[1.058s] copying depth_example/mail_node.py -> /home/boma/realsense/build/depth_example/build/lib/depth_example
[1.058s] running install
[1.058s] running install_lib
[1.058s] copying /home/boma/realsense/build/depth_example/build/lib/depth_example/mail_node.py -> /home/boma/realsense/install/depth_example/lib/python3.10/site-packages/depth_example
[1.059s] byte-compiling /home/boma/realsense/install/depth_example/lib/python3.10/site-packages/depth_example/mail_node.py to mail_node.cpython-310.pyc
[1.059s] running install_data
[1.060s] running install_egg_info
[1.061s] removing '/home/boma/realsense/install/depth_example/lib/python3.10/site-packages/depth_example-0.0.0-py3.10.egg-info' (and everything under it)
[1.061s] Copying ../../build/depth_example/depth_example.egg-info to /home/boma/realsense/install/depth_example/lib/python3.10/site-packages/depth_example-0.0.0-py3.10.egg-info
[1.061s] running install_scripts
[1.075s] Installing detect_node script to /home/boma/realsense/install/depth_example/lib/depth_example
[1.075s] Installing final_RS_node script to /home/boma/realsense/install/depth_example/lib/depth_example
[1.076s] Installing final_node script to /home/boma/realsense/install/depth_example/lib/depth_example
[1.076s] Installing mail_node script to /home/boma/realsense/install/depth_example/lib/depth_example
[1.076s] Installing test_node script to /home/boma/realsense/install/depth_example/lib/depth_example
[1.076s] writing list of installed files to '/home/boma/realsense/build/depth_example/install.log'
[1.102s] Invoked command in '/home/boma/realsense/src/depth_example' returned '0': PYTHONPATH=/home/boma/realsense/build/depth_example/prefix_override:/home/boma/realsense/install/depth_example/lib/python3.10/site-packages:${PYTHONPATH} /usr/bin/python3 setup.py egg_info --egg-base ../../build/depth_example build --build-base /home/boma/realsense/build/depth_example/build install --record /home/boma/realsense/build/depth_example/install.log --single-version-externally-managed
