[0.876s] Invoking command in '/home/boma/realsense/src/depth_example': PYTHONPATH=/home/boma/realsense/build/depth_example/prefix_override:/home/boma/realsense/install/depth_example/lib/python3.10/site-packages:${PYTHONPATH} /usr/bin/python3 setup.py egg_info --egg-base ../../build/depth_example build --build-base /home/boma/realsense/build/depth_example/build install --record /home/boma/realsense/build/depth_example/install.log --single-version-externally-managed
[1.165s] running egg_info
[1.165s] writing ../../build/depth_example/depth_example.egg-info/PKG-INFO
[1.166s] writing dependency_links to ../../build/depth_example/depth_example.egg-info/dependency_links.txt
[1.166s] writing entry points to ../../build/depth_example/depth_example.egg-info/entry_points.txt
[1.166s] writing requirements to ../../build/depth_example/depth_example.egg-info/requires.txt
[1.166s] writing top-level names to ../../build/depth_example/depth_example.egg-info/top_level.txt
[1.167s] reading manifest file '../../build/depth_example/depth_example.egg-info/SOURCES.txt'
[1.168s] writing manifest file '../../build/depth_example/depth_example.egg-info/SOURCES.txt'
[1.168s] running build
[1.168s] running build_py
[1.168s] copying depth_example/final_node.py -> /home/boma/realsense/build/depth_example/build/lib/depth_example
[1.168s] running install
[1.169s] running install_lib
[1.169s] copying /home/boma/realsense/build/depth_example/build/lib/depth_example/final_node.py -> /home/boma/realsense/install/depth_example/lib/python3.10/site-packages/depth_example
[1.170s] byte-compiling /home/boma/realsense/install/depth_example/lib/python3.10/site-packages/depth_example/final_node.py to final_node.cpython-310.pyc
[1.170s] running install_data
[1.171s] running install_egg_info
[1.172s] removing '/home/boma/realsense/install/depth_example/lib/python3.10/site-packages/depth_example-0.0.0-py3.10.egg-info' (and everything under it)
[1.172s] Copying ../../build/depth_example/depth_example.egg-info to /home/boma/realsense/install/depth_example/lib/python3.10/site-packages/depth_example-0.0.0-py3.10.egg-info
[1.172s] running install_scripts
[1.191s] Installing detect_node script to /home/boma/realsense/install/depth_example/lib/depth_example
[1.191s] Installing final_RS_node script to /home/boma/realsense/install/depth_example/lib/depth_example
[1.191s] Installing final_node script to /home/boma/realsense/install/depth_example/lib/depth_example
[1.191s] Installing test_node script to /home/boma/realsense/install/depth_example/lib/depth_example
[1.191s] writing list of installed files to '/home/boma/realsense/build/depth_example/install.log'
[1.224s] Invoked command in '/home/boma/realsense/src/depth_example' returned '0': PYTHONPATH=/home/boma/realsense/build/depth_example/prefix_override:/home/boma/realsense/install/depth_example/lib/python3.10/site-packages:${PYTHONPATH} /usr/bin/python3 setup.py egg_info --egg-base ../../build/depth_example build --build-base /home/boma/realsense/build/depth_example/build install --record /home/boma/realsense/build/depth_example/install.log --single-version-externally-managed
