[0.146s] Invoking command in '/home/noma/FINAL_ws/manipulator/build/dynamixel_sdk_custom_interfaces': /usr/bin/cmake /home/noma/FINAL_ws/manipulator/src/DynamixelSDK/dynamixel_sdk_custom_interfaces -DCMAKE_INSTALL_PREFIX=/home/noma/FINAL_ws/manipulator/install/dynamixel_sdk_custom_interfaces
[0.311s] -- The C compiler identification is GNU 11.4.0
[0.449s] -- The CXX compiler identification is GNU 11.4.0
[0.461s] -- Detecting C compiler ABI info
[0.557s] -- Detecting C compiler ABI info - done
[0.570s] -- Check for working C compiler: /usr/bin/cc - skipped
[0.571s] -- Detecting C compile features
[0.572s] -- Detecting C compile features - done
[0.576s] -- Detecting CXX compiler ABI info
[0.692s] -- Detecting CXX compiler ABI info - done
[0.706s] -- Check for working CXX compiler: /usr/bin/c++ - skipped
[0.706s] -- Detecting CXX compile features
[0.707s] -- Detecting CXX compile features - done
[0.718s] [31mCMake Error at CMakeLists.txt:14 (find_package):
[0.718s]   By not providing "Findament_cmake.cmake" in CMAKE_MODULE_PATH this project
[0.718s]   has asked CMake to find a package configuration file provided by
[0.718s]   "ament_cmake", but CMake did not find one.
[0.718s] 
[0.718s]   Could not find a package configuration file provided by "ament_cmake" with
[0.718s]   any of the following names:
[0.718s] 
[0.718s]     ament_cmakeConfig.cmake
[0.719s]     ament_cmake-config.cmake
[0.719s] 
[0.719s]   Add the installation prefix of "ament_cmake" to CMAKE_PREFIX_PATH or set
[0.719s]   "ament_cmake_DIR" to a directory containing one of the above files.  If
[0.719s]   "ament_cmake" provides a separate development package or SDK, be sure it
[0.719s]   has been installed.
[0.720s] 
[0.720s] [0m
[0.720s] -- Configuring incomplete, errors occurred!
[0.720s] See also "/home/noma/FINAL_ws/manipulator/build/dynamixel_sdk_custom_interfaces/CMakeFiles/CMakeOutput.log".
