[0.178s] Invoking command in '/home/noma/FINAL_ws/manipulator/build/open_manipulator_msgs': /usr/bin/cmake /home/noma/FINAL_ws/manipulator/src/open_manipulator_msgs -DCMAKE_INSTALL_PREFIX=/home/noma/FINAL_ws/manipulator/install/open_manipulator_msgs
[0.345s] -- The C compiler identification is GNU 11.4.0
[0.480s] -- The CXX compiler identification is GNU 11.4.0
[0.492s] -- Detecting C compiler ABI info
[0.577s] -- Detecting C compiler ABI info - done
[0.593s] -- Check for working C compiler: /usr/bin/cc - skipped
[0.593s] -- Detecting C compile features
[0.594s] -- Detecting C compile features - done
[0.598s] -- Detecting CXX compiler ABI info
[0.725s] -- Detecting CXX compiler ABI info - done
[0.741s] -- Check for working CXX compiler: /usr/bin/c++ - skipped
[0.741s] -- Detecting CXX compile features
[0.742s] -- Detecting CXX compile features - done
[0.757s] [31mCMake Error at CMakeLists.txt:18 (find_package):
[0.757s]   By not providing "Findament_cmake.cmake" in CMAKE_MODULE_PATH this project
[0.758s]   has asked CMake to find a package configuration file provided by
[0.758s]   "ament_cmake", but CMake did not find one.
[0.758s] 
[0.758s]   Could not find a package configuration file provided by "ament_cmake" with
[0.758s]   any of the following names:
[0.758s] 
[0.758s]     ament_cmakeConfig.cmake
[0.758s]     ament_cmake-config.cmake
[0.758s] 
[0.758s]   Add the installation prefix of "ament_cmake" to CMAKE_PREFIX_PATH or set
[0.758s]   "ament_cmake_DIR" to a directory containing one of the above files.  If
[0.758s]   "ament_cmake" provides a separate development package or SDK, be sure it
[0.758s]   has been installed.
[0.758s] 
[0.759s] [0m
[0.759s] -- Configuring incomplete, errors occurred!
[0.759s] See also "/home/noma/FINAL_ws/manipulator/build/open_manipulator_msgs/CMakeFiles/CMakeOutput.log".
