[0.594s] Invoking command in '/home/boma/realsense/src/depth_example': PYTHONPATH=/home/boma/realsense/build/depth_example/prefix_override:/home/boma/realsense/install/depth_example/lib/python3.10/site-packages:${PYTHONPATH} /usr/bin/python3 setup.py egg_info --egg-base ../../build/depth_example build --build-base /home/boma/realsense/build/depth_example/build install --record /home/boma/realsense/build/depth_example/install.log --single-version-externally-managed
[0.782s] running egg_info
[0.782s] writing ../../build/depth_example/depth_example.egg-info/PKG-INFO
[0.783s] writing dependency_links to ../../build/depth_example/depth_example.egg-info/dependency_links.txt
[0.783s] writing entry points to ../../build/depth_example/depth_example.egg-info/entry_points.txt
[0.783s] writing requirements to ../../build/depth_example/depth_example.egg-info/requires.txt
[0.783s] writing top-level names to ../../build/depth_example/depth_example.egg-info/top_level.txt
[0.784s] reading manifest file '../../build/depth_example/depth_example.egg-info/SOURCES.txt'
[0.785s] writing manifest file '../../build/depth_example/depth_example.egg-info/SOURCES.txt'
[0.785s] running build
[0.785s] running build_py
[0.785s] copying depth_example/final_node.py -> /home/boma/realsense/build/depth_example/build/lib/depth_example
[0.785s] running install
[0.786s] running install_lib
[0.786s] copying /home/boma/realsense/build/depth_example/build/lib/depth_example/final_node.py -> /home/boma/realsense/install/depth_example/lib/python3.10/site-packages/depth_example
[0.787s] byte-compiling /home/boma/realsense/install/depth_example/lib/python3.10/site-packages/depth_example/final_node.py to final_node.cpython-310.pyc
[0.787s] running install_data
[0.787s] Sorry: IndentationError: expected an indented block after 'with' statement on line 48 (final_node.py, line 49)
[0.788s] running install_egg_info
[0.789s] removing '/home/boma/realsense/install/depth_example/lib/python3.10/site-packages/depth_example-0.0.0-py3.10.egg-info' (and everything under it)
[0.789s] Copying ../../build/depth_example/depth_example.egg-info to /home/boma/realsense/install/depth_example/lib/python3.10/site-packages/depth_example-0.0.0-py3.10.egg-info
[0.789s] running install_scripts
[0.803s] Installing detect_node script to /home/boma/realsense/install/depth_example/lib/depth_example
[0.803s] Installing final_RS_node script to /home/boma/realsense/install/depth_example/lib/depth_example
[0.803s] Installing final_node script to /home/boma/realsense/install/depth_example/lib/depth_example
[0.804s] Installing test_node script to /home/boma/realsense/install/depth_example/lib/depth_example
[0.804s] writing list of installed files to '/home/boma/realsense/build/depth_example/install.log'
[0.830s] Invoked command in '/home/boma/realsense/src/depth_example' returned '0': PYTHONPATH=/home/boma/realsense/build/depth_example/prefix_override:/home/boma/realsense/install/depth_example/lib/python3.10/site-packages:${PYTHONPATH} /usr/bin/python3 setup.py egg_info --egg-base ../../build/depth_example build --build-base /home/boma/realsense/build/depth_example/build install --record /home/boma/realsense/build/depth_example/install.log --single-version-externally-managed
