[0.250s] Invoking command in '/home/noma/FINAL_ws/manipulator/build/dynamixel_sdk': /usr/bin/cmake --build /home/noma/FINAL_ws/manipulator/build/dynamixel_sdk -- -j8 -l8
[0.344s] [100%] Built target dynamixel_sdk
[0.675s] Invoked command in '/home/noma/FINAL_ws/manipulator/build/dynamixel_sdk' returned '0': /usr/bin/cmake --build /home/noma/FINAL_ws/manipulator/build/dynamixel_sdk -- -j8 -l8
[0.723s] Invoking command in '/home/noma/FINAL_ws/manipulator/build/dynamixel_sdk': /usr/bin/cmake --install /home/noma/FINAL_ws/manipulator/build/dynamixel_sdk
[0.797s] -- Install configuration: ""
[0.797s] -- Up-to-date: /home/noma/FINAL_ws/manipulator/install/dynamixel_sdk/include/
[0.797s] -- Up-to-date: /home/noma/FINAL_ws/manipulator/install/dynamixel_sdk/include//dynamixel_sdk
[0.798s] -- Up-to-date: /home/noma/FINAL_ws/manipulator/install/dynamixel_sdk/include//dynamixel_sdk/port_handler_linux.h
[0.798s] -- Up-to-date: /home/noma/FINAL_ws/manipulator/install/dynamixel_sdk/include//dynamixel_sdk/port_handler_arduino.h
[0.798s] -- Up-to-date: /home/noma/FINAL_ws/manipulator/install/dynamixel_sdk/include//dynamixel_sdk/port_handler_mac.h
[0.799s] -- Up-to-date: /home/noma/FINAL_ws/manipulator/install/dynamixel_sdk/include//dynamixel_sdk/packet_handler.h
[0.800s] -- Up-to-date: /home/noma/FINAL_ws/manipulator/install/dynamixel_sdk/include//dynamixel_sdk/port_handler_windows.h
[0.800s] -- Up-to-date: /home/noma/FINAL_ws/manipulator/install/dynamixel_sdk/include//dynamixel_sdk/group_bulk_write.h
[0.800s] -- Up-to-date: /home/noma/FINAL_ws/manipulator/install/dynamixel_sdk/include//dynamixel_sdk/group_sync_write.h
[0.800s] -- Up-to-date: /home/noma/FINAL_ws/manipulator/install/dynamixel_sdk/include//dynamixel_sdk/dynamixel_sdk.h
[0.801s] -- Up-to-date: /home/noma/FINAL_ws/manipulator/install/dynamixel_sdk/include//dynamixel_sdk/group_sync_read.h
[0.801s] -- Up-to-date: /home/noma/FINAL_ws/manipulator/install/dynamixel_sdk/include//dynamixel_sdk/protocol2_packet_handler.h
[0.802s] -- Up-to-date: /home/noma/FINAL_ws/manipulator/install/dynamixel_sdk/include//dynamixel_sdk/group_bulk_read.h
[0.802s] -- Up-to-date: /home/noma/FINAL_ws/manipulator/install/dynamixel_sdk/include//dynamixel_sdk/port_handler.h
[0.803s] -- Up-to-date: /home/noma/FINAL_ws/manipulator/install/dynamixel_sdk/include//dynamixel_sdk/protocol1_packet_handler.h
[0.803s] -- Up-to-date: /home/noma/FINAL_ws/manipulator/install/dynamixel_sdk/lib/libdynamixel_sdk.so
[0.803s] -- Up-to-date: /home/noma/FINAL_ws/manipulator/install/dynamixel_sdk/share/dynamixel_sdk/environment/library_path.sh
[0.803s] -- Up-to-date: /home/noma/FINAL_ws/manipulator/install/dynamixel_sdk/share/dynamixel_sdk/environment/library_path.dsv
[0.803s] -- Up-to-date: /home/noma/FINAL_ws/manipulator/install/dynamixel_sdk/share/ament_index/resource_index/package_run_dependencies/dynamixel_sdk
[0.803s] -- Up-to-date: /home/noma/FINAL_ws/manipulator/install/dynamixel_sdk/share/ament_index/resource_index/parent_prefix_path/dynamixel_sdk
[0.803s] -- Up-to-date: /home/noma/FINAL_ws/manipulator/install/dynamixel_sdk/share/dynamixel_sdk/environment/ament_prefix_path.sh
[0.804s] -- Up-to-date: /home/noma/FINAL_ws/manipulator/install/dynamixel_sdk/share/dynamixel_sdk/environment/ament_prefix_path.dsv
[0.804s] -- Up-to-date: /home/noma/FINAL_ws/manipulator/install/dynamixel_sdk/share/dynamixel_sdk/environment/path.sh
[0.804s] -- Up-to-date: /home/noma/FINAL_ws/manipulator/install/dynamixel_sdk/share/dynamixel_sdk/environment/path.dsv
[0.804s] -- Up-to-date: /home/noma/FINAL_ws/manipulator/install/dynamixel_sdk/share/dynamixel_sdk/local_setup.bash
[0.804s] -- Up-to-date: /home/noma/FINAL_ws/manipulator/install/dynamixel_sdk/share/dynamixel_sdk/local_setup.sh
[0.804s] -- Up-to-date: /home/noma/FINAL_ws/manipulator/install/dynamixel_sdk/share/dynamixel_sdk/local_setup.zsh
[0.804s] -- Up-to-date: /home/noma/FINAL_ws/manipulator/install/dynamixel_sdk/share/dynamixel_sdk/local_setup.dsv
[0.804s] -- Installing: /home/noma/FINAL_ws/manipulator/install/dynamixel_sdk/share/dynamixel_sdk/package.dsv
[0.804s] -- Up-to-date: /home/noma/FINAL_ws/manipulator/install/dynamixel_sdk/share/ament_index/resource_index/packages/dynamixel_sdk
[0.804s] -- Up-to-date: /home/noma/FINAL_ws/manipulator/install/dynamixel_sdk/share/dynamixel_sdk/cmake/ament_cmake_export_include_directories-extras.cmake
[0.804s] -- Up-to-date: /home/noma/FINAL_ws/manipulator/install/dynamixel_sdk/share/dynamixel_sdk/cmake/ament_cmake_export_libraries-extras.cmake
[0.804s] -- Up-to-date: /home/noma/FINAL_ws/manipulator/install/dynamixel_sdk/share/dynamixel_sdk/cmake/dynamixel_sdkConfig.cmake
[0.804s] -- Up-to-date: /home/noma/FINAL_ws/manipulator/install/dynamixel_sdk/share/dynamixel_sdk/cmake/dynamixel_sdkConfig-version.cmake
[0.805s] -- Up-to-date: /home/noma/FINAL_ws/manipulator/install/dynamixel_sdk/share/dynamixel_sdk/package.xml
[0.856s] Invoked command in '/home/noma/FINAL_ws/manipulator/build/dynamixel_sdk' returned '0': /usr/bin/cmake --install /home/noma/FINAL_ws/manipulator/build/dynamixel_sdk
