[0.875s] Invoking command in '/home/boma/realsense/src/depth_example': PYTHONPATH=/home/boma/realsense/build/depth_example/prefix_override:/home/boma/realsense/install/depth_example/lib/python3.10/site-packages:${PYTHONPATH} /usr/bin/python3 setup.py egg_info --egg-base ../../build/depth_example build --build-base /home/boma/realsense/build/depth_example/build install --record /home/boma/realsense/build/depth_example/install.log --single-version-externally-managed
[1.104s] running egg_info
[1.105s] writing ../../build/depth_example/depth_example.egg-info/PKG-INFO
[1.105s] writing dependency_links to ../../build/depth_example/depth_example.egg-info/dependency_links.txt
[1.105s] writing entry points to ../../build/depth_example/depth_example.egg-info/entry_points.txt
[1.105s] writing requirements to ../../build/depth_example/depth_example.egg-info/requires.txt
[1.105s] writing top-level names to ../../build/depth_example/depth_example.egg-info/top_level.txt
[1.107s] reading manifest file '../../build/depth_example/depth_example.egg-info/SOURCES.txt'
[1.107s] writing manifest file '../../build/depth_example/depth_example.egg-info/SOURCES.txt'
[1.107s] running build
[1.107s] running build_py
[1.108s] running install
[1.108s] running install_lib
[1.109s] running install_data
[1.109s] running install_egg_info
[1.110s] removing '/home/boma/realsense/install/depth_example/lib/python3.10/site-packages/depth_example-0.0.0-py3.10.egg-info' (and everything under it)
[1.110s] Copying ../../build/depth_example/depth_example.egg-info to /home/boma/realsense/install/depth_example/lib/python3.10/site-packages/depth_example-0.0.0-py3.10.egg-info
[1.111s] running install_scripts
[1.125s] Installing detect_node script to /home/boma/realsense/install/depth_example/lib/depth_example
[1.125s] Installing final_RS_node script to /home/boma/realsense/install/depth_example/lib/depth_example
[1.125s] Installing final_node script to /home/boma/realsense/install/depth_example/lib/depth_example
[1.125s] Installing mail_node script to /home/boma/realsense/install/depth_example/lib/depth_example
[1.125s] Installing test_node script to /home/boma/realsense/install/depth_example/lib/depth_example
[1.125s] writing list of installed files to '/home/boma/realsense/build/depth_example/install.log'
[1.148s] Invoked command in '/home/boma/realsense/src/depth_example' returned '0': PYTHONPATH=/home/boma/realsense/build/depth_example/prefix_override:/home/boma/realsense/install/depth_example/lib/python3.10/site-packages:${PYTHONPATH} /usr/bin/python3 setup.py egg_info --egg-base ../../build/depth_example build --build-base /home/boma/realsense/build/depth_example/build install --record /home/boma/realsense/build/depth_example/install.log --single-version-externally-managed
