[0.546s] Invoking command in '/home/noma/FINAL_ws/manipulator/build/robotis_manipulator': CMAKE_PREFIX_PATH=/home/noma/FINAL_ws/manipulator/install/cmake_modules:/home/noma/FINAL_ws/manipulator/install/open_manipulator:/home/noma/FINAL_ws/manipulator/install/open_manipulator_x_controller:/home/noma/FINAL_ws/manipulator/install/open_manipulator_x_libs:/home/noma/FINAL_ws/manipulator/install/robotis_manipulator:/home/noma/FINAL_ws/manipulator/install/open_manipulator_x_description:/home/noma/FINAL_ws/manipulator/install/open_manipulator_msgs:/home/noma/FINAL_ws/manipulator/install/dynamixel_workbench:/home/noma/FINAL_ws/manipulator/install/dynamixel_workbench_toolbox:/home/noma/FINAL_ws/manipulator/install/dynamixel_sdk_examples:/home/noma/FINAL_ws/manipulator/install/dynamixel_sdk_custom_interfaces:/home/noma/FINAL_ws/manipulator/install/dynamixel_sdk:/home/noma/FINAL_ws/manipulator/install/test_package:/home/noma/FINAL_ws/manipulator/install/open_manipulator_x_teleop:/opt/ros/humble /usr/bin/cmake --build /home/noma/FINAL_ws/manipulator/build/robotis_manipulator -- -j8 -l8
[0.685s] [100%] Built target robotis_manipulator
[0.793s] Invoked command in '/home/noma/FINAL_ws/manipulator/build/robotis_manipulator' returned '0': CMAKE_PREFIX_PATH=/home/noma/FINAL_ws/manipulator/install/cmake_modules:/home/noma/FINAL_ws/manipulator/install/open_manipulator:/home/noma/FINAL_ws/manipulator/install/open_manipulator_x_controller:/home/noma/FINAL_ws/manipulator/install/open_manipulator_x_libs:/home/noma/FINAL_ws/manipulator/install/robotis_manipulator:/home/noma/FINAL_ws/manipulator/install/open_manipulator_x_description:/home/noma/FINAL_ws/manipulator/install/open_manipulator_msgs:/home/noma/FINAL_ws/manipulator/install/dynamixel_workbench:/home/noma/FINAL_ws/manipulator/install/dynamixel_workbench_toolbox:/home/noma/FINAL_ws/manipulator/install/dynamixel_sdk_examples:/home/noma/FINAL_ws/manipulator/install/dynamixel_sdk_custom_interfaces:/home/noma/FINAL_ws/manipulator/install/dynamixel_sdk:/home/noma/FINAL_ws/manipulator/install/test_package:/home/noma/FINAL_ws/manipulator/install/open_manipulator_x_teleop:/opt/ros/humble /usr/bin/cmake --build /home/noma/FINAL_ws/manipulator/build/robotis_manipulator -- -j8 -l8
[1.087s] Invoking command in '/home/noma/FINAL_ws/manipulator/build/robotis_manipulator': CMAKE_PREFIX_PATH=/home/noma/FINAL_ws/manipulator/install/cmake_modules:/home/noma/FINAL_ws/manipulator/install/open_manipulator:/home/noma/FINAL_ws/manipulator/install/open_manipulator_x_controller:/home/noma/FINAL_ws/manipulator/install/open_manipulator_x_libs:/home/noma/FINAL_ws/manipulator/install/robotis_manipulator:/home/noma/FINAL_ws/manipulator/install/open_manipulator_x_description:/home/noma/FINAL_ws/manipulator/install/open_manipulator_msgs:/home/noma/FINAL_ws/manipulator/install/dynamixel_workbench:/home/noma/FINAL_ws/manipulator/install/dynamixel_workbench_toolbox:/home/noma/FINAL_ws/manipulator/install/dynamixel_sdk_examples:/home/noma/FINAL_ws/manipulator/install/dynamixel_sdk_custom_interfaces:/home/noma/FINAL_ws/manipulator/install/dynamixel_sdk:/home/noma/FINAL_ws/manipulator/install/test_package:/home/noma/FINAL_ws/manipulator/install/open_manipulator_x_teleop:/opt/ros/humble /usr/bin/cmake --install /home/noma/FINAL_ws/manipulator/build/robotis_manipulator
[1.093s] -- Install configuration: ""
[1.093s] -- Up-to-date: /home/noma/FINAL_ws/manipulator/install/robotis_manipulator/lib/librobotis_manipulator.so
[1.093s] -- Up-to-date: /home/noma/FINAL_ws/manipulator/install/robotis_manipulator/include/
[1.094s] -- Up-to-date: /home/noma/FINAL_ws/manipulator/install/robotis_manipulator/include//robotis_manipulator
[1.094s] -- Up-to-date: /home/noma/FINAL_ws/manipulator/install/robotis_manipulator/include//robotis_manipulator/robotis_manipulator_manager.h
[1.094s] -- Up-to-date: /home/noma/FINAL_ws/manipulator/install/robotis_manipulator/include//robotis_manipulator/robotis_manipulator_trajectory_generator.h
[1.094s] -- Up-to-date: /home/noma/FINAL_ws/manipulator/install/robotis_manipulator/include//robotis_manipulator/robotis_manipulator_math.h
[1.094s] -- Up-to-date: /home/noma/FINAL_ws/manipulator/install/robotis_manipulator/include//robotis_manipulator/robotis_manipulator_common.h
[1.094s] -- Up-to-date: /home/noma/FINAL_ws/manipulator/install/robotis_manipulator/include//robotis_manipulator/robotis_manipulator_log.h
[1.095s] -- Up-to-date: /home/noma/FINAL_ws/manipulator/install/robotis_manipulator/include//robotis_manipulator/robotis_manipulator.h
[1.095s] -- Up-to-date: /home/noma/FINAL_ws/manipulator/install/robotis_manipulator/share/robotis_manipulator/environment/library_path.sh
[1.095s] -- Up-to-date: /home/noma/FINAL_ws/manipulator/install/robotis_manipulator/share/robotis_manipulator/environment/library_path.dsv
[1.095s] -- Up-to-date: /home/noma/FINAL_ws/manipulator/install/robotis_manipulator/share/ament_index/resource_index/package_run_dependencies/robotis_manipulator
[1.095s] -- Up-to-date: /home/noma/FINAL_ws/manipulator/install/robotis_manipulator/share/ament_index/resource_index/parent_prefix_path/robotis_manipulator
[1.095s] -- Up-to-date: /home/noma/FINAL_ws/manipulator/install/robotis_manipulator/share/robotis_manipulator/environment/ament_prefix_path.sh
[1.095s] -- Up-to-date: /home/noma/FINAL_ws/manipulator/install/robotis_manipulator/share/robotis_manipulator/environment/ament_prefix_path.dsv
[1.095s] -- Up-to-date: /home/noma/FINAL_ws/manipulator/install/robotis_manipulator/share/robotis_manipulator/environment/path.sh
[1.095s] -- Up-to-date: /home/noma/FINAL_ws/manipulator/install/robotis_manipulator/share/robotis_manipulator/environment/path.dsv
[1.095s] -- Up-to-date: /home/noma/FINAL_ws/manipulator/install/robotis_manipulator/share/robotis_manipulator/local_setup.bash
[1.095s] -- Up-to-date: /home/noma/FINAL_ws/manipulator/install/robotis_manipulator/share/robotis_manipulator/local_setup.sh
[1.095s] -- Up-to-date: /home/noma/FINAL_ws/manipulator/install/robotis_manipulator/share/robotis_manipulator/local_setup.zsh
[1.096s] -- Up-to-date: /home/noma/FINAL_ws/manipulator/install/robotis_manipulator/share/robotis_manipulator/local_setup.dsv
[1.096s] -- Installing: /home/noma/FINAL_ws/manipulator/install/robotis_manipulator/share/robotis_manipulator/package.dsv
[1.096s] -- Up-to-date: /home/noma/FINAL_ws/manipulator/install/robotis_manipulator/share/ament_index/resource_index/packages/robotis_manipulator
[1.096s] -- Up-to-date: /home/noma/FINAL_ws/manipulator/install/robotis_manipulator/share/robotis_manipulator/cmake/ament_cmake_export_include_directories-extras.cmake
[1.096s] -- Up-to-date: /home/noma/FINAL_ws/manipulator/install/robotis_manipulator/share/robotis_manipulator/cmake/ament_cmake_export_dependencies-extras.cmake
[1.096s] -- Up-to-date: /home/noma/FINAL_ws/manipulator/install/robotis_manipulator/share/robotis_manipulator/cmake/ament_cmake_export_libraries-extras.cmake
[1.096s] -- Up-to-date: /home/noma/FINAL_ws/manipulator/install/robotis_manipulator/share/robotis_manipulator/cmake/robotis_manipulatorConfig.cmake
[1.096s] -- Up-to-date: /home/noma/FINAL_ws/manipulator/install/robotis_manipulator/share/robotis_manipulator/cmake/robotis_manipulatorConfig-version.cmake
[1.097s] -- Up-to-date: /home/noma/FINAL_ws/manipulator/install/robotis_manipulator/share/robotis_manipulator/package.xml
[1.641s] Invoked command in '/home/noma/FINAL_ws/manipulator/build/robotis_manipulator' returned '0': CMAKE_PREFIX_PATH=/home/noma/FINAL_ws/manipulator/install/cmake_modules:/home/noma/FINAL_ws/manipulator/install/open_manipulator:/home/noma/FINAL_ws/manipulator/install/open_manipulator_x_controller:/home/noma/FINAL_ws/manipulator/install/open_manipulator_x_libs:/home/noma/FINAL_ws/manipulator/install/robotis_manipulator:/home/noma/FINAL_ws/manipulator/install/open_manipulator_x_description:/home/noma/FINAL_ws/manipulator/install/open_manipulator_msgs:/home/noma/FINAL_ws/manipulator/install/dynamixel_workbench:/home/noma/FINAL_ws/manipulator/install/dynamixel_workbench_toolbox:/home/noma/FINAL_ws/manipulator/install/dynamixel_sdk_examples:/home/noma/FINAL_ws/manipulator/install/dynamixel_sdk_custom_interfaces:/home/noma/FINAL_ws/manipulator/install/dynamixel_sdk:/home/noma/FINAL_ws/manipulator/install/test_package:/home/noma/FINAL_ws/manipulator/install/open_manipulator_x_teleop:/opt/ros/humble /usr/bin/cmake --install /home/noma/FINAL_ws/manipulator/build/robotis_manipulator
