[0.516s] Invoking command in '/home/noma/FINAL_ws/manipulator/build/cmake_modules': CMAKE_PREFIX_PATH=/opt/ros/humble /usr/bin/cmake /home/noma/FINAL_ws/manipulator/src/open_manipulator_dependencies/cmake_modules -DCMAKE_INSTALL_PREFIX=/home/noma/FINAL_ws/manipulator/install/cmake_modules
[0.533s] -- Found ament_cmake: 1.3.5 (/opt/ros/humble/share/ament_cmake/cmake)
[0.813s] -- Found Python3: /usr/bin/python3.10 (found version "3.10.12") found components: Interpreter 
[1.033s] -- Configuring done
[1.036s] -- Generating done
[1.036s] -- Build files have been written to: /home/noma/FINAL_ws/manipulator/build/cmake_modules
[1.095s] Invoked command in '/home/noma/FINAL_ws/manipulator/build/cmake_modules' returned '0': CMAKE_PREFIX_PATH=/opt/ros/humble /usr/bin/cmake /home/noma/FINAL_ws/manipulator/src/open_manipulator_dependencies/cmake_modules -DCMAKE_INSTALL_PREFIX=/home/noma/FINAL_ws/manipulator/install/cmake_modules
[1.096s] Invoking command in '/home/noma/FINAL_ws/manipulator/build/cmake_modules': CMAKE_PREFIX_PATH=/opt/ros/humble /usr/bin/cmake --build /home/noma/FINAL_ws/manipulator/build/cmake_modules -- -j8 -l8
[1.139s] Invoked command in '/home/noma/FINAL_ws/manipulator/build/cmake_modules' returned '0': CMAKE_PREFIX_PATH=/opt/ros/humble /usr/bin/cmake --build /home/noma/FINAL_ws/manipulator/build/cmake_modules -- -j8 -l8
[1.184s] Invoking command in '/home/noma/FINAL_ws/manipulator/build/cmake_modules': CMAKE_PREFIX_PATH=/opt/ros/humble /usr/bin/cmake --install /home/noma/FINAL_ws/manipulator/build/cmake_modules
[1.197s] -- Install configuration: ""
[1.198s] -- Installing: /home/noma/FINAL_ws/manipulator/install/cmake_modules/share/cmake_modules/cmake/Modules
[1.198s] -- Installing: /home/noma/FINAL_ws/manipulator/install/cmake_modules/share/cmake_modules/cmake/Modules/FindTBB.cmake
[1.198s] -- Installing: /home/noma/FINAL_ws/manipulator/install/cmake_modules/share/cmake_modules/cmake/Modules/FindTinyXML.cmake
[1.199s] -- Installing: /home/noma/FINAL_ws/manipulator/install/cmake_modules/share/cmake_modules/cmake/Modules/FindUUID.cmake
[1.199s] -- Installing: /home/noma/FINAL_ws/manipulator/install/cmake_modules/share/cmake_modules/cmake/Modules/FindXenomai.cmake
[1.200s] -- Installing: /home/noma/FINAL_ws/manipulator/install/cmake_modules/share/cmake_modules/cmake/Modules/FindTinyXML2.cmake
[1.200s] -- Installing: /home/noma/FINAL_ws/manipulator/install/cmake_modules/share/cmake_modules/cmake/Modules/FindGSL.cmake
[1.200s] -- Installing: /home/noma/FINAL_ws/manipulator/install/cmake_modules/share/cmake_modules/cmake/Modules/FindGflags.cmake
[1.201s] -- Installing: /home/noma/FINAL_ws/manipulator/install/cmake_modules/share/cmake_modules/cmake/Modules/FindNUMPY.cmake
[1.201s] -- Installing: /home/noma/FINAL_ws/manipulator/install/cmake_modules/share/cmake_modules/cmake/Modules/FindPoco.cmake
[1.201s] -- Installing: /home/noma/FINAL_ws/manipulator/install/cmake_modules/share/ament_index/resource_index/package_run_dependencies/cmake_modules
[1.202s] -- Installing: /home/noma/FINAL_ws/manipulator/install/cmake_modules/share/ament_index/resource_index/parent_prefix_path/cmake_modules
[1.202s] -- Installing: /home/noma/FINAL_ws/manipulator/install/cmake_modules/share/cmake_modules/environment/ament_prefix_path.sh
[1.203s] -- Installing: /home/noma/FINAL_ws/manipulator/install/cmake_modules/share/cmake_modules/environment/ament_prefix_path.dsv
[1.203s] -- Installing: /home/noma/FINAL_ws/manipulator/install/cmake_modules/share/cmake_modules/environment/path.sh
[1.204s] -- Installing: /home/noma/FINAL_ws/manipulator/install/cmake_modules/share/cmake_modules/environment/path.dsv
[1.204s] -- Installing: /home/noma/FINAL_ws/manipulator/install/cmake_modules/share/cmake_modules/local_setup.bash
[1.205s] -- Installing: /home/noma/FINAL_ws/manipulator/install/cmake_modules/share/cmake_modules/local_setup.sh
[1.205s] -- Installing: /home/noma/FINAL_ws/manipulator/install/cmake_modules/share/cmake_modules/local_setup.zsh
[1.206s] -- Installing: /home/noma/FINAL_ws/manipulator/install/cmake_modules/share/cmake_modules/local_setup.dsv
[1.206s] -- Installing: /home/noma/FINAL_ws/manipulator/install/cmake_modules/share/cmake_modules/package.dsv
[1.207s] -- Installing: /home/noma/FINAL_ws/manipulator/install/cmake_modules/share/ament_index/resource_index/packages/cmake_modules
[1.207s] -- Installing: /home/noma/FINAL_ws/manipulator/install/cmake_modules/share/cmake_modules/cmake/cmake_modules-extras.cmake
[1.207s] -- Installing: /home/noma/FINAL_ws/manipulator/install/cmake_modules/share/cmake_modules/cmake/ament_cmake_export_dependencies-extras.cmake
[1.208s] -- Installing: /home/noma/FINAL_ws/manipulator/install/cmake_modules/share/cmake_modules/cmake/cmake_modulesConfig.cmake
[1.208s] -- Installing: /home/noma/FINAL_ws/manipulator/install/cmake_modules/share/cmake_modules/cmake/cmake_modulesConfig-version.cmake
[1.208s] -- Installing: /home/noma/FINAL_ws/manipulator/install/cmake_modules/share/cmake_modules/package.xml
[1.212s] Invoked command in '/home/noma/FINAL_ws/manipulator/build/cmake_modules' returned '0': CMAKE_PREFIX_PATH=/opt/ros/humble /usr/bin/cmake --install /home/noma/FINAL_ws/manipulator/build/cmake_modules
