[0.441s] Invoking command in '/home/noma/FINAL_ws/manipulator/build/open_manipulator_msgs': CMAKE_PREFIX_PATH=${CMAKE_PREFIX_PATH}:/home/noma/FINAL_ws/manipulator/install/test_package:/home/noma/FINAL_ws/manipulator/install/open_manipulator_x_teleop:/opt/ros/humble /usr/bin/cmake --build /home/noma/FINAL_ws/manipulator/build/open_manipulator_msgs -- -j8 -l8
[0.520s] [  1%] Built target open_manipulator_msgs__cpp
[0.526s] [ 12%] Built target open_manipulator_msgs__rosidl_generator_c
[0.542s] [ 12%] Built target ament_cmake_python_copy_open_manipulator_msgs
[0.582s] [ 24%] Built target open_manipulator_msgs__rosidl_typesupport_cpp
[0.602s] [ 35%] Built target open_manipulator_msgs__rosidl_typesupport_introspection_cpp
[0.603s] [ 47%] Built target open_manipulator_msgs__rosidl_typesupport_fastrtps_cpp
[0.611s] [ 58%] Built target open_manipulator_msgs__rosidl_typesupport_introspection_c
[0.613s] [ 70%] Built target open_manipulator_msgs__rosidl_typesupport_c
[0.614s] [ 82%] Built target open_manipulator_msgs__rosidl_typesupport_fastrtps_c
[0.650s] [ 82%] Built target open_manipulator_msgs
[0.676s] [ 83%] Built target open_manipulator_msgs__py
[0.719s] [ 93%] Built target open_manipulator_msgs__rosidl_generator_py
[0.758s] [ 97%] Built target open_manipulator_msgs__rosidl_typesupport_c__pyext
[0.759s] [ 97%] Built target open_manipulator_msgs__rosidl_typesupport_fastrtps_c__pyext
[0.764s] [100%] Built target open_manipulator_msgs__rosidl_typesupport_introspection_c__pyext
[1.007s] running egg_info
[1.008s] writing open_manipulator_msgs.egg-info/PKG-INFO
[1.008s] writing dependency_links to open_manipulator_msgs.egg-info/dependency_links.txt
[1.008s] writing top-level names to open_manipulator_msgs.egg-info/top_level.txt
[1.011s] reading manifest file 'open_manipulator_msgs.egg-info/SOURCES.txt'
[1.012s] writing manifest file 'open_manipulator_msgs.egg-info/SOURCES.txt'
[1.043s] [100%] Built target ament_cmake_python_build_open_manipulator_msgs_egg
[1.072s] Invoked command in '/home/noma/FINAL_ws/manipulator/build/open_manipulator_msgs' returned '0': CMAKE_PREFIX_PATH=${CMAKE_PREFIX_PATH}:/home/noma/FINAL_ws/manipulator/install/test_package:/home/noma/FINAL_ws/manipulator/install/open_manipulator_x_teleop:/opt/ros/humble /usr/bin/cmake --build /home/noma/FINAL_ws/manipulator/build/open_manipulator_msgs -- -j8 -l8
[1.359s] Invoking command in '/home/noma/FINAL_ws/manipulator/build/open_manipulator_msgs': CMAKE_PREFIX_PATH=${CMAKE_PREFIX_PATH}:/home/noma/FINAL_ws/manipulator/install/test_package:/home/noma/FINAL_ws/manipulator/install/open_manipulator_x_teleop:/opt/ros/humble /usr/bin/cmake --install /home/noma/FINAL_ws/manipulator/build/open_manipulator_msgs
[1.464s] -- Install configuration: ""
[1.464s] -- Up-to-date: /home/noma/FINAL_ws/manipulator/install/open_manipulator_msgs/share/ament_index/resource_index/rosidl_interfaces/open_manipulator_msgs
[1.464s] -- Up-to-date: /home/noma/FINAL_ws/manipulator/install/open_manipulator_msgs/include/open_manipulator_msgs/open_manipulator_msgs
[1.465s] -- Up-to-date: /home/noma/FINAL_ws/manipulator/install/open_manipulator_msgs/include/open_manipulator_msgs/open_manipulator_msgs/srv
[1.465s] -- Up-to-date: /home/noma/FINAL_ws/manipulator/install/open_manipulator_msgs/include/open_manipulator_msgs/open_manipulator_msgs/srv/get_kinematics_pose.h
[1.465s] -- Up-to-date: /home/noma/FINAL_ws/manipulator/install/open_manipulator_msgs/include/open_manipulator_msgs/open_manipulator_msgs/srv/set_kinematics_pose.h
[1.465s] -- Up-to-date: /home/noma/FINAL_ws/manipulator/install/open_manipulator_msgs/include/open_manipulator_msgs/open_manipulator_msgs/srv/set_joint_position.h
[1.465s] -- Up-to-date: /home/noma/FINAL_ws/manipulator/install/open_manipulator_msgs/include/open_manipulator_msgs/open_manipulator_msgs/srv/get_joint_position.h
[1.465s] -- Up-to-date: /home/noma/FINAL_ws/manipulator/install/open_manipulator_msgs/include/open_manipulator_msgs/open_manipulator_msgs/srv/detail
[1.465s] -- Up-to-date: /home/noma/FINAL_ws/manipulator/install/open_manipulator_msgs/include/open_manipulator_msgs/open_manipulator_msgs/srv/detail/get_joint_position__struct.h
[1.466s] -- Up-to-date: /home/noma/FINAL_ws/manipulator/install/open_manipulator_msgs/include/open_manipulator_msgs/open_manipulator_msgs/srv/detail/get_kinematics_pose__functions.h
[1.466s] -- Up-to-date: /home/noma/FINAL_ws/manipulator/install/open_manipulator_msgs/include/open_manipulator_msgs/open_manipulator_msgs/srv/detail/set_joint_position__functions.h
[1.466s] -- Up-to-date: /home/noma/FINAL_ws/manipulator/install/open_manipulator_msgs/include/open_manipulator_msgs/open_manipulator_msgs/srv/detail/set_actuator_state__functions.c
[1.466s] -- Up-to-date: /home/noma/FINAL_ws/manipulator/install/open_manipulator_msgs/include/open_manipulator_msgs/open_manipulator_msgs/srv/detail/get_kinematics_pose__type_support.h
[1.466s] -- Up-to-date: /home/noma/FINAL_ws/manipulator/install/open_manipulator_msgs/include/open_manipulator_msgs/open_manipulator_msgs/srv/detail/set_joint_position__functions.c
[1.466s] -- Up-to-date: /home/noma/FINAL_ws/manipulator/install/open_manipulator_msgs/include/open_manipulator_msgs/open_manipulator_msgs/srv/detail/set_actuator_state__functions.h
[1.466s] -- Up-to-date: /home/noma/FINAL_ws/manipulator/install/open_manipulator_msgs/include/open_manipulator_msgs/open_manipulator_msgs/srv/detail/set_kinematics_pose__type_support.h
[1.467s] -- Up-to-date: /home/noma/FINAL_ws/manipulator/install/open_manipulator_msgs/include/open_manipulator_msgs/open_manipulator_msgs/srv/detail/get_joint_position__functions.h
[1.467s] -- Up-to-date: /home/noma/FINAL_ws/manipulator/install/open_manipulator_msgs/include/open_manipulator_msgs/open_manipulator_msgs/srv/detail/set_kinematics_pose__functions.h
[1.467s] -- Up-to-date: /home/noma/FINAL_ws/manipulator/install/open_manipulator_msgs/include/open_manipulator_msgs/open_manipulator_msgs/srv/detail/get_kinematics_pose__struct.h
[1.467s] -- Up-to-date: /home/noma/FINAL_ws/manipulator/install/open_manipulator_msgs/include/open_manipulator_msgs/open_manipulator_msgs/srv/detail/get_joint_position__type_support.h
[1.467s] -- Up-to-date: /home/noma/FINAL_ws/manipulator/install/open_manipulator_msgs/include/open_manipulator_msgs/open_manipulator_msgs/srv/detail/get_kinematics_pose__functions.c
[1.467s] -- Up-to-date: /home/noma/FINAL_ws/manipulator/install/open_manipulator_msgs/include/open_manipulator_msgs/open_manipulator_msgs/srv/detail/set_drawing_trajectory__functions.c
[1.467s] -- Up-to-date: /home/noma/FINAL_ws/manipulator/install/open_manipulator_msgs/include/open_manipulator_msgs/open_manipulator_msgs/srv/detail/set_joint_position__struct.h
[1.467s] -- Up-to-date: /home/noma/FINAL_ws/manipulator/install/open_manipulator_msgs/include/open_manipulator_msgs/open_manipulator_msgs/srv/detail/set_actuator_state__struct.h
[1.468s] -- Up-to-date: /home/noma/FINAL_ws/manipulator/install/open_manipulator_msgs/include/open_manipulator_msgs/open_manipulator_msgs/srv/detail/set_joint_position__type_support.h
[1.468s] -- Up-to-date: /home/noma/FINAL_ws/manipulator/install/open_manipulator_msgs/include/open_manipulator_msgs/open_manipulator_msgs/srv/detail/set_kinematics_pose__functions.c
[1.468s] -- Up-to-date: /home/noma/FINAL_ws/manipulator/install/open_manipulator_msgs/include/open_manipulator_msgs/open_manipulator_msgs/srv/detail/get_joint_position__functions.c
[1.468s] -- Up-to-date: /home/noma/FINAL_ws/manipulator/install/open_manipulator_msgs/include/open_manipulator_msgs/open_manipulator_msgs/srv/detail/set_drawing_trajectory__type_support.h
[1.468s] -- Up-to-date: /home/noma/FINAL_ws/manipulator/install/open_manipulator_msgs/include/open_manipulator_msgs/open_manipulator_msgs/srv/detail/set_drawing_trajectory__struct.h
[1.468s] -- Up-to-date: /home/noma/FINAL_ws/manipulator/install/open_manipulator_msgs/include/open_manipulator_msgs/open_manipulator_msgs/srv/detail/set_kinematics_pose__struct.h
[1.468s] -- Up-to-date: /home/noma/FINAL_ws/manipulator/install/open_manipulator_msgs/include/open_manipulator_msgs/open_manipulator_msgs/srv/detail/set_drawing_trajectory__functions.h
[1.468s] -- Up-to-date: /home/noma/FINAL_ws/manipulator/install/open_manipulator_msgs/include/open_manipulator_msgs/open_manipulator_msgs/srv/detail/set_actuator_state__type_support.h
[1.468s] -- Up-to-date: /home/noma/FINAL_ws/manipulator/install/open_manipulator_msgs/include/open_manipulator_msgs/open_manipulator_msgs/srv/set_actuator_state.h
[1.468s] -- Up-to-date: /home/noma/FINAL_ws/manipulator/install/open_manipulator_msgs/include/open_manipulator_msgs/open_manipulator_msgs/srv/set_drawing_trajectory.h
[1.468s] -- Up-to-date: /home/noma/FINAL_ws/manipulator/install/open_manipulator_msgs/include/open_manipulator_msgs/open_manipulator_msgs/msg
[1.468s] -- Up-to-date: /home/noma/FINAL_ws/manipulator/install/open_manipulator_msgs/include/open_manipulator_msgs/open_manipulator_msgs/msg/kinematics_pose.h
[1.469s] -- Up-to-date: /home/noma/FINAL_ws/manipulator/install/open_manipulator_msgs/include/open_manipulator_msgs/open_manipulator_msgs/msg/rosidl_generator_c__visibility_control.h
[1.469s] -- Up-to-date: /home/noma/FINAL_ws/manipulator/install/open_manipulator_msgs/include/open_manipulator_msgs/open_manipulator_msgs/msg/open_manipulator_state.h
[1.469s] -- Up-to-date: /home/noma/FINAL_ws/manipulator/install/open_manipulator_msgs/include/open_manipulator_msgs/open_manipulator_msgs/msg/detail
[1.469s] -- Up-to-date: /home/noma/FINAL_ws/manipulator/install/open_manipulator_msgs/include/open_manipulator_msgs/open_manipulator_msgs/msg/detail/open_manipulator_state__type_support.h
[1.469s] -- Up-to-date: /home/noma/FINAL_ws/manipulator/install/open_manipulator_msgs/include/open_manipulator_msgs/open_manipulator_msgs/msg/detail/kinematics_pose__struct.h
[1.469s] -- Up-to-date: /home/noma/FINAL_ws/manipulator/install/open_manipulator_msgs/include/open_manipulator_msgs/open_manipulator_msgs/msg/detail/joint_position__functions.c
[1.469s] -- Up-to-date: /home/noma/FINAL_ws/manipulator/install/open_manipulator_msgs/include/open_manipulator_msgs/open_manipulator_msgs/msg/detail/open_manipulator_state__functions.c
[1.469s] -- Up-to-date: /home/noma/FINAL_ws/manipulator/install/open_manipulator_msgs/include/open_manipulator_msgs/open_manipulator_msgs/msg/detail/kinematics_pose__functions.c
[1.470s] -- Up-to-date: /home/noma/FINAL_ws/manipulator/install/open_manipulator_msgs/include/open_manipulator_msgs/open_manipulator_msgs/msg/detail/kinematics_pose__type_support.h
[1.470s] -- Up-to-date: /home/noma/FINAL_ws/manipulator/install/open_manipulator_msgs/include/open_manipulator_msgs/open_manipulator_msgs/msg/detail/joint_position__struct.h
[1.470s] -- Up-to-date: /home/noma/FINAL_ws/manipulator/install/open_manipulator_msgs/include/open_manipulator_msgs/open_manipulator_msgs/msg/detail/open_manipulator_state__struct.h
[1.470s] -- Up-to-date: /home/noma/FINAL_ws/manipulator/install/open_manipulator_msgs/include/open_manipulator_msgs/open_manipulator_msgs/msg/detail/joint_position__type_support.h
[1.470s] -- Up-to-date: /home/noma/FINAL_ws/manipulator/install/open_manipulator_msgs/include/open_manipulator_msgs/open_manipulator_msgs/msg/detail/open_manipulator_state__functions.h
[1.470s] -- Up-to-date: /home/noma/FINAL_ws/manipulator/install/open_manipulator_msgs/include/open_manipulator_msgs/open_manipulator_msgs/msg/detail/kinematics_pose__functions.h
[1.470s] -- Up-to-date: /home/noma/FINAL_ws/manipulator/install/open_manipulator_msgs/include/open_manipulator_msgs/open_manipulator_msgs/msg/detail/joint_position__functions.h
[1.470s] -- Up-to-date: /home/noma/FINAL_ws/manipulator/install/open_manipulator_msgs/include/open_manipulator_msgs/open_manipulator_msgs/msg/joint_position.h
[1.470s] -- Up-to-date: /home/noma/FINAL_ws/manipulator/install/open_manipulator_msgs/share/open_manipulator_msgs/environment/library_path.sh
[1.471s] -- Up-to-date: /home/noma/FINAL_ws/manipulator/install/open_manipulator_msgs/share/open_manipulator_msgs/environment/library_path.dsv
[1.471s] -- Up-to-date: /home/noma/FINAL_ws/manipulator/install/open_manipulator_msgs/lib/libopen_manipulator_msgs__rosidl_generator_c.so
[1.471s] -- Up-to-date: /home/noma/FINAL_ws/manipulator/install/open_manipulator_msgs/include/open_manipulator_msgs/open_manipulator_msgs
[1.471s] -- Up-to-date: /home/noma/FINAL_ws/manipulator/install/open_manipulator_msgs/include/open_manipulator_msgs/open_manipulator_msgs/srv
[1.471s] -- Up-to-date: /home/noma/FINAL_ws/manipulator/install/open_manipulator_msgs/include/open_manipulator_msgs/open_manipulator_msgs/srv/detail
[1.471s] -- Up-to-date: /home/noma/FINAL_ws/manipulator/install/open_manipulator_msgs/include/open_manipulator_msgs/open_manipulator_msgs/srv/detail/set_joint_position__rosidl_typesupport_fastrtps_c.h
[1.471s] -- Up-to-date: /home/noma/FINAL_ws/manipulator/install/open_manipulator_msgs/include/open_manipulator_msgs/open_manipulator_msgs/srv/detail/set_kinematics_pose__rosidl_typesupport_fastrtps_c.h
[1.471s] -- Up-to-date: /home/noma/FINAL_ws/manipulator/install/open_manipulator_msgs/include/open_manipulator_msgs/open_manipulator_msgs/srv/detail/set_drawing_trajectory__rosidl_typesupport_fastrtps_c.h
[1.471s] -- Up-to-date: /home/noma/FINAL_ws/manipulator/install/open_manipulator_msgs/include/open_manipulator_msgs/open_manipulator_msgs/srv/detail/get_kinematics_pose__rosidl_typesupport_fastrtps_c.h
[1.471s] -- Up-to-date: /home/noma/FINAL_ws/manipulator/install/open_manipulator_msgs/include/open_manipulator_msgs/open_manipulator_msgs/srv/detail/set_actuator_state__rosidl_typesupport_fastrtps_c.h
[1.471s] -- Up-to-date: /home/noma/FINAL_ws/manipulator/install/open_manipulator_msgs/include/open_manipulator_msgs/open_manipulator_msgs/srv/detail/get_joint_position__rosidl_typesupport_fastrtps_c.h
[1.471s] -- Up-to-date: /home/noma/FINAL_ws/manipulator/install/open_manipulator_msgs/include/open_manipulator_msgs/open_manipulator_msgs/msg
[1.472s] -- Up-to-date: /home/noma/FINAL_ws/manipulator/install/open_manipulator_msgs/include/open_manipulator_msgs/open_manipulator_msgs/msg/detail
[1.472s] -- Up-to-date: /home/noma/FINAL_ws/manipulator/install/open_manipulator_msgs/include/open_manipulator_msgs/open_manipulator_msgs/msg/detail/kinematics_pose__rosidl_typesupport_fastrtps_c.h
[1.472s] -- Up-to-date: /home/noma/FINAL_ws/manipulator/install/open_manipulator_msgs/include/open_manipulator_msgs/open_manipulator_msgs/msg/detail/joint_position__rosidl_typesupport_fastrtps_c.h
[1.472s] -- Up-to-date: /home/noma/FINAL_ws/manipulator/install/open_manipulator_msgs/include/open_manipulator_msgs/open_manipulator_msgs/msg/detail/open_manipulator_state__rosidl_typesupport_fastrtps_c.h
[1.472s] -- Up-to-date: /home/noma/FINAL_ws/manipulator/install/open_manipulator_msgs/include/open_manipulator_msgs/open_manipulator_msgs/msg/rosidl_typesupport_fastrtps_c__visibility_control.h
[1.472s] -- Up-to-date: /home/noma/FINAL_ws/manipulator/install/open_manipulator_msgs/lib/libopen_manipulator_msgs__rosidl_typesupport_fastrtps_c.so
[1.472s] -- Up-to-date: /home/noma/FINAL_ws/manipulator/install/open_manipulator_msgs/include/open_manipulator_msgs/open_manipulator_msgs
[1.472s] -- Up-to-date: /home/noma/FINAL_ws/manipulator/install/open_manipulator_msgs/include/open_manipulator_msgs/open_manipulator_msgs/srv
[1.472s] -- Up-to-date: /home/noma/FINAL_ws/manipulator/install/open_manipulator_msgs/include/open_manipulator_msgs/open_manipulator_msgs/srv/set_joint_position.hpp
[1.472s] -- Up-to-date: /home/noma/FINAL_ws/manipulator/install/open_manipulator_msgs/include/open_manipulator_msgs/open_manipulator_msgs/srv/set_drawing_trajectory.hpp
[1.473s] -- Up-to-date: /home/noma/FINAL_ws/manipulator/install/open_manipulator_msgs/include/open_manipulator_msgs/open_manipulator_msgs/srv/set_kinematics_pose.hpp
[1.473s] -- Up-to-date: /home/noma/FINAL_ws/manipulator/install/open_manipulator_msgs/include/open_manipulator_msgs/open_manipulator_msgs/srv/get_joint_position.hpp
[1.473s] -- Up-to-date: /home/noma/FINAL_ws/manipulator/install/open_manipulator_msgs/include/open_manipulator_msgs/open_manipulator_msgs/srv/detail
[1.473s] -- Up-to-date: /home/noma/FINAL_ws/manipulator/install/open_manipulator_msgs/include/open_manipulator_msgs/open_manipulator_msgs/srv/detail/set_kinematics_pose__builder.hpp
[1.473s] -- Up-to-date: /home/noma/FINAL_ws/manipulator/install/open_manipulator_msgs/include/open_manipulator_msgs/open_manipulator_msgs/srv/detail/set_drawing_trajectory__struct.hpp
[1.473s] -- Up-to-date: /home/noma/FINAL_ws/manipulator/install/open_manipulator_msgs/include/open_manipulator_msgs/open_manipulator_msgs/srv/detail/set_kinematics_pose__struct.hpp
[1.473s] -- Up-to-date: /home/noma/FINAL_ws/manipulator/install/open_manipulator_msgs/include/open_manipulator_msgs/open_manipulator_msgs/srv/detail/set_joint_position__traits.hpp
[1.473s] -- Up-to-date: /home/noma/FINAL_ws/manipulator/install/open_manipulator_msgs/include/open_manipulator_msgs/open_manipulator_msgs/srv/detail/get_joint_position__traits.hpp
[1.473s] -- Up-to-date: /home/noma/FINAL_ws/manipulator/install/open_manipulator_msgs/include/open_manipulator_msgs/open_manipulator_msgs/srv/detail/set_actuator_state__builder.hpp
[1.473s] -- Up-to-date: /home/noma/FINAL_ws/manipulator/install/open_manipulator_msgs/include/open_manipulator_msgs/open_manipulator_msgs/srv/detail/set_actuator_state__traits.hpp
[1.473s] -- Up-to-date: /home/noma/FINAL_ws/manipulator/install/open_manipulator_msgs/include/open_manipulator_msgs/open_manipulator_msgs/srv/detail/get_kinematics_pose__traits.hpp
[1.473s] -- Up-to-date: /home/noma/FINAL_ws/manipulator/install/open_manipulator_msgs/include/open_manipulator_msgs/open_manipulator_msgs/srv/detail/set_actuator_state__struct.hpp
[1.474s] -- Up-to-date: /home/noma/FINAL_ws/manipulator/install/open_manipulator_msgs/include/open_manipulator_msgs/open_manipulator_msgs/srv/detail/set_drawing_trajectory__traits.hpp
[1.474s] -- Up-to-date: /home/noma/FINAL_ws/manipulator/install/open_manipulator_msgs/include/open_manipulator_msgs/open_manipulator_msgs/srv/detail/set_drawing_trajectory__builder.hpp
[1.474s] -- Up-to-date: /home/noma/FINAL_ws/manipulator/install/open_manipulator_msgs/include/open_manipulator_msgs/open_manipulator_msgs/srv/detail/get_kinematics_pose__struct.hpp
[1.474s] -- Up-to-date: /home/noma/FINAL_ws/manipulator/install/open_manipulator_msgs/include/open_manipulator_msgs/open_manipulator_msgs/srv/detail/set_kinematics_pose__traits.hpp
[1.474s] -- Up-to-date: /home/noma/FINAL_ws/manipulator/install/open_manipulator_msgs/include/open_manipulator_msgs/open_manipulator_msgs/srv/detail/set_joint_position__struct.hpp
[1.474s] -- Up-to-date: /home/noma/FINAL_ws/manipulator/install/open_manipulator_msgs/include/open_manipulator_msgs/open_manipulator_msgs/srv/detail/get_joint_position__builder.hpp
[1.474s] -- Up-to-date: /home/noma/FINAL_ws/manipulator/install/open_manipulator_msgs/include/open_manipulator_msgs/open_manipulator_msgs/srv/detail/get_kinematics_pose__builder.hpp
[1.474s] -- Up-to-date: /home/noma/FINAL_ws/manipulator/install/open_manipulator_msgs/include/open_manipulator_msgs/open_manipulator_msgs/srv/detail/get_joint_position__struct.hpp
[1.474s] -- Up-to-date: /home/noma/FINAL_ws/manipulator/install/open_manipulator_msgs/include/open_manipulator_msgs/open_manipulator_msgs/srv/detail/set_joint_position__builder.hpp
[1.474s] -- Up-to-date: /home/noma/FINAL_ws/manipulator/install/open_manipulator_msgs/include/open_manipulator_msgs/open_manipulator_msgs/srv/get_kinematics_pose.hpp
[1.475s] -- Up-to-date: /home/noma/FINAL_ws/manipulator/install/open_manipulator_msgs/include/open_manipulator_msgs/open_manipulator_msgs/srv/set_actuator_state.hpp
[1.475s] -- Up-to-date: /home/noma/FINAL_ws/manipulator/install/open_manipulator_msgs/include/open_manipulator_msgs/open_manipulator_msgs/msg
[1.475s] -- Up-to-date: /home/noma/FINAL_ws/manipulator/install/open_manipulator_msgs/include/open_manipulator_msgs/open_manipulator_msgs/msg/open_manipulator_state.hpp
[1.475s] -- Up-to-date: /home/noma/FINAL_ws/manipulator/install/open_manipulator_msgs/include/open_manipulator_msgs/open_manipulator_msgs/msg/joint_position.hpp
[1.475s] -- Up-to-date: /home/noma/FINAL_ws/manipulator/install/open_manipulator_msgs/include/open_manipulator_msgs/open_manipulator_msgs/msg/kinematics_pose.hpp
[1.475s] -- Up-to-date: /home/noma/FINAL_ws/manipulator/install/open_manipulator_msgs/include/open_manipulator_msgs/open_manipulator_msgs/msg/detail
[1.475s] -- Up-to-date: /home/noma/FINAL_ws/manipulator/install/open_manipulator_msgs/include/open_manipulator_msgs/open_manipulator_msgs/msg/detail/kinematics_pose__builder.hpp
[1.475s] -- Up-to-date: /home/noma/FINAL_ws/manipulator/install/open_manipulator_msgs/include/open_manipulator_msgs/open_manipulator_msgs/msg/detail/joint_position__traits.hpp
[1.475s] -- Up-to-date: /home/noma/FINAL_ws/manipulator/install/open_manipulator_msgs/include/open_manipulator_msgs/open_manipulator_msgs/msg/detail/kinematics_pose__traits.hpp
[1.475s] -- Up-to-date: /home/noma/FINAL_ws/manipulator/install/open_manipulator_msgs/include/open_manipulator_msgs/open_manipulator_msgs/msg/detail/open_manipulator_state__struct.hpp
[1.475s] -- Up-to-date: /home/noma/FINAL_ws/manipulator/install/open_manipulator_msgs/include/open_manipulator_msgs/open_manipulator_msgs/msg/detail/joint_position__struct.hpp
[1.476s] -- Up-to-date: /home/noma/FINAL_ws/manipulator/install/open_manipulator_msgs/include/open_manipulator_msgs/open_manipulator_msgs/msg/detail/open_manipulator_state__traits.hpp
[1.476s] -- Up-to-date: /home/noma/FINAL_ws/manipulator/install/open_manipulator_msgs/include/open_manipulator_msgs/open_manipulator_msgs/msg/detail/joint_position__builder.hpp
[1.476s] -- Up-to-date: /home/noma/FINAL_ws/manipulator/install/open_manipulator_msgs/include/open_manipulator_msgs/open_manipulator_msgs/msg/detail/kinematics_pose__struct.hpp
[1.476s] -- Up-to-date: /home/noma/FINAL_ws/manipulator/install/open_manipulator_msgs/include/open_manipulator_msgs/open_manipulator_msgs/msg/detail/open_manipulator_state__builder.hpp
[1.476s] -- Up-to-date: /home/noma/FINAL_ws/manipulator/install/open_manipulator_msgs/include/open_manipulator_msgs/open_manipulator_msgs
[1.476s] -- Up-to-date: /home/noma/FINAL_ws/manipulator/install/open_manipulator_msgs/include/open_manipulator_msgs/open_manipulator_msgs/srv
[1.476s] -- Up-to-date: /home/noma/FINAL_ws/manipulator/install/open_manipulator_msgs/include/open_manipulator_msgs/open_manipulator_msgs/srv/detail
[1.476s] -- Up-to-date: /home/noma/FINAL_ws/manipulator/install/open_manipulator_msgs/include/open_manipulator_msgs/open_manipulator_msgs/srv/detail/set_kinematics_pose__rosidl_typesupport_fastrtps_cpp.hpp
[1.476s] -- Up-to-date: /home/noma/FINAL_ws/manipulator/install/open_manipulator_msgs/include/open_manipulator_msgs/open_manipulator_msgs/srv/detail/set_actuator_state__rosidl_typesupport_fastrtps_cpp.hpp
[1.476s] -- Up-to-date: /home/noma/FINAL_ws/manipulator/install/open_manipulator_msgs/include/open_manipulator_msgs/open_manipulator_msgs/srv/detail/dds_fastrtps
[1.476s] -- Up-to-date: /home/noma/FINAL_ws/manipulator/install/open_manipulator_msgs/include/open_manipulator_msgs/open_manipulator_msgs/srv/detail/set_drawing_trajectory__rosidl_typesupport_fastrtps_cpp.hpp
[1.476s] -- Up-to-date: /home/noma/FINAL_ws/manipulator/install/open_manipulator_msgs/include/open_manipulator_msgs/open_manipulator_msgs/srv/detail/set_joint_position__rosidl_typesupport_fastrtps_cpp.hpp
[1.477s] -- Up-to-date: /home/noma/FINAL_ws/manipulator/install/open_manipulator_msgs/include/open_manipulator_msgs/open_manipulator_msgs/srv/detail/get_kinematics_pose__rosidl_typesupport_fastrtps_cpp.hpp
[1.477s] -- Up-to-date: /home/noma/FINAL_ws/manipulator/install/open_manipulator_msgs/include/open_manipulator_msgs/open_manipulator_msgs/srv/detail/get_joint_position__rosidl_typesupport_fastrtps_cpp.hpp
[1.477s] -- Up-to-date: /home/noma/FINAL_ws/manipulator/install/open_manipulator_msgs/include/open_manipulator_msgs/open_manipulator_msgs/msg
[1.477s] -- Up-to-date: /home/noma/FINAL_ws/manipulator/install/open_manipulator_msgs/include/open_manipulator_msgs/open_manipulator_msgs/msg/detail
[1.477s] -- Up-to-date: /home/noma/FINAL_ws/manipulator/install/open_manipulator_msgs/include/open_manipulator_msgs/open_manipulator_msgs/msg/detail/kinematics_pose__rosidl_typesupport_fastrtps_cpp.hpp
[1.477s] -- Up-to-date: /home/noma/FINAL_ws/manipulator/install/open_manipulator_msgs/include/open_manipulator_msgs/open_manipulator_msgs/msg/detail/open_manipulator_state__rosidl_typesupport_fastrtps_cpp.hpp
[1.477s] -- Up-to-date: /home/noma/FINAL_ws/manipulator/install/open_manipulator_msgs/include/open_manipulator_msgs/open_manipulator_msgs/msg/detail/dds_fastrtps
[1.477s] -- Up-to-date: /home/noma/FINAL_ws/manipulator/install/open_manipulator_msgs/include/open_manipulator_msgs/open_manipulator_msgs/msg/detail/joint_position__rosidl_typesupport_fastrtps_cpp.hpp
[1.477s] -- Up-to-date: /home/noma/FINAL_ws/manipulator/install/open_manipulator_msgs/include/open_manipulator_msgs/open_manipulator_msgs/msg/rosidl_typesupport_fastrtps_cpp__visibility_control.h
[1.477s] -- Up-to-date: /home/noma/FINAL_ws/manipulator/install/open_manipulator_msgs/lib/libopen_manipulator_msgs__rosidl_typesupport_fastrtps_cpp.so
[1.478s] -- Up-to-date: /home/noma/FINAL_ws/manipulator/install/open_manipulator_msgs/include/open_manipulator_msgs/open_manipulator_msgs
[1.478s] -- Up-to-date: /home/noma/FINAL_ws/manipulator/install/open_manipulator_msgs/include/open_manipulator_msgs/open_manipulator_msgs/srv
[1.478s] -- Up-to-date: /home/noma/FINAL_ws/manipulator/install/open_manipulator_msgs/include/open_manipulator_msgs/open_manipulator_msgs/srv/detail
[1.478s] -- Up-to-date: /home/noma/FINAL_ws/manipulator/install/open_manipulator_msgs/include/open_manipulator_msgs/open_manipulator_msgs/srv/detail/get_joint_position__rosidl_typesupport_introspection_c.h
[1.478s] -- Up-to-date: /home/noma/FINAL_ws/manipulator/install/open_manipulator_msgs/include/open_manipulator_msgs/open_manipulator_msgs/srv/detail/set_joint_position__type_support.c
[1.478s] -- Up-to-date: /home/noma/FINAL_ws/manipulator/install/open_manipulator_msgs/include/open_manipulator_msgs/open_manipulator_msgs/srv/detail/set_actuator_state__rosidl_typesupport_introspection_c.h
[1.478s] -- Up-to-date: /home/noma/FINAL_ws/manipulator/install/open_manipulator_msgs/include/open_manipulator_msgs/open_manipulator_msgs/srv/detail/get_kinematics_pose__type_support.c
[1.478s] -- Up-to-date: /home/noma/FINAL_ws/manipulator/install/open_manipulator_msgs/include/open_manipulator_msgs/open_manipulator_msgs/srv/detail/get_joint_position__type_support.c
[1.478s] -- Up-to-date: /home/noma/FINAL_ws/manipulator/install/open_manipulator_msgs/include/open_manipulator_msgs/open_manipulator_msgs/srv/detail/set_kinematics_pose__rosidl_typesupport_introspection_c.h
[1.478s] -- Up-to-date: /home/noma/FINAL_ws/manipulator/install/open_manipulator_msgs/include/open_manipulator_msgs/open_manipulator_msgs/srv/detail/set_drawing_trajectory__type_support.c
[1.478s] -- Up-to-date: /home/noma/FINAL_ws/manipulator/install/open_manipulator_msgs/include/open_manipulator_msgs/open_manipulator_msgs/srv/detail/set_kinematics_pose__type_support.c
[1.479s] -- Up-to-date: /home/noma/FINAL_ws/manipulator/install/open_manipulator_msgs/include/open_manipulator_msgs/open_manipulator_msgs/srv/detail/get_kinematics_pose__rosidl_typesupport_introspection_c.h
[1.479s] -- Up-to-date: /home/noma/FINAL_ws/manipulator/install/open_manipulator_msgs/include/open_manipulator_msgs/open_manipulator_msgs/srv/detail/set_actuator_state__type_support.c
[1.479s] -- Up-to-date: /home/noma/FINAL_ws/manipulator/install/open_manipulator_msgs/include/open_manipulator_msgs/open_manipulator_msgs/srv/detail/set_joint_position__rosidl_typesupport_introspection_c.h
[1.479s] -- Up-to-date: /home/noma/FINAL_ws/manipulator/install/open_manipulator_msgs/include/open_manipulator_msgs/open_manipulator_msgs/srv/detail/set_drawing_trajectory__rosidl_typesupport_introspection_c.h
[1.479s] -- Up-to-date: /home/noma/FINAL_ws/manipulator/install/open_manipulator_msgs/include/open_manipulator_msgs/open_manipulator_msgs/msg
[1.479s] -- Up-to-date: /home/noma/FINAL_ws/manipulator/install/open_manipulator_msgs/include/open_manipulator_msgs/open_manipulator_msgs/msg/rosidl_typesupport_introspection_c__visibility_control.h
[1.479s] -- Up-to-date: /home/noma/FINAL_ws/manipulator/install/open_manipulator_msgs/include/open_manipulator_msgs/open_manipulator_msgs/msg/detail
[1.479s] -- Up-to-date: /home/noma/FINAL_ws/manipulator/install/open_manipulator_msgs/include/open_manipulator_msgs/open_manipulator_msgs/msg/detail/open_manipulator_state__rosidl_typesupport_introspection_c.h
[1.479s] -- Up-to-date: /home/noma/FINAL_ws/manipulator/install/open_manipulator_msgs/include/open_manipulator_msgs/open_manipulator_msgs/msg/detail/joint_position__rosidl_typesupport_introspection_c.h
[1.479s] -- Up-to-date: /home/noma/FINAL_ws/manipulator/install/open_manipulator_msgs/include/open_manipulator_msgs/open_manipulator_msgs/msg/detail/open_manipulator_state__type_support.c
[1.479s] -- Up-to-date: /home/noma/FINAL_ws/manipulator/install/open_manipulator_msgs/include/open_manipulator_msgs/open_manipulator_msgs/msg/detail/kinematics_pose__type_support.c
[1.480s] -- Up-to-date: /home/noma/FINAL_ws/manipulator/install/open_manipulator_msgs/include/open_manipulator_msgs/open_manipulator_msgs/msg/detail/kinematics_pose__rosidl_typesupport_introspection_c.h
[1.480s] -- Up-to-date: /home/noma/FINAL_ws/manipulator/install/open_manipulator_msgs/include/open_manipulator_msgs/open_manipulator_msgs/msg/detail/joint_position__type_support.c
[1.480s] -- Up-to-date: /home/noma/FINAL_ws/manipulator/install/open_manipulator_msgs/lib/libopen_manipulator_msgs__rosidl_typesupport_introspection_c.so
[1.480s] -- Up-to-date: /home/noma/FINAL_ws/manipulator/install/open_manipulator_msgs/lib/libopen_manipulator_msgs__rosidl_typesupport_c.so
[1.480s] -- Up-to-date: /home/noma/FINAL_ws/manipulator/install/open_manipulator_msgs/include/open_manipulator_msgs/open_manipulator_msgs
[1.480s] -- Up-to-date: /home/noma/FINAL_ws/manipulator/install/open_manipulator_msgs/include/open_manipulator_msgs/open_manipulator_msgs/srv
[1.480s] -- Up-to-date: /home/noma/FINAL_ws/manipulator/install/open_manipulator_msgs/include/open_manipulator_msgs/open_manipulator_msgs/srv/detail
[1.480s] -- Up-to-date: /home/noma/FINAL_ws/manipulator/install/open_manipulator_msgs/include/open_manipulator_msgs/open_manipulator_msgs/srv/detail/get_joint_position__type_support.cpp
[1.480s] -- Up-to-date: /home/noma/FINAL_ws/manipulator/install/open_manipulator_msgs/include/open_manipulator_msgs/open_manipulator_msgs/srv/detail/get_joint_position__rosidl_typesupport_introspection_cpp.hpp
[1.480s] -- Up-to-date: /home/noma/FINAL_ws/manipulator/install/open_manipulator_msgs/include/open_manipulator_msgs/open_manipulator_msgs/srv/detail/set_kinematics_pose__rosidl_typesupport_introspection_cpp.hpp
[1.480s] -- Up-to-date: /home/noma/FINAL_ws/manipulator/install/open_manipulator_msgs/include/open_manipulator_msgs/open_manipulator_msgs/srv/detail/set_actuator_state__rosidl_typesupport_introspection_cpp.hpp
[1.480s] -- Up-to-date: /home/noma/FINAL_ws/manipulator/install/open_manipulator_msgs/include/open_manipulator_msgs/open_manipulator_msgs/srv/detail/set_joint_position__type_support.cpp
[1.481s] -- Up-to-date: /home/noma/FINAL_ws/manipulator/install/open_manipulator_msgs/include/open_manipulator_msgs/open_manipulator_msgs/srv/detail/set_kinematics_pose__type_support.cpp
[1.481s] -- Up-to-date: /home/noma/FINAL_ws/manipulator/install/open_manipulator_msgs/include/open_manipulator_msgs/open_manipulator_msgs/srv/detail/get_kinematics_pose__type_support.cpp
[1.481s] -- Up-to-date: /home/noma/FINAL_ws/manipulator/install/open_manipulator_msgs/include/open_manipulator_msgs/open_manipulator_msgs/srv/detail/set_actuator_state__type_support.cpp
[1.481s] -- Up-to-date: /home/noma/FINAL_ws/manipulator/install/open_manipulator_msgs/include/open_manipulator_msgs/open_manipulator_msgs/srv/detail/set_joint_position__rosidl_typesupport_introspection_cpp.hpp
[1.481s] -- Up-to-date: /home/noma/FINAL_ws/manipulator/install/open_manipulator_msgs/include/open_manipulator_msgs/open_manipulator_msgs/srv/detail/set_drawing_trajectory__type_support.cpp
[1.481s] -- Up-to-date: /home/noma/FINAL_ws/manipulator/install/open_manipulator_msgs/include/open_manipulator_msgs/open_manipulator_msgs/srv/detail/set_drawing_trajectory__rosidl_typesupport_introspection_cpp.hpp
[1.481s] -- Up-to-date: /home/noma/FINAL_ws/manipulator/install/open_manipulator_msgs/include/open_manipulator_msgs/open_manipulator_msgs/srv/detail/get_kinematics_pose__rosidl_typesupport_introspection_cpp.hpp
[1.481s] -- Up-to-date: /home/noma/FINAL_ws/manipulator/install/open_manipulator_msgs/include/open_manipulator_msgs/open_manipulator_msgs/msg
[1.481s] -- Up-to-date: /home/noma/FINAL_ws/manipulator/install/open_manipulator_msgs/include/open_manipulator_msgs/open_manipulator_msgs/msg/detail
[1.481s] -- Up-to-date: /home/noma/FINAL_ws/manipulator/install/open_manipulator_msgs/include/open_manipulator_msgs/open_manipulator_msgs/msg/detail/open_manipulator_state__type_support.cpp
[1.482s] -- Up-to-date: /home/noma/FINAL_ws/manipulator/install/open_manipulator_msgs/include/open_manipulator_msgs/open_manipulator_msgs/msg/detail/joint_position__rosidl_typesupport_introspection_cpp.hpp
[1.482s] -- Up-to-date: /home/noma/FINAL_ws/manipulator/install/open_manipulator_msgs/include/open_manipulator_msgs/open_manipulator_msgs/msg/detail/kinematics_pose__rosidl_typesupport_introspection_cpp.hpp
[1.482s] -- Up-to-date: /home/noma/FINAL_ws/manipulator/install/open_manipulator_msgs/include/open_manipulator_msgs/open_manipulator_msgs/msg/detail/kinematics_pose__type_support.cpp
[1.482s] -- Up-to-date: /home/noma/FINAL_ws/manipulator/install/open_manipulator_msgs/include/open_manipulator_msgs/open_manipulator_msgs/msg/detail/joint_position__type_support.cpp
[1.482s] -- Up-to-date: /home/noma/FINAL_ws/manipulator/install/open_manipulator_msgs/include/open_manipulator_msgs/open_manipulator_msgs/msg/detail/open_manipulator_state__rosidl_typesupport_introspection_cpp.hpp
[1.482s] -- Up-to-date: /home/noma/FINAL_ws/manipulator/install/open_manipulator_msgs/lib/libopen_manipulator_msgs__rosidl_typesupport_introspection_cpp.so
[1.482s] -- Up-to-date: /home/noma/FINAL_ws/manipulator/install/open_manipulator_msgs/lib/libopen_manipulator_msgs__rosidl_typesupport_cpp.so
[1.482s] -- Up-to-date: /home/noma/FINAL_ws/manipulator/install/open_manipulator_msgs/share/open_manipulator_msgs/environment/pythonpath.sh
[1.482s] -- Up-to-date: /home/noma/FINAL_ws/manipulator/install/open_manipulator_msgs/share/open_manipulator_msgs/environment/pythonpath.dsv
[1.482s] -- Up-to-date: /home/noma/FINAL_ws/manipulator/install/open_manipulator_msgs/local/lib/python3.10/dist-packages/open_manipulator_msgs-2.2.0-py3.10.egg-info
[1.482s] -- Installing: /home/noma/FINAL_ws/manipulator/install/open_manipulator_msgs/local/lib/python3.10/dist-packages/open_manipulator_msgs-2.2.0-py3.10.egg-info/PKG-INFO
[1.482s] -- Installing: /home/noma/FINAL_ws/manipulator/install/open_manipulator_msgs/local/lib/python3.10/dist-packages/open_manipulator_msgs-2.2.0-py3.10.egg-info/SOURCES.txt
[1.482s] -- Installing: /home/noma/FINAL_ws/manipulator/install/open_manipulator_msgs/local/lib/python3.10/dist-packages/open_manipulator_msgs-2.2.0-py3.10.egg-info/dependency_links.txt
[1.483s] -- Installing: /home/noma/FINAL_ws/manipulator/install/open_manipulator_msgs/local/lib/python3.10/dist-packages/open_manipulator_msgs-2.2.0-py3.10.egg-info/top_level.txt
[1.483s] -- Up-to-date: /home/noma/FINAL_ws/manipulator/install/open_manipulator_msgs/local/lib/python3.10/dist-packages/open_manipulator_msgs
[1.483s] -- Up-to-date: /home/noma/FINAL_ws/manipulator/install/open_manipulator_msgs/local/lib/python3.10/dist-packages/open_manipulator_msgs/__init__.py
[1.483s] -- Up-to-date: /home/noma/FINAL_ws/manipulator/install/open_manipulator_msgs/local/lib/python3.10/dist-packages/open_manipulator_msgs/libopen_manipulator_msgs__rosidl_generator_py.so
[1.483s] -- Up-to-date: /home/noma/FINAL_ws/manipulator/install/open_manipulator_msgs/local/lib/python3.10/dist-packages/open_manipulator_msgs/_open_manipulator_msgs_s.ep.rosidl_typesupport_c.c
[1.483s] -- Up-to-date: /home/noma/FINAL_ws/manipulator/install/open_manipulator_msgs/local/lib/python3.10/dist-packages/open_manipulator_msgs/srv
[1.483s] -- Up-to-date: /home/noma/FINAL_ws/manipulator/install/open_manipulator_msgs/local/lib/python3.10/dist-packages/open_manipulator_msgs/srv/_get_joint_position_s.c
[1.483s] -- Up-to-date: /home/noma/FINAL_ws/manipulator/install/open_manipulator_msgs/local/lib/python3.10/dist-packages/open_manipulator_msgs/srv/_get_joint_position.py
[1.483s] -- Up-to-date: /home/noma/FINAL_ws/manipulator/install/open_manipulator_msgs/local/lib/python3.10/dist-packages/open_manipulator_msgs/srv/_set_joint_position_s.c
[1.483s] -- Up-to-date: /home/noma/FINAL_ws/manipulator/install/open_manipulator_msgs/local/lib/python3.10/dist-packages/open_manipulator_msgs/srv/__init__.py
[1.483s] -- Up-to-date: /home/noma/FINAL_ws/manipulator/install/open_manipulator_msgs/local/lib/python3.10/dist-packages/open_manipulator_msgs/srv/_get_kinematics_pose.py
[1.484s] -- Up-to-date: /home/noma/FINAL_ws/manipulator/install/open_manipulator_msgs/local/lib/python3.10/dist-packages/open_manipulator_msgs/srv/_set_drawing_trajectory.py
[1.484s] -- Up-to-date: /home/noma/FINAL_ws/manipulator/install/open_manipulator_msgs/local/lib/python3.10/dist-packages/open_manipulator_msgs/srv/_set_joint_position.py
[1.484s] -- Up-to-date: /home/noma/FINAL_ws/manipulator/install/open_manipulator_msgs/local/lib/python3.10/dist-packages/open_manipulator_msgs/srv/_set_kinematics_pose_s.c
[1.484s] -- Up-to-date: /home/noma/FINAL_ws/manipulator/install/open_manipulator_msgs/local/lib/python3.10/dist-packages/open_manipulator_msgs/srv/_set_kinematics_pose.py
[1.484s] -- Up-to-date: /home/noma/FINAL_ws/manipulator/install/open_manipulator_msgs/local/lib/python3.10/dist-packages/open_manipulator_msgs/srv/_get_kinematics_pose_s.c
[1.484s] -- Up-to-date: /home/noma/FINAL_ws/manipulator/install/open_manipulator_msgs/local/lib/python3.10/dist-packages/open_manipulator_msgs/srv/_set_actuator_state_s.c
[1.484s] -- Up-to-date: /home/noma/FINAL_ws/manipulator/install/open_manipulator_msgs/local/lib/python3.10/dist-packages/open_manipulator_msgs/srv/_set_actuator_state.py
[1.484s] -- Up-to-date: /home/noma/FINAL_ws/manipulator/install/open_manipulator_msgs/local/lib/python3.10/dist-packages/open_manipulator_msgs/srv/_set_drawing_trajectory_s.c
[1.484s] -- Up-to-date: /home/noma/FINAL_ws/manipulator/install/open_manipulator_msgs/local/lib/python3.10/dist-packages/open_manipulator_msgs/_open_manipulator_msgs_s.ep.rosidl_typesupport_fastrtps_c.c
[1.484s] -- Up-to-date: /home/noma/FINAL_ws/manipulator/install/open_manipulator_msgs/local/lib/python3.10/dist-packages/open_manipulator_msgs/msg
[1.484s] -- Up-to-date: /home/noma/FINAL_ws/manipulator/install/open_manipulator_msgs/local/lib/python3.10/dist-packages/open_manipulator_msgs/msg/_kinematics_pose_s.c
[1.484s] -- Up-to-date: /home/noma/FINAL_ws/manipulator/install/open_manipulator_msgs/local/lib/python3.10/dist-packages/open_manipulator_msgs/msg/_kinematics_pose.py
[1.484s] -- Up-to-date: /home/noma/FINAL_ws/manipulator/install/open_manipulator_msgs/local/lib/python3.10/dist-packages/open_manipulator_msgs/msg/_joint_position_s.c
[1.485s] -- Up-to-date: /home/noma/FINAL_ws/manipulator/install/open_manipulator_msgs/local/lib/python3.10/dist-packages/open_manipulator_msgs/msg/__init__.py
[1.485s] -- Up-to-date: /home/noma/FINAL_ws/manipulator/install/open_manipulator_msgs/local/lib/python3.10/dist-packages/open_manipulator_msgs/msg/_open_manipulator_state.py
[1.485s] -- Up-to-date: /home/noma/FINAL_ws/manipulator/install/open_manipulator_msgs/local/lib/python3.10/dist-packages/open_manipulator_msgs/msg/_open_manipulator_state_s.c
[1.485s] -- Up-to-date: /home/noma/FINAL_ws/manipulator/install/open_manipulator_msgs/local/lib/python3.10/dist-packages/open_manipulator_msgs/msg/_joint_position.py
[1.485s] -- Up-to-date: /home/noma/FINAL_ws/manipulator/install/open_manipulator_msgs/local/lib/python3.10/dist-packages/open_manipulator_msgs/open_manipulator_msgs_s__rosidl_typesupport_introspection_c.cpython-310-x86_64-linux-gnu.so
[1.485s] -- Up-to-date: /home/noma/FINAL_ws/manipulator/install/open_manipulator_msgs/local/lib/python3.10/dist-packages/open_manipulator_msgs/_open_manipulator_msgs_s.ep.rosidl_typesupport_introspection_c.c
[1.485s] -- Up-to-date: /home/noma/FINAL_ws/manipulator/install/open_manipulator_msgs/local/lib/python3.10/dist-packages/open_manipulator_msgs/open_manipulator_msgs_s__rosidl_typesupport_fastrtps_c.cpython-310-x86_64-linux-gnu.so
[1.485s] -- Up-to-date: /home/noma/FINAL_ws/manipulator/install/open_manipulator_msgs/local/lib/python3.10/dist-packages/open_manipulator_msgs/open_manipulator_msgs_s__rosidl_typesupport_c.cpython-310-x86_64-linux-gnu.so
[1.503s] Listing '/home/noma/FINAL_ws/manipulator/install/open_manipulator_msgs/local/lib/python3.10/dist-packages/open_manipulator_msgs'...
[1.503s] Listing '/home/noma/FINAL_ws/manipulator/install/open_manipulator_msgs/local/lib/python3.10/dist-packages/open_manipulator_msgs/msg'...
[1.504s] Listing '/home/noma/FINAL_ws/manipulator/install/open_manipulator_msgs/local/lib/python3.10/dist-packages/open_manipulator_msgs/srv'...
[1.508s] -- Up-to-date: /home/noma/FINAL_ws/manipulator/install/open_manipulator_msgs/local/lib/python3.10/dist-packages/open_manipulator_msgs/open_manipulator_msgs_s__rosidl_typesupport_fastrtps_c.cpython-310-x86_64-linux-gnu.so
[1.508s] -- Up-to-date: /home/noma/FINAL_ws/manipulator/install/open_manipulator_msgs/local/lib/python3.10/dist-packages/open_manipulator_msgs/open_manipulator_msgs_s__rosidl_typesupport_introspection_c.cpython-310-x86_64-linux-gnu.so
[1.508s] -- Up-to-date: /home/noma/FINAL_ws/manipulator/install/open_manipulator_msgs/local/lib/python3.10/dist-packages/open_manipulator_msgs/open_manipulator_msgs_s__rosidl_typesupport_c.cpython-310-x86_64-linux-gnu.so
[1.509s] -- Up-to-date: /home/noma/FINAL_ws/manipulator/install/open_manipulator_msgs/lib/libopen_manipulator_msgs__rosidl_generator_py.so
[1.509s] -- Up-to-date: /home/noma/FINAL_ws/manipulator/install/open_manipulator_msgs/share/open_manipulator_msgs/msg/JointPosition.idl
[1.509s] -- Up-to-date: /home/noma/FINAL_ws/manipulator/install/open_manipulator_msgs/share/open_manipulator_msgs/msg/KinematicsPose.idl
[1.509s] -- Up-to-date: /home/noma/FINAL_ws/manipulator/install/open_manipulator_msgs/share/open_manipulator_msgs/msg/OpenManipulatorState.idl
[1.510s] -- Up-to-date: /home/noma/FINAL_ws/manipulator/install/open_manipulator_msgs/share/open_manipulator_msgs/srv/GetJointPosition.idl
[1.510s] -- Up-to-date: /home/noma/FINAL_ws/manipulator/install/open_manipulator_msgs/share/open_manipulator_msgs/srv/GetKinematicsPose.idl
[1.510s] -- Up-to-date: /home/noma/FINAL_ws/manipulator/install/open_manipulator_msgs/share/open_manipulator_msgs/srv/SetJointPosition.idl
[1.510s] -- Up-to-date: /home/noma/FINAL_ws/manipulator/install/open_manipulator_msgs/share/open_manipulator_msgs/srv/SetKinematicsPose.idl
[1.510s] -- Up-to-date: /home/noma/FINAL_ws/manipulator/install/open_manipulator_msgs/share/open_manipulator_msgs/srv/SetDrawingTrajectory.idl
[1.510s] -- Up-to-date: /home/noma/FINAL_ws/manipulator/install/open_manipulator_msgs/share/open_manipulator_msgs/srv/SetActuatorState.idl
[1.510s] -- Up-to-date: /home/noma/FINAL_ws/manipulator/install/open_manipulator_msgs/share/open_manipulator_msgs/msg/JointPosition.msg
[1.510s] -- Up-to-date: /home/noma/FINAL_ws/manipulator/install/open_manipulator_msgs/share/open_manipulator_msgs/msg/KinematicsPose.msg
[1.510s] -- Up-to-date: /home/noma/FINAL_ws/manipulator/install/open_manipulator_msgs/share/open_manipulator_msgs/msg/OpenManipulatorState.msg
[1.512s] -- Up-to-date: /home/noma/FINAL_ws/manipulator/install/open_manipulator_msgs/share/open_manipulator_msgs/srv/GetJointPosition.srv
[1.512s] -- Up-to-date: /home/noma/FINAL_ws/manipulator/install/open_manipulator_msgs/share/open_manipulator_msgs/srv/GetJointPosition_Request.msg
[1.512s] -- Up-to-date: /home/noma/FINAL_ws/manipulator/install/open_manipulator_msgs/share/open_manipulator_msgs/srv/GetJointPosition_Response.msg
[1.512s] -- Up-to-date: /home/noma/FINAL_ws/manipulator/install/open_manipulator_msgs/share/open_manipulator_msgs/srv/GetKinematicsPose.srv
[1.512s] -- Up-to-date: /home/noma/FINAL_ws/manipulator/install/open_manipulator_msgs/share/open_manipulator_msgs/srv/GetKinematicsPose_Request.msg
[1.512s] -- Up-to-date: /home/noma/FINAL_ws/manipulator/install/open_manipulator_msgs/share/open_manipulator_msgs/srv/GetKinematicsPose_Response.msg
[1.513s] -- Up-to-date: /home/noma/FINAL_ws/manipulator/install/open_manipulator_msgs/share/open_manipulator_msgs/srv/SetJointPosition.srv
[1.513s] -- Up-to-date: /home/noma/FINAL_ws/manipulator/install/open_manipulator_msgs/share/open_manipulator_msgs/srv/SetJointPosition_Request.msg
[1.513s] -- Up-to-date: /home/noma/FINAL_ws/manipulator/install/open_manipulator_msgs/share/open_manipulator_msgs/srv/SetJointPosition_Response.msg
[1.513s] -- Up-to-date: /home/noma/FINAL_ws/manipulator/install/open_manipulator_msgs/share/open_manipulator_msgs/srv/SetKinematicsPose.srv
[1.513s] -- Up-to-date: /home/noma/FINAL_ws/manipulator/install/open_manipulator_msgs/share/open_manipulator_msgs/srv/SetKinematicsPose_Request.msg
[1.513s] -- Up-to-date: /home/noma/FINAL_ws/manipulator/install/open_manipulator_msgs/share/open_manipulator_msgs/srv/SetKinematicsPose_Response.msg
[1.513s] -- Up-to-date: /home/noma/FINAL_ws/manipulator/install/open_manipulator_msgs/share/open_manipulator_msgs/srv/SetDrawingTrajectory.srv
[1.514s] -- Up-to-date: /home/noma/FINAL_ws/manipulator/install/open_manipulator_msgs/share/open_manipulator_msgs/srv/SetDrawingTrajectory_Request.msg
[1.514s] -- Up-to-date: /home/noma/FINAL_ws/manipulator/install/open_manipulator_msgs/share/open_manipulator_msgs/srv/SetDrawingTrajectory_Response.msg
[1.514s] -- Up-to-date: /home/noma/FINAL_ws/manipulator/install/open_manipulator_msgs/share/open_manipulator_msgs/srv/SetActuatorState.srv
[1.514s] -- Up-to-date: /home/noma/FINAL_ws/manipulator/install/open_manipulator_msgs/share/open_manipulator_msgs/srv/SetActuatorState_Request.msg
[1.514s] -- Up-to-date: /home/noma/FINAL_ws/manipulator/install/open_manipulator_msgs/share/open_manipulator_msgs/srv/SetActuatorState_Response.msg
[1.514s] -- Up-to-date: /home/noma/FINAL_ws/manipulator/install/open_manipulator_msgs/share/ament_index/resource_index/package_run_dependencies/open_manipulator_msgs
[1.514s] -- Up-to-date: /home/noma/FINAL_ws/manipulator/install/open_manipulator_msgs/share/ament_index/resource_index/parent_prefix_path/open_manipulator_msgs
[1.514s] -- Up-to-date: /home/noma/FINAL_ws/manipulator/install/open_manipulator_msgs/share/open_manipulator_msgs/environment/ament_prefix_path.sh
[1.514s] -- Up-to-date: /home/noma/FINAL_ws/manipulator/install/open_manipulator_msgs/share/open_manipulator_msgs/environment/ament_prefix_path.dsv
[1.514s] -- Up-to-date: /home/noma/FINAL_ws/manipulator/install/open_manipulator_msgs/share/open_manipulator_msgs/environment/path.sh
[1.514s] -- Up-to-date: /home/noma/FINAL_ws/manipulator/install/open_manipulator_msgs/share/open_manipulator_msgs/environment/path.dsv
[1.514s] -- Up-to-date: /home/noma/FINAL_ws/manipulator/install/open_manipulator_msgs/share/open_manipulator_msgs/local_setup.bash
[1.514s] -- Up-to-date: /home/noma/FINAL_ws/manipulator/install/open_manipulator_msgs/share/open_manipulator_msgs/local_setup.sh
[1.515s] -- Up-to-date: /home/noma/FINAL_ws/manipulator/install/open_manipulator_msgs/share/open_manipulator_msgs/local_setup.zsh
[1.515s] -- Up-to-date: /home/noma/FINAL_ws/manipulator/install/open_manipulator_msgs/share/open_manipulator_msgs/local_setup.dsv
[1.515s] -- Installing: /home/noma/FINAL_ws/manipulator/install/open_manipulator_msgs/share/open_manipulator_msgs/package.dsv
[1.515s] -- Up-to-date: /home/noma/FINAL_ws/manipulator/install/open_manipulator_msgs/share/ament_index/resource_index/packages/open_manipulator_msgs
[1.515s] -- Up-to-date: /home/noma/FINAL_ws/manipulator/install/open_manipulator_msgs/share/open_manipulator_msgs/cmake/export_open_manipulator_msgs__rosidl_generator_cExport.cmake
[1.515s] -- Up-to-date: /home/noma/FINAL_ws/manipulator/install/open_manipulator_msgs/share/open_manipulator_msgs/cmake/export_open_manipulator_msgs__rosidl_generator_cExport-noconfig.cmake
[1.515s] -- Up-to-date: /home/noma/FINAL_ws/manipulator/install/open_manipulator_msgs/share/open_manipulator_msgs/cmake/export_open_manipulator_msgs__rosidl_typesupport_fastrtps_cExport.cmake
[1.515s] -- Up-to-date: /home/noma/FINAL_ws/manipulator/install/open_manipulator_msgs/share/open_manipulator_msgs/cmake/export_open_manipulator_msgs__rosidl_typesupport_fastrtps_cExport-noconfig.cmake
[1.515s] -- Up-to-date: /home/noma/FINAL_ws/manipulator/install/open_manipulator_msgs/share/open_manipulator_msgs/cmake/export_open_manipulator_msgs__rosidl_generator_cppExport.cmake
[1.515s] -- Up-to-date: /home/noma/FINAL_ws/manipulator/install/open_manipulator_msgs/share/open_manipulator_msgs/cmake/export_open_manipulator_msgs__rosidl_typesupport_fastrtps_cppExport.cmake
[1.516s] -- Up-to-date: /home/noma/FINAL_ws/manipulator/install/open_manipulator_msgs/share/open_manipulator_msgs/cmake/export_open_manipulator_msgs__rosidl_typesupport_fastrtps_cppExport-noconfig.cmake
[1.516s] -- Up-to-date: /home/noma/FINAL_ws/manipulator/install/open_manipulator_msgs/share/open_manipulator_msgs/cmake/open_manipulator_msgs__rosidl_typesupport_introspection_cExport.cmake
[1.516s] -- Up-to-date: /home/noma/FINAL_ws/manipulator/install/open_manipulator_msgs/share/open_manipulator_msgs/cmake/open_manipulator_msgs__rosidl_typesupport_introspection_cExport-noconfig.cmake
[1.516s] -- Up-to-date: /home/noma/FINAL_ws/manipulator/install/open_manipulator_msgs/share/open_manipulator_msgs/cmake/open_manipulator_msgs__rosidl_typesupport_cExport.cmake
[1.516s] -- Up-to-date: /home/noma/FINAL_ws/manipulator/install/open_manipulator_msgs/share/open_manipulator_msgs/cmake/open_manipulator_msgs__rosidl_typesupport_cExport-noconfig.cmake
[1.516s] -- Up-to-date: /home/noma/FINAL_ws/manipulator/install/open_manipulator_msgs/share/open_manipulator_msgs/cmake/open_manipulator_msgs__rosidl_typesupport_introspection_cppExport.cmake
[1.516s] -- Up-to-date: /home/noma/FINAL_ws/manipulator/install/open_manipulator_msgs/share/open_manipulator_msgs/cmake/open_manipulator_msgs__rosidl_typesupport_introspection_cppExport-noconfig.cmake
[1.516s] -- Up-to-date: /home/noma/FINAL_ws/manipulator/install/open_manipulator_msgs/share/open_manipulator_msgs/cmake/open_manipulator_msgs__rosidl_typesupport_cppExport.cmake
[1.516s] -- Up-to-date: /home/noma/FINAL_ws/manipulator/install/open_manipulator_msgs/share/open_manipulator_msgs/cmake/open_manipulator_msgs__rosidl_typesupport_cppExport-noconfig.cmake
[1.516s] -- Up-to-date: /home/noma/FINAL_ws/manipulator/install/open_manipulator_msgs/share/open_manipulator_msgs/cmake/export_open_manipulator_msgs__rosidl_generator_pyExport.cmake
[1.516s] -- Up-to-date: /home/noma/FINAL_ws/manipulator/install/open_manipulator_msgs/share/open_manipulator_msgs/cmake/export_open_manipulator_msgs__rosidl_generator_pyExport-noconfig.cmake
[1.516s] -- Up-to-date: /home/noma/FINAL_ws/manipulator/install/open_manipulator_msgs/share/open_manipulator_msgs/cmake/rosidl_cmake-extras.cmake
[1.516s] -- Up-to-date: /home/noma/FINAL_ws/manipulator/install/open_manipulator_msgs/share/open_manipulator_msgs/cmake/ament_cmake_export_dependencies-extras.cmake
[1.517s] -- Up-to-date: /home/noma/FINAL_ws/manipulator/install/open_manipulator_msgs/share/open_manipulator_msgs/cmake/ament_cmake_export_include_directories-extras.cmake
[1.517s] -- Up-to-date: /home/noma/FINAL_ws/manipulator/install/open_manipulator_msgs/share/open_manipulator_msgs/cmake/ament_cmake_export_libraries-extras.cmake
[1.517s] -- Up-to-date: /home/noma/FINAL_ws/manipulator/install/open_manipulator_msgs/share/open_manipulator_msgs/cmake/ament_cmake_export_targets-extras.cmake
[1.517s] -- Up-to-date: /home/noma/FINAL_ws/manipulator/install/open_manipulator_msgs/share/open_manipulator_msgs/cmake/rosidl_cmake_export_typesupport_targets-extras.cmake
[1.517s] -- Up-to-date: /home/noma/FINAL_ws/manipulator/install/open_manipulator_msgs/share/open_manipulator_msgs/cmake/rosidl_cmake_export_typesupport_libraries-extras.cmake
[1.517s] -- Up-to-date: /home/noma/FINAL_ws/manipulator/install/open_manipulator_msgs/share/open_manipulator_msgs/cmake/open_manipulator_msgsConfig.cmake
[1.517s] -- Up-to-date: /home/noma/FINAL_ws/manipulator/install/open_manipulator_msgs/share/open_manipulator_msgs/cmake/open_manipulator_msgsConfig-version.cmake
[1.517s] -- Up-to-date: /home/noma/FINAL_ws/manipulator/install/open_manipulator_msgs/share/open_manipulator_msgs/package.xml
[1.914s] Invoked command in '/home/noma/FINAL_ws/manipulator/build/open_manipulator_msgs' returned '0': CMAKE_PREFIX_PATH=${CMAKE_PREFIX_PATH}:/home/noma/FINAL_ws/manipulator/install/test_package:/home/noma/FINAL_ws/manipulator/install/open_manipulator_x_teleop:/opt/ros/humble /usr/bin/cmake --install /home/noma/FINAL_ws/manipulator/build/open_manipulator_msgs
