[0.773s] Invoking command in '/home/jb/dev_ws/opencv_ws/opencv_tutorials': PYTHONPATH=/home/jb/dev_ws/opencv_ws/build/opencv_tutorials/prefix_override:/home/jb/dev_ws/opencv_ws/install/opencv_tutorials/lib/python3.10/site-packages:${PYTHONPATH} /usr/bin/python3 setup.py egg_info --egg-base ../build/opencv_tutorials build --build-base /home/jb/dev_ws/opencv_ws/build/opencv_tutorials/build install --record /home/jb/dev_ws/opencv_ws/build/opencv_tutorials/install.log --single-version-externally-managed
[0.927s] running egg_info
[0.928s] writing ../build/opencv_tutorials/opencv_tutorials.egg-info/PKG-INFO
[0.928s] writing dependency_links to ../build/opencv_tutorials/opencv_tutorials.egg-info/dependency_links.txt
[0.928s] writing entry points to ../build/opencv_tutorials/opencv_tutorials.egg-info/entry_points.txt
[0.928s] writing requirements to ../build/opencv_tutorials/opencv_tutorials.egg-info/requires.txt
[0.928s] writing top-level names to ../build/opencv_tutorials/opencv_tutorials.egg-info/top_level.txt
[0.930s] reading manifest file '../build/opencv_tutorials/opencv_tutorials.egg-info/SOURCES.txt'
[0.931s] writing manifest file '../build/opencv_tutorials/opencv_tutorials.egg-info/SOURCES.txt'
[0.931s] running build
[0.931s] running build_py
[0.931s] running install
[0.931s] /usr/lib/python3/dist-packages/setuptools/command/install.py:34: SetuptoolsDeprecationWarning: setup.py install is deprecated. Use build and pip and other standards-based tools.
[0.931s]   warnings.warn(
[0.932s] running install_lib
[0.933s] running install_data
[0.933s] running install_egg_info
[0.934s] removing '/home/jb/dev_ws/opencv_ws/install/opencv_tutorials/lib/python3.10/site-packages/opencv_tutorials-0.0.0-py3.10.egg-info' (and everything under it)
[0.934s] Copying ../build/opencv_tutorials/opencv_tutorials.egg-info to /home/jb/dev_ws/opencv_ws/install/opencv_tutorials/lib/python3.10/site-packages/opencv_tutorials-0.0.0-py3.10.egg-info
[0.935s] running install_scripts
[0.949s] Installing cartoon script to /home/jb/dev_ws/opencv_ws/install/opencv_tutorials/lib/opencv_tutorials
[0.949s] Installing edge script to /home/jb/dev_ws/opencv_ws/install/opencv_tutorials/lib/opencv_tutorials
[0.949s] Installing img_control script to /home/jb/dev_ws/opencv_ws/install/opencv_tutorials/lib/opencv_tutorials
[0.949s] Installing img_publisher script to /home/jb/dev_ws/opencv_ws/install/opencv_tutorials/lib/opencv_tutorials
[0.950s] Installing laplace script to /home/jb/dev_ws/opencv_ws/install/opencv_tutorials/lib/opencv_tutorials
[0.950s] Installing optical_flow script to /home/jb/dev_ws/opencv_ws/install/opencv_tutorials/lib/opencv_tutorials
[0.950s] writing list of installed files to '/home/jb/dev_ws/opencv_ws/build/opencv_tutorials/install.log'
[0.970s] Invoked command in '/home/jb/dev_ws/opencv_ws/opencv_tutorials' returned '0': PYTHONPATH=/home/jb/dev_ws/opencv_ws/build/opencv_tutorials/prefix_override:/home/jb/dev_ws/opencv_ws/install/opencv_tutorials/lib/python3.10/site-packages:${PYTHONPATH} /usr/bin/python3 setup.py egg_info --egg-base ../build/opencv_tutorials build --build-base /home/jb/dev_ws/opencv_ws/build/opencv_tutorials/build install --record /home/jb/dev_ws/opencv_ws/build/opencv_tutorials/install.log --single-version-externally-managed
