[0.105s] Invoking command in '/home/noma/FINAL_ws/manipulator/build/open_manipulator_x_controller': AMENT_PREFIX_PATH=/home/noma/FINAL_ws/manipulator/install/open_manipulator_x_libs:/home/noma/FINAL_ws/manipulator/install/robotis_manipulator:/home/noma/FINAL_ws/manipulator/install/dynamixel_workbench_toolbox:/home/noma/FINAL_ws/manipulator/install/open_manipulator_msgs:/home/noma/FINAL_ws/manipulator/install/dynamixel_sdk:/home/noma/FINAL_ws/manipulator/install/cmake_modules:${AMENT_PREFIX_PATH} CMAKE_PREFIX_PATH=/home/noma/FINAL_ws/manipulator/install/open_manipulator_x_libs:/home/noma/FINAL_ws/manipulator/install/robotis_manipulator:/home/noma/FINAL_ws/manipulator/install/dynamixel_workbench_toolbox:/home/noma/FINAL_ws/manipulator/install/open_manipulator_msgs:/home/noma/FINAL_ws/manipulator/install/dynamixel_sdk:/home/noma/FINAL_ws/manipulator/install/cmake_modules:/opt/ros/humble LD_LIBRARY_PATH=/home/noma/FINAL_ws/manipulator/install/open_manipulator_x_libs/lib:/home/noma/FINAL_ws/manipulator/install/robotis_manipulator/lib:/home/noma/FINAL_ws/manipulator/install/dynamixel_workbench_toolbox/lib:/home/noma/FINAL_ws/manipulator/install/open_manipulator_msgs/lib:/home/noma/FINAL_ws/manipulator/install/dynamixel_sdk/lib:/usr/lib/x86_64-linux-gnu/gazebo-11/plugins:/opt/ros/humble/opt/rviz_ogre_vendor/lib:/opt/ros/humble/lib/x86_64-linux-gnu:/opt/ros/humble/lib:/usr/local/cuda-11.7/lib64:/usr/local/cuda-11.7/lib64/ PYTHONPATH=/home/noma/FINAL_ws/manipulator/install/open_manipulator_msgs/local/lib/python3.10/dist-packages:${PYTHONPATH} /usr/bin/cmake /home/noma/FINAL_ws/manipulator/src/open_manipulator/open_manipulator_x_controller -DCMAKE_INSTALL_PREFIX=/home/noma/FINAL_ws/manipulator/install/open_manipulator_x_controller
[0.151s] -- The C compiler identification is GNU 11.4.0
[0.196s] -- The CXX compiler identification is GNU 11.4.0
[0.202s] -- Detecting C compiler ABI info
[0.259s] -- Detecting C compiler ABI info - done
[0.266s] -- Check for working C compiler: /usr/bin/cc - skipped
[0.267s] -- Detecting C compile features
[0.267s] -- Detecting C compile features - done
[0.270s] -- Detecting CXX compiler ABI info
[0.335s] -- Detecting CXX compiler ABI info - done
[0.342s] -- Check for working CXX compiler: /usr/bin/c++ - skipped
[0.343s] -- Detecting CXX compile features
[0.343s] -- Detecting CXX compile features - done
[0.346s] -- Found ament_cmake: 1.3.5 (/opt/ros/humble/share/ament_cmake/cmake)
[0.515s] -- Found Python3: /usr/bin/python3.10 (found version "3.10.12") found components: Interpreter 
[0.599s] -- Found geometry_msgs: 4.2.3 (/opt/ros/humble/share/geometry_msgs/cmake)
[0.636s] -- Found rosidl_generator_c: 3.1.5 (/opt/ros/humble/share/rosidl_generator_c/cmake)
[0.641s] -- Found rosidl_adapter: 3.1.5 (/opt/ros/humble/share/rosidl_adapter/cmake)
[0.649s] -- Found rosidl_generator_cpp: 3.1.5 (/opt/ros/humble/share/rosidl_generator_cpp/cmake)
[0.662s] -- Using all available rosidl_typesupport_c: rosidl_typesupport_fastrtps_c;rosidl_typesupport_introspection_c
[0.682s] -- Using all available rosidl_typesupport_cpp: rosidl_typesupport_fastrtps_cpp;rosidl_typesupport_introspection_cpp
[0.801s] -- Found open_manipulator_msgs: 2.2.0 (/home/noma/FINAL_ws/manipulator/install/open_manipulator_msgs/share/open_manipulator_msgs/cmake)
[0.881s] -- Found open_manipulator_x_libs: 2.3.0 (/home/noma/FINAL_ws/manipulator/install/open_manipulator_x_libs/share/open_manipulator_x_libs/cmake)
[0.952s] -- Found rmw_implementation_cmake: 6.1.1 (/opt/ros/humble/share/rmw_implementation_cmake/cmake)
[0.955s] -- Found rmw_fastrtps_cpp: 6.2.4 (/opt/ros/humble/share/rmw_fastrtps_cpp/cmake)
[1.040s] -- Found OpenSSL: /usr/lib/x86_64-linux-gnu/libcrypto.so (found version "3.0.2")  
[1.065s] -- Found FastRTPS: /opt/ros/humble/include  
[1.109s] -- Using RMW implementation 'rmw_fastrtps_cpp' as default
[1.119s] -- Looking for pthread.h
[1.178s] -- Looking for pthread.h - found
[1.178s] -- Performing Test CMAKE_HAVE_LIBC_PTHREAD
[1.239s] -- Performing Test CMAKE_HAVE_LIBC_PTHREAD - Success
[1.240s] -- Found Threads: TRUE  
[1.416s] -- Found sensor_msgs: 4.2.3 (/opt/ros/humble/share/sensor_msgs/cmake)
[1.518s] -- Found trajectory_msgs: 4.2.3 (/opt/ros/humble/share/trajectory_msgs/cmake)
[1.696s] -- Configuring done
[1.711s] -- Generating done
[1.712s] -- Build files have been written to: /home/noma/FINAL_ws/manipulator/build/open_manipulator_x_controller
[1.721s] Invoked command in '/home/noma/FINAL_ws/manipulator/build/open_manipulator_x_controller' returned '0': AMENT_PREFIX_PATH=/home/noma/FINAL_ws/manipulator/install/open_manipulator_x_libs:/home/noma/FINAL_ws/manipulator/install/robotis_manipulator:/home/noma/FINAL_ws/manipulator/install/dynamixel_workbench_toolbox:/home/noma/FINAL_ws/manipulator/install/open_manipulator_msgs:/home/noma/FINAL_ws/manipulator/install/dynamixel_sdk:/home/noma/FINAL_ws/manipulator/install/cmake_modules:${AMENT_PREFIX_PATH} CMAKE_PREFIX_PATH=/home/noma/FINAL_ws/manipulator/install/open_manipulator_x_libs:/home/noma/FINAL_ws/manipulator/install/robotis_manipulator:/home/noma/FINAL_ws/manipulator/install/dynamixel_workbench_toolbox:/home/noma/FINAL_ws/manipulator/install/open_manipulator_msgs:/home/noma/FINAL_ws/manipulator/install/dynamixel_sdk:/home/noma/FINAL_ws/manipulator/install/cmake_modules:/opt/ros/humble LD_LIBRARY_PATH=/home/noma/FINAL_ws/manipulator/install/open_manipulator_x_libs/lib:/home/noma/FINAL_ws/manipulator/install/robotis_manipulator/lib:/home/noma/FINAL_ws/manipulator/install/dynamixel_workbench_toolbox/lib:/home/noma/FINAL_ws/manipulator/install/open_manipulator_msgs/lib:/home/noma/FINAL_ws/manipulator/install/dynamixel_sdk/lib:/usr/lib/x86_64-linux-gnu/gazebo-11/plugins:/opt/ros/humble/opt/rviz_ogre_vendor/lib:/opt/ros/humble/lib/x86_64-linux-gnu:/opt/ros/humble/lib:/usr/local/cuda-11.7/lib64:/usr/local/cuda-11.7/lib64/ PYTHONPATH=/home/noma/FINAL_ws/manipulator/install/open_manipulator_msgs/local/lib/python3.10/dist-packages:${PYTHONPATH} /usr/bin/cmake /home/noma/FINAL_ws/manipulator/src/open_manipulator/open_manipulator_x_controller -DCMAKE_INSTALL_PREFIX=/home/noma/FINAL_ws/manipulator/install/open_manipulator_x_controller
[1.722s] Invoking command in '/home/noma/FINAL_ws/manipulator/build/open_manipulator_x_controller': AMENT_PREFIX_PATH=/home/noma/FINAL_ws/manipulator/install/open_manipulator_x_libs:/home/noma/FINAL_ws/manipulator/install/robotis_manipulator:/home/noma/FINAL_ws/manipulator/install/dynamixel_workbench_toolbox:/home/noma/FINAL_ws/manipulator/install/open_manipulator_msgs:/home/noma/FINAL_ws/manipulator/install/dynamixel_sdk:/home/noma/FINAL_ws/manipulator/install/cmake_modules:${AMENT_PREFIX_PATH} CMAKE_PREFIX_PATH=/home/noma/FINAL_ws/manipulator/install/open_manipulator_x_libs:/home/noma/FINAL_ws/manipulator/install/robotis_manipulator:/home/noma/FINAL_ws/manipulator/install/dynamixel_workbench_toolbox:/home/noma/FINAL_ws/manipulator/install/open_manipulator_msgs:/home/noma/FINAL_ws/manipulator/install/dynamixel_sdk:/home/noma/FINAL_ws/manipulator/install/cmake_modules:/opt/ros/humble LD_LIBRARY_PATH=/home/noma/FINAL_ws/manipulator/install/open_manipulator_x_libs/lib:/home/noma/FINAL_ws/manipulator/install/robotis_manipulator/lib:/home/noma/FINAL_ws/manipulator/install/dynamixel_workbench_toolbox/lib:/home/noma/FINAL_ws/manipulator/install/open_manipulator_msgs/lib:/home/noma/FINAL_ws/manipulator/install/dynamixel_sdk/lib:/usr/lib/x86_64-linux-gnu/gazebo-11/plugins:/opt/ros/humble/opt/rviz_ogre_vendor/lib:/opt/ros/humble/lib/x86_64-linux-gnu:/opt/ros/humble/lib:/usr/local/cuda-11.7/lib64:/usr/local/cuda-11.7/lib64/ PYTHONPATH=/home/noma/FINAL_ws/manipulator/install/open_manipulator_msgs/local/lib/python3.10/dist-packages:${PYTHONPATH} /usr/bin/cmake --build /home/noma/FINAL_ws/manipulator/build/open_manipulator_x_controller -- -j8 -l8
[1.768s] [ 50%] [32mBuilding CXX object CMakeFiles/open_manipulator_x_controller.dir/src/open_manipulator_x_controller.cpp.o[0m
[4.863s] [01m[K/home/noma/FINAL_ws/manipulator/src/open_manipulator/open_manipulator_x_controller/src/open_manipulator_x_controller.cpp:[m[K In member function ‘[01m[Kvoid open_manipulator_x_controller::OpenManipulatorXController::init_publisher()[m[K’:
[4.863s] [01m[K/home/noma/FINAL_ws/manipulator/src/open_manipulator/open_manipulator_x_controller/src/open_manipulator_x_controller.cpp:103:21:[m[K [01;35m[Kwarning: [m[Kunused variable ‘[01m[Kname[m[K’ [[01;35m[K]8;;https://gcc.gnu.org/onlinedocs/gcc/Warning-Options.html#index-Wunused-variable-Wunused-variable]8;;[m[K]
[4.863s]   103 |   for (auto const & [01;35m[Kname[m[K:tools_name)
[4.863s]       |                     [01;35m[K^~~~[m[K
[14.627s] [100%] [32m[1mLinking CXX executable open_manipulator_x_controller[0m
[15.432s] [100%] Built target open_manipulator_x_controller
[15.442s] Invoked command in '/home/noma/FINAL_ws/manipulator/build/open_manipulator_x_controller' returned '0': AMENT_PREFIX_PATH=/home/noma/FINAL_ws/manipulator/install/open_manipulator_x_libs:/home/noma/FINAL_ws/manipulator/install/robotis_manipulator:/home/noma/FINAL_ws/manipulator/install/dynamixel_workbench_toolbox:/home/noma/FINAL_ws/manipulator/install/open_manipulator_msgs:/home/noma/FINAL_ws/manipulator/install/dynamixel_sdk:/home/noma/FINAL_ws/manipulator/install/cmake_modules:${AMENT_PREFIX_PATH} CMAKE_PREFIX_PATH=/home/noma/FINAL_ws/manipulator/install/open_manipulator_x_libs:/home/noma/FINAL_ws/manipulator/install/robotis_manipulator:/home/noma/FINAL_ws/manipulator/install/dynamixel_workbench_toolbox:/home/noma/FINAL_ws/manipulator/install/open_manipulator_msgs:/home/noma/FINAL_ws/manipulator/install/dynamixel_sdk:/home/noma/FINAL_ws/manipulator/install/cmake_modules:/opt/ros/humble LD_LIBRARY_PATH=/home/noma/FINAL_ws/manipulator/install/open_manipulator_x_libs/lib:/home/noma/FINAL_ws/manipulator/install/robotis_manipulator/lib:/home/noma/FINAL_ws/manipulator/install/dynamixel_workbench_toolbox/lib:/home/noma/FINAL_ws/manipulator/install/open_manipulator_msgs/lib:/home/noma/FINAL_ws/manipulator/install/dynamixel_sdk/lib:/usr/lib/x86_64-linux-gnu/gazebo-11/plugins:/opt/ros/humble/opt/rviz_ogre_vendor/lib:/opt/ros/humble/lib/x86_64-linux-gnu:/opt/ros/humble/lib:/usr/local/cuda-11.7/lib64:/usr/local/cuda-11.7/lib64/ PYTHONPATH=/home/noma/FINAL_ws/manipulator/install/open_manipulator_msgs/local/lib/python3.10/dist-packages:${PYTHONPATH} /usr/bin/cmake --build /home/noma/FINAL_ws/manipulator/build/open_manipulator_x_controller -- -j8 -l8
[15.464s] Invoking command in '/home/noma/FINAL_ws/manipulator/build/open_manipulator_x_controller': AMENT_PREFIX_PATH=/home/noma/FINAL_ws/manipulator/install/open_manipulator_x_libs:/home/noma/FINAL_ws/manipulator/install/robotis_manipulator:/home/noma/FINAL_ws/manipulator/install/dynamixel_workbench_toolbox:/home/noma/FINAL_ws/manipulator/install/open_manipulator_msgs:/home/noma/FINAL_ws/manipulator/install/dynamixel_sdk:/home/noma/FINAL_ws/manipulator/install/cmake_modules:${AMENT_PREFIX_PATH} CMAKE_PREFIX_PATH=/home/noma/FINAL_ws/manipulator/install/open_manipulator_x_libs:/home/noma/FINAL_ws/manipulator/install/robotis_manipulator:/home/noma/FINAL_ws/manipulator/install/dynamixel_workbench_toolbox:/home/noma/FINAL_ws/manipulator/install/open_manipulator_msgs:/home/noma/FINAL_ws/manipulator/install/dynamixel_sdk:/home/noma/FINAL_ws/manipulator/install/cmake_modules:/opt/ros/humble LD_LIBRARY_PATH=/home/noma/FINAL_ws/manipulator/install/open_manipulator_x_libs/lib:/home/noma/FINAL_ws/manipulator/install/robotis_manipulator/lib:/home/noma/FINAL_ws/manipulator/install/dynamixel_workbench_toolbox/lib:/home/noma/FINAL_ws/manipulator/install/open_manipulator_msgs/lib:/home/noma/FINAL_ws/manipulator/install/dynamixel_sdk/lib:/usr/lib/x86_64-linux-gnu/gazebo-11/plugins:/opt/ros/humble/opt/rviz_ogre_vendor/lib:/opt/ros/humble/lib/x86_64-linux-gnu:/opt/ros/humble/lib:/usr/local/cuda-11.7/lib64:/usr/local/cuda-11.7/lib64/ PYTHONPATH=/home/noma/FINAL_ws/manipulator/install/open_manipulator_msgs/local/lib/python3.10/dist-packages:${PYTHONPATH} /usr/bin/cmake --install /home/noma/FINAL_ws/manipulator/build/open_manipulator_x_controller
[15.471s] -- Install configuration: ""
[15.471s] -- Installing: /home/noma/FINAL_ws/manipulator/install/open_manipulator_x_controller/lib/open_manipulator_x_controller/open_manipulator_x_controller
[15.476s] -- Set runtime path of "/home/noma/FINAL_ws/manipulator/install/open_manipulator_x_controller/lib/open_manipulator_x_controller/open_manipulator_x_controller" to ""
[15.476s] -- Installing: /home/noma/FINAL_ws/manipulator/install/open_manipulator_x_controller/share/open_manipulator_x_controller/99-open-manipulator-cdc.rules
[15.476s] -- Installing: /home/noma/FINAL_ws/manipulator/install/open_manipulator_x_controller/share/open_manipulator_x_controller/launch
[15.477s] -- Installing: /home/noma/FINAL_ws/manipulator/install/open_manipulator_x_controller/share/open_manipulator_x_controller/launch/open_manipulator_x_controller.launch.py
[15.477s] -- Installing: /home/noma/FINAL_ws/manipulator/install/open_manipulator_x_controller/share/open_manipulator_x_controller/param
[15.477s] -- Installing: /home/noma/FINAL_ws/manipulator/install/open_manipulator_x_controller/share/open_manipulator_x_controller/param/open_manipulator_x_controller_params.yaml
[15.477s] -- Installing: /home/noma/FINAL_ws/manipulator/install/open_manipulator_x_controller/lib/open_manipulator_x_controller/create_udev_rules
[15.477s] -- Installing: /home/noma/FINAL_ws/manipulator/install/open_manipulator_x_controller/share/ament_index/resource_index/package_run_dependencies/open_manipulator_x_controller
[15.477s] -- Installing: /home/noma/FINAL_ws/manipulator/install/open_manipulator_x_controller/share/ament_index/resource_index/parent_prefix_path/open_manipulator_x_controller
[15.477s] -- Installing: /home/noma/FINAL_ws/manipulator/install/open_manipulator_x_controller/share/open_manipulator_x_controller/environment/ament_prefix_path.sh
[15.477s] -- Installing: /home/noma/FINAL_ws/manipulator/install/open_manipulator_x_controller/share/open_manipulator_x_controller/environment/ament_prefix_path.dsv
[15.477s] -- Installing: /home/noma/FINAL_ws/manipulator/install/open_manipulator_x_controller/share/open_manipulator_x_controller/environment/path.sh
[15.477s] -- Installing: /home/noma/FINAL_ws/manipulator/install/open_manipulator_x_controller/share/open_manipulator_x_controller/environment/path.dsv
[15.477s] -- Installing: /home/noma/FINAL_ws/manipulator/install/open_manipulator_x_controller/share/open_manipulator_x_controller/local_setup.bash
[15.478s] -- Installing: /home/noma/FINAL_ws/manipulator/install/open_manipulator_x_controller/share/open_manipulator_x_controller/local_setup.sh
[15.478s] -- Installing: /home/noma/FINAL_ws/manipulator/install/open_manipulator_x_controller/share/open_manipulator_x_controller/local_setup.zsh
[15.478s] -- Installing: /home/noma/FINAL_ws/manipulator/install/open_manipulator_x_controller/share/open_manipulator_x_controller/local_setup.dsv
[15.478s] -- Installing: /home/noma/FINAL_ws/manipulator/install/open_manipulator_x_controller/share/open_manipulator_x_controller/package.dsv
[15.478s] -- Installing: /home/noma/FINAL_ws/manipulator/install/open_manipulator_x_controller/share/ament_index/resource_index/packages/open_manipulator_x_controller
[15.478s] -- Installing: /home/noma/FINAL_ws/manipulator/install/open_manipulator_x_controller/share/open_manipulator_x_controller/cmake/ament_cmake_export_include_directories-extras.cmake
[15.478s] -- Installing: /home/noma/FINAL_ws/manipulator/install/open_manipulator_x_controller/share/open_manipulator_x_controller/cmake/ament_cmake_export_dependencies-extras.cmake
[15.478s] -- Installing: /home/noma/FINAL_ws/manipulator/install/open_manipulator_x_controller/share/open_manipulator_x_controller/cmake/open_manipulator_x_controllerConfig.cmake
[15.478s] -- Installing: /home/noma/FINAL_ws/manipulator/install/open_manipulator_x_controller/share/open_manipulator_x_controller/cmake/open_manipulator_x_controllerConfig-version.cmake
[15.478s] -- Installing: /home/noma/FINAL_ws/manipulator/install/open_manipulator_x_controller/share/open_manipulator_x_controller/package.xml
[15.480s] Invoked command in '/home/noma/FINAL_ws/manipulator/build/open_manipulator_x_controller' returned '0': AMENT_PREFIX_PATH=/home/noma/FINAL_ws/manipulator/install/open_manipulator_x_libs:/home/noma/FINAL_ws/manipulator/install/robotis_manipulator:/home/noma/FINAL_ws/manipulator/install/dynamixel_workbench_toolbox:/home/noma/FINAL_ws/manipulator/install/open_manipulator_msgs:/home/noma/FINAL_ws/manipulator/install/dynamixel_sdk:/home/noma/FINAL_ws/manipulator/install/cmake_modules:${AMENT_PREFIX_PATH} CMAKE_PREFIX_PATH=/home/noma/FINAL_ws/manipulator/install/open_manipulator_x_libs:/home/noma/FINAL_ws/manipulator/install/robotis_manipulator:/home/noma/FINAL_ws/manipulator/install/dynamixel_workbench_toolbox:/home/noma/FINAL_ws/manipulator/install/open_manipulator_msgs:/home/noma/FINAL_ws/manipulator/install/dynamixel_sdk:/home/noma/FINAL_ws/manipulator/install/cmake_modules:/opt/ros/humble LD_LIBRARY_PATH=/home/noma/FINAL_ws/manipulator/install/open_manipulator_x_libs/lib:/home/noma/FINAL_ws/manipulator/install/robotis_manipulator/lib:/home/noma/FINAL_ws/manipulator/install/dynamixel_workbench_toolbox/lib:/home/noma/FINAL_ws/manipulator/install/open_manipulator_msgs/lib:/home/noma/FINAL_ws/manipulator/install/dynamixel_sdk/lib:/usr/lib/x86_64-linux-gnu/gazebo-11/plugins:/opt/ros/humble/opt/rviz_ogre_vendor/lib:/opt/ros/humble/lib/x86_64-linux-gnu:/opt/ros/humble/lib:/usr/local/cuda-11.7/lib64:/usr/local/cuda-11.7/lib64/ PYTHONPATH=/home/noma/FINAL_ws/manipulator/install/open_manipulator_msgs/local/lib/python3.10/dist-packages:${PYTHONPATH} /usr/bin/cmake --install /home/noma/FINAL_ws/manipulator/build/open_manipulator_x_controller
