[0.530s] Invoking command in '/home/boma/realsense/src/depth_example': PYTHONPATH=/home/boma/realsense/build/depth_example/prefix_override:/home/boma/realsense/install/depth_example/lib/python3.10/site-packages:${PYTHONPATH} /usr/bin/python3 setup.py egg_info --egg-base ../../build/depth_example build --build-base /home/boma/realsense/build/depth_example/build install --record /home/boma/realsense/build/depth_example/install.log --single-version-externally-managed
[0.688s] running egg_info
[0.688s] writing ../../build/depth_example/depth_example.egg-info/PKG-INFO
[0.689s] writing dependency_links to ../../build/depth_example/depth_example.egg-info/dependency_links.txt
[0.689s] writing entry points to ../../build/depth_example/depth_example.egg-info/entry_points.txt
[0.689s] writing requirements to ../../build/depth_example/depth_example.egg-info/requires.txt
[0.689s] writing top-level names to ../../build/depth_example/depth_example.egg-info/top_level.txt
[0.690s] reading manifest file '../../build/depth_example/depth_example.egg-info/SOURCES.txt'
[0.691s] writing manifest file '../../build/depth_example/depth_example.egg-info/SOURCES.txt'
[0.691s] running build
[0.691s] running build_py
[0.691s] copying depth_example/final_node.py -> /home/boma/realsense/build/depth_example/build/lib/depth_example
[0.691s] running install
[0.691s] running install_lib
[0.692s] copying /home/boma/realsense/build/depth_example/build/lib/depth_example/final_node.py -> /home/boma/realsense/install/depth_example/lib/python3.10/site-packages/depth_example
[0.692s] byte-compiling /home/boma/realsense/install/depth_example/lib/python3.10/site-packages/depth_example/final_node.py to final_node.cpython-310.pyc
[0.693s] running install_data
[0.693s] running install_egg_info
[0.694s] removing '/home/boma/realsense/install/depth_example/lib/python3.10/site-packages/depth_example-0.0.0-py3.10.egg-info' (and everything under it)
[0.694s] Copying ../../build/depth_example/depth_example.egg-info to /home/boma/realsense/install/depth_example/lib/python3.10/site-packages/depth_example-0.0.0-py3.10.egg-info
[0.695s] running install_scripts
[0.707s] Installing detect_node script to /home/boma/realsense/install/depth_example/lib/depth_example
[0.708s] Installing final_RS_node script to /home/boma/realsense/install/depth_example/lib/depth_example
[0.708s] Installing final_node script to /home/boma/realsense/install/depth_example/lib/depth_example
[0.708s] Installing test_node script to /home/boma/realsense/install/depth_example/lib/depth_example
[0.708s] writing list of installed files to '/home/boma/realsense/build/depth_example/install.log'
[0.724s] Invoked command in '/home/boma/realsense/src/depth_example' returned '0': PYTHONPATH=/home/boma/realsense/build/depth_example/prefix_override:/home/boma/realsense/install/depth_example/lib/python3.10/site-packages:${PYTHONPATH} /usr/bin/python3 setup.py egg_info --egg-base ../../build/depth_example build --build-base /home/boma/realsense/build/depth_example/build install --record /home/boma/realsense/build/depth_example/install.log --single-version-externally-managed
