[0.182s] Invoking command in '/home/noma/FINAL_ws/manipulator/build/dynamixel_sdk_examples': AMENT_PREFIX_PATH=/home/noma/FINAL_ws/manipulator/install/dynamixel_sdk_custom_interfaces:/home/noma/FINAL_ws/manipulator/install/dynamixel_sdk:${AMENT_PREFIX_PATH} CMAKE_PREFIX_PATH=/home/noma/FINAL_ws/manipulator/install/dynamixel_sdk_custom_interfaces:/home/noma/FINAL_ws/manipulator/install/dynamixel_sdk:/opt/ros/humble LD_LIBRARY_PATH=/home/noma/FINAL_ws/manipulator/install/dynamixel_sdk_custom_interfaces/lib:/home/noma/FINAL_ws/manipulator/install/dynamixel_sdk/lib:/usr/lib/x86_64-linux-gnu/gazebo-11/plugins:/opt/ros/humble/opt/rviz_ogre_vendor/lib:/opt/ros/humble/lib/x86_64-linux-gnu:/opt/ros/humble/lib:/usr/local/cuda-11.7/lib64:/usr/local/cuda-11.7/lib64/ PYTHONPATH=/home/noma/FINAL_ws/manipulator/install/dynamixel_sdk_custom_interfaces/local/lib/python3.10/dist-packages:${PYTHONPATH} /usr/bin/cmake /home/noma/FINAL_ws/manipulator/src/DynamixelSDK/dynamixel_sdk_examples -DCMAKE_INSTALL_PREFIX=/home/noma/FINAL_ws/manipulator/install/dynamixel_sdk_examples
[0.239s] -- The C compiler identification is GNU 11.4.0
[0.296s] -- The CXX compiler identification is GNU 11.4.0
[0.305s] -- Detecting C compiler ABI info
[0.374s] -- Detecting C compiler ABI info - done
[0.390s] -- Check for working C compiler: /usr/bin/cc - skipped
[0.390s] -- Detecting C compile features
[0.391s] -- Detecting C compile features - done
[0.394s] -- Detecting CXX compiler ABI info
[0.468s] -- Detecting CXX compiler ABI info - done
[0.476s] -- Check for working CXX compiler: /usr/bin/c++ - skipped
[0.476s] -- Detecting CXX compile features
[0.476s] -- Detecting CXX compile features - done
[0.479s] -- Found ament_cmake: 1.3.5 (/opt/ros/humble/share/ament_cmake/cmake)
[0.659s] -- Found Python3: /usr/bin/python3.10 (found version "3.10.12") found components: Interpreter 
[0.742s] -- Found dynamixel_sdk: 3.7.60 (/home/noma/FINAL_ws/manipulator/install/dynamixel_sdk/share/dynamixel_sdk/cmake)
[0.744s] -- Found dynamixel_sdk_custom_interfaces: 3.7.60 (/home/noma/FINAL_ws/manipulator/install/dynamixel_sdk_custom_interfaces/share/dynamixel_sdk_custom_interfaces/cmake)
[0.778s] -- Found rosidl_generator_c: 3.1.5 (/opt/ros/humble/share/rosidl_generator_c/cmake)
[0.783s] -- Found rosidl_adapter: 3.1.5 (/opt/ros/humble/share/rosidl_adapter/cmake)
[0.792s] -- Found rosidl_generator_cpp: 3.1.5 (/opt/ros/humble/share/rosidl_generator_cpp/cmake)
[0.805s] -- Using all available rosidl_typesupport_c: rosidl_typesupport_fastrtps_c;rosidl_typesupport_introspection_c
[0.825s] -- Using all available rosidl_typesupport_cpp: rosidl_typesupport_fastrtps_cpp;rosidl_typesupport_introspection_cpp
[0.884s] -- Found rclcpp: 16.0.6 (/opt/ros/humble/share/rclcpp/cmake)
[0.944s] -- Found rmw_implementation_cmake: 6.1.1 (/opt/ros/humble/share/rmw_implementation_cmake/cmake)
[0.946s] -- Found rmw_fastrtps_cpp: 6.2.4 (/opt/ros/humble/share/rmw_fastrtps_cpp/cmake)
[1.032s] -- Found OpenSSL: /usr/lib/x86_64-linux-gnu/libcrypto.so (found version "3.0.2")  
[1.057s] -- Found FastRTPS: /opt/ros/humble/include  
[1.102s] -- Using RMW implementation 'rmw_fastrtps_cpp' as default
[1.111s] -- Looking for pthread.h
[1.175s] -- Looking for pthread.h - found
[1.176s] -- Performing Test CMAKE_HAVE_LIBC_PTHREAD
[1.240s] -- Performing Test CMAKE_HAVE_LIBC_PTHREAD - Success
[1.241s] -- Found Threads: TRUE  
[1.424s] -- Found ament_lint_auto: 0.12.8 (/opt/ros/humble/share/ament_lint_auto/cmake)
[1.505s] -- Added test 'copyright' to check source files copyright and LICENSE
[1.505s] -- Added test 'cppcheck' to perform static code analysis on C / C++ code
[1.506s] -- Configured cppcheck include dirs: /home/noma/FINAL_ws/manipulator/src/DynamixelSDK/dynamixel_sdk_examples/include
[1.506s] -- Configured cppcheck exclude dirs and/or files: 
[1.506s] -- Added test 'cpplint' to check C / C++ code against the Google style
[1.507s] -- Configured cpplint exclude dirs and/or files: 
[1.507s] -- Added test 'lint_cmake' to check CMake code style
[1.508s] -- Added test 'uncrustify' to check C / C++ code style
[1.508s] -- Configured uncrustify additional arguments: 
[1.509s] -- Added test 'xmllint' to check XML markup files
[1.510s] -- Configuring done
[1.518s] -- Generating done
[1.519s] -- Build files have been written to: /home/noma/FINAL_ws/manipulator/build/dynamixel_sdk_examples
[1.529s] Invoked command in '/home/noma/FINAL_ws/manipulator/build/dynamixel_sdk_examples' returned '0': AMENT_PREFIX_PATH=/home/noma/FINAL_ws/manipulator/install/dynamixel_sdk_custom_interfaces:/home/noma/FINAL_ws/manipulator/install/dynamixel_sdk:${AMENT_PREFIX_PATH} CMAKE_PREFIX_PATH=/home/noma/FINAL_ws/manipulator/install/dynamixel_sdk_custom_interfaces:/home/noma/FINAL_ws/manipulator/install/dynamixel_sdk:/opt/ros/humble LD_LIBRARY_PATH=/home/noma/FINAL_ws/manipulator/install/dynamixel_sdk_custom_interfaces/lib:/home/noma/FINAL_ws/manipulator/install/dynamixel_sdk/lib:/usr/lib/x86_64-linux-gnu/gazebo-11/plugins:/opt/ros/humble/opt/rviz_ogre_vendor/lib:/opt/ros/humble/lib/x86_64-linux-gnu:/opt/ros/humble/lib:/usr/local/cuda-11.7/lib64:/usr/local/cuda-11.7/lib64/ PYTHONPATH=/home/noma/FINAL_ws/manipulator/install/dynamixel_sdk_custom_interfaces/local/lib/python3.10/dist-packages:${PYTHONPATH} /usr/bin/cmake /home/noma/FINAL_ws/manipulator/src/DynamixelSDK/dynamixel_sdk_examples -DCMAKE_INSTALL_PREFIX=/home/noma/FINAL_ws/manipulator/install/dynamixel_sdk_examples
[1.530s] Invoking command in '/home/noma/FINAL_ws/manipulator/build/dynamixel_sdk_examples': AMENT_PREFIX_PATH=/home/noma/FINAL_ws/manipulator/install/dynamixel_sdk_custom_interfaces:/home/noma/FINAL_ws/manipulator/install/dynamixel_sdk:${AMENT_PREFIX_PATH} CMAKE_PREFIX_PATH=/home/noma/FINAL_ws/manipulator/install/dynamixel_sdk_custom_interfaces:/home/noma/FINAL_ws/manipulator/install/dynamixel_sdk:/opt/ros/humble LD_LIBRARY_PATH=/home/noma/FINAL_ws/manipulator/install/dynamixel_sdk_custom_interfaces/lib:/home/noma/FINAL_ws/manipulator/install/dynamixel_sdk/lib:/usr/lib/x86_64-linux-gnu/gazebo-11/plugins:/opt/ros/humble/opt/rviz_ogre_vendor/lib:/opt/ros/humble/lib/x86_64-linux-gnu:/opt/ros/humble/lib:/usr/local/cuda-11.7/lib64:/usr/local/cuda-11.7/lib64/ PYTHONPATH=/home/noma/FINAL_ws/manipulator/install/dynamixel_sdk_custom_interfaces/local/lib/python3.10/dist-packages:${PYTHONPATH} /usr/bin/cmake --build /home/noma/FINAL_ws/manipulator/build/dynamixel_sdk_examples -- -j8 -l8
[1.572s] [ 50%] [32mBuilding CXX object CMakeFiles/read_write_node.dir/src/read_write_node.cpp.o[0m
[10.413s] [100%] [32m[1mLinking CXX executable read_write_node[0m
[10.842s] [100%] Built target read_write_node
[10.854s] Invoked command in '/home/noma/FINAL_ws/manipulator/build/dynamixel_sdk_examples' returned '0': AMENT_PREFIX_PATH=/home/noma/FINAL_ws/manipulator/install/dynamixel_sdk_custom_interfaces:/home/noma/FINAL_ws/manipulator/install/dynamixel_sdk:${AMENT_PREFIX_PATH} CMAKE_PREFIX_PATH=/home/noma/FINAL_ws/manipulator/install/dynamixel_sdk_custom_interfaces:/home/noma/FINAL_ws/manipulator/install/dynamixel_sdk:/opt/ros/humble LD_LIBRARY_PATH=/home/noma/FINAL_ws/manipulator/install/dynamixel_sdk_custom_interfaces/lib:/home/noma/FINAL_ws/manipulator/install/dynamixel_sdk/lib:/usr/lib/x86_64-linux-gnu/gazebo-11/plugins:/opt/ros/humble/opt/rviz_ogre_vendor/lib:/opt/ros/humble/lib/x86_64-linux-gnu:/opt/ros/humble/lib:/usr/local/cuda-11.7/lib64:/usr/local/cuda-11.7/lib64/ PYTHONPATH=/home/noma/FINAL_ws/manipulator/install/dynamixel_sdk_custom_interfaces/local/lib/python3.10/dist-packages:${PYTHONPATH} /usr/bin/cmake --build /home/noma/FINAL_ws/manipulator/build/dynamixel_sdk_examples -- -j8 -l8
[10.880s] Invoking command in '/home/noma/FINAL_ws/manipulator/build/dynamixel_sdk_examples': AMENT_PREFIX_PATH=/home/noma/FINAL_ws/manipulator/install/dynamixel_sdk_custom_interfaces:/home/noma/FINAL_ws/manipulator/install/dynamixel_sdk:${AMENT_PREFIX_PATH} CMAKE_PREFIX_PATH=/home/noma/FINAL_ws/manipulator/install/dynamixel_sdk_custom_interfaces:/home/noma/FINAL_ws/manipulator/install/dynamixel_sdk:/opt/ros/humble LD_LIBRARY_PATH=/home/noma/FINAL_ws/manipulator/install/dynamixel_sdk_custom_interfaces/lib:/home/noma/FINAL_ws/manipulator/install/dynamixel_sdk/lib:/usr/lib/x86_64-linux-gnu/gazebo-11/plugins:/opt/ros/humble/opt/rviz_ogre_vendor/lib:/opt/ros/humble/lib/x86_64-linux-gnu:/opt/ros/humble/lib:/usr/local/cuda-11.7/lib64:/usr/local/cuda-11.7/lib64/ PYTHONPATH=/home/noma/FINAL_ws/manipulator/install/dynamixel_sdk_custom_interfaces/local/lib/python3.10/dist-packages:${PYTHONPATH} /usr/bin/cmake --install /home/noma/FINAL_ws/manipulator/build/dynamixel_sdk_examples
[10.887s] -- Install configuration: ""
[10.887s] -- Installing: /home/noma/FINAL_ws/manipulator/install/dynamixel_sdk_examples/lib/dynamixel_sdk_examples/read_write_node
[10.891s] -- Set runtime path of "/home/noma/FINAL_ws/manipulator/install/dynamixel_sdk_examples/lib/dynamixel_sdk_examples/read_write_node" to ""
[10.891s] -- Installing: /home/noma/FINAL_ws/manipulator/install/dynamixel_sdk_examples/share/ament_index/resource_index/package_run_dependencies/dynamixel_sdk_examples
[10.891s] -- Installing: /home/noma/FINAL_ws/manipulator/install/dynamixel_sdk_examples/share/ament_index/resource_index/parent_prefix_path/dynamixel_sdk_examples
[10.891s] -- Installing: /home/noma/FINAL_ws/manipulator/install/dynamixel_sdk_examples/share/dynamixel_sdk_examples/environment/ament_prefix_path.sh
[10.891s] -- Installing: /home/noma/FINAL_ws/manipulator/install/dynamixel_sdk_examples/share/dynamixel_sdk_examples/environment/ament_prefix_path.dsv
[10.891s] -- Installing: /home/noma/FINAL_ws/manipulator/install/dynamixel_sdk_examples/share/dynamixel_sdk_examples/environment/path.sh
[10.892s] -- Installing: /home/noma/FINAL_ws/manipulator/install/dynamixel_sdk_examples/share/dynamixel_sdk_examples/environment/path.dsv
[10.892s] -- Installing: /home/noma/FINAL_ws/manipulator/install/dynamixel_sdk_examples/share/dynamixel_sdk_examples/local_setup.bash
[10.892s] -- Installing: /home/noma/FINAL_ws/manipulator/install/dynamixel_sdk_examples/share/dynamixel_sdk_examples/local_setup.sh
[10.892s] -- Installing: /home/noma/FINAL_ws/manipulator/install/dynamixel_sdk_examples/share/dynamixel_sdk_examples/local_setup.zsh
[10.892s] -- Installing: /home/noma/FINAL_ws/manipulator/install/dynamixel_sdk_examples/share/dynamixel_sdk_examples/local_setup.dsv
[10.892s] -- Installing: /home/noma/FINAL_ws/manipulator/install/dynamixel_sdk_examples/share/dynamixel_sdk_examples/package.dsv
[10.892s] -- Installing: /home/noma/FINAL_ws/manipulator/install/dynamixel_sdk_examples/share/ament_index/resource_index/packages/dynamixel_sdk_examples
[10.892s] -- Installing: /home/noma/FINAL_ws/manipulator/install/dynamixel_sdk_examples/share/dynamixel_sdk_examples/cmake/dynamixel_sdk_examplesConfig.cmake
[10.892s] -- Installing: /home/noma/FINAL_ws/manipulator/install/dynamixel_sdk_examples/share/dynamixel_sdk_examples/cmake/dynamixel_sdk_examplesConfig-version.cmake
[10.892s] -- Installing: /home/noma/FINAL_ws/manipulator/install/dynamixel_sdk_examples/share/dynamixel_sdk_examples/package.xml
[10.894s] Invoked command in '/home/noma/FINAL_ws/manipulator/build/dynamixel_sdk_examples' returned '0': AMENT_PREFIX_PATH=/home/noma/FINAL_ws/manipulator/install/dynamixel_sdk_custom_interfaces:/home/noma/FINAL_ws/manipulator/install/dynamixel_sdk:${AMENT_PREFIX_PATH} CMAKE_PREFIX_PATH=/home/noma/FINAL_ws/manipulator/install/dynamixel_sdk_custom_interfaces:/home/noma/FINAL_ws/manipulator/install/dynamixel_sdk:/opt/ros/humble LD_LIBRARY_PATH=/home/noma/FINAL_ws/manipulator/install/dynamixel_sdk_custom_interfaces/lib:/home/noma/FINAL_ws/manipulator/install/dynamixel_sdk/lib:/usr/lib/x86_64-linux-gnu/gazebo-11/plugins:/opt/ros/humble/opt/rviz_ogre_vendor/lib:/opt/ros/humble/lib/x86_64-linux-gnu:/opt/ros/humble/lib:/usr/local/cuda-11.7/lib64:/usr/local/cuda-11.7/lib64/ PYTHONPATH=/home/noma/FINAL_ws/manipulator/install/dynamixel_sdk_custom_interfaces/local/lib/python3.10/dist-packages:${PYTHONPATH} /usr/bin/cmake --install /home/noma/FINAL_ws/manipulator/build/dynamixel_sdk_examples
