[0.610s] Invoking command in '/home/noma/FINAL_ws/manipulator/build/dynamixel_sdk': CMAKE_PREFIX_PATH=/opt/ros/humble /usr/bin/cmake /home/noma/FINAL_ws/manipulator/src/DynamixelSDK/dynamixel_sdk -DCMAKE_INSTALL_PREFIX=/home/noma/FINAL_ws/manipulator/install/dynamixel_sdk
[0.629s] -- Found ament_cmake: 1.3.5 (/opt/ros/humble/share/ament_cmake/cmake)
[0.860s] -- Found Python3: /usr/bin/python3.10 (found version "3.10.12") found components: Interpreter 
[1.113s] -- Configuring done
[1.121s] -- Generating done
[1.122s] -- Build files have been written to: /home/noma/FINAL_ws/manipulator/build/dynamixel_sdk
[1.188s] Invoked command in '/home/noma/FINAL_ws/manipulator/build/dynamixel_sdk' returned '0': CMAKE_PREFIX_PATH=/opt/ros/humble /usr/bin/cmake /home/noma/FINAL_ws/manipulator/src/DynamixelSDK/dynamixel_sdk -DCMAKE_INSTALL_PREFIX=/home/noma/FINAL_ws/manipulator/install/dynamixel_sdk
[1.190s] Invoking command in '/home/noma/FINAL_ws/manipulator/build/dynamixel_sdk': CMAKE_PREFIX_PATH=/opt/ros/humble /usr/bin/cmake --build /home/noma/FINAL_ws/manipulator/build/dynamixel_sdk -- -j8 -l8
[1.245s] [ 10%] [32mBuilding CXX object CMakeFiles/dynamixel_sdk.dir/src/dynamixel_sdk/packet_handler.cpp.o[0m
[1.247s] [ 20%] [32mBuilding CXX object CMakeFiles/dynamixel_sdk.dir/src/dynamixel_sdk/group_sync_read.cpp.o[0m
[1.247s] [ 30%] [32mBuilding CXX object CMakeFiles/dynamixel_sdk.dir/src/dynamixel_sdk/protocol2_packet_handler.cpp.o[0m
[1.249s] [ 40%] [32mBuilding CXX object CMakeFiles/dynamixel_sdk.dir/src/dynamixel_sdk/group_sync_write.cpp.o[0m
[1.256s] [ 50%] [32mBuilding CXX object CMakeFiles/dynamixel_sdk.dir/src/dynamixel_sdk/group_bulk_read.cpp.o[0m
[1.260s] [ 60%] [32mBuilding CXX object CMakeFiles/dynamixel_sdk.dir/src/dynamixel_sdk/protocol1_packet_handler.cpp.o[0m
[1.272s] [ 70%] [32mBuilding CXX object CMakeFiles/dynamixel_sdk.dir/src/dynamixel_sdk/group_bulk_write.cpp.o[0m
[1.305s] [ 80%] [32mBuilding CXX object CMakeFiles/dynamixel_sdk.dir/src/dynamixel_sdk/port_handler.cpp.o[0m
[1.397s] [ 90%] [32mBuilding CXX object CMakeFiles/dynamixel_sdk.dir/src/dynamixel_sdk/port_handler_linux.cpp.o[0m
[2.183s] [100%] [32m[1mLinking CXX shared library libdynamixel_sdk.so[0m
[2.281s] [100%] Built target dynamixel_sdk
[2.402s] Invoked command in '/home/noma/FINAL_ws/manipulator/build/dynamixel_sdk' returned '0': CMAKE_PREFIX_PATH=/opt/ros/humble /usr/bin/cmake --build /home/noma/FINAL_ws/manipulator/build/dynamixel_sdk -- -j8 -l8
[2.437s] Invoking command in '/home/noma/FINAL_ws/manipulator/build/dynamixel_sdk': CMAKE_PREFIX_PATH=/opt/ros/humble /usr/bin/cmake --install /home/noma/FINAL_ws/manipulator/build/dynamixel_sdk
[2.445s] -- Install configuration: ""
[2.445s] -- Installing: /home/noma/FINAL_ws/manipulator/install/dynamixel_sdk/include/
[2.445s] -- Installing: /home/noma/FINAL_ws/manipulator/install/dynamixel_sdk/include//dynamixel_sdk
[2.446s] -- Installing: /home/noma/FINAL_ws/manipulator/install/dynamixel_sdk/include//dynamixel_sdk/port_handler_linux.h
[2.446s] -- Installing: /home/noma/FINAL_ws/manipulator/install/dynamixel_sdk/include//dynamixel_sdk/port_handler_arduino.h
[2.446s] -- Installing: /home/noma/FINAL_ws/manipulator/install/dynamixel_sdk/include//dynamixel_sdk/port_handler_mac.h
[2.446s] -- Installing: /home/noma/FINAL_ws/manipulator/install/dynamixel_sdk/include//dynamixel_sdk/packet_handler.h
[2.446s] -- Installing: /home/noma/FINAL_ws/manipulator/install/dynamixel_sdk/include//dynamixel_sdk/port_handler_windows.h
[2.447s] -- Installing: /home/noma/FINAL_ws/manipulator/install/dynamixel_sdk/include//dynamixel_sdk/group_bulk_write.h
[2.447s] -- Installing: /home/noma/FINAL_ws/manipulator/install/dynamixel_sdk/include//dynamixel_sdk/group_sync_write.h
[2.447s] -- Installing: /home/noma/FINAL_ws/manipulator/install/dynamixel_sdk/include//dynamixel_sdk/dynamixel_sdk.h
[2.447s] -- Installing: /home/noma/FINAL_ws/manipulator/install/dynamixel_sdk/include//dynamixel_sdk/group_sync_read.h
[2.447s] -- Installing: /home/noma/FINAL_ws/manipulator/install/dynamixel_sdk/include//dynamixel_sdk/protocol2_packet_handler.h
[2.447s] -- Installing: /home/noma/FINAL_ws/manipulator/install/dynamixel_sdk/include//dynamixel_sdk/group_bulk_read.h
[2.447s] -- Installing: /home/noma/FINAL_ws/manipulator/install/dynamixel_sdk/include//dynamixel_sdk/port_handler.h
[2.448s] -- Installing: /home/noma/FINAL_ws/manipulator/install/dynamixel_sdk/include//dynamixel_sdk/protocol1_packet_handler.h
[2.448s] -- Installing: /home/noma/FINAL_ws/manipulator/install/dynamixel_sdk/lib/libdynamixel_sdk.so
[2.448s] -- Installing: /home/noma/FINAL_ws/manipulator/install/dynamixel_sdk/share/dynamixel_sdk/environment/library_path.sh
[2.448s] -- Installing: /home/noma/FINAL_ws/manipulator/install/dynamixel_sdk/share/dynamixel_sdk/environment/library_path.dsv
[2.448s] -- Installing: /home/noma/FINAL_ws/manipulator/install/dynamixel_sdk/share/ament_index/resource_index/package_run_dependencies/dynamixel_sdk
[2.448s] -- Installing: /home/noma/FINAL_ws/manipulator/install/dynamixel_sdk/share/ament_index/resource_index/parent_prefix_path/dynamixel_sdk
[2.449s] -- Installing: /home/noma/FINAL_ws/manipulator/install/dynamixel_sdk/share/dynamixel_sdk/environment/ament_prefix_path.sh
[2.449s] -- Installing: /home/noma/FINAL_ws/manipulator/install/dynamixel_sdk/share/dynamixel_sdk/environment/ament_prefix_path.dsv
[2.449s] -- Installing: /home/noma/FINAL_ws/manipulator/install/dynamixel_sdk/share/dynamixel_sdk/environment/path.sh
[2.449s] -- Installing: /home/noma/FINAL_ws/manipulator/install/dynamixel_sdk/share/dynamixel_sdk/environment/path.dsv
[2.449s] -- Installing: /home/noma/FINAL_ws/manipulator/install/dynamixel_sdk/share/dynamixel_sdk/local_setup.bash
[2.449s] -- Installing: /home/noma/FINAL_ws/manipulator/install/dynamixel_sdk/share/dynamixel_sdk/local_setup.sh
[2.449s] -- Installing: /home/noma/FINAL_ws/manipulator/install/dynamixel_sdk/share/dynamixel_sdk/local_setup.zsh
[2.450s] -- Installing: /home/noma/FINAL_ws/manipulator/install/dynamixel_sdk/share/dynamixel_sdk/local_setup.dsv
[2.450s] -- Installing: /home/noma/FINAL_ws/manipulator/install/dynamixel_sdk/share/dynamixel_sdk/package.dsv
[2.450s] -- Installing: /home/noma/FINAL_ws/manipulator/install/dynamixel_sdk/share/ament_index/resource_index/packages/dynamixel_sdk
[2.450s] -- Installing: /home/noma/FINAL_ws/manipulator/install/dynamixel_sdk/share/dynamixel_sdk/cmake/ament_cmake_export_include_directories-extras.cmake
[2.450s] -- Installing: /home/noma/FINAL_ws/manipulator/install/dynamixel_sdk/share/dynamixel_sdk/cmake/ament_cmake_export_libraries-extras.cmake
[2.450s] -- Installing: /home/noma/FINAL_ws/manipulator/install/dynamixel_sdk/share/dynamixel_sdk/cmake/dynamixel_sdkConfig.cmake
[2.450s] -- Installing: /home/noma/FINAL_ws/manipulator/install/dynamixel_sdk/share/dynamixel_sdk/cmake/dynamixel_sdkConfig-version.cmake
[2.450s] -- Installing: /home/noma/FINAL_ws/manipulator/install/dynamixel_sdk/share/dynamixel_sdk/package.xml
[2.452s] Invoked command in '/home/noma/FINAL_ws/manipulator/build/dynamixel_sdk' returned '0': CMAKE_PREFIX_PATH=/opt/ros/humble /usr/bin/cmake --install /home/noma/FINAL_ws/manipulator/build/dynamixel_sdk
