[0.350s] Invoking command in '/home/noma/FINAL_ws/manipulator/build/dynamixel_sdk_custom_interfaces': CMAKE_PREFIX_PATH=${CMAKE_PREFIX_PATH}:/home/noma/FINAL_ws/manipulator/install/test_package:/home/noma/FINAL_ws/manipulator/install/open_manipulator_x_teleop:/opt/ros/humble /usr/bin/cmake --build /home/noma/FINAL_ws/manipulator/build/dynamixel_sdk_custom_interfaces -- -j8 -l8
[0.415s] [ 10%] Built target dynamixel_sdk_custom_interfaces__rosidl_generator_c
[0.416s] [ 12%] Built target dynamixel_sdk_custom_interfaces__cpp
[0.434s] [ 12%] Built target ament_cmake_python_copy_dynamixel_sdk_custom_interfaces
[0.449s] [ 23%] Built target dynamixel_sdk_custom_interfaces__rosidl_typesupport_introspection_c
[0.458s] [ 33%] Built target dynamixel_sdk_custom_interfaces__rosidl_typesupport_cpp
[0.478s] [ 43%] Built target dynamixel_sdk_custom_interfaces__rosidl_typesupport_introspection_cpp
[0.478s] [ 53%] Built target dynamixel_sdk_custom_interfaces__rosidl_typesupport_fastrtps_c
[0.479s] [ 64%] Built target dynamixel_sdk_custom_interfaces__rosidl_typesupport_c
[0.480s] [ 74%] Built target dynamixel_sdk_custom_interfaces__rosidl_typesupport_fastrtps_cpp
[0.504s] [ 74%] Built target dynamixel_sdk_custom_interfaces
[0.523s] [ 76%] Built target dynamixel_sdk_custom_interfaces__py
[0.543s] [ 84%] Built target dynamixel_sdk_custom_interfaces__rosidl_generator_py
[0.570s] [ 89%] Built target dynamixel_sdk_custom_interfaces__rosidl_typesupport_introspection_c__pyext
[0.572s] [ 94%] Built target dynamixel_sdk_custom_interfaces__rosidl_typesupport_c__pyext
[0.572s] [100%] Built target dynamixel_sdk_custom_interfaces__rosidl_typesupport_fastrtps_c__pyext
[0.858s] running egg_info
[0.858s] writing dynamixel_sdk_custom_interfaces.egg-info/PKG-INFO
[0.859s] writing dependency_links to dynamixel_sdk_custom_interfaces.egg-info/dependency_links.txt
[0.859s] writing top-level names to dynamixel_sdk_custom_interfaces.egg-info/top_level.txt
[0.861s] reading manifest file 'dynamixel_sdk_custom_interfaces.egg-info/SOURCES.txt'
[0.861s] writing manifest file 'dynamixel_sdk_custom_interfaces.egg-info/SOURCES.txt'
[0.885s] [100%] Built target ament_cmake_python_build_dynamixel_sdk_custom_interfaces_egg
[0.932s] Invoked command in '/home/noma/FINAL_ws/manipulator/build/dynamixel_sdk_custom_interfaces' returned '0': CMAKE_PREFIX_PATH=${CMAKE_PREFIX_PATH}:/home/noma/FINAL_ws/manipulator/install/test_package:/home/noma/FINAL_ws/manipulator/install/open_manipulator_x_teleop:/opt/ros/humble /usr/bin/cmake --build /home/noma/FINAL_ws/manipulator/build/dynamixel_sdk_custom_interfaces -- -j8 -l8
[1.180s] Invoking command in '/home/noma/FINAL_ws/manipulator/build/dynamixel_sdk_custom_interfaces': CMAKE_PREFIX_PATH=${CMAKE_PREFIX_PATH}:/home/noma/FINAL_ws/manipulator/install/test_package:/home/noma/FINAL_ws/manipulator/install/open_manipulator_x_teleop:/opt/ros/humble /usr/bin/cmake --install /home/noma/FINAL_ws/manipulator/build/dynamixel_sdk_custom_interfaces
[1.298s] -- Install configuration: ""
[1.298s] -- Up-to-date: /home/noma/FINAL_ws/manipulator/install/dynamixel_sdk_custom_interfaces/share/ament_index/resource_index/rosidl_interfaces/dynamixel_sdk_custom_interfaces
[1.298s] -- Up-to-date: /home/noma/FINAL_ws/manipulator/install/dynamixel_sdk_custom_interfaces/include/dynamixel_sdk_custom_interfaces/dynamixel_sdk_custom_interfaces
[1.298s] -- Up-to-date: /home/noma/FINAL_ws/manipulator/install/dynamixel_sdk_custom_interfaces/include/dynamixel_sdk_custom_interfaces/dynamixel_sdk_custom_interfaces/srv
[1.298s] -- Up-to-date: /home/noma/FINAL_ws/manipulator/install/dynamixel_sdk_custom_interfaces/include/dynamixel_sdk_custom_interfaces/dynamixel_sdk_custom_interfaces/srv/get_position.h
[1.299s] -- Up-to-date: /home/noma/FINAL_ws/manipulator/install/dynamixel_sdk_custom_interfaces/include/dynamixel_sdk_custom_interfaces/dynamixel_sdk_custom_interfaces/srv/detail
[1.299s] -- Up-to-date: /home/noma/FINAL_ws/manipulator/install/dynamixel_sdk_custom_interfaces/include/dynamixel_sdk_custom_interfaces/dynamixel_sdk_custom_interfaces/srv/detail/get_position__struct.h
[1.299s] -- Up-to-date: /home/noma/FINAL_ws/manipulator/install/dynamixel_sdk_custom_interfaces/include/dynamixel_sdk_custom_interfaces/dynamixel_sdk_custom_interfaces/srv/detail/get_position__functions.c
[1.299s] -- Up-to-date: /home/noma/FINAL_ws/manipulator/install/dynamixel_sdk_custom_interfaces/include/dynamixel_sdk_custom_interfaces/dynamixel_sdk_custom_interfaces/srv/detail/get_position__type_support.h
[1.299s] -- Up-to-date: /home/noma/FINAL_ws/manipulator/install/dynamixel_sdk_custom_interfaces/include/dynamixel_sdk_custom_interfaces/dynamixel_sdk_custom_interfaces/srv/detail/get_position__functions.h
[1.300s] -- Up-to-date: /home/noma/FINAL_ws/manipulator/install/dynamixel_sdk_custom_interfaces/include/dynamixel_sdk_custom_interfaces/dynamixel_sdk_custom_interfaces/msg
[1.300s] -- Up-to-date: /home/noma/FINAL_ws/manipulator/install/dynamixel_sdk_custom_interfaces/include/dynamixel_sdk_custom_interfaces/dynamixel_sdk_custom_interfaces/msg/rosidl_generator_c__visibility_control.h
[1.300s] -- Up-to-date: /home/noma/FINAL_ws/manipulator/install/dynamixel_sdk_custom_interfaces/include/dynamixel_sdk_custom_interfaces/dynamixel_sdk_custom_interfaces/msg/set_position.h
[1.300s] -- Up-to-date: /home/noma/FINAL_ws/manipulator/install/dynamixel_sdk_custom_interfaces/include/dynamixel_sdk_custom_interfaces/dynamixel_sdk_custom_interfaces/msg/detail
[1.300s] -- Up-to-date: /home/noma/FINAL_ws/manipulator/install/dynamixel_sdk_custom_interfaces/include/dynamixel_sdk_custom_interfaces/dynamixel_sdk_custom_interfaces/msg/detail/set_position__functions.c
[1.300s] -- Up-to-date: /home/noma/FINAL_ws/manipulator/install/dynamixel_sdk_custom_interfaces/include/dynamixel_sdk_custom_interfaces/dynamixel_sdk_custom_interfaces/msg/detail/set_position__type_support.h
[1.301s] -- Up-to-date: /home/noma/FINAL_ws/manipulator/install/dynamixel_sdk_custom_interfaces/include/dynamixel_sdk_custom_interfaces/dynamixel_sdk_custom_interfaces/msg/detail/set_position__struct.h
[1.301s] -- Up-to-date: /home/noma/FINAL_ws/manipulator/install/dynamixel_sdk_custom_interfaces/include/dynamixel_sdk_custom_interfaces/dynamixel_sdk_custom_interfaces/msg/detail/set_position__functions.h
[1.301s] -- Up-to-date: /home/noma/FINAL_ws/manipulator/install/dynamixel_sdk_custom_interfaces/share/dynamixel_sdk_custom_interfaces/environment/library_path.sh
[1.301s] -- Up-to-date: /home/noma/FINAL_ws/manipulator/install/dynamixel_sdk_custom_interfaces/share/dynamixel_sdk_custom_interfaces/environment/library_path.dsv
[1.301s] -- Up-to-date: /home/noma/FINAL_ws/manipulator/install/dynamixel_sdk_custom_interfaces/lib/libdynamixel_sdk_custom_interfaces__rosidl_generator_c.so
[1.301s] -- Up-to-date: /home/noma/FINAL_ws/manipulator/install/dynamixel_sdk_custom_interfaces/include/dynamixel_sdk_custom_interfaces/dynamixel_sdk_custom_interfaces
[1.302s] -- Up-to-date: /home/noma/FINAL_ws/manipulator/install/dynamixel_sdk_custom_interfaces/include/dynamixel_sdk_custom_interfaces/dynamixel_sdk_custom_interfaces/srv
[1.309s] -- Up-to-date: /home/noma/FINAL_ws/manipulator/install/dynamixel_sdk_custom_interfaces/include/dynamixel_sdk_custom_interfaces/dynamixel_sdk_custom_interfaces/srv/detail
[1.309s] -- Up-to-date: /home/noma/FINAL_ws/manipulator/install/dynamixel_sdk_custom_interfaces/include/dynamixel_sdk_custom_interfaces/dynamixel_sdk_custom_interfaces/srv/detail/get_position__rosidl_typesupport_fastrtps_c.h
[1.310s] -- Up-to-date: /home/noma/FINAL_ws/manipulator/install/dynamixel_sdk_custom_interfaces/include/dynamixel_sdk_custom_interfaces/dynamixel_sdk_custom_interfaces/msg
[1.310s] -- Up-to-date: /home/noma/FINAL_ws/manipulator/install/dynamixel_sdk_custom_interfaces/include/dynamixel_sdk_custom_interfaces/dynamixel_sdk_custom_interfaces/msg/detail
[1.310s] -- Up-to-date: /home/noma/FINAL_ws/manipulator/install/dynamixel_sdk_custom_interfaces/include/dynamixel_sdk_custom_interfaces/dynamixel_sdk_custom_interfaces/msg/detail/set_position__rosidl_typesupport_fastrtps_c.h
[1.310s] -- Up-to-date: /home/noma/FINAL_ws/manipulator/install/dynamixel_sdk_custom_interfaces/include/dynamixel_sdk_custom_interfaces/dynamixel_sdk_custom_interfaces/msg/rosidl_typesupport_fastrtps_c__visibility_control.h
[1.310s] -- Up-to-date: /home/noma/FINAL_ws/manipulator/install/dynamixel_sdk_custom_interfaces/lib/libdynamixel_sdk_custom_interfaces__rosidl_typesupport_fastrtps_c.so
[1.311s] -- Up-to-date: /home/noma/FINAL_ws/manipulator/install/dynamixel_sdk_custom_interfaces/include/dynamixel_sdk_custom_interfaces/dynamixel_sdk_custom_interfaces
[1.311s] -- Up-to-date: /home/noma/FINAL_ws/manipulator/install/dynamixel_sdk_custom_interfaces/include/dynamixel_sdk_custom_interfaces/dynamixel_sdk_custom_interfaces/srv
[1.311s] -- Up-to-date: /home/noma/FINAL_ws/manipulator/install/dynamixel_sdk_custom_interfaces/include/dynamixel_sdk_custom_interfaces/dynamixel_sdk_custom_interfaces/srv/get_position.hpp
[1.311s] -- Up-to-date: /home/noma/FINAL_ws/manipulator/install/dynamixel_sdk_custom_interfaces/include/dynamixel_sdk_custom_interfaces/dynamixel_sdk_custom_interfaces/srv/detail
[1.311s] -- Up-to-date: /home/noma/FINAL_ws/manipulator/install/dynamixel_sdk_custom_interfaces/include/dynamixel_sdk_custom_interfaces/dynamixel_sdk_custom_interfaces/srv/detail/get_position__struct.hpp
[1.311s] -- Up-to-date: /home/noma/FINAL_ws/manipulator/install/dynamixel_sdk_custom_interfaces/include/dynamixel_sdk_custom_interfaces/dynamixel_sdk_custom_interfaces/srv/detail/get_position__traits.hpp
[1.311s] -- Up-to-date: /home/noma/FINAL_ws/manipulator/install/dynamixel_sdk_custom_interfaces/include/dynamixel_sdk_custom_interfaces/dynamixel_sdk_custom_interfaces/srv/detail/get_position__builder.hpp
[1.312s] -- Up-to-date: /home/noma/FINAL_ws/manipulator/install/dynamixel_sdk_custom_interfaces/include/dynamixel_sdk_custom_interfaces/dynamixel_sdk_custom_interfaces/msg
[1.312s] -- Up-to-date: /home/noma/FINAL_ws/manipulator/install/dynamixel_sdk_custom_interfaces/include/dynamixel_sdk_custom_interfaces/dynamixel_sdk_custom_interfaces/msg/set_position.hpp
[1.312s] -- Up-to-date: /home/noma/FINAL_ws/manipulator/install/dynamixel_sdk_custom_interfaces/include/dynamixel_sdk_custom_interfaces/dynamixel_sdk_custom_interfaces/msg/detail
[1.312s] -- Up-to-date: /home/noma/FINAL_ws/manipulator/install/dynamixel_sdk_custom_interfaces/include/dynamixel_sdk_custom_interfaces/dynamixel_sdk_custom_interfaces/msg/detail/set_position__traits.hpp
[1.312s] -- Up-to-date: /home/noma/FINAL_ws/manipulator/install/dynamixel_sdk_custom_interfaces/include/dynamixel_sdk_custom_interfaces/dynamixel_sdk_custom_interfaces/msg/detail/set_position__struct.hpp
[1.312s] -- Up-to-date: /home/noma/FINAL_ws/manipulator/install/dynamixel_sdk_custom_interfaces/include/dynamixel_sdk_custom_interfaces/dynamixel_sdk_custom_interfaces/msg/detail/set_position__builder.hpp
[1.312s] -- Up-to-date: /home/noma/FINAL_ws/manipulator/install/dynamixel_sdk_custom_interfaces/include/dynamixel_sdk_custom_interfaces/dynamixel_sdk_custom_interfaces
[1.313s] -- Up-to-date: /home/noma/FINAL_ws/manipulator/install/dynamixel_sdk_custom_interfaces/include/dynamixel_sdk_custom_interfaces/dynamixel_sdk_custom_interfaces/srv
[1.313s] -- Up-to-date: /home/noma/FINAL_ws/manipulator/install/dynamixel_sdk_custom_interfaces/include/dynamixel_sdk_custom_interfaces/dynamixel_sdk_custom_interfaces/srv/detail
[1.313s] -- Up-to-date: /home/noma/FINAL_ws/manipulator/install/dynamixel_sdk_custom_interfaces/include/dynamixel_sdk_custom_interfaces/dynamixel_sdk_custom_interfaces/srv/detail/dds_fastrtps
[1.313s] -- Up-to-date: /home/noma/FINAL_ws/manipulator/install/dynamixel_sdk_custom_interfaces/include/dynamixel_sdk_custom_interfaces/dynamixel_sdk_custom_interfaces/srv/detail/get_position__rosidl_typesupport_fastrtps_cpp.hpp
[1.313s] -- Up-to-date: /home/noma/FINAL_ws/manipulator/install/dynamixel_sdk_custom_interfaces/include/dynamixel_sdk_custom_interfaces/dynamixel_sdk_custom_interfaces/msg
[1.313s] -- Up-to-date: /home/noma/FINAL_ws/manipulator/install/dynamixel_sdk_custom_interfaces/include/dynamixel_sdk_custom_interfaces/dynamixel_sdk_custom_interfaces/msg/detail
[1.313s] -- Up-to-date: /home/noma/FINAL_ws/manipulator/install/dynamixel_sdk_custom_interfaces/include/dynamixel_sdk_custom_interfaces/dynamixel_sdk_custom_interfaces/msg/detail/dds_fastrtps
[1.314s] -- Up-to-date: /home/noma/FINAL_ws/manipulator/install/dynamixel_sdk_custom_interfaces/include/dynamixel_sdk_custom_interfaces/dynamixel_sdk_custom_interfaces/msg/detail/set_position__rosidl_typesupport_fastrtps_cpp.hpp
[1.314s] -- Up-to-date: /home/noma/FINAL_ws/manipulator/install/dynamixel_sdk_custom_interfaces/include/dynamixel_sdk_custom_interfaces/dynamixel_sdk_custom_interfaces/msg/rosidl_typesupport_fastrtps_cpp__visibility_control.h
[1.314s] -- Up-to-date: /home/noma/FINAL_ws/manipulator/install/dynamixel_sdk_custom_interfaces/lib/libdynamixel_sdk_custom_interfaces__rosidl_typesupport_fastrtps_cpp.so
[1.314s] -- Up-to-date: /home/noma/FINAL_ws/manipulator/install/dynamixel_sdk_custom_interfaces/include/dynamixel_sdk_custom_interfaces/dynamixel_sdk_custom_interfaces
[1.314s] -- Up-to-date: /home/noma/FINAL_ws/manipulator/install/dynamixel_sdk_custom_interfaces/include/dynamixel_sdk_custom_interfaces/dynamixel_sdk_custom_interfaces/srv
[1.314s] -- Up-to-date: /home/noma/FINAL_ws/manipulator/install/dynamixel_sdk_custom_interfaces/include/dynamixel_sdk_custom_interfaces/dynamixel_sdk_custom_interfaces/srv/detail
[1.315s] -- Up-to-date: /home/noma/FINAL_ws/manipulator/install/dynamixel_sdk_custom_interfaces/include/dynamixel_sdk_custom_interfaces/dynamixel_sdk_custom_interfaces/srv/detail/get_position__type_support.c
[1.315s] -- Up-to-date: /home/noma/FINAL_ws/manipulator/install/dynamixel_sdk_custom_interfaces/include/dynamixel_sdk_custom_interfaces/dynamixel_sdk_custom_interfaces/srv/detail/get_position__rosidl_typesupport_introspection_c.h
[1.315s] -- Up-to-date: /home/noma/FINAL_ws/manipulator/install/dynamixel_sdk_custom_interfaces/include/dynamixel_sdk_custom_interfaces/dynamixel_sdk_custom_interfaces/msg
[1.315s] -- Up-to-date: /home/noma/FINAL_ws/manipulator/install/dynamixel_sdk_custom_interfaces/include/dynamixel_sdk_custom_interfaces/dynamixel_sdk_custom_interfaces/msg/rosidl_typesupport_introspection_c__visibility_control.h
[1.315s] -- Up-to-date: /home/noma/FINAL_ws/manipulator/install/dynamixel_sdk_custom_interfaces/include/dynamixel_sdk_custom_interfaces/dynamixel_sdk_custom_interfaces/msg/detail
[1.315s] -- Up-to-date: /home/noma/FINAL_ws/manipulator/install/dynamixel_sdk_custom_interfaces/include/dynamixel_sdk_custom_interfaces/dynamixel_sdk_custom_interfaces/msg/detail/set_position__type_support.c
[1.316s] -- Up-to-date: /home/noma/FINAL_ws/manipulator/install/dynamixel_sdk_custom_interfaces/include/dynamixel_sdk_custom_interfaces/dynamixel_sdk_custom_interfaces/msg/detail/set_position__rosidl_typesupport_introspection_c.h
[1.316s] -- Up-to-date: /home/noma/FINAL_ws/manipulator/install/dynamixel_sdk_custom_interfaces/lib/libdynamixel_sdk_custom_interfaces__rosidl_typesupport_introspection_c.so
[1.316s] -- Up-to-date: /home/noma/FINAL_ws/manipulator/install/dynamixel_sdk_custom_interfaces/lib/libdynamixel_sdk_custom_interfaces__rosidl_typesupport_c.so
[1.316s] -- Up-to-date: /home/noma/FINAL_ws/manipulator/install/dynamixel_sdk_custom_interfaces/include/dynamixel_sdk_custom_interfaces/dynamixel_sdk_custom_interfaces
[1.316s] -- Up-to-date: /home/noma/FINAL_ws/manipulator/install/dynamixel_sdk_custom_interfaces/include/dynamixel_sdk_custom_interfaces/dynamixel_sdk_custom_interfaces/srv
[1.316s] -- Up-to-date: /home/noma/FINAL_ws/manipulator/install/dynamixel_sdk_custom_interfaces/include/dynamixel_sdk_custom_interfaces/dynamixel_sdk_custom_interfaces/srv/detail
[1.316s] -- Up-to-date: /home/noma/FINAL_ws/manipulator/install/dynamixel_sdk_custom_interfaces/include/dynamixel_sdk_custom_interfaces/dynamixel_sdk_custom_interfaces/srv/detail/get_position__type_support.cpp
[1.316s] -- Up-to-date: /home/noma/FINAL_ws/manipulator/install/dynamixel_sdk_custom_interfaces/include/dynamixel_sdk_custom_interfaces/dynamixel_sdk_custom_interfaces/srv/detail/get_position__rosidl_typesupport_introspection_cpp.hpp
[1.317s] -- Up-to-date: /home/noma/FINAL_ws/manipulator/install/dynamixel_sdk_custom_interfaces/include/dynamixel_sdk_custom_interfaces/dynamixel_sdk_custom_interfaces/msg
[1.317s] -- Up-to-date: /home/noma/FINAL_ws/manipulator/install/dynamixel_sdk_custom_interfaces/include/dynamixel_sdk_custom_interfaces/dynamixel_sdk_custom_interfaces/msg/detail
[1.317s] -- Up-to-date: /home/noma/FINAL_ws/manipulator/install/dynamixel_sdk_custom_interfaces/include/dynamixel_sdk_custom_interfaces/dynamixel_sdk_custom_interfaces/msg/detail/set_position__type_support.cpp
[1.317s] -- Up-to-date: /home/noma/FINAL_ws/manipulator/install/dynamixel_sdk_custom_interfaces/include/dynamixel_sdk_custom_interfaces/dynamixel_sdk_custom_interfaces/msg/detail/set_position__rosidl_typesupport_introspection_cpp.hpp
[1.317s] -- Up-to-date: /home/noma/FINAL_ws/manipulator/install/dynamixel_sdk_custom_interfaces/lib/libdynamixel_sdk_custom_interfaces__rosidl_typesupport_introspection_cpp.so
[1.317s] -- Up-to-date: /home/noma/FINAL_ws/manipulator/install/dynamixel_sdk_custom_interfaces/lib/libdynamixel_sdk_custom_interfaces__rosidl_typesupport_cpp.so
[1.317s] -- Up-to-date: /home/noma/FINAL_ws/manipulator/install/dynamixel_sdk_custom_interfaces/share/dynamixel_sdk_custom_interfaces/environment/pythonpath.sh
[1.318s] -- Up-to-date: /home/noma/FINAL_ws/manipulator/install/dynamixel_sdk_custom_interfaces/share/dynamixel_sdk_custom_interfaces/environment/pythonpath.dsv
[1.318s] -- Up-to-date: /home/noma/FINAL_ws/manipulator/install/dynamixel_sdk_custom_interfaces/local/lib/python3.10/dist-packages/dynamixel_sdk_custom_interfaces-3.7.60-py3.10.egg-info
[1.318s] -- Installing: /home/noma/FINAL_ws/manipulator/install/dynamixel_sdk_custom_interfaces/local/lib/python3.10/dist-packages/dynamixel_sdk_custom_interfaces-3.7.60-py3.10.egg-info/PKG-INFO
[1.318s] -- Installing: /home/noma/FINAL_ws/manipulator/install/dynamixel_sdk_custom_interfaces/local/lib/python3.10/dist-packages/dynamixel_sdk_custom_interfaces-3.7.60-py3.10.egg-info/SOURCES.txt
[1.318s] -- Installing: /home/noma/FINAL_ws/manipulator/install/dynamixel_sdk_custom_interfaces/local/lib/python3.10/dist-packages/dynamixel_sdk_custom_interfaces-3.7.60-py3.10.egg-info/dependency_links.txt
[1.319s] -- Installing: /home/noma/FINAL_ws/manipulator/install/dynamixel_sdk_custom_interfaces/local/lib/python3.10/dist-packages/dynamixel_sdk_custom_interfaces-3.7.60-py3.10.egg-info/top_level.txt
[1.319s] -- Up-to-date: /home/noma/FINAL_ws/manipulator/install/dynamixel_sdk_custom_interfaces/local/lib/python3.10/dist-packages/dynamixel_sdk_custom_interfaces
[1.319s] -- Up-to-date: /home/noma/FINAL_ws/manipulator/install/dynamixel_sdk_custom_interfaces/local/lib/python3.10/dist-packages/dynamixel_sdk_custom_interfaces/_dynamixel_sdk_custom_interfaces_s.ep.rosidl_typesupport_fastrtps_c.c
[1.319s] -- Up-to-date: /home/noma/FINAL_ws/manipulator/install/dynamixel_sdk_custom_interfaces/local/lib/python3.10/dist-packages/dynamixel_sdk_custom_interfaces/dynamixel_sdk_custom_interfaces_s__rosidl_typesupport_c.cpython-310-x86_64-linux-gnu.so
[1.320s] -- Up-to-date: /home/noma/FINAL_ws/manipulator/install/dynamixel_sdk_custom_interfaces/local/lib/python3.10/dist-packages/dynamixel_sdk_custom_interfaces/__init__.py
[1.320s] -- Up-to-date: /home/noma/FINAL_ws/manipulator/install/dynamixel_sdk_custom_interfaces/local/lib/python3.10/dist-packages/dynamixel_sdk_custom_interfaces/_dynamixel_sdk_custom_interfaces_s.ep.rosidl_typesupport_c.c
[1.323s] -- Up-to-date: /home/noma/FINAL_ws/manipulator/install/dynamixel_sdk_custom_interfaces/local/lib/python3.10/dist-packages/dynamixel_sdk_custom_interfaces/dynamixel_sdk_custom_interfaces_s__rosidl_typesupport_introspection_c.cpython-310-x86_64-linux-gnu.so
[1.323s] -- Up-to-date: /home/noma/FINAL_ws/manipulator/install/dynamixel_sdk_custom_interfaces/local/lib/python3.10/dist-packages/dynamixel_sdk_custom_interfaces/libdynamixel_sdk_custom_interfaces__rosidl_generator_py.so
[1.323s] -- Up-to-date: /home/noma/FINAL_ws/manipulator/install/dynamixel_sdk_custom_interfaces/local/lib/python3.10/dist-packages/dynamixel_sdk_custom_interfaces/dynamixel_sdk_custom_interfaces_s__rosidl_typesupport_fastrtps_c.cpython-310-x86_64-linux-gnu.so
[1.323s] -- Up-to-date: /home/noma/FINAL_ws/manipulator/install/dynamixel_sdk_custom_interfaces/local/lib/python3.10/dist-packages/dynamixel_sdk_custom_interfaces/_dynamixel_sdk_custom_interfaces_s.ep.rosidl_typesupport_introspection_c.c
[1.323s] -- Up-to-date: /home/noma/FINAL_ws/manipulator/install/dynamixel_sdk_custom_interfaces/local/lib/python3.10/dist-packages/dynamixel_sdk_custom_interfaces/srv
[1.324s] -- Up-to-date: /home/noma/FINAL_ws/manipulator/install/dynamixel_sdk_custom_interfaces/local/lib/python3.10/dist-packages/dynamixel_sdk_custom_interfaces/srv/__init__.py
[1.324s] -- Up-to-date: /home/noma/FINAL_ws/manipulator/install/dynamixel_sdk_custom_interfaces/local/lib/python3.10/dist-packages/dynamixel_sdk_custom_interfaces/srv/_get_position_s.c
[1.324s] -- Up-to-date: /home/noma/FINAL_ws/manipulator/install/dynamixel_sdk_custom_interfaces/local/lib/python3.10/dist-packages/dynamixel_sdk_custom_interfaces/srv/_get_position.py
[1.324s] -- Up-to-date: /home/noma/FINAL_ws/manipulator/install/dynamixel_sdk_custom_interfaces/local/lib/python3.10/dist-packages/dynamixel_sdk_custom_interfaces/msg
[1.324s] -- Up-to-date: /home/noma/FINAL_ws/manipulator/install/dynamixel_sdk_custom_interfaces/local/lib/python3.10/dist-packages/dynamixel_sdk_custom_interfaces/msg/__init__.py
[1.324s] -- Up-to-date: /home/noma/FINAL_ws/manipulator/install/dynamixel_sdk_custom_interfaces/local/lib/python3.10/dist-packages/dynamixel_sdk_custom_interfaces/msg/_set_position.py
[1.324s] -- Up-to-date: /home/noma/FINAL_ws/manipulator/install/dynamixel_sdk_custom_interfaces/local/lib/python3.10/dist-packages/dynamixel_sdk_custom_interfaces/msg/_set_position_s.c
[1.337s] Listing '/home/noma/FINAL_ws/manipulator/install/dynamixel_sdk_custom_interfaces/local/lib/python3.10/dist-packages/dynamixel_sdk_custom_interfaces'...
[1.337s] Listing '/home/noma/FINAL_ws/manipulator/install/dynamixel_sdk_custom_interfaces/local/lib/python3.10/dist-packages/dynamixel_sdk_custom_interfaces/msg'...
[1.337s] Listing '/home/noma/FINAL_ws/manipulator/install/dynamixel_sdk_custom_interfaces/local/lib/python3.10/dist-packages/dynamixel_sdk_custom_interfaces/srv'...
[1.340s] -- Up-to-date: /home/noma/FINAL_ws/manipulator/install/dynamixel_sdk_custom_interfaces/local/lib/python3.10/dist-packages/dynamixel_sdk_custom_interfaces/dynamixel_sdk_custom_interfaces_s__rosidl_typesupport_fastrtps_c.cpython-310-x86_64-linux-gnu.so
[1.340s] -- Up-to-date: /home/noma/FINAL_ws/manipulator/install/dynamixel_sdk_custom_interfaces/local/lib/python3.10/dist-packages/dynamixel_sdk_custom_interfaces/dynamixel_sdk_custom_interfaces_s__rosidl_typesupport_introspection_c.cpython-310-x86_64-linux-gnu.so
[1.340s] -- Up-to-date: /home/noma/FINAL_ws/manipulator/install/dynamixel_sdk_custom_interfaces/local/lib/python3.10/dist-packages/dynamixel_sdk_custom_interfaces/dynamixel_sdk_custom_interfaces_s__rosidl_typesupport_c.cpython-310-x86_64-linux-gnu.so
[1.340s] -- Up-to-date: /home/noma/FINAL_ws/manipulator/install/dynamixel_sdk_custom_interfaces/lib/libdynamixel_sdk_custom_interfaces__rosidl_generator_py.so
[1.340s] -- Up-to-date: /home/noma/FINAL_ws/manipulator/install/dynamixel_sdk_custom_interfaces/share/dynamixel_sdk_custom_interfaces/msg/SetPosition.idl
[1.340s] -- Up-to-date: /home/noma/FINAL_ws/manipulator/install/dynamixel_sdk_custom_interfaces/share/dynamixel_sdk_custom_interfaces/srv/GetPosition.idl
[1.340s] -- Up-to-date: /home/noma/FINAL_ws/manipulator/install/dynamixel_sdk_custom_interfaces/share/dynamixel_sdk_custom_interfaces/msg/SetPosition.msg
[1.340s] -- Up-to-date: /home/noma/FINAL_ws/manipulator/install/dynamixel_sdk_custom_interfaces/share/dynamixel_sdk_custom_interfaces/srv/GetPosition.srv
[1.340s] -- Up-to-date: /home/noma/FINAL_ws/manipulator/install/dynamixel_sdk_custom_interfaces/share/dynamixel_sdk_custom_interfaces/srv/GetPosition_Request.msg
[1.340s] -- Up-to-date: /home/noma/FINAL_ws/manipulator/install/dynamixel_sdk_custom_interfaces/share/dynamixel_sdk_custom_interfaces/srv/GetPosition_Response.msg
[1.341s] -- Up-to-date: /home/noma/FINAL_ws/manipulator/install/dynamixel_sdk_custom_interfaces/share/ament_index/resource_index/package_run_dependencies/dynamixel_sdk_custom_interfaces
[1.341s] -- Up-to-date: /home/noma/FINAL_ws/manipulator/install/dynamixel_sdk_custom_interfaces/share/ament_index/resource_index/parent_prefix_path/dynamixel_sdk_custom_interfaces
[1.341s] -- Up-to-date: /home/noma/FINAL_ws/manipulator/install/dynamixel_sdk_custom_interfaces/share/dynamixel_sdk_custom_interfaces/environment/ament_prefix_path.sh
[1.341s] -- Up-to-date: /home/noma/FINAL_ws/manipulator/install/dynamixel_sdk_custom_interfaces/share/dynamixel_sdk_custom_interfaces/environment/ament_prefix_path.dsv
[1.341s] -- Up-to-date: /home/noma/FINAL_ws/manipulator/install/dynamixel_sdk_custom_interfaces/share/dynamixel_sdk_custom_interfaces/environment/path.sh
[1.341s] -- Up-to-date: /home/noma/FINAL_ws/manipulator/install/dynamixel_sdk_custom_interfaces/share/dynamixel_sdk_custom_interfaces/environment/path.dsv
[1.341s] -- Up-to-date: /home/noma/FINAL_ws/manipulator/install/dynamixel_sdk_custom_interfaces/share/dynamixel_sdk_custom_interfaces/local_setup.bash
[1.341s] -- Up-to-date: /home/noma/FINAL_ws/manipulator/install/dynamixel_sdk_custom_interfaces/share/dynamixel_sdk_custom_interfaces/local_setup.sh
[1.341s] -- Up-to-date: /home/noma/FINAL_ws/manipulator/install/dynamixel_sdk_custom_interfaces/share/dynamixel_sdk_custom_interfaces/local_setup.zsh
[1.341s] -- Up-to-date: /home/noma/FINAL_ws/manipulator/install/dynamixel_sdk_custom_interfaces/share/dynamixel_sdk_custom_interfaces/local_setup.dsv
[1.341s] -- Installing: /home/noma/FINAL_ws/manipulator/install/dynamixel_sdk_custom_interfaces/share/dynamixel_sdk_custom_interfaces/package.dsv
[1.341s] -- Up-to-date: /home/noma/FINAL_ws/manipulator/install/dynamixel_sdk_custom_interfaces/share/ament_index/resource_index/packages/dynamixel_sdk_custom_interfaces
[1.342s] -- Up-to-date: /home/noma/FINAL_ws/manipulator/install/dynamixel_sdk_custom_interfaces/share/dynamixel_sdk_custom_interfaces/cmake/export_dynamixel_sdk_custom_interfaces__rosidl_generator_cExport.cmake
[1.342s] -- Up-to-date: /home/noma/FINAL_ws/manipulator/install/dynamixel_sdk_custom_interfaces/share/dynamixel_sdk_custom_interfaces/cmake/export_dynamixel_sdk_custom_interfaces__rosidl_generator_cExport-noconfig.cmake
[1.342s] -- Up-to-date: /home/noma/FINAL_ws/manipulator/install/dynamixel_sdk_custom_interfaces/share/dynamixel_sdk_custom_interfaces/cmake/export_dynamixel_sdk_custom_interfaces__rosidl_typesupport_fastrtps_cExport.cmake
[1.342s] -- Up-to-date: /home/noma/FINAL_ws/manipulator/install/dynamixel_sdk_custom_interfaces/share/dynamixel_sdk_custom_interfaces/cmake/export_dynamixel_sdk_custom_interfaces__rosidl_typesupport_fastrtps_cExport-noconfig.cmake
[1.342s] -- Up-to-date: /home/noma/FINAL_ws/manipulator/install/dynamixel_sdk_custom_interfaces/share/dynamixel_sdk_custom_interfaces/cmake/export_dynamixel_sdk_custom_interfaces__rosidl_generator_cppExport.cmake
[1.342s] -- Up-to-date: /home/noma/FINAL_ws/manipulator/install/dynamixel_sdk_custom_interfaces/share/dynamixel_sdk_custom_interfaces/cmake/export_dynamixel_sdk_custom_interfaces__rosidl_typesupport_fastrtps_cppExport.cmake
[1.342s] -- Up-to-date: /home/noma/FINAL_ws/manipulator/install/dynamixel_sdk_custom_interfaces/share/dynamixel_sdk_custom_interfaces/cmake/export_dynamixel_sdk_custom_interfaces__rosidl_typesupport_fastrtps_cppExport-noconfig.cmake
[1.342s] -- Up-to-date: /home/noma/FINAL_ws/manipulator/install/dynamixel_sdk_custom_interfaces/share/dynamixel_sdk_custom_interfaces/cmake/dynamixel_sdk_custom_interfaces__rosidl_typesupport_introspection_cExport.cmake
[1.342s] -- Up-to-date: /home/noma/FINAL_ws/manipulator/install/dynamixel_sdk_custom_interfaces/share/dynamixel_sdk_custom_interfaces/cmake/dynamixel_sdk_custom_interfaces__rosidl_typesupport_introspection_cExport-noconfig.cmake
[1.342s] -- Up-to-date: /home/noma/FINAL_ws/manipulator/install/dynamixel_sdk_custom_interfaces/share/dynamixel_sdk_custom_interfaces/cmake/dynamixel_sdk_custom_interfaces__rosidl_typesupport_cExport.cmake
[1.343s] -- Up-to-date: /home/noma/FINAL_ws/manipulator/install/dynamixel_sdk_custom_interfaces/share/dynamixel_sdk_custom_interfaces/cmake/dynamixel_sdk_custom_interfaces__rosidl_typesupport_cExport-noconfig.cmake
[1.343s] -- Up-to-date: /home/noma/FINAL_ws/manipulator/install/dynamixel_sdk_custom_interfaces/share/dynamixel_sdk_custom_interfaces/cmake/dynamixel_sdk_custom_interfaces__rosidl_typesupport_introspection_cppExport.cmake
[1.343s] -- Up-to-date: /home/noma/FINAL_ws/manipulator/install/dynamixel_sdk_custom_interfaces/share/dynamixel_sdk_custom_interfaces/cmake/dynamixel_sdk_custom_interfaces__rosidl_typesupport_introspection_cppExport-noconfig.cmake
[1.343s] -- Up-to-date: /home/noma/FINAL_ws/manipulator/install/dynamixel_sdk_custom_interfaces/share/dynamixel_sdk_custom_interfaces/cmake/dynamixel_sdk_custom_interfaces__rosidl_typesupport_cppExport.cmake
[1.343s] -- Up-to-date: /home/noma/FINAL_ws/manipulator/install/dynamixel_sdk_custom_interfaces/share/dynamixel_sdk_custom_interfaces/cmake/dynamixel_sdk_custom_interfaces__rosidl_typesupport_cppExport-noconfig.cmake
[1.343s] -- Up-to-date: /home/noma/FINAL_ws/manipulator/install/dynamixel_sdk_custom_interfaces/share/dynamixel_sdk_custom_interfaces/cmake/export_dynamixel_sdk_custom_interfaces__rosidl_generator_pyExport.cmake
[1.343s] -- Up-to-date: /home/noma/FINAL_ws/manipulator/install/dynamixel_sdk_custom_interfaces/share/dynamixel_sdk_custom_interfaces/cmake/export_dynamixel_sdk_custom_interfaces__rosidl_generator_pyExport-noconfig.cmake
[1.343s] -- Up-to-date: /home/noma/FINAL_ws/manipulator/install/dynamixel_sdk_custom_interfaces/share/dynamixel_sdk_custom_interfaces/cmake/rosidl_cmake-extras.cmake
[1.343s] -- Up-to-date: /home/noma/FINAL_ws/manipulator/install/dynamixel_sdk_custom_interfaces/share/dynamixel_sdk_custom_interfaces/cmake/ament_cmake_export_dependencies-extras.cmake
[1.343s] -- Up-to-date: /home/noma/FINAL_ws/manipulator/install/dynamixel_sdk_custom_interfaces/share/dynamixel_sdk_custom_interfaces/cmake/ament_cmake_export_include_directories-extras.cmake
[1.343s] -- Up-to-date: /home/noma/FINAL_ws/manipulator/install/dynamixel_sdk_custom_interfaces/share/dynamixel_sdk_custom_interfaces/cmake/ament_cmake_export_libraries-extras.cmake
[1.343s] -- Up-to-date: /home/noma/FINAL_ws/manipulator/install/dynamixel_sdk_custom_interfaces/share/dynamixel_sdk_custom_interfaces/cmake/ament_cmake_export_targets-extras.cmake
[1.344s] -- Up-to-date: /home/noma/FINAL_ws/manipulator/install/dynamixel_sdk_custom_interfaces/share/dynamixel_sdk_custom_interfaces/cmake/rosidl_cmake_export_typesupport_targets-extras.cmake
[1.344s] -- Up-to-date: /home/noma/FINAL_ws/manipulator/install/dynamixel_sdk_custom_interfaces/share/dynamixel_sdk_custom_interfaces/cmake/rosidl_cmake_export_typesupport_libraries-extras.cmake
[1.344s] -- Up-to-date: /home/noma/FINAL_ws/manipulator/install/dynamixel_sdk_custom_interfaces/share/dynamixel_sdk_custom_interfaces/cmake/dynamixel_sdk_custom_interfacesConfig.cmake
[1.344s] -- Up-to-date: /home/noma/FINAL_ws/manipulator/install/dynamixel_sdk_custom_interfaces/share/dynamixel_sdk_custom_interfaces/cmake/dynamixel_sdk_custom_interfacesConfig-version.cmake
[1.344s] -- Up-to-date: /home/noma/FINAL_ws/manipulator/install/dynamixel_sdk_custom_interfaces/share/dynamixel_sdk_custom_interfaces/package.xml
[1.756s] Invoked command in '/home/noma/FINAL_ws/manipulator/build/dynamixel_sdk_custom_interfaces' returned '0': CMAKE_PREFIX_PATH=${CMAKE_PREFIX_PATH}:/home/noma/FINAL_ws/manipulator/install/test_package:/home/noma/FINAL_ws/manipulator/install/open_manipulator_x_teleop:/opt/ros/humble /usr/bin/cmake --install /home/noma/FINAL_ws/manipulator/build/dynamixel_sdk_custom_interfaces
