/home/noma/FINAL_ws/manipulator/install/open_manipulator_x_teleop/lib/python3.10/site-packages/open_manipulator_x_teleop/__init__.py
/home/noma/FINAL_ws/manipulator/install/open_manipulator_x_teleop/lib/python3.10/site-packages/open_manipulator_x_teleop/script/teleop_keyboard.py
/home/noma/FINAL_ws/manipulator/install/open_manipulator_x_teleop/lib/python3.10/site-packages/open_manipulator_x_teleop/script/__init__.py
/home/noma/FINAL_ws/manipulator/install/open_manipulator_x_teleop/lib/python3.10/site-packages/open_manipulator_x_teleop/script/potato_test.py
/home/noma/FINAL_ws/manipulator/install/open_manipulator_x_teleop/lib/python3.10/site-packages/open_manipulator_x_teleop/script/potato_check.py
/home/noma/FINAL_ws/manipulator/install/open_manipulator_x_teleop/lib/python3.10/site-packages/open_manipulator_x_teleop/script/present_check.py
/home/noma/FINAL_ws/manipulator/install/open_manipulator_x_teleop/lib/python3.10/site-packages/open_manipulator_x_teleop/__pycache__/__init__.cpython-310.pyc
/home/noma/FINAL_ws/manipulator/install/open_manipulator_x_teleop/lib/python3.10/site-packages/open_manipulator_x_teleop/script/__pycache__/teleop_keyboard.cpython-310.pyc
/home/noma/FINAL_ws/manipulator/install/open_manipulator_x_teleop/lib/python3.10/site-packages/open_manipulator_x_teleop/script/__pycache__/__init__.cpython-310.pyc
/home/noma/FINAL_ws/manipulator/install/open_manipulator_x_teleop/lib/python3.10/site-packages/open_manipulator_x_teleop/script/__pycache__/potato_test.cpython-310.pyc
/home/noma/FINAL_ws/manipulator/install/open_manipulator_x_teleop/lib/python3.10/site-packages/open_manipulator_x_teleop/script/__pycache__/potato_check.cpython-310.pyc
/home/noma/FINAL_ws/manipulator/install/open_manipulator_x_teleop/lib/python3.10/site-packages/open_manipulator_x_teleop/script/__pycache__/present_check.cpython-310.pyc
/home/noma/FINAL_ws/manipulator/install/open_manipulator_x_teleop/share/ament_index/resource_index/packages/open_manipulator_x_teleop
/home/noma/FINAL_ws/manipulator/install/open_manipulator_x_teleop/share/open_manipulator_x_teleop/package.xml
/home/noma/FINAL_ws/manipulator/install/open_manipulator_x_teleop/lib/python3.10/site-packages/open_manipulator_x_teleop-2.3.0-py3.10.egg-info/PKG-INFO
/home/noma/FINAL_ws/manipulator/install/open_manipulator_x_teleop/lib/python3.10/site-packages/open_manipulator_x_teleop-2.3.0-py3.10.egg-info/SOURCES.txt
/home/noma/FINAL_ws/manipulator/install/open_manipulator_x_teleop/lib/python3.10/site-packages/open_manipulator_x_teleop-2.3.0-py3.10.egg-info/requires.txt
/home/noma/FINAL_ws/manipulator/install/open_manipulator_x_teleop/lib/python3.10/site-packages/open_manipulator_x_teleop-2.3.0-py3.10.egg-info/dependency_links.txt
/home/noma/FINAL_ws/manipulator/install/open_manipulator_x_teleop/lib/python3.10/site-packages/open_manipulator_x_teleop-2.3.0-py3.10.egg-info/zip-safe
/home/noma/FINAL_ws/manipulator/install/open_manipulator_x_teleop/lib/python3.10/site-packages/open_manipulator_x_teleop-2.3.0-py3.10.egg-info/entry_points.txt
/home/noma/FINAL_ws/manipulator/install/open_manipulator_x_teleop/lib/python3.10/site-packages/open_manipulator_x_teleop-2.3.0-py3.10.egg-info/top_level.txt
/home/noma/FINAL_ws/manipulator/install/open_manipulator_x_teleop/lib/open_manipulator_x_teleop/potato_check
/home/noma/FINAL_ws/manipulator/install/open_manipulator_x_teleop/lib/open_manipulator_x_teleop/potato_test
/home/noma/FINAL_ws/manipulator/install/open_manipulator_x_teleop/lib/open_manipulator_x_teleop/teleop_keyboard
/home/noma/FINAL_ws/manipulator/install/open_manipulator_x_teleop/lib/open_manipulator_x_teleop/teleop_yeah
