[0.593s] Invoking command in '/home/boma/realsense/src/depth_example': PYTHONPATH=/home/boma/realsense/build/depth_example/prefix_override:/home/boma/realsense/install/depth_example/lib/python3.10/site-packages:${PYTHONPATH} /usr/bin/python3 setup.py egg_info --egg-base ../../build/depth_example build --build-base /home/boma/realsense/build/depth_example/build install --record /home/boma/realsense/build/depth_example/install.log --single-version-externally-managed
[0.762s] running egg_info
[0.762s] writing ../../build/depth_example/depth_example.egg-info/PKG-INFO
[0.763s] writing dependency_links to ../../build/depth_example/depth_example.egg-info/dependency_links.txt
[0.763s] writing entry points to ../../build/depth_example/depth_example.egg-info/entry_points.txt
[0.763s] writing requirements to ../../build/depth_example/depth_example.egg-info/requires.txt
[0.763s] writing top-level names to ../../build/depth_example/depth_example.egg-info/top_level.txt
[0.764s] reading manifest file '../../build/depth_example/depth_example.egg-info/SOURCES.txt'
[0.765s] writing manifest file '../../build/depth_example/depth_example.egg-info/SOURCES.txt'
[0.765s] running build
[0.765s] running build_py
[0.765s] copying depth_example/mail_node.py -> /home/boma/realsense/build/depth_example/build/lib/depth_example
[0.765s] running install
[0.766s] running install_lib
[0.766s] copying /home/boma/realsense/build/depth_example/build/lib/depth_example/mail_node.py -> /home/boma/realsense/install/depth_example/lib/python3.10/site-packages/depth_example
[0.767s] byte-compiling /home/boma/realsense/install/depth_example/lib/python3.10/site-packages/depth_example/mail_node.py to mail_node.cpython-310.pyc
[0.767s] running install_data
[0.768s] running install_egg_info
[0.769s] removing '/home/boma/realsense/install/depth_example/lib/python3.10/site-packages/depth_example-0.0.0-py3.10.egg-info' (and everything under it)
[0.769s] Copying ../../build/depth_example/depth_example.egg-info to /home/boma/realsense/install/depth_example/lib/python3.10/site-packages/depth_example-0.0.0-py3.10.egg-info
[0.769s] running install_scripts
[0.781s] Installing detect_node script to /home/boma/realsense/install/depth_example/lib/depth_example
[0.781s] Installing final_RS_node script to /home/boma/realsense/install/depth_example/lib/depth_example
[0.781s] Installing final_node script to /home/boma/realsense/install/depth_example/lib/depth_example
[0.781s] Installing mail_node script to /home/boma/realsense/install/depth_example/lib/depth_example
[0.781s] Installing test_node script to /home/boma/realsense/install/depth_example/lib/depth_example
[0.782s] writing list of installed files to '/home/boma/realsense/build/depth_example/install.log'
[0.798s] Invoked command in '/home/boma/realsense/src/depth_example' returned '0': PYTHONPATH=/home/boma/realsense/build/depth_example/prefix_override:/home/boma/realsense/install/depth_example/lib/python3.10/site-packages:${PYTHONPATH} /usr/bin/python3 setup.py egg_info --egg-base ../../build/depth_example build --build-base /home/boma/realsense/build/depth_example/build install --record /home/boma/realsense/build/depth_example/install.log --single-version-externally-managed
