[1.211s] Invoking command in '/home/noma/FINAL_ws/manipulator/src/open_manipulator/open_manipulator_x_teleop': AMENT_PREFIX_PATH=/home/noma/FINAL_ws/manipulator/install/open_manipulator_msgs:${AMENT_PREFIX_PATH} CMAKE_PREFIX_PATH=/home/noma/FINAL_ws/manipulator/install/open_manipulator_msgs LD_LIBRARY_PATH=/home/noma/FINAL_ws/manipulator/install/open_manipulator_msgs/lib:/usr/lib/x86_64-linux-gnu/gazebo-11/plugins:/opt/ros/humble/opt/rviz_ogre_vendor/lib:/opt/ros/humble/lib/x86_64-linux-gnu:/opt/ros/humble/lib:/usr/local/cuda-11.7/lib64:/usr/local/cuda-11.7/lib64/ PYTHONPATH=/home/noma/FINAL_ws/manipulator/build/open_manipulator_x_teleop/prefix_override:/home/noma/FINAL_ws/manipulator/install/open_manipulator_x_teleop/lib/python3.10/site-packages:/home/noma/FINAL_ws/manipulator/install/open_manipulator_msgs/local/lib/python3.10/dist-packages:${PYTHONPATH} /usr/bin/python3 setup.py egg_info --egg-base ../../../build/open_manipulator_x_teleop build --build-base /home/noma/FINAL_ws/manipulator/build/open_manipulator_x_teleop/build install --record /home/noma/FINAL_ws/manipulator/build/open_manipulator_x_teleop/install.log --single-version-externally-managed
[1.548s] running egg_info
[1.548s] creating ../../../build/open_manipulator_x_teleop/open_manipulator_x_teleop.egg-info
[1.548s] writing ../../../build/open_manipulator_x_teleop/open_manipulator_x_teleop.egg-info/PKG-INFO
[1.548s] writing dependency_links to ../../../build/open_manipulator_x_teleop/open_manipulator_x_teleop.egg-info/dependency_links.txt
[1.548s] writing entry points to ../../../build/open_manipulator_x_teleop/open_manipulator_x_teleop.egg-info/entry_points.txt
[1.548s] writing requirements to ../../../build/open_manipulator_x_teleop/open_manipulator_x_teleop.egg-info/requires.txt
[1.549s] writing top-level names to ../../../build/open_manipulator_x_teleop/open_manipulator_x_teleop.egg-info/top_level.txt
[1.549s] writing manifest file '../../../build/open_manipulator_x_teleop/open_manipulator_x_teleop.egg-info/SOURCES.txt'
[1.551s] reading manifest file '../../../build/open_manipulator_x_teleop/open_manipulator_x_teleop.egg-info/SOURCES.txt'
[1.552s] writing manifest file '../../../build/open_manipulator_x_teleop/open_manipulator_x_teleop.egg-info/SOURCES.txt'
[1.552s] running build
[1.552s] running build_py
[1.552s] creating /home/noma/FINAL_ws/manipulator/build/open_manipulator_x_teleop/build
[1.552s] creating /home/noma/FINAL_ws/manipulator/build/open_manipulator_x_teleop/build/lib
[1.552s] creating /home/noma/FINAL_ws/manipulator/build/open_manipulator_x_teleop/build/lib/open_manipulator_x_teleop
[1.552s] copying open_manipulator_x_teleop/__init__.py -> /home/noma/FINAL_ws/manipulator/build/open_manipulator_x_teleop/build/lib/open_manipulator_x_teleop
[1.553s] creating /home/noma/FINAL_ws/manipulator/build/open_manipulator_x_teleop/build/lib/open_manipulator_x_teleop/script
[1.553s] copying open_manipulator_x_teleop/script/teleop_keyboard.py -> /home/noma/FINAL_ws/manipulator/build/open_manipulator_x_teleop/build/lib/open_manipulator_x_teleop/script
[1.553s] copying open_manipulator_x_teleop/script/__init__.py -> /home/noma/FINAL_ws/manipulator/build/open_manipulator_x_teleop/build/lib/open_manipulator_x_teleop/script
[1.553s] copying open_manipulator_x_teleop/script/potato_test.py -> /home/noma/FINAL_ws/manipulator/build/open_manipulator_x_teleop/build/lib/open_manipulator_x_teleop/script
[1.553s] copying open_manipulator_x_teleop/script/potato_check.py -> /home/noma/FINAL_ws/manipulator/build/open_manipulator_x_teleop/build/lib/open_manipulator_x_teleop/script
[1.553s] copying open_manipulator_x_teleop/script/present_check.py -> /home/noma/FINAL_ws/manipulator/build/open_manipulator_x_teleop/build/lib/open_manipulator_x_teleop/script
[1.553s] running install
[1.553s] running install_lib
[1.553s] creating /home/noma/FINAL_ws/manipulator/install/open_manipulator_x_teleop/lib/python3.10/site-packages/open_manipulator_x_teleop
[1.554s] creating /home/noma/FINAL_ws/manipulator/install/open_manipulator_x_teleop/lib/python3.10/site-packages/open_manipulator_x_teleop/script
[1.554s] copying /home/noma/FINAL_ws/manipulator/build/open_manipulator_x_teleop/build/lib/open_manipulator_x_teleop/script/teleop_keyboard.py -> /home/noma/FINAL_ws/manipulator/install/open_manipulator_x_teleop/lib/python3.10/site-packages/open_manipulator_x_teleop/script
[1.554s] copying /home/noma/FINAL_ws/manipulator/build/open_manipulator_x_teleop/build/lib/open_manipulator_x_teleop/script/__init__.py -> /home/noma/FINAL_ws/manipulator/install/open_manipulator_x_teleop/lib/python3.10/site-packages/open_manipulator_x_teleop/script
[1.554s] copying /home/noma/FINAL_ws/manipulator/build/open_manipulator_x_teleop/build/lib/open_manipulator_x_teleop/script/potato_test.py -> /home/noma/FINAL_ws/manipulator/install/open_manipulator_x_teleop/lib/python3.10/site-packages/open_manipulator_x_teleop/script
[1.554s] copying /home/noma/FINAL_ws/manipulator/build/open_manipulator_x_teleop/build/lib/open_manipulator_x_teleop/script/potato_check.py -> /home/noma/FINAL_ws/manipulator/install/open_manipulator_x_teleop/lib/python3.10/site-packages/open_manipulator_x_teleop/script
[1.554s] copying /home/noma/FINAL_ws/manipulator/build/open_manipulator_x_teleop/build/lib/open_manipulator_x_teleop/script/present_check.py -> /home/noma/FINAL_ws/manipulator/install/open_manipulator_x_teleop/lib/python3.10/site-packages/open_manipulator_x_teleop/script
[1.554s] copying /home/noma/FINAL_ws/manipulator/build/open_manipulator_x_teleop/build/lib/open_manipulator_x_teleop/__init__.py -> /home/noma/FINAL_ws/manipulator/install/open_manipulator_x_teleop/lib/python3.10/site-packages/open_manipulator_x_teleop
[1.554s] byte-compiling /home/noma/FINAL_ws/manipulator/install/open_manipulator_x_teleop/lib/python3.10/site-packages/open_manipulator_x_teleop/script/teleop_keyboard.py to teleop_keyboard.cpython-310.pyc
[1.556s] byte-compiling /home/noma/FINAL_ws/manipulator/install/open_manipulator_x_teleop/lib/python3.10/site-packages/open_manipulator_x_teleop/script/__init__.py to __init__.cpython-310.pyc
[1.556s] byte-compiling /home/noma/FINAL_ws/manipulator/install/open_manipulator_x_teleop/lib/python3.10/site-packages/open_manipulator_x_teleop/script/potato_test.py to potato_test.cpython-310.pyc
[1.557s] byte-compiling /home/noma/FINAL_ws/manipulator/install/open_manipulator_x_teleop/lib/python3.10/site-packages/open_manipulator_x_teleop/script/potato_check.py to potato_check.cpython-310.pyc
[1.558s] byte-compiling /home/noma/FINAL_ws/manipulator/install/open_manipulator_x_teleop/lib/python3.10/site-packages/open_manipulator_x_teleop/script/present_check.py to present_check.cpython-310.pyc
[1.559s] byte-compiling /home/noma/FINAL_ws/manipulator/install/open_manipulator_x_teleop/lib/python3.10/site-packages/open_manipulator_x_teleop/__init__.py to __init__.cpython-310.pyc
[1.559s] running install_data
[1.560s] creating /home/noma/FINAL_ws/manipulator/install/open_manipulator_x_teleop/share/ament_index
[1.560s] creating /home/noma/FINAL_ws/manipulator/install/open_manipulator_x_teleop/share/ament_index/resource_index
[1.560s] creating /home/noma/FINAL_ws/manipulator/install/open_manipulator_x_teleop/share/ament_index/resource_index/packages
[1.560s] copying resource/open_manipulator_x_teleop -> /home/noma/FINAL_ws/manipulator/install/open_manipulator_x_teleop/share/ament_index/resource_index/packages
[1.560s] copying package.xml -> /home/noma/FINAL_ws/manipulator/install/open_manipulator_x_teleop/share/open_manipulator_x_teleop
[1.560s] running install_egg_info
[1.562s] Copying ../../../build/open_manipulator_x_teleop/open_manipulator_x_teleop.egg-info to /home/noma/FINAL_ws/manipulator/install/open_manipulator_x_teleop/lib/python3.10/site-packages/open_manipulator_x_teleop-2.3.0-py3.10.egg-info
[1.562s] running install_scripts
[1.582s] Installing potato_check script to /home/noma/FINAL_ws/manipulator/install/open_manipulator_x_teleop/lib/open_manipulator_x_teleop
[1.582s] Installing potato_test script to /home/noma/FINAL_ws/manipulator/install/open_manipulator_x_teleop/lib/open_manipulator_x_teleop
[1.582s] Installing teleop_keyboard script to /home/noma/FINAL_ws/manipulator/install/open_manipulator_x_teleop/lib/open_manipulator_x_teleop
[1.582s] Installing teleop_yeah script to /home/noma/FINAL_ws/manipulator/install/open_manipulator_x_teleop/lib/open_manipulator_x_teleop
[1.582s] writing list of installed files to '/home/noma/FINAL_ws/manipulator/build/open_manipulator_x_teleop/install.log'
[1.612s] Invoked command in '/home/noma/FINAL_ws/manipulator/src/open_manipulator/open_manipulator_x_teleop' returned '0': AMENT_PREFIX_PATH=/home/noma/FINAL_ws/manipulator/install/open_manipulator_msgs:${AMENT_PREFIX_PATH} CMAKE_PREFIX_PATH=/home/noma/FINAL_ws/manipulator/install/open_manipulator_msgs LD_LIBRARY_PATH=/home/noma/FINAL_ws/manipulator/install/open_manipulator_msgs/lib:/usr/lib/x86_64-linux-gnu/gazebo-11/plugins:/opt/ros/humble/opt/rviz_ogre_vendor/lib:/opt/ros/humble/lib/x86_64-linux-gnu:/opt/ros/humble/lib:/usr/local/cuda-11.7/lib64:/usr/local/cuda-11.7/lib64/ PYTHONPATH=/home/noma/FINAL_ws/manipulator/build/open_manipulator_x_teleop/prefix_override:/home/noma/FINAL_ws/manipulator/install/open_manipulator_x_teleop/lib/python3.10/site-packages:/home/noma/FINAL_ws/manipulator/install/open_manipulator_msgs/local/lib/python3.10/dist-packages:${PYTHONPATH} /usr/bin/python3 setup.py egg_info --egg-base ../../../build/open_manipulator_x_teleop build --build-base /home/noma/FINAL_ws/manipulator/build/open_manipulator_x_teleop/build install --record /home/noma/FINAL_ws/manipulator/build/open_manipulator_x_teleop/install.log --single-version-externally-managed
