[0.320s] Invoking command in '/home/noma/FINAL_ws/manipulator/build/dynamixel_sdk_examples': AMENT_PREFIX_PATH=/home/noma/FINAL_ws/manipulator/install/dynamixel_sdk_custom_interfaces:/home/noma/FINAL_ws/manipulator/install/dynamixel_sdk CMAKE_PREFIX_PATH=/home/noma/FINAL_ws/manipulator/install/dynamixel_sdk_custom_interfaces:/home/noma/FINAL_ws/manipulator/install/dynamixel_sdk LD_LIBRARY_PATH=/home/noma/FINAL_ws/manipulator/install/dynamixel_sdk_custom_interfaces/lib:/home/noma/FINAL_ws/manipulator/install/dynamixel_sdk/lib:/usr/local/cuda-11.7/lib64:/usr/local/cuda-11.7/lib64/ PYTHONPATH=/home/noma/FINAL_ws/manipulator/install/dynamixel_sdk_custom_interfaces/local/lib/python3.10/dist-packages /usr/bin/cmake --build /home/noma/FINAL_ws/manipulator/build/dynamixel_sdk_examples -- -j8 -l8
[0.401s] [100%] Built target read_write_node
[0.724s] Invoked command in '/home/noma/FINAL_ws/manipulator/build/dynamixel_sdk_examples' returned '0': AMENT_PREFIX_PATH=/home/noma/FINAL_ws/manipulator/install/dynamixel_sdk_custom_interfaces:/home/noma/FINAL_ws/manipulator/install/dynamixel_sdk CMAKE_PREFIX_PATH=/home/noma/FINAL_ws/manipulator/install/dynamixel_sdk_custom_interfaces:/home/noma/FINAL_ws/manipulator/install/dynamixel_sdk LD_LIBRARY_PATH=/home/noma/FINAL_ws/manipulator/install/dynamixel_sdk_custom_interfaces/lib:/home/noma/FINAL_ws/manipulator/install/dynamixel_sdk/lib:/usr/local/cuda-11.7/lib64:/usr/local/cuda-11.7/lib64/ PYTHONPATH=/home/noma/FINAL_ws/manipulator/install/dynamixel_sdk_custom_interfaces/local/lib/python3.10/dist-packages /usr/bin/cmake --build /home/noma/FINAL_ws/manipulator/build/dynamixel_sdk_examples -- -j8 -l8
[0.969s] Invoking command in '/home/noma/FINAL_ws/manipulator/build/dynamixel_sdk_examples': AMENT_PREFIX_PATH=/home/noma/FINAL_ws/manipulator/install/dynamixel_sdk_custom_interfaces:/home/noma/FINAL_ws/manipulator/install/dynamixel_sdk CMAKE_PREFIX_PATH=/home/noma/FINAL_ws/manipulator/install/dynamixel_sdk_custom_interfaces:/home/noma/FINAL_ws/manipulator/install/dynamixel_sdk LD_LIBRARY_PATH=/home/noma/FINAL_ws/manipulator/install/dynamixel_sdk_custom_interfaces/lib:/home/noma/FINAL_ws/manipulator/install/dynamixel_sdk/lib:/usr/local/cuda-11.7/lib64:/usr/local/cuda-11.7/lib64/ PYTHONPATH=/home/noma/FINAL_ws/manipulator/install/dynamixel_sdk_custom_interfaces/local/lib/python3.10/dist-packages /usr/bin/cmake --install /home/noma/FINAL_ws/manipulator/build/dynamixel_sdk_examples
[0.975s] -- Install configuration: ""
[0.978s] -- Up-to-date: /home/noma/FINAL_ws/manipulator/install/dynamixel_sdk_examples/lib/dynamixel_sdk_examples/read_write_node
[0.978s] -- Up-to-date: /home/noma/FINAL_ws/manipulator/install/dynamixel_sdk_examples/share/ament_index/resource_index/package_run_dependencies/dynamixel_sdk_examples
[0.979s] -- Up-to-date: /home/noma/FINAL_ws/manipulator/install/dynamixel_sdk_examples/share/ament_index/resource_index/parent_prefix_path/dynamixel_sdk_examples
[0.980s] -- Up-to-date: /home/noma/FINAL_ws/manipulator/install/dynamixel_sdk_examples/share/dynamixel_sdk_examples/environment/ament_prefix_path.sh
[0.981s] -- Up-to-date: /home/noma/FINAL_ws/manipulator/install/dynamixel_sdk_examples/share/dynamixel_sdk_examples/environment/ament_prefix_path.dsv
[0.981s] -- Up-to-date: /home/noma/FINAL_ws/manipulator/install/dynamixel_sdk_examples/share/dynamixel_sdk_examples/environment/path.sh
[0.981s] -- Up-to-date: /home/noma/FINAL_ws/manipulator/install/dynamixel_sdk_examples/share/dynamixel_sdk_examples/environment/path.dsv
[0.982s] -- Up-to-date: /home/noma/FINAL_ws/manipulator/install/dynamixel_sdk_examples/share/dynamixel_sdk_examples/local_setup.bash
[0.982s] -- Up-to-date: /home/noma/FINAL_ws/manipulator/install/dynamixel_sdk_examples/share/dynamixel_sdk_examples/local_setup.sh
[0.983s] -- Up-to-date: /home/noma/FINAL_ws/manipulator/install/dynamixel_sdk_examples/share/dynamixel_sdk_examples/local_setup.zsh
[0.983s] -- Up-to-date: /home/noma/FINAL_ws/manipulator/install/dynamixel_sdk_examples/share/dynamixel_sdk_examples/local_setup.dsv
[0.983s] -- Installing: /home/noma/FINAL_ws/manipulator/install/dynamixel_sdk_examples/share/dynamixel_sdk_examples/package.dsv
[0.983s] -- Up-to-date: /home/noma/FINAL_ws/manipulator/install/dynamixel_sdk_examples/share/ament_index/resource_index/packages/dynamixel_sdk_examples
[0.984s] -- Up-to-date: /home/noma/FINAL_ws/manipulator/install/dynamixel_sdk_examples/share/dynamixel_sdk_examples/cmake/dynamixel_sdk_examplesConfig.cmake
[0.984s] -- Up-to-date: /home/noma/FINAL_ws/manipulator/install/dynamixel_sdk_examples/share/dynamixel_sdk_examples/cmake/dynamixel_sdk_examplesConfig-version.cmake
[0.984s] -- Up-to-date: /home/noma/FINAL_ws/manipulator/install/dynamixel_sdk_examples/share/dynamixel_sdk_examples/package.xml
[0.985s] Invoked command in '/home/noma/FINAL_ws/manipulator/build/dynamixel_sdk_examples' returned '0': AMENT_PREFIX_PATH=/home/noma/FINAL_ws/manipulator/install/dynamixel_sdk_custom_interfaces:/home/noma/FINAL_ws/manipulator/install/dynamixel_sdk CMAKE_PREFIX_PATH=/home/noma/FINAL_ws/manipulator/install/dynamixel_sdk_custom_interfaces:/home/noma/FINAL_ws/manipulator/install/dynamixel_sdk LD_LIBRARY_PATH=/home/noma/FINAL_ws/manipulator/install/dynamixel_sdk_custom_interfaces/lib:/home/noma/FINAL_ws/manipulator/install/dynamixel_sdk/lib:/usr/local/cuda-11.7/lib64:/usr/local/cuda-11.7/lib64/ PYTHONPATH=/home/noma/FINAL_ws/manipulator/install/dynamixel_sdk_custom_interfaces/local/lib/python3.10/dist-packages /usr/bin/cmake --install /home/noma/FINAL_ws/manipulator/build/dynamixel_sdk_examples
