[0.500s] Invoking command in '/home/boma/realsense/src/depth_example': PYTHONPATH=/home/boma/realsense/build/depth_example/prefix_override:/home/boma/realsense/install/depth_example/lib/python3.10/site-packages:${PYTHONPATH} /usr/bin/python3 setup.py egg_info --egg-base ../../build/depth_example build --build-base /home/boma/realsense/build/depth_example/build install --record /home/boma/realsense/build/depth_example/install.log --single-version-externally-managed
[0.665s] running egg_info
[0.666s] creating ../../build/depth_example/depth_example.egg-info
[0.666s] writing ../../build/depth_example/depth_example.egg-info/PKG-INFO
[0.666s] writing dependency_links to ../../build/depth_example/depth_example.egg-info/dependency_links.txt
[0.666s] writing entry points to ../../build/depth_example/depth_example.egg-info/entry_points.txt
[0.666s] writing requirements to ../../build/depth_example/depth_example.egg-info/requires.txt
[0.666s] writing top-level names to ../../build/depth_example/depth_example.egg-info/top_level.txt
[0.666s] writing manifest file '../../build/depth_example/depth_example.egg-info/SOURCES.txt'
[0.667s] reading manifest file '../../build/depth_example/depth_example.egg-info/SOURCES.txt'
[0.668s] writing manifest file '../../build/depth_example/depth_example.egg-info/SOURCES.txt'
[0.668s] running build
[0.668s] running build_py
[0.668s] creating /home/boma/realsense/build/depth_example/build
[0.668s] creating /home/boma/realsense/build/depth_example/build/lib
[0.668s] creating /home/boma/realsense/build/depth_example/build/lib/depth_example
[0.668s] copying depth_example/test_node.py -> /home/boma/realsense/build/depth_example/build/lib/depth_example
[0.668s] copying depth_example/final_RS_node.py -> /home/boma/realsense/build/depth_example/build/lib/depth_example
[0.668s] copying depth_example/final_node.py -> /home/boma/realsense/build/depth_example/build/lib/depth_example
[0.668s] copying depth_example/__init__.py -> /home/boma/realsense/build/depth_example/build/lib/depth_example
[0.668s] copying depth_example/detect_node.py -> /home/boma/realsense/build/depth_example/build/lib/depth_example
[0.668s] running install
[0.668s] running install_lib
[0.669s] creating /home/boma/realsense/install/depth_example/lib/python3.10/site-packages/depth_example
[0.669s] copying /home/boma/realsense/build/depth_example/build/lib/depth_example/test_node.py -> /home/boma/realsense/install/depth_example/lib/python3.10/site-packages/depth_example
[0.669s] copying /home/boma/realsense/build/depth_example/build/lib/depth_example/final_RS_node.py -> /home/boma/realsense/install/depth_example/lib/python3.10/site-packages/depth_example
[0.669s] copying /home/boma/realsense/build/depth_example/build/lib/depth_example/final_node.py -> /home/boma/realsense/install/depth_example/lib/python3.10/site-packages/depth_example
[0.669s] copying /home/boma/realsense/build/depth_example/build/lib/depth_example/__init__.py -> /home/boma/realsense/install/depth_example/lib/python3.10/site-packages/depth_example
[0.669s] copying /home/boma/realsense/build/depth_example/build/lib/depth_example/detect_node.py -> /home/boma/realsense/install/depth_example/lib/python3.10/site-packages/depth_example
[0.669s] byte-compiling /home/boma/realsense/install/depth_example/lib/python3.10/site-packages/depth_example/test_node.py to test_node.cpython-310.pyc
[0.670s] byte-compiling /home/boma/realsense/install/depth_example/lib/python3.10/site-packages/depth_example/final_RS_node.py to final_RS_node.cpython-310.pyc
[0.671s] byte-compiling /home/boma/realsense/install/depth_example/lib/python3.10/site-packages/depth_example/final_node.py to final_node.cpython-310.pyc
[0.671s] byte-compiling /home/boma/realsense/install/depth_example/lib/python3.10/site-packages/depth_example/__init__.py to __init__.cpython-310.pyc
[0.671s] byte-compiling /home/boma/realsense/install/depth_example/lib/python3.10/site-packages/depth_example/detect_node.py to detect_node.cpython-310.pyc
[0.671s] running install_data
[0.672s] creating /home/boma/realsense/install/depth_example/share/ament_index
[0.672s] creating /home/boma/realsense/install/depth_example/share/ament_index/resource_index
[0.672s] creating /home/boma/realsense/install/depth_example/share/ament_index/resource_index/packages
[0.672s] copying resource/depth_example -> /home/boma/realsense/install/depth_example/share/ament_index/resource_index/packages
[0.672s] copying package.xml -> /home/boma/realsense/install/depth_example/share/depth_example
[0.672s] running install_egg_info
[0.673s] Copying ../../build/depth_example/depth_example.egg-info to /home/boma/realsense/install/depth_example/lib/python3.10/site-packages/depth_example-0.0.0-py3.10.egg-info
[0.673s] running install_scripts
[0.686s] Installing detect_node script to /home/boma/realsense/install/depth_example/lib/depth_example
[0.686s] Installing final_RS_node script to /home/boma/realsense/install/depth_example/lib/depth_example
[0.686s] Installing final_node script to /home/boma/realsense/install/depth_example/lib/depth_example
[0.686s] Installing test_node script to /home/boma/realsense/install/depth_example/lib/depth_example
[0.686s] writing list of installed files to '/home/boma/realsense/build/depth_example/install.log'
[0.702s] Invoked command in '/home/boma/realsense/src/depth_example' returned '0': PYTHONPATH=/home/boma/realsense/build/depth_example/prefix_override:/home/boma/realsense/install/depth_example/lib/python3.10/site-packages:${PYTHONPATH} /usr/bin/python3 setup.py egg_info --egg-base ../../build/depth_example build --build-base /home/boma/realsense/build/depth_example/build install --record /home/boma/realsense/build/depth_example/install.log --single-version-externally-managed
