[0.341s] Invoking command in '/home/noma/FINAL_ws/manipulator/build/dynamixel_sdk_custom_interfaces': CMAKE_PREFIX_PATH=${CMAKE_PREFIX_PATH}:/home/noma/FINAL_ws/manipulator/install/test_package:/home/noma/FINAL_ws/manipulator/install/open_manipulator_x_teleop:/opt/ros/humble /usr/bin/cmake --build /home/noma/FINAL_ws/manipulator/build/dynamixel_sdk_custom_interfaces -- -j8 -l8
[0.410s] [  2%] Built target dynamixel_sdk_custom_interfaces__cpp
[0.413s] [ 12%] Built target dynamixel_sdk_custom_interfaces__rosidl_generator_c
[0.427s] [ 12%] Built target ament_cmake_python_copy_dynamixel_sdk_custom_interfaces
[0.459s] [ 33%] Built target dynamixel_sdk_custom_interfaces__rosidl_typesupport_fastrtps_cpp
[0.460s] [ 33%] Built target dynamixel_sdk_custom_interfaces__rosidl_typesupport_introspection_cpp
[0.462s] [ 43%] Built target dynamixel_sdk_custom_interfaces__rosidl_typesupport_cpp
[0.478s] [ 53%] Built target dynamixel_sdk_custom_interfaces__rosidl_typesupport_fastrtps_c
[0.485s] [ 64%] Built target dynamixel_sdk_custom_interfaces__rosidl_typesupport_c
[0.489s] [ 74%] Built target dynamixel_sdk_custom_interfaces__rosidl_typesupport_introspection_c
[0.509s] [ 74%] Built target dynamixel_sdk_custom_interfaces
[0.529s] [ 76%] Built target dynamixel_sdk_custom_interfaces__py
[0.552s] [ 84%] Built target dynamixel_sdk_custom_interfaces__rosidl_generator_py
[0.585s] [ 89%] Built target dynamixel_sdk_custom_interfaces__rosidl_typesupport_c__pyext
[0.588s] [ 94%] Built target dynamixel_sdk_custom_interfaces__rosidl_typesupport_introspection_c__pyext
[0.593s] [100%] Built target dynamixel_sdk_custom_interfaces__rosidl_typesupport_fastrtps_c__pyext
[0.837s] running egg_info
[0.838s] writing dynamixel_sdk_custom_interfaces.egg-info/PKG-INFO
[0.838s] writing dependency_links to dynamixel_sdk_custom_interfaces.egg-info/dependency_links.txt
[0.838s] writing top-level names to dynamixel_sdk_custom_interfaces.egg-info/top_level.txt
[0.841s] reading manifest file 'dynamixel_sdk_custom_interfaces.egg-info/SOURCES.txt'
[0.842s] writing manifest file 'dynamixel_sdk_custom_interfaces.egg-info/SOURCES.txt'
[0.874s] [100%] Built target ament_cmake_python_build_dynamixel_sdk_custom_interfaces_egg
[0.970s] Invoked command in '/home/noma/FINAL_ws/manipulator/build/dynamixel_sdk_custom_interfaces' returned '0': CMAKE_PREFIX_PATH=${CMAKE_PREFIX_PATH}:/home/noma/FINAL_ws/manipulator/install/test_package:/home/noma/FINAL_ws/manipulator/install/open_manipulator_x_teleop:/opt/ros/humble /usr/bin/cmake --build /home/noma/FINAL_ws/manipulator/build/dynamixel_sdk_custom_interfaces -- -j8 -l8
[1.106s] Invoking command in '/home/noma/FINAL_ws/manipulator/build/dynamixel_sdk_custom_interfaces': CMAKE_PREFIX_PATH=${CMAKE_PREFIX_PATH}:/home/noma/FINAL_ws/manipulator/install/test_package:/home/noma/FINAL_ws/manipulator/install/open_manipulator_x_teleop:/opt/ros/humble /usr/bin/cmake --install /home/noma/FINAL_ws/manipulator/build/dynamixel_sdk_custom_interfaces
[1.115s] -- Install configuration: ""
[1.116s] -- Up-to-date: /home/noma/FINAL_ws/manipulator/install/dynamixel_sdk_custom_interfaces/share/ament_index/resource_index/rosidl_interfaces/dynamixel_sdk_custom_interfaces
[1.116s] -- Up-to-date: /home/noma/FINAL_ws/manipulator/install/dynamixel_sdk_custom_interfaces/include/dynamixel_sdk_custom_interfaces/dynamixel_sdk_custom_interfaces
[1.116s] -- Up-to-date: /home/noma/FINAL_ws/manipulator/install/dynamixel_sdk_custom_interfaces/include/dynamixel_sdk_custom_interfaces/dynamixel_sdk_custom_interfaces/srv
[1.116s] -- Up-to-date: /home/noma/FINAL_ws/manipulator/install/dynamixel_sdk_custom_interfaces/include/dynamixel_sdk_custom_interfaces/dynamixel_sdk_custom_interfaces/srv/get_position.h
[1.117s] -- Up-to-date: /home/noma/FINAL_ws/manipulator/install/dynamixel_sdk_custom_interfaces/include/dynamixel_sdk_custom_interfaces/dynamixel_sdk_custom_interfaces/srv/detail
[1.117s] -- Up-to-date: /home/noma/FINAL_ws/manipulator/install/dynamixel_sdk_custom_interfaces/include/dynamixel_sdk_custom_interfaces/dynamixel_sdk_custom_interfaces/srv/detail/get_position__struct.h
[1.117s] -- Up-to-date: /home/noma/FINAL_ws/manipulator/install/dynamixel_sdk_custom_interfaces/include/dynamixel_sdk_custom_interfaces/dynamixel_sdk_custom_interfaces/srv/detail/get_position__functions.c
[1.117s] -- Up-to-date: /home/noma/FINAL_ws/manipulator/install/dynamixel_sdk_custom_interfaces/include/dynamixel_sdk_custom_interfaces/dynamixel_sdk_custom_interfaces/srv/detail/get_position__type_support.h
[1.117s] -- Up-to-date: /home/noma/FINAL_ws/manipulator/install/dynamixel_sdk_custom_interfaces/include/dynamixel_sdk_custom_interfaces/dynamixel_sdk_custom_interfaces/srv/detail/get_position__functions.h
[1.117s] -- Up-to-date: /home/noma/FINAL_ws/manipulator/install/dynamixel_sdk_custom_interfaces/include/dynamixel_sdk_custom_interfaces/dynamixel_sdk_custom_interfaces/msg
[1.118s] -- Up-to-date: /home/noma/FINAL_ws/manipulator/install/dynamixel_sdk_custom_interfaces/include/dynamixel_sdk_custom_interfaces/dynamixel_sdk_custom_interfaces/msg/rosidl_generator_c__visibility_control.h
[1.118s] -- Up-to-date: /home/noma/FINAL_ws/manipulator/install/dynamixel_sdk_custom_interfaces/include/dynamixel_sdk_custom_interfaces/dynamixel_sdk_custom_interfaces/msg/set_position.h
[1.118s] -- Up-to-date: /home/noma/FINAL_ws/manipulator/install/dynamixel_sdk_custom_interfaces/include/dynamixel_sdk_custom_interfaces/dynamixel_sdk_custom_interfaces/msg/detail
[1.118s] -- Up-to-date: /home/noma/FINAL_ws/manipulator/install/dynamixel_sdk_custom_interfaces/include/dynamixel_sdk_custom_interfaces/dynamixel_sdk_custom_interfaces/msg/detail/set_position__functions.c
[1.118s] -- Up-to-date: /home/noma/FINAL_ws/manipulator/install/dynamixel_sdk_custom_interfaces/include/dynamixel_sdk_custom_interfaces/dynamixel_sdk_custom_interfaces/msg/detail/set_position__type_support.h
[1.119s] -- Up-to-date: /home/noma/FINAL_ws/manipulator/install/dynamixel_sdk_custom_interfaces/include/dynamixel_sdk_custom_interfaces/dynamixel_sdk_custom_interfaces/msg/detail/set_position__struct.h
[1.119s] -- Up-to-date: /home/noma/FINAL_ws/manipulator/install/dynamixel_sdk_custom_interfaces/include/dynamixel_sdk_custom_interfaces/dynamixel_sdk_custom_interfaces/msg/detail/set_position__functions.h
[1.120s] -- Up-to-date: /home/noma/FINAL_ws/manipulator/install/dynamixel_sdk_custom_interfaces/share/dynamixel_sdk_custom_interfaces/environment/library_path.sh
[1.120s] -- Up-to-date: /home/noma/FINAL_ws/manipulator/install/dynamixel_sdk_custom_interfaces/share/dynamixel_sdk_custom_interfaces/environment/library_path.dsv
[1.121s] -- Up-to-date: /home/noma/FINAL_ws/manipulator/install/dynamixel_sdk_custom_interfaces/lib/libdynamixel_sdk_custom_interfaces__rosidl_generator_c.so
[1.121s] -- Up-to-date: /home/noma/FINAL_ws/manipulator/install/dynamixel_sdk_custom_interfaces/include/dynamixel_sdk_custom_interfaces/dynamixel_sdk_custom_interfaces
[1.121s] -- Up-to-date: /home/noma/FINAL_ws/manipulator/install/dynamixel_sdk_custom_interfaces/include/dynamixel_sdk_custom_interfaces/dynamixel_sdk_custom_interfaces/srv
[1.122s] -- Up-to-date: /home/noma/FINAL_ws/manipulator/install/dynamixel_sdk_custom_interfaces/include/dynamixel_sdk_custom_interfaces/dynamixel_sdk_custom_interfaces/srv/detail
[1.122s] -- Up-to-date: /home/noma/FINAL_ws/manipulator/install/dynamixel_sdk_custom_interfaces/include/dynamixel_sdk_custom_interfaces/dynamixel_sdk_custom_interfaces/srv/detail/get_position__rosidl_typesupport_fastrtps_c.h
[1.122s] -- Up-to-date: /home/noma/FINAL_ws/manipulator/install/dynamixel_sdk_custom_interfaces/include/dynamixel_sdk_custom_interfaces/dynamixel_sdk_custom_interfaces/msg
[1.122s] -- Up-to-date: /home/noma/FINAL_ws/manipulator/install/dynamixel_sdk_custom_interfaces/include/dynamixel_sdk_custom_interfaces/dynamixel_sdk_custom_interfaces/msg/detail
[1.122s] -- Up-to-date: /home/noma/FINAL_ws/manipulator/install/dynamixel_sdk_custom_interfaces/include/dynamixel_sdk_custom_interfaces/dynamixel_sdk_custom_interfaces/msg/detail/set_position__rosidl_typesupport_fastrtps_c.h
[1.122s] -- Up-to-date: /home/noma/FINAL_ws/manipulator/install/dynamixel_sdk_custom_interfaces/include/dynamixel_sdk_custom_interfaces/dynamixel_sdk_custom_interfaces/msg/rosidl_typesupport_fastrtps_c__visibility_control.h
[1.122s] -- Up-to-date: /home/noma/FINAL_ws/manipulator/install/dynamixel_sdk_custom_interfaces/lib/libdynamixel_sdk_custom_interfaces__rosidl_typesupport_fastrtps_c.so
[1.122s] -- Up-to-date: /home/noma/FINAL_ws/manipulator/install/dynamixel_sdk_custom_interfaces/include/dynamixel_sdk_custom_interfaces/dynamixel_sdk_custom_interfaces
[1.123s] -- Up-to-date: /home/noma/FINAL_ws/manipulator/install/dynamixel_sdk_custom_interfaces/include/dynamixel_sdk_custom_interfaces/dynamixel_sdk_custom_interfaces/srv
[1.123s] -- Up-to-date: /home/noma/FINAL_ws/manipulator/install/dynamixel_sdk_custom_interfaces/include/dynamixel_sdk_custom_interfaces/dynamixel_sdk_custom_interfaces/srv/get_position.hpp
[1.123s] -- Up-to-date: /home/noma/FINAL_ws/manipulator/install/dynamixel_sdk_custom_interfaces/include/dynamixel_sdk_custom_interfaces/dynamixel_sdk_custom_interfaces/srv/detail
[1.123s] -- Up-to-date: /home/noma/FINAL_ws/manipulator/install/dynamixel_sdk_custom_interfaces/include/dynamixel_sdk_custom_interfaces/dynamixel_sdk_custom_interfaces/srv/detail/get_position__struct.hpp
[1.123s] -- Up-to-date: /home/noma/FINAL_ws/manipulator/install/dynamixel_sdk_custom_interfaces/include/dynamixel_sdk_custom_interfaces/dynamixel_sdk_custom_interfaces/srv/detail/get_position__traits.hpp
[1.123s] -- Up-to-date: /home/noma/FINAL_ws/manipulator/install/dynamixel_sdk_custom_interfaces/include/dynamixel_sdk_custom_interfaces/dynamixel_sdk_custom_interfaces/srv/detail/get_position__builder.hpp
[1.124s] -- Up-to-date: /home/noma/FINAL_ws/manipulator/install/dynamixel_sdk_custom_interfaces/include/dynamixel_sdk_custom_interfaces/dynamixel_sdk_custom_interfaces/msg
[1.124s] -- Up-to-date: /home/noma/FINAL_ws/manipulator/install/dynamixel_sdk_custom_interfaces/include/dynamixel_sdk_custom_interfaces/dynamixel_sdk_custom_interfaces/msg/set_position.hpp
[1.124s] -- Up-to-date: /home/noma/FINAL_ws/manipulator/install/dynamixel_sdk_custom_interfaces/include/dynamixel_sdk_custom_interfaces/dynamixel_sdk_custom_interfaces/msg/detail
[1.124s] -- Up-to-date: /home/noma/FINAL_ws/manipulator/install/dynamixel_sdk_custom_interfaces/include/dynamixel_sdk_custom_interfaces/dynamixel_sdk_custom_interfaces/msg/detail/set_position__traits.hpp
[1.124s] -- Up-to-date: /home/noma/FINAL_ws/manipulator/install/dynamixel_sdk_custom_interfaces/include/dynamixel_sdk_custom_interfaces/dynamixel_sdk_custom_interfaces/msg/detail/set_position__struct.hpp
[1.124s] -- Up-to-date: /home/noma/FINAL_ws/manipulator/install/dynamixel_sdk_custom_interfaces/include/dynamixel_sdk_custom_interfaces/dynamixel_sdk_custom_interfaces/msg/detail/set_position__builder.hpp
[1.125s] -- Up-to-date: /home/noma/FINAL_ws/manipulator/install/dynamixel_sdk_custom_interfaces/include/dynamixel_sdk_custom_interfaces/dynamixel_sdk_custom_interfaces
[1.125s] -- Up-to-date: /home/noma/FINAL_ws/manipulator/install/dynamixel_sdk_custom_interfaces/include/dynamixel_sdk_custom_interfaces/dynamixel_sdk_custom_interfaces/srv
[1.125s] -- Up-to-date: /home/noma/FINAL_ws/manipulator/install/dynamixel_sdk_custom_interfaces/include/dynamixel_sdk_custom_interfaces/dynamixel_sdk_custom_interfaces/srv/detail
[1.125s] -- Up-to-date: /home/noma/FINAL_ws/manipulator/install/dynamixel_sdk_custom_interfaces/include/dynamixel_sdk_custom_interfaces/dynamixel_sdk_custom_interfaces/srv/detail/dds_fastrtps
[1.125s] -- Up-to-date: /home/noma/FINAL_ws/manipulator/install/dynamixel_sdk_custom_interfaces/include/dynamixel_sdk_custom_interfaces/dynamixel_sdk_custom_interfaces/srv/detail/get_position__rosidl_typesupport_fastrtps_cpp.hpp
[1.125s] -- Up-to-date: /home/noma/FINAL_ws/manipulator/install/dynamixel_sdk_custom_interfaces/include/dynamixel_sdk_custom_interfaces/dynamixel_sdk_custom_interfaces/msg
[1.125s] -- Up-to-date: /home/noma/FINAL_ws/manipulator/install/dynamixel_sdk_custom_interfaces/include/dynamixel_sdk_custom_interfaces/dynamixel_sdk_custom_interfaces/msg/detail
[1.125s] -- Up-to-date: /home/noma/FINAL_ws/manipulator/install/dynamixel_sdk_custom_interfaces/include/dynamixel_sdk_custom_interfaces/dynamixel_sdk_custom_interfaces/msg/detail/dds_fastrtps
[1.126s] -- Up-to-date: /home/noma/FINAL_ws/manipulator/install/dynamixel_sdk_custom_interfaces/include/dynamixel_sdk_custom_interfaces/dynamixel_sdk_custom_interfaces/msg/detail/set_position__rosidl_typesupport_fastrtps_cpp.hpp
[1.126s] -- Up-to-date: /home/noma/FINAL_ws/manipulator/install/dynamixel_sdk_custom_interfaces/include/dynamixel_sdk_custom_interfaces/dynamixel_sdk_custom_interfaces/msg/rosidl_typesupport_fastrtps_cpp__visibility_control.h
[1.126s] -- Up-to-date: /home/noma/FINAL_ws/manipulator/install/dynamixel_sdk_custom_interfaces/lib/libdynamixel_sdk_custom_interfaces__rosidl_typesupport_fastrtps_cpp.so
[1.126s] -- Up-to-date: /home/noma/FINAL_ws/manipulator/install/dynamixel_sdk_custom_interfaces/include/dynamixel_sdk_custom_interfaces/dynamixel_sdk_custom_interfaces
[1.126s] -- Up-to-date: /home/noma/FINAL_ws/manipulator/install/dynamixel_sdk_custom_interfaces/include/dynamixel_sdk_custom_interfaces/dynamixel_sdk_custom_interfaces/srv
[1.126s] -- Up-to-date: /home/noma/FINAL_ws/manipulator/install/dynamixel_sdk_custom_interfaces/include/dynamixel_sdk_custom_interfaces/dynamixel_sdk_custom_interfaces/srv/detail
[1.127s] -- Up-to-date: /home/noma/FINAL_ws/manipulator/install/dynamixel_sdk_custom_interfaces/include/dynamixel_sdk_custom_interfaces/dynamixel_sdk_custom_interfaces/srv/detail/get_position__type_support.c
[1.127s] -- Up-to-date: /home/noma/FINAL_ws/manipulator/install/dynamixel_sdk_custom_interfaces/include/dynamixel_sdk_custom_interfaces/dynamixel_sdk_custom_interfaces/srv/detail/get_position__rosidl_typesupport_introspection_c.h
[1.128s] -- Up-to-date: /home/noma/FINAL_ws/manipulator/install/dynamixel_sdk_custom_interfaces/include/dynamixel_sdk_custom_interfaces/dynamixel_sdk_custom_interfaces/msg
[1.128s] -- Up-to-date: /home/noma/FINAL_ws/manipulator/install/dynamixel_sdk_custom_interfaces/include/dynamixel_sdk_custom_interfaces/dynamixel_sdk_custom_interfaces/msg/rosidl_typesupport_introspection_c__visibility_control.h
[1.129s] -- Up-to-date: /home/noma/FINAL_ws/manipulator/install/dynamixel_sdk_custom_interfaces/include/dynamixel_sdk_custom_interfaces/dynamixel_sdk_custom_interfaces/msg/detail
[1.130s] -- Up-to-date: /home/noma/FINAL_ws/manipulator/install/dynamixel_sdk_custom_interfaces/include/dynamixel_sdk_custom_interfaces/dynamixel_sdk_custom_interfaces/msg/detail/set_position__type_support.c
[1.130s] -- Up-to-date: /home/noma/FINAL_ws/manipulator/install/dynamixel_sdk_custom_interfaces/include/dynamixel_sdk_custom_interfaces/dynamixel_sdk_custom_interfaces/msg/detail/set_position__rosidl_typesupport_introspection_c.h
[1.131s] -- Up-to-date: /home/noma/FINAL_ws/manipulator/install/dynamixel_sdk_custom_interfaces/lib/libdynamixel_sdk_custom_interfaces__rosidl_typesupport_introspection_c.so
[1.133s] -- Up-to-date: /home/noma/FINAL_ws/manipulator/install/dynamixel_sdk_custom_interfaces/lib/libdynamixel_sdk_custom_interfaces__rosidl_typesupport_c.so
[1.133s] -- Up-to-date: /home/noma/FINAL_ws/manipulator/install/dynamixel_sdk_custom_interfaces/include/dynamixel_sdk_custom_interfaces/dynamixel_sdk_custom_interfaces
[1.139s] -- Up-to-date: /home/noma/FINAL_ws/manipulator/install/dynamixel_sdk_custom_interfaces/include/dynamixel_sdk_custom_interfaces/dynamixel_sdk_custom_interfaces/srv
[1.139s] -- Up-to-date: /home/noma/FINAL_ws/manipulator/install/dynamixel_sdk_custom_interfaces/include/dynamixel_sdk_custom_interfaces/dynamixel_sdk_custom_interfaces/srv/detail
[1.139s] -- Up-to-date: /home/noma/FINAL_ws/manipulator/install/dynamixel_sdk_custom_interfaces/include/dynamixel_sdk_custom_interfaces/dynamixel_sdk_custom_interfaces/srv/detail/get_position__type_support.cpp
[1.139s] -- Up-to-date: /home/noma/FINAL_ws/manipulator/install/dynamixel_sdk_custom_interfaces/include/dynamixel_sdk_custom_interfaces/dynamixel_sdk_custom_interfaces/srv/detail/get_position__rosidl_typesupport_introspection_cpp.hpp
[1.140s] -- Up-to-date: /home/noma/FINAL_ws/manipulator/install/dynamixel_sdk_custom_interfaces/include/dynamixel_sdk_custom_interfaces/dynamixel_sdk_custom_interfaces/msg
[1.140s] -- Up-to-date: /home/noma/FINAL_ws/manipulator/install/dynamixel_sdk_custom_interfaces/include/dynamixel_sdk_custom_interfaces/dynamixel_sdk_custom_interfaces/msg/detail
[1.140s] -- Up-to-date: /home/noma/FINAL_ws/manipulator/install/dynamixel_sdk_custom_interfaces/include/dynamixel_sdk_custom_interfaces/dynamixel_sdk_custom_interfaces/msg/detail/set_position__type_support.cpp
[1.140s] -- Up-to-date: /home/noma/FINAL_ws/manipulator/install/dynamixel_sdk_custom_interfaces/include/dynamixel_sdk_custom_interfaces/dynamixel_sdk_custom_interfaces/msg/detail/set_position__rosidl_typesupport_introspection_cpp.hpp
[1.140s] -- Up-to-date: /home/noma/FINAL_ws/manipulator/install/dynamixel_sdk_custom_interfaces/lib/libdynamixel_sdk_custom_interfaces__rosidl_typesupport_introspection_cpp.so
[1.141s] -- Up-to-date: /home/noma/FINAL_ws/manipulator/install/dynamixel_sdk_custom_interfaces/lib/libdynamixel_sdk_custom_interfaces__rosidl_typesupport_cpp.so
[1.141s] -- Up-to-date: /home/noma/FINAL_ws/manipulator/install/dynamixel_sdk_custom_interfaces/share/dynamixel_sdk_custom_interfaces/environment/pythonpath.sh
[1.141s] -- Up-to-date: /home/noma/FINAL_ws/manipulator/install/dynamixel_sdk_custom_interfaces/share/dynamixel_sdk_custom_interfaces/environment/pythonpath.dsv
[1.141s] -- Up-to-date: /home/noma/FINAL_ws/manipulator/install/dynamixel_sdk_custom_interfaces/local/lib/python3.10/dist-packages/dynamixel_sdk_custom_interfaces-3.7.60-py3.10.egg-info
[1.142s] -- Installing: /home/noma/FINAL_ws/manipulator/install/dynamixel_sdk_custom_interfaces/local/lib/python3.10/dist-packages/dynamixel_sdk_custom_interfaces-3.7.60-py3.10.egg-info/PKG-INFO
[1.142s] -- Installing: /home/noma/FINAL_ws/manipulator/install/dynamixel_sdk_custom_interfaces/local/lib/python3.10/dist-packages/dynamixel_sdk_custom_interfaces-3.7.60-py3.10.egg-info/SOURCES.txt
[1.142s] -- Installing: /home/noma/FINAL_ws/manipulator/install/dynamixel_sdk_custom_interfaces/local/lib/python3.10/dist-packages/dynamixel_sdk_custom_interfaces-3.7.60-py3.10.egg-info/dependency_links.txt
[1.142s] -- Installing: /home/noma/FINAL_ws/manipulator/install/dynamixel_sdk_custom_interfaces/local/lib/python3.10/dist-packages/dynamixel_sdk_custom_interfaces-3.7.60-py3.10.egg-info/top_level.txt
[1.142s] -- Up-to-date: /home/noma/FINAL_ws/manipulator/install/dynamixel_sdk_custom_interfaces/local/lib/python3.10/dist-packages/dynamixel_sdk_custom_interfaces
[1.142s] -- Up-to-date: /home/noma/FINAL_ws/manipulator/install/dynamixel_sdk_custom_interfaces/local/lib/python3.10/dist-packages/dynamixel_sdk_custom_interfaces/_dynamixel_sdk_custom_interfaces_s.ep.rosidl_typesupport_fastrtps_c.c
[1.142s] -- Up-to-date: /home/noma/FINAL_ws/manipulator/install/dynamixel_sdk_custom_interfaces/local/lib/python3.10/dist-packages/dynamixel_sdk_custom_interfaces/dynamixel_sdk_custom_interfaces_s__rosidl_typesupport_c.cpython-310-x86_64-linux-gnu.so
[1.142s] -- Up-to-date: /home/noma/FINAL_ws/manipulator/install/dynamixel_sdk_custom_interfaces/local/lib/python3.10/dist-packages/dynamixel_sdk_custom_interfaces/__init__.py
[1.142s] -- Up-to-date: /home/noma/FINAL_ws/manipulator/install/dynamixel_sdk_custom_interfaces/local/lib/python3.10/dist-packages/dynamixel_sdk_custom_interfaces/_dynamixel_sdk_custom_interfaces_s.ep.rosidl_typesupport_c.c
[1.143s] -- Up-to-date: /home/noma/FINAL_ws/manipulator/install/dynamixel_sdk_custom_interfaces/local/lib/python3.10/dist-packages/dynamixel_sdk_custom_interfaces/dynamixel_sdk_custom_interfaces_s__rosidl_typesupport_introspection_c.cpython-310-x86_64-linux-gnu.so
[1.143s] -- Up-to-date: /home/noma/FINAL_ws/manipulator/install/dynamixel_sdk_custom_interfaces/local/lib/python3.10/dist-packages/dynamixel_sdk_custom_interfaces/libdynamixel_sdk_custom_interfaces__rosidl_generator_py.so
[1.143s] -- Up-to-date: /home/noma/FINAL_ws/manipulator/install/dynamixel_sdk_custom_interfaces/local/lib/python3.10/dist-packages/dynamixel_sdk_custom_interfaces/dynamixel_sdk_custom_interfaces_s__rosidl_typesupport_fastrtps_c.cpython-310-x86_64-linux-gnu.so
[1.143s] -- Up-to-date: /home/noma/FINAL_ws/manipulator/install/dynamixel_sdk_custom_interfaces/local/lib/python3.10/dist-packages/dynamixel_sdk_custom_interfaces/_dynamixel_sdk_custom_interfaces_s.ep.rosidl_typesupport_introspection_c.c
[1.143s] -- Up-to-date: /home/noma/FINAL_ws/manipulator/install/dynamixel_sdk_custom_interfaces/local/lib/python3.10/dist-packages/dynamixel_sdk_custom_interfaces/srv
[1.143s] -- Up-to-date: /home/noma/FINAL_ws/manipulator/install/dynamixel_sdk_custom_interfaces/local/lib/python3.10/dist-packages/dynamixel_sdk_custom_interfaces/srv/__init__.py
[1.143s] -- Up-to-date: /home/noma/FINAL_ws/manipulator/install/dynamixel_sdk_custom_interfaces/local/lib/python3.10/dist-packages/dynamixel_sdk_custom_interfaces/srv/_get_position_s.c
[1.143s] -- Up-to-date: /home/noma/FINAL_ws/manipulator/install/dynamixel_sdk_custom_interfaces/local/lib/python3.10/dist-packages/dynamixel_sdk_custom_interfaces/srv/_get_position.py
[1.143s] -- Up-to-date: /home/noma/FINAL_ws/manipulator/install/dynamixel_sdk_custom_interfaces/local/lib/python3.10/dist-packages/dynamixel_sdk_custom_interfaces/msg
[1.143s] -- Up-to-date: /home/noma/FINAL_ws/manipulator/install/dynamixel_sdk_custom_interfaces/local/lib/python3.10/dist-packages/dynamixel_sdk_custom_interfaces/msg/__init__.py
[1.143s] -- Up-to-date: /home/noma/FINAL_ws/manipulator/install/dynamixel_sdk_custom_interfaces/local/lib/python3.10/dist-packages/dynamixel_sdk_custom_interfaces/msg/_set_position.py
[1.143s] -- Up-to-date: /home/noma/FINAL_ws/manipulator/install/dynamixel_sdk_custom_interfaces/local/lib/python3.10/dist-packages/dynamixel_sdk_custom_interfaces/msg/_set_position_s.c
[1.164s] Listing '/home/noma/FINAL_ws/manipulator/install/dynamixel_sdk_custom_interfaces/local/lib/python3.10/dist-packages/dynamixel_sdk_custom_interfaces'...
[1.164s] Listing '/home/noma/FINAL_ws/manipulator/install/dynamixel_sdk_custom_interfaces/local/lib/python3.10/dist-packages/dynamixel_sdk_custom_interfaces/msg'...
[1.164s] Listing '/home/noma/FINAL_ws/manipulator/install/dynamixel_sdk_custom_interfaces/local/lib/python3.10/dist-packages/dynamixel_sdk_custom_interfaces/srv'...
[1.169s] -- Up-to-date: /home/noma/FINAL_ws/manipulator/install/dynamixel_sdk_custom_interfaces/local/lib/python3.10/dist-packages/dynamixel_sdk_custom_interfaces/dynamixel_sdk_custom_interfaces_s__rosidl_typesupport_fastrtps_c.cpython-310-x86_64-linux-gnu.so
[1.170s] -- Up-to-date: /home/noma/FINAL_ws/manipulator/install/dynamixel_sdk_custom_interfaces/local/lib/python3.10/dist-packages/dynamixel_sdk_custom_interfaces/dynamixel_sdk_custom_interfaces_s__rosidl_typesupport_introspection_c.cpython-310-x86_64-linux-gnu.so
[1.170s] -- Up-to-date: /home/noma/FINAL_ws/manipulator/install/dynamixel_sdk_custom_interfaces/local/lib/python3.10/dist-packages/dynamixel_sdk_custom_interfaces/dynamixel_sdk_custom_interfaces_s__rosidl_typesupport_c.cpython-310-x86_64-linux-gnu.so
[1.170s] -- Up-to-date: /home/noma/FINAL_ws/manipulator/install/dynamixel_sdk_custom_interfaces/lib/libdynamixel_sdk_custom_interfaces__rosidl_generator_py.so
[1.170s] -- Up-to-date: /home/noma/FINAL_ws/manipulator/install/dynamixel_sdk_custom_interfaces/share/dynamixel_sdk_custom_interfaces/msg/SetPosition.idl
[1.171s] -- Up-to-date: /home/noma/FINAL_ws/manipulator/install/dynamixel_sdk_custom_interfaces/share/dynamixel_sdk_custom_interfaces/srv/GetPosition.idl
[1.171s] -- Up-to-date: /home/noma/FINAL_ws/manipulator/install/dynamixel_sdk_custom_interfaces/share/dynamixel_sdk_custom_interfaces/msg/SetPosition.msg
[1.171s] -- Up-to-date: /home/noma/FINAL_ws/manipulator/install/dynamixel_sdk_custom_interfaces/share/dynamixel_sdk_custom_interfaces/srv/GetPosition.srv
[1.171s] -- Up-to-date: /home/noma/FINAL_ws/manipulator/install/dynamixel_sdk_custom_interfaces/share/dynamixel_sdk_custom_interfaces/srv/GetPosition_Request.msg
[1.171s] -- Up-to-date: /home/noma/FINAL_ws/manipulator/install/dynamixel_sdk_custom_interfaces/share/dynamixel_sdk_custom_interfaces/srv/GetPosition_Response.msg
[1.172s] -- Up-to-date: /home/noma/FINAL_ws/manipulator/install/dynamixel_sdk_custom_interfaces/share/ament_index/resource_index/package_run_dependencies/dynamixel_sdk_custom_interfaces
[1.172s] -- Up-to-date: /home/noma/FINAL_ws/manipulator/install/dynamixel_sdk_custom_interfaces/share/ament_index/resource_index/parent_prefix_path/dynamixel_sdk_custom_interfaces
[1.173s] -- Up-to-date: /home/noma/FINAL_ws/manipulator/install/dynamixel_sdk_custom_interfaces/share/dynamixel_sdk_custom_interfaces/environment/ament_prefix_path.sh
[1.173s] -- Up-to-date: /home/noma/FINAL_ws/manipulator/install/dynamixel_sdk_custom_interfaces/share/dynamixel_sdk_custom_interfaces/environment/ament_prefix_path.dsv
[1.173s] -- Up-to-date: /home/noma/FINAL_ws/manipulator/install/dynamixel_sdk_custom_interfaces/share/dynamixel_sdk_custom_interfaces/environment/path.sh
[1.173s] -- Up-to-date: /home/noma/FINAL_ws/manipulator/install/dynamixel_sdk_custom_interfaces/share/dynamixel_sdk_custom_interfaces/environment/path.dsv
[1.174s] -- Up-to-date: /home/noma/FINAL_ws/manipulator/install/dynamixel_sdk_custom_interfaces/share/dynamixel_sdk_custom_interfaces/local_setup.bash
[1.174s] -- Up-to-date: /home/noma/FINAL_ws/manipulator/install/dynamixel_sdk_custom_interfaces/share/dynamixel_sdk_custom_interfaces/local_setup.sh
[1.174s] -- Up-to-date: /home/noma/FINAL_ws/manipulator/install/dynamixel_sdk_custom_interfaces/share/dynamixel_sdk_custom_interfaces/local_setup.zsh
[1.175s] -- Up-to-date: /home/noma/FINAL_ws/manipulator/install/dynamixel_sdk_custom_interfaces/share/dynamixel_sdk_custom_interfaces/local_setup.dsv
[1.175s] -- Installing: /home/noma/FINAL_ws/manipulator/install/dynamixel_sdk_custom_interfaces/share/dynamixel_sdk_custom_interfaces/package.dsv
[1.175s] -- Up-to-date: /home/noma/FINAL_ws/manipulator/install/dynamixel_sdk_custom_interfaces/share/ament_index/resource_index/packages/dynamixel_sdk_custom_interfaces
[1.175s] -- Up-to-date: /home/noma/FINAL_ws/manipulator/install/dynamixel_sdk_custom_interfaces/share/dynamixel_sdk_custom_interfaces/cmake/export_dynamixel_sdk_custom_interfaces__rosidl_generator_cExport.cmake
[1.176s] -- Up-to-date: /home/noma/FINAL_ws/manipulator/install/dynamixel_sdk_custom_interfaces/share/dynamixel_sdk_custom_interfaces/cmake/export_dynamixel_sdk_custom_interfaces__rosidl_generator_cExport-noconfig.cmake
[1.176s] -- Up-to-date: /home/noma/FINAL_ws/manipulator/install/dynamixel_sdk_custom_interfaces/share/dynamixel_sdk_custom_interfaces/cmake/export_dynamixel_sdk_custom_interfaces__rosidl_typesupport_fastrtps_cExport.cmake
[1.176s] -- Up-to-date: /home/noma/FINAL_ws/manipulator/install/dynamixel_sdk_custom_interfaces/share/dynamixel_sdk_custom_interfaces/cmake/export_dynamixel_sdk_custom_interfaces__rosidl_typesupport_fastrtps_cExport-noconfig.cmake
[1.176s] -- Up-to-date: /home/noma/FINAL_ws/manipulator/install/dynamixel_sdk_custom_interfaces/share/dynamixel_sdk_custom_interfaces/cmake/export_dynamixel_sdk_custom_interfaces__rosidl_generator_cppExport.cmake
[1.177s] -- Up-to-date: /home/noma/FINAL_ws/manipulator/install/dynamixel_sdk_custom_interfaces/share/dynamixel_sdk_custom_interfaces/cmake/export_dynamixel_sdk_custom_interfaces__rosidl_typesupport_fastrtps_cppExport.cmake
[1.177s] -- Up-to-date: /home/noma/FINAL_ws/manipulator/install/dynamixel_sdk_custom_interfaces/share/dynamixel_sdk_custom_interfaces/cmake/export_dynamixel_sdk_custom_interfaces__rosidl_typesupport_fastrtps_cppExport-noconfig.cmake
[1.177s] -- Up-to-date: /home/noma/FINAL_ws/manipulator/install/dynamixel_sdk_custom_interfaces/share/dynamixel_sdk_custom_interfaces/cmake/dynamixel_sdk_custom_interfaces__rosidl_typesupport_introspection_cExport.cmake
[1.177s] -- Up-to-date: /home/noma/FINAL_ws/manipulator/install/dynamixel_sdk_custom_interfaces/share/dynamixel_sdk_custom_interfaces/cmake/dynamixel_sdk_custom_interfaces__rosidl_typesupport_introspection_cExport-noconfig.cmake
[1.178s] -- Up-to-date: /home/noma/FINAL_ws/manipulator/install/dynamixel_sdk_custom_interfaces/share/dynamixel_sdk_custom_interfaces/cmake/dynamixel_sdk_custom_interfaces__rosidl_typesupport_cExport.cmake
[1.178s] -- Up-to-date: /home/noma/FINAL_ws/manipulator/install/dynamixel_sdk_custom_interfaces/share/dynamixel_sdk_custom_interfaces/cmake/dynamixel_sdk_custom_interfaces__rosidl_typesupport_cExport-noconfig.cmake
[1.179s] -- Up-to-date: /home/noma/FINAL_ws/manipulator/install/dynamixel_sdk_custom_interfaces/share/dynamixel_sdk_custom_interfaces/cmake/dynamixel_sdk_custom_interfaces__rosidl_typesupport_introspection_cppExport.cmake
[1.179s] -- Up-to-date: /home/noma/FINAL_ws/manipulator/install/dynamixel_sdk_custom_interfaces/share/dynamixel_sdk_custom_interfaces/cmake/dynamixel_sdk_custom_interfaces__rosidl_typesupport_introspection_cppExport-noconfig.cmake
[1.179s] -- Up-to-date: /home/noma/FINAL_ws/manipulator/install/dynamixel_sdk_custom_interfaces/share/dynamixel_sdk_custom_interfaces/cmake/dynamixel_sdk_custom_interfaces__rosidl_typesupport_cppExport.cmake
[1.179s] -- Up-to-date: /home/noma/FINAL_ws/manipulator/install/dynamixel_sdk_custom_interfaces/share/dynamixel_sdk_custom_interfaces/cmake/dynamixel_sdk_custom_interfaces__rosidl_typesupport_cppExport-noconfig.cmake
[1.180s] -- Up-to-date: /home/noma/FINAL_ws/manipulator/install/dynamixel_sdk_custom_interfaces/share/dynamixel_sdk_custom_interfaces/cmake/export_dynamixel_sdk_custom_interfaces__rosidl_generator_pyExport.cmake
[1.180s] -- Up-to-date: /home/noma/FINAL_ws/manipulator/install/dynamixel_sdk_custom_interfaces/share/dynamixel_sdk_custom_interfaces/cmake/export_dynamixel_sdk_custom_interfaces__rosidl_generator_pyExport-noconfig.cmake
[1.180s] -- Up-to-date: /home/noma/FINAL_ws/manipulator/install/dynamixel_sdk_custom_interfaces/share/dynamixel_sdk_custom_interfaces/cmake/rosidl_cmake-extras.cmake
[1.181s] -- Up-to-date: /home/noma/FINAL_ws/manipulator/install/dynamixel_sdk_custom_interfaces/share/dynamixel_sdk_custom_interfaces/cmake/ament_cmake_export_dependencies-extras.cmake
[1.181s] -- Up-to-date: /home/noma/FINAL_ws/manipulator/install/dynamixel_sdk_custom_interfaces/share/dynamixel_sdk_custom_interfaces/cmake/ament_cmake_export_include_directories-extras.cmake
[1.181s] -- Up-to-date: /home/noma/FINAL_ws/manipulator/install/dynamixel_sdk_custom_interfaces/share/dynamixel_sdk_custom_interfaces/cmake/ament_cmake_export_libraries-extras.cmake
[1.181s] -- Up-to-date: /home/noma/FINAL_ws/manipulator/install/dynamixel_sdk_custom_interfaces/share/dynamixel_sdk_custom_interfaces/cmake/ament_cmake_export_targets-extras.cmake
[1.182s] -- Up-to-date: /home/noma/FINAL_ws/manipulator/install/dynamixel_sdk_custom_interfaces/share/dynamixel_sdk_custom_interfaces/cmake/rosidl_cmake_export_typesupport_targets-extras.cmake
[1.182s] -- Up-to-date: /home/noma/FINAL_ws/manipulator/install/dynamixel_sdk_custom_interfaces/share/dynamixel_sdk_custom_interfaces/cmake/rosidl_cmake_export_typesupport_libraries-extras.cmake
[1.182s] -- Up-to-date: /home/noma/FINAL_ws/manipulator/install/dynamixel_sdk_custom_interfaces/share/dynamixel_sdk_custom_interfaces/cmake/dynamixel_sdk_custom_interfacesConfig.cmake
[1.183s] -- Up-to-date: /home/noma/FINAL_ws/manipulator/install/dynamixel_sdk_custom_interfaces/share/dynamixel_sdk_custom_interfaces/cmake/dynamixel_sdk_custom_interfacesConfig-version.cmake
[1.183s] -- Up-to-date: /home/noma/FINAL_ws/manipulator/install/dynamixel_sdk_custom_interfaces/share/dynamixel_sdk_custom_interfaces/package.xml
[1.572s] Invoked command in '/home/noma/FINAL_ws/manipulator/build/dynamixel_sdk_custom_interfaces' returned '0': CMAKE_PREFIX_PATH=${CMAKE_PREFIX_PATH}:/home/noma/FINAL_ws/manipulator/install/test_package:/home/noma/FINAL_ws/manipulator/install/open_manipulator_x_teleop:/opt/ros/humble /usr/bin/cmake --install /home/noma/FINAL_ws/manipulator/build/dynamixel_sdk_custom_interfaces
