[0.189s] Invoking command in '/home/noma/FINAL_ws/manipulator/build/open_manipulator_x_controller': CMAKE_PREFIX_PATH=/home/noma/FINAL_ws/manipulator/install/open_manipulator_x_libs:/home/noma/FINAL_ws/manipulator/install/robotis_manipulator:/home/noma/FINAL_ws/manipulator/install/dynamixel_workbench_toolbox:/home/noma/FINAL_ws/manipulator/install/open_manipulator_msgs:/home/noma/FINAL_ws/manipulator/install/dynamixel_sdk:/home/noma/FINAL_ws/manipulator/install/cmake_modules:/home/noma/FINAL_ws/manipulator/install/open_manipulator:/home/noma/FINAL_ws/manipulator/install/open_manipulator_x_controller:/home/noma/FINAL_ws/manipulator/install/open_manipulator_x_description:/home/noma/FINAL_ws/manipulator/install/dynamixel_workbench:/home/noma/FINAL_ws/manipulator/install/dynamixel_sdk_examples:/home/noma/FINAL_ws/manipulator/install/dynamixel_sdk_custom_interfaces:/home/noma/FINAL_ws/manipulator/install/test_package:/home/noma/FINAL_ws/manipulator/install/open_manipulator_x_teleop:/opt/ros/humble LD_LIBRARY_PATH=/home/noma/FINAL_ws/manipulator/install/open_manipulator_x_libs/lib:/home/noma/FINAL_ws/manipulator/install/robotis_manipulator/lib:/home/noma/FINAL_ws/manipulator/install/dynamixel_workbench_toolbox/lib:/home/noma/FINAL_ws/manipulator/install/open_manipulator_msgs/lib:/home/noma/FINAL_ws/manipulator/install/dynamixel_sdk/lib:/home/noma/FINAL_ws/manipulator/install/dynamixel_sdk_custom_interfaces/lib:/usr/lib/x86_64-linux-gnu/gazebo-11/plugins:/opt/ros/humble/opt/rviz_ogre_vendor/lib:/opt/ros/humble/lib/x86_64-linux-gnu:/opt/ros/humble/lib:/usr/local/cuda-11.7/lib64:/usr/local/cuda-11.7/lib64/ /usr/bin/cmake --build /home/noma/FINAL_ws/manipulator/build/open_manipulator_x_controller -- -j8 -l8
[0.231s] [35m[1mConsolidate compiler generated dependencies of target open_manipulator_x_controller[0m
[0.250s] [ 50%] [32mBuilding CXX object CMakeFiles/open_manipulator_x_controller.dir/src/open_manipulator_x_controller.cpp.o[0m
[3.500s] [01m[K/home/noma/FINAL_ws/manipulator/src/open_manipulator/open_manipulator_x_controller/src/open_manipulator_x_controller.cpp:[m[K In member function ‘[01m[Kvoid open_manipulator_x_controller::OpenManipulatorXController::init_publisher()[m[K’:
[3.500s] [01m[K/home/noma/FINAL_ws/manipulator/src/open_manipulator/open_manipulator_x_controller/src/open_manipulator_x_controller.cpp:103:40:[m[K [01;31m[Kerror: [m[Kexpected unqualified-id before ‘[01m[K)[m[K’ token
[3.500s]   103 |   for (auto const /*& name:tools_name*/[01;31m[K)[m[K
[3.501s]       |                                        [01;31m[K^[m[K
[3.501s] [01m[K/home/noma/FINAL_ws/manipulator/src/open_manipulator/open_manipulator_x_controller/src/open_manipulator_x_controller.cpp:103:18:[m[K [01;31m[Kerror: [m[Kexpected ‘[01m[K;[m[K’ before ‘[01m[K)[m[K’ token
[3.501s]   103 |   for (auto const[01;31m[K [m[K/*& name:tools_name*/[32m[K)[m[K
[3.501s]       |                  [01;31m[K^[m[K                     [32m[K~[m[K
[3.501s]       |                  [32m[K;[m[K
[3.501s] [01m[K/home/noma/FINAL_ws/manipulator/src/open_manipulator/open_manipulator_x_controller/src/open_manipulator_x_controller.cpp:103:40:[m[K [01;31m[Kerror: [m[Kexpected primary-expression before ‘[01m[K)[m[K’ token
[3.501s]   103 |   for (auto const /*& name:tools_name*/[01;31m[K)[m[K
[3.501s]       |                                        [01;31m[K^[m[K
[3.501s] [01m[K/home/noma/FINAL_ws/manipulator/src/open_manipulator/open_manipulator_x_controller/src/open_manipulator_x_controller.cpp:103:18:[m[K [01;31m[Kerror: [m[Kexpected ‘[01m[K;[m[K’ before ‘[01m[K)[m[K’ token
[3.501s]   103 |   for (auto const[01;31m[K [m[K/*& name:tools_name*/[32m[K)[m[K
[3.501s]       |                  [01;31m[K^[m[K                     [32m[K~[m[K
[3.501s]       |                  [32m[K;[m[K
[7.257s] gmake[2]: *** [CMakeFiles/open_manipulator_x_controller.dir/build.make:76: CMakeFiles/open_manipulator_x_controller.dir/src/open_manipulator_x_controller.cpp.o] Error 1
[7.257s] gmake[1]: *** [CMakeFiles/Makefile2:137: CMakeFiles/open_manipulator_x_controller.dir/all] Error 2
[7.257s] gmake: *** [Makefile:146: all] Error 2
[7.259s] Invoked command in '/home/noma/FINAL_ws/manipulator/build/open_manipulator_x_controller' returned '2': CMAKE_PREFIX_PATH=/home/noma/FINAL_ws/manipulator/install/open_manipulator_x_libs:/home/noma/FINAL_ws/manipulator/install/robotis_manipulator:/home/noma/FINAL_ws/manipulator/install/dynamixel_workbench_toolbox:/home/noma/FINAL_ws/manipulator/install/open_manipulator_msgs:/home/noma/FINAL_ws/manipulator/install/dynamixel_sdk:/home/noma/FINAL_ws/manipulator/install/cmake_modules:/home/noma/FINAL_ws/manipulator/install/open_manipulator:/home/noma/FINAL_ws/manipulator/install/open_manipulator_x_controller:/home/noma/FINAL_ws/manipulator/install/open_manipulator_x_description:/home/noma/FINAL_ws/manipulator/install/dynamixel_workbench:/home/noma/FINAL_ws/manipulator/install/dynamixel_sdk_examples:/home/noma/FINAL_ws/manipulator/install/dynamixel_sdk_custom_interfaces:/home/noma/FINAL_ws/manipulator/install/test_package:/home/noma/FINAL_ws/manipulator/install/open_manipulator_x_teleop:/opt/ros/humble LD_LIBRARY_PATH=/home/noma/FINAL_ws/manipulator/install/open_manipulator_x_libs/lib:/home/noma/FINAL_ws/manipulator/install/robotis_manipulator/lib:/home/noma/FINAL_ws/manipulator/install/dynamixel_workbench_toolbox/lib:/home/noma/FINAL_ws/manipulator/install/open_manipulator_msgs/lib:/home/noma/FINAL_ws/manipulator/install/dynamixel_sdk/lib:/home/noma/FINAL_ws/manipulator/install/dynamixel_sdk_custom_interfaces/lib:/usr/lib/x86_64-linux-gnu/gazebo-11/plugins:/opt/ros/humble/opt/rviz_ogre_vendor/lib:/opt/ros/humble/lib/x86_64-linux-gnu:/opt/ros/humble/lib:/usr/local/cuda-11.7/lib64:/usr/local/cuda-11.7/lib64/ /usr/bin/cmake --build /home/noma/FINAL_ws/manipulator/build/open_manipulator_x_controller -- -j8 -l8
