[0.798s] Invoking command in '/home/noma/FINAL_ws/manipulator/build/dynamixel_sdk': CMAKE_PREFIX_PATH=${CMAKE_PREFIX_PATH}:/home/noma/FINAL_ws/manipulator/install/test_package:/home/noma/FINAL_ws/manipulator/install/open_manipulator_x_teleop:/opt/ros/humble /usr/bin/cmake --build /home/noma/FINAL_ws/manipulator/build/dynamixel_sdk -- -j8 -l8
[0.863s] [100%] Built target dynamixel_sdk
[1.856s] Invoked command in '/home/noma/FINAL_ws/manipulator/build/dynamixel_sdk' returned '0': CMAKE_PREFIX_PATH=${CMAKE_PREFIX_PATH}:/home/noma/FINAL_ws/manipulator/install/test_package:/home/noma/FINAL_ws/manipulator/install/open_manipulator_x_teleop:/opt/ros/humble /usr/bin/cmake --build /home/noma/FINAL_ws/manipulator/build/dynamixel_sdk -- -j8 -l8
[1.927s] Invoking command in '/home/noma/FINAL_ws/manipulator/build/dynamixel_sdk': CMAKE_PREFIX_PATH=${CMAKE_PREFIX_PATH}:/home/noma/FINAL_ws/manipulator/install/test_package:/home/noma/FINAL_ws/manipulator/install/open_manipulator_x_teleop:/opt/ros/humble /usr/bin/cmake --install /home/noma/FINAL_ws/manipulator/build/dynamixel_sdk
[2.037s] -- Install configuration: ""
[2.037s] -- Up-to-date: /home/noma/FINAL_ws/manipulator/install/dynamixel_sdk/include/
[2.037s] -- Up-to-date: /home/noma/FINAL_ws/manipulator/install/dynamixel_sdk/include//dynamixel_sdk
[2.037s] -- Up-to-date: /home/noma/FINAL_ws/manipulator/install/dynamixel_sdk/include//dynamixel_sdk/port_handler_linux.h
[2.037s] -- Up-to-date: /home/noma/FINAL_ws/manipulator/install/dynamixel_sdk/include//dynamixel_sdk/port_handler_arduino.h
[2.037s] -- Up-to-date: /home/noma/FINAL_ws/manipulator/install/dynamixel_sdk/include//dynamixel_sdk/port_handler_mac.h
[2.038s] -- Up-to-date: /home/noma/FINAL_ws/manipulator/install/dynamixel_sdk/include//dynamixel_sdk/packet_handler.h
[2.038s] -- Up-to-date: /home/noma/FINAL_ws/manipulator/install/dynamixel_sdk/include//dynamixel_sdk/port_handler_windows.h
[2.038s] -- Up-to-date: /home/noma/FINAL_ws/manipulator/install/dynamixel_sdk/include//dynamixel_sdk/group_bulk_write.h
[2.038s] -- Up-to-date: /home/noma/FINAL_ws/manipulator/install/dynamixel_sdk/include//dynamixel_sdk/group_sync_write.h
[2.038s] -- Up-to-date: /home/noma/FINAL_ws/manipulator/install/dynamixel_sdk/include//dynamixel_sdk/dynamixel_sdk.h
[2.038s] -- Up-to-date: /home/noma/FINAL_ws/manipulator/install/dynamixel_sdk/include//dynamixel_sdk/group_sync_read.h
[2.038s] -- Up-to-date: /home/noma/FINAL_ws/manipulator/install/dynamixel_sdk/include//dynamixel_sdk/protocol2_packet_handler.h
[2.038s] -- Up-to-date: /home/noma/FINAL_ws/manipulator/install/dynamixel_sdk/include//dynamixel_sdk/group_bulk_read.h
[2.038s] -- Up-to-date: /home/noma/FINAL_ws/manipulator/install/dynamixel_sdk/include//dynamixel_sdk/port_handler.h
[2.038s] -- Up-to-date: /home/noma/FINAL_ws/manipulator/install/dynamixel_sdk/include//dynamixel_sdk/protocol1_packet_handler.h
[2.038s] -- Up-to-date: /home/noma/FINAL_ws/manipulator/install/dynamixel_sdk/lib/libdynamixel_sdk.so
[2.038s] -- Up-to-date: /home/noma/FINAL_ws/manipulator/install/dynamixel_sdk/share/dynamixel_sdk/environment/library_path.sh
[2.038s] -- Up-to-date: /home/noma/FINAL_ws/manipulator/install/dynamixel_sdk/share/dynamixel_sdk/environment/library_path.dsv
[2.038s] -- Up-to-date: /home/noma/FINAL_ws/manipulator/install/dynamixel_sdk/share/ament_index/resource_index/package_run_dependencies/dynamixel_sdk
[2.039s] -- Up-to-date: /home/noma/FINAL_ws/manipulator/install/dynamixel_sdk/share/ament_index/resource_index/parent_prefix_path/dynamixel_sdk
[2.039s] -- Up-to-date: /home/noma/FINAL_ws/manipulator/install/dynamixel_sdk/share/dynamixel_sdk/environment/ament_prefix_path.sh
[2.039s] -- Up-to-date: /home/noma/FINAL_ws/manipulator/install/dynamixel_sdk/share/dynamixel_sdk/environment/ament_prefix_path.dsv
[2.039s] -- Up-to-date: /home/noma/FINAL_ws/manipulator/install/dynamixel_sdk/share/dynamixel_sdk/environment/path.sh
[2.039s] -- Up-to-date: /home/noma/FINAL_ws/manipulator/install/dynamixel_sdk/share/dynamixel_sdk/environment/path.dsv
[2.039s] -- Up-to-date: /home/noma/FINAL_ws/manipulator/install/dynamixel_sdk/share/dynamixel_sdk/local_setup.bash
[2.039s] -- Up-to-date: /home/noma/FINAL_ws/manipulator/install/dynamixel_sdk/share/dynamixel_sdk/local_setup.sh
[2.039s] -- Up-to-date: /home/noma/FINAL_ws/manipulator/install/dynamixel_sdk/share/dynamixel_sdk/local_setup.zsh
[2.039s] -- Up-to-date: /home/noma/FINAL_ws/manipulator/install/dynamixel_sdk/share/dynamixel_sdk/local_setup.dsv
[2.039s] -- Installing: /home/noma/FINAL_ws/manipulator/install/dynamixel_sdk/share/dynamixel_sdk/package.dsv
[2.039s] -- Up-to-date: /home/noma/FINAL_ws/manipulator/install/dynamixel_sdk/share/ament_index/resource_index/packages/dynamixel_sdk
[2.040s] -- Up-to-date: /home/noma/FINAL_ws/manipulator/install/dynamixel_sdk/share/dynamixel_sdk/cmake/ament_cmake_export_include_directories-extras.cmake
[2.040s] -- Up-to-date: /home/noma/FINAL_ws/manipulator/install/dynamixel_sdk/share/dynamixel_sdk/cmake/ament_cmake_export_libraries-extras.cmake
[2.040s] -- Up-to-date: /home/noma/FINAL_ws/manipulator/install/dynamixel_sdk/share/dynamixel_sdk/cmake/dynamixel_sdkConfig.cmake
[2.040s] -- Up-to-date: /home/noma/FINAL_ws/manipulator/install/dynamixel_sdk/share/dynamixel_sdk/cmake/dynamixel_sdkConfig-version.cmake
[2.040s] -- Up-to-date: /home/noma/FINAL_ws/manipulator/install/dynamixel_sdk/share/dynamixel_sdk/package.xml
[2.130s] Invoked command in '/home/noma/FINAL_ws/manipulator/build/dynamixel_sdk' returned '0': CMAKE_PREFIX_PATH=${CMAKE_PREFIX_PATH}:/home/noma/FINAL_ws/manipulator/install/test_package:/home/noma/FINAL_ws/manipulator/install/open_manipulator_x_teleop:/opt/ros/humble /usr/bin/cmake --install /home/noma/FINAL_ws/manipulator/build/dynamixel_sdk
