[0.440s] Invoking command in '/home/noma/FINAL_ws/manipulator/build/open_manipulator_msgs': CMAKE_PREFIX_PATH=${CMAKE_PREFIX_PATH}:/home/noma/FINAL_ws/manipulator/install/test_package:/home/noma/FINAL_ws/manipulator/install/open_manipulator_x_teleop:/opt/ros/humble /usr/bin/cmake --build /home/noma/FINAL_ws/manipulator/build/open_manipulator_msgs -- -j8 -l8
[0.515s] [ 11%] Built target open_manipulator_msgs__rosidl_generator_c
[0.516s] [ 12%] Built target open_manipulator_msgs__cpp
[0.522s] [ 12%] Built target ament_cmake_python_copy_open_manipulator_msgs
[0.591s] [ 24%] Built target open_manipulator_msgs__rosidl_typesupport_fastrtps_c
[0.592s] [ 35%] Built target open_manipulator_msgs__rosidl_typesupport_introspection_c
[0.600s] [ 55%] Built target open_manipulator_msgs__rosidl_typesupport_cpp
[0.600s] [ 58%] Built target open_manipulator_msgs__rosidl_typesupport_c
[0.605s] [ 82%] Built target open_manipulator_msgs__rosidl_typesupport_introspection_cpp
[0.605s] [ 82%] Built target open_manipulator_msgs__rosidl_typesupport_fastrtps_cpp
[0.626s] [ 82%] Built target open_manipulator_msgs
[0.652s] [ 83%] Built target open_manipulator_msgs__py
[0.682s] [ 93%] Built target open_manipulator_msgs__rosidl_generator_py
[0.717s] [ 95%] Built target open_manipulator_msgs__rosidl_typesupport_fastrtps_c__pyext
[0.724s] [ 97%] Built target open_manipulator_msgs__rosidl_typesupport_introspection_c__pyext
[0.724s] [100%] Built target open_manipulator_msgs__rosidl_typesupport_c__pyext
[1.002s] running egg_info
[1.003s] writing open_manipulator_msgs.egg-info/PKG-INFO
[1.003s] writing dependency_links to open_manipulator_msgs.egg-info/dependency_links.txt
[1.003s] writing top-level names to open_manipulator_msgs.egg-info/top_level.txt
[1.007s] reading manifest file 'open_manipulator_msgs.egg-info/SOURCES.txt'
[1.007s] writing manifest file 'open_manipulator_msgs.egg-info/SOURCES.txt'
[1.042s] [100%] Built target ament_cmake_python_build_open_manipulator_msgs_egg
[1.090s] Invoked command in '/home/noma/FINAL_ws/manipulator/build/open_manipulator_msgs' returned '0': CMAKE_PREFIX_PATH=${CMAKE_PREFIX_PATH}:/home/noma/FINAL_ws/manipulator/install/test_package:/home/noma/FINAL_ws/manipulator/install/open_manipulator_x_teleop:/opt/ros/humble /usr/bin/cmake --build /home/noma/FINAL_ws/manipulator/build/open_manipulator_msgs -- -j8 -l8
[1.442s] Invoking command in '/home/noma/FINAL_ws/manipulator/build/open_manipulator_msgs': CMAKE_PREFIX_PATH=${CMAKE_PREFIX_PATH}:/home/noma/FINAL_ws/manipulator/install/test_package:/home/noma/FINAL_ws/manipulator/install/open_manipulator_x_teleop:/opt/ros/humble /usr/bin/cmake --install /home/noma/FINAL_ws/manipulator/build/open_manipulator_msgs
[1.677s] -- Install configuration: ""
[1.678s] -- Up-to-date: /home/noma/FINAL_ws/manipulator/install/open_manipulator_msgs/share/ament_index/resource_index/rosidl_interfaces/open_manipulator_msgs
[1.678s] -- Up-to-date: /home/noma/FINAL_ws/manipulator/install/open_manipulator_msgs/include/open_manipulator_msgs/open_manipulator_msgs
[1.678s] -- Up-to-date: /home/noma/FINAL_ws/manipulator/install/open_manipulator_msgs/include/open_manipulator_msgs/open_manipulator_msgs/srv
[1.678s] -- Up-to-date: /home/noma/FINAL_ws/manipulator/install/open_manipulator_msgs/include/open_manipulator_msgs/open_manipulator_msgs/srv/get_kinematics_pose.h
[1.678s] -- Up-to-date: /home/noma/FINAL_ws/manipulator/install/open_manipulator_msgs/include/open_manipulator_msgs/open_manipulator_msgs/srv/set_kinematics_pose.h
[1.679s] -- Up-to-date: /home/noma/FINAL_ws/manipulator/install/open_manipulator_msgs/include/open_manipulator_msgs/open_manipulator_msgs/srv/set_joint_position.h
[1.679s] -- Up-to-date: /home/noma/FINAL_ws/manipulator/install/open_manipulator_msgs/include/open_manipulator_msgs/open_manipulator_msgs/srv/get_joint_position.h
[1.679s] -- Up-to-date: /home/noma/FINAL_ws/manipulator/install/open_manipulator_msgs/include/open_manipulator_msgs/open_manipulator_msgs/srv/detail
[1.679s] -- Up-to-date: /home/noma/FINAL_ws/manipulator/install/open_manipulator_msgs/include/open_manipulator_msgs/open_manipulator_msgs/srv/detail/get_joint_position__struct.h
[1.680s] -- Up-to-date: /home/noma/FINAL_ws/manipulator/install/open_manipulator_msgs/include/open_manipulator_msgs/open_manipulator_msgs/srv/detail/get_kinematics_pose__functions.h
[1.680s] -- Up-to-date: /home/noma/FINAL_ws/manipulator/install/open_manipulator_msgs/include/open_manipulator_msgs/open_manipulator_msgs/srv/detail/set_joint_position__functions.h
[1.680s] -- Up-to-date: /home/noma/FINAL_ws/manipulator/install/open_manipulator_msgs/include/open_manipulator_msgs/open_manipulator_msgs/srv/detail/set_actuator_state__functions.c
[1.680s] -- Up-to-date: /home/noma/FINAL_ws/manipulator/install/open_manipulator_msgs/include/open_manipulator_msgs/open_manipulator_msgs/srv/detail/get_kinematics_pose__type_support.h
[1.680s] -- Up-to-date: /home/noma/FINAL_ws/manipulator/install/open_manipulator_msgs/include/open_manipulator_msgs/open_manipulator_msgs/srv/detail/set_joint_position__functions.c
[1.681s] -- Up-to-date: /home/noma/FINAL_ws/manipulator/install/open_manipulator_msgs/include/open_manipulator_msgs/open_manipulator_msgs/srv/detail/set_actuator_state__functions.h
[1.681s] -- Up-to-date: /home/noma/FINAL_ws/manipulator/install/open_manipulator_msgs/include/open_manipulator_msgs/open_manipulator_msgs/srv/detail/set_kinematics_pose__type_support.h
[1.681s] -- Up-to-date: /home/noma/FINAL_ws/manipulator/install/open_manipulator_msgs/include/open_manipulator_msgs/open_manipulator_msgs/srv/detail/get_joint_position__functions.h
[1.681s] -- Up-to-date: /home/noma/FINAL_ws/manipulator/install/open_manipulator_msgs/include/open_manipulator_msgs/open_manipulator_msgs/srv/detail/set_kinematics_pose__functions.h
[1.681s] -- Up-to-date: /home/noma/FINAL_ws/manipulator/install/open_manipulator_msgs/include/open_manipulator_msgs/open_manipulator_msgs/srv/detail/get_kinematics_pose__struct.h
[1.681s] -- Up-to-date: /home/noma/FINAL_ws/manipulator/install/open_manipulator_msgs/include/open_manipulator_msgs/open_manipulator_msgs/srv/detail/get_joint_position__type_support.h
[1.681s] -- Up-to-date: /home/noma/FINAL_ws/manipulator/install/open_manipulator_msgs/include/open_manipulator_msgs/open_manipulator_msgs/srv/detail/get_kinematics_pose__functions.c
[1.681s] -- Up-to-date: /home/noma/FINAL_ws/manipulator/install/open_manipulator_msgs/include/open_manipulator_msgs/open_manipulator_msgs/srv/detail/set_drawing_trajectory__functions.c
[1.682s] -- Up-to-date: /home/noma/FINAL_ws/manipulator/install/open_manipulator_msgs/include/open_manipulator_msgs/open_manipulator_msgs/srv/detail/set_joint_position__struct.h
[1.682s] -- Up-to-date: /home/noma/FINAL_ws/manipulator/install/open_manipulator_msgs/include/open_manipulator_msgs/open_manipulator_msgs/srv/detail/set_actuator_state__struct.h
[1.682s] -- Up-to-date: /home/noma/FINAL_ws/manipulator/install/open_manipulator_msgs/include/open_manipulator_msgs/open_manipulator_msgs/srv/detail/set_joint_position__type_support.h
[1.682s] -- Up-to-date: /home/noma/FINAL_ws/manipulator/install/open_manipulator_msgs/include/open_manipulator_msgs/open_manipulator_msgs/srv/detail/set_kinematics_pose__functions.c
[1.682s] -- Up-to-date: /home/noma/FINAL_ws/manipulator/install/open_manipulator_msgs/include/open_manipulator_msgs/open_manipulator_msgs/srv/detail/get_joint_position__functions.c
[1.682s] -- Up-to-date: /home/noma/FINAL_ws/manipulator/install/open_manipulator_msgs/include/open_manipulator_msgs/open_manipulator_msgs/srv/detail/set_drawing_trajectory__type_support.h
[1.682s] -- Up-to-date: /home/noma/FINAL_ws/manipulator/install/open_manipulator_msgs/include/open_manipulator_msgs/open_manipulator_msgs/srv/detail/set_drawing_trajectory__struct.h
[1.682s] -- Up-to-date: /home/noma/FINAL_ws/manipulator/install/open_manipulator_msgs/include/open_manipulator_msgs/open_manipulator_msgs/srv/detail/set_kinematics_pose__struct.h
[1.682s] -- Up-to-date: /home/noma/FINAL_ws/manipulator/install/open_manipulator_msgs/include/open_manipulator_msgs/open_manipulator_msgs/srv/detail/set_drawing_trajectory__functions.h
[1.682s] -- Up-to-date: /home/noma/FINAL_ws/manipulator/install/open_manipulator_msgs/include/open_manipulator_msgs/open_manipulator_msgs/srv/detail/set_actuator_state__type_support.h
[1.682s] -- Up-to-date: /home/noma/FINAL_ws/manipulator/install/open_manipulator_msgs/include/open_manipulator_msgs/open_manipulator_msgs/srv/set_actuator_state.h
[1.683s] -- Up-to-date: /home/noma/FINAL_ws/manipulator/install/open_manipulator_msgs/include/open_manipulator_msgs/open_manipulator_msgs/srv/set_drawing_trajectory.h
[1.683s] -- Up-to-date: /home/noma/FINAL_ws/manipulator/install/open_manipulator_msgs/include/open_manipulator_msgs/open_manipulator_msgs/msg
[1.683s] -- Up-to-date: /home/noma/FINAL_ws/manipulator/install/open_manipulator_msgs/include/open_manipulator_msgs/open_manipulator_msgs/msg/kinematics_pose.h
[1.683s] -- Up-to-date: /home/noma/FINAL_ws/manipulator/install/open_manipulator_msgs/include/open_manipulator_msgs/open_manipulator_msgs/msg/rosidl_generator_c__visibility_control.h
[1.683s] -- Up-to-date: /home/noma/FINAL_ws/manipulator/install/open_manipulator_msgs/include/open_manipulator_msgs/open_manipulator_msgs/msg/open_manipulator_state.h
[1.683s] -- Up-to-date: /home/noma/FINAL_ws/manipulator/install/open_manipulator_msgs/include/open_manipulator_msgs/open_manipulator_msgs/msg/detail
[1.683s] -- Up-to-date: /home/noma/FINAL_ws/manipulator/install/open_manipulator_msgs/include/open_manipulator_msgs/open_manipulator_msgs/msg/detail/open_manipulator_state__type_support.h
[1.683s] -- Up-to-date: /home/noma/FINAL_ws/manipulator/install/open_manipulator_msgs/include/open_manipulator_msgs/open_manipulator_msgs/msg/detail/kinematics_pose__struct.h
[1.683s] -- Up-to-date: /home/noma/FINAL_ws/manipulator/install/open_manipulator_msgs/include/open_manipulator_msgs/open_manipulator_msgs/msg/detail/joint_position__functions.c
[1.683s] -- Up-to-date: /home/noma/FINAL_ws/manipulator/install/open_manipulator_msgs/include/open_manipulator_msgs/open_manipulator_msgs/msg/detail/open_manipulator_state__functions.c
[1.683s] -- Up-to-date: /home/noma/FINAL_ws/manipulator/install/open_manipulator_msgs/include/open_manipulator_msgs/open_manipulator_msgs/msg/detail/kinematics_pose__functions.c
[1.683s] -- Up-to-date: /home/noma/FINAL_ws/manipulator/install/open_manipulator_msgs/include/open_manipulator_msgs/open_manipulator_msgs/msg/detail/kinematics_pose__type_support.h
[1.683s] -- Up-to-date: /home/noma/FINAL_ws/manipulator/install/open_manipulator_msgs/include/open_manipulator_msgs/open_manipulator_msgs/msg/detail/joint_position__struct.h
[1.684s] -- Up-to-date: /home/noma/FINAL_ws/manipulator/install/open_manipulator_msgs/include/open_manipulator_msgs/open_manipulator_msgs/msg/detail/open_manipulator_state__struct.h
[1.684s] -- Up-to-date: /home/noma/FINAL_ws/manipulator/install/open_manipulator_msgs/include/open_manipulator_msgs/open_manipulator_msgs/msg/detail/joint_position__type_support.h
[1.684s] -- Up-to-date: /home/noma/FINAL_ws/manipulator/install/open_manipulator_msgs/include/open_manipulator_msgs/open_manipulator_msgs/msg/detail/open_manipulator_state__functions.h
[1.684s] -- Up-to-date: /home/noma/FINAL_ws/manipulator/install/open_manipulator_msgs/include/open_manipulator_msgs/open_manipulator_msgs/msg/detail/kinematics_pose__functions.h
[1.684s] -- Up-to-date: /home/noma/FINAL_ws/manipulator/install/open_manipulator_msgs/include/open_manipulator_msgs/open_manipulator_msgs/msg/detail/joint_position__functions.h
[1.684s] -- Up-to-date: /home/noma/FINAL_ws/manipulator/install/open_manipulator_msgs/include/open_manipulator_msgs/open_manipulator_msgs/msg/joint_position.h
[1.684s] -- Up-to-date: /home/noma/FINAL_ws/manipulator/install/open_manipulator_msgs/share/open_manipulator_msgs/environment/library_path.sh
[1.684s] -- Up-to-date: /home/noma/FINAL_ws/manipulator/install/open_manipulator_msgs/share/open_manipulator_msgs/environment/library_path.dsv
[1.684s] -- Up-to-date: /home/noma/FINAL_ws/manipulator/install/open_manipulator_msgs/lib/libopen_manipulator_msgs__rosidl_generator_c.so
[1.684s] -- Up-to-date: /home/noma/FINAL_ws/manipulator/install/open_manipulator_msgs/include/open_manipulator_msgs/open_manipulator_msgs
[1.684s] -- Up-to-date: /home/noma/FINAL_ws/manipulator/install/open_manipulator_msgs/include/open_manipulator_msgs/open_manipulator_msgs/srv
[1.684s] -- Up-to-date: /home/noma/FINAL_ws/manipulator/install/open_manipulator_msgs/include/open_manipulator_msgs/open_manipulator_msgs/srv/detail
[1.684s] -- Up-to-date: /home/noma/FINAL_ws/manipulator/install/open_manipulator_msgs/include/open_manipulator_msgs/open_manipulator_msgs/srv/detail/set_joint_position__rosidl_typesupport_fastrtps_c.h
[1.684s] -- Up-to-date: /home/noma/FINAL_ws/manipulator/install/open_manipulator_msgs/include/open_manipulator_msgs/open_manipulator_msgs/srv/detail/set_kinematics_pose__rosidl_typesupport_fastrtps_c.h
[1.685s] -- Up-to-date: /home/noma/FINAL_ws/manipulator/install/open_manipulator_msgs/include/open_manipulator_msgs/open_manipulator_msgs/srv/detail/set_drawing_trajectory__rosidl_typesupport_fastrtps_c.h
[1.685s] -- Up-to-date: /home/noma/FINAL_ws/manipulator/install/open_manipulator_msgs/include/open_manipulator_msgs/open_manipulator_msgs/srv/detail/get_kinematics_pose__rosidl_typesupport_fastrtps_c.h
[1.685s] -- Up-to-date: /home/noma/FINAL_ws/manipulator/install/open_manipulator_msgs/include/open_manipulator_msgs/open_manipulator_msgs/srv/detail/set_actuator_state__rosidl_typesupport_fastrtps_c.h
[1.685s] -- Up-to-date: /home/noma/FINAL_ws/manipulator/install/open_manipulator_msgs/include/open_manipulator_msgs/open_manipulator_msgs/srv/detail/get_joint_position__rosidl_typesupport_fastrtps_c.h
[1.685s] -- Up-to-date: /home/noma/FINAL_ws/manipulator/install/open_manipulator_msgs/include/open_manipulator_msgs/open_manipulator_msgs/msg
[1.685s] -- Up-to-date: /home/noma/FINAL_ws/manipulator/install/open_manipulator_msgs/include/open_manipulator_msgs/open_manipulator_msgs/msg/detail
[1.685s] -- Up-to-date: /home/noma/FINAL_ws/manipulator/install/open_manipulator_msgs/include/open_manipulator_msgs/open_manipulator_msgs/msg/detail/kinematics_pose__rosidl_typesupport_fastrtps_c.h
[1.686s] -- Up-to-date: /home/noma/FINAL_ws/manipulator/install/open_manipulator_msgs/include/open_manipulator_msgs/open_manipulator_msgs/msg/detail/joint_position__rosidl_typesupport_fastrtps_c.h
[1.686s] -- Up-to-date: /home/noma/FINAL_ws/manipulator/install/open_manipulator_msgs/include/open_manipulator_msgs/open_manipulator_msgs/msg/detail/open_manipulator_state__rosidl_typesupport_fastrtps_c.h
[1.686s] -- Up-to-date: /home/noma/FINAL_ws/manipulator/install/open_manipulator_msgs/include/open_manipulator_msgs/open_manipulator_msgs/msg/rosidl_typesupport_fastrtps_c__visibility_control.h
[1.686s] -- Up-to-date: /home/noma/FINAL_ws/manipulator/install/open_manipulator_msgs/lib/libopen_manipulator_msgs__rosidl_typesupport_fastrtps_c.so
[1.686s] -- Up-to-date: /home/noma/FINAL_ws/manipulator/install/open_manipulator_msgs/include/open_manipulator_msgs/open_manipulator_msgs
[1.686s] -- Up-to-date: /home/noma/FINAL_ws/manipulator/install/open_manipulator_msgs/include/open_manipulator_msgs/open_manipulator_msgs/srv
[1.686s] -- Up-to-date: /home/noma/FINAL_ws/manipulator/install/open_manipulator_msgs/include/open_manipulator_msgs/open_manipulator_msgs/srv/set_joint_position.hpp
[1.686s] -- Up-to-date: /home/noma/FINAL_ws/manipulator/install/open_manipulator_msgs/include/open_manipulator_msgs/open_manipulator_msgs/srv/set_drawing_trajectory.hpp
[1.686s] -- Up-to-date: /home/noma/FINAL_ws/manipulator/install/open_manipulator_msgs/include/open_manipulator_msgs/open_manipulator_msgs/srv/set_kinematics_pose.hpp
[1.686s] -- Up-to-date: /home/noma/FINAL_ws/manipulator/install/open_manipulator_msgs/include/open_manipulator_msgs/open_manipulator_msgs/srv/get_joint_position.hpp
[1.686s] -- Up-to-date: /home/noma/FINAL_ws/manipulator/install/open_manipulator_msgs/include/open_manipulator_msgs/open_manipulator_msgs/srv/detail
[1.686s] -- Up-to-date: /home/noma/FINAL_ws/manipulator/install/open_manipulator_msgs/include/open_manipulator_msgs/open_manipulator_msgs/srv/detail/set_kinematics_pose__builder.hpp
[1.686s] -- Up-to-date: /home/noma/FINAL_ws/manipulator/install/open_manipulator_msgs/include/open_manipulator_msgs/open_manipulator_msgs/srv/detail/set_drawing_trajectory__struct.hpp
[1.687s] -- Up-to-date: /home/noma/FINAL_ws/manipulator/install/open_manipulator_msgs/include/open_manipulator_msgs/open_manipulator_msgs/srv/detail/set_kinematics_pose__struct.hpp
[1.687s] -- Up-to-date: /home/noma/FINAL_ws/manipulator/install/open_manipulator_msgs/include/open_manipulator_msgs/open_manipulator_msgs/srv/detail/set_joint_position__traits.hpp
[1.687s] -- Up-to-date: /home/noma/FINAL_ws/manipulator/install/open_manipulator_msgs/include/open_manipulator_msgs/open_manipulator_msgs/srv/detail/get_joint_position__traits.hpp
[1.688s] -- Up-to-date: /home/noma/FINAL_ws/manipulator/install/open_manipulator_msgs/include/open_manipulator_msgs/open_manipulator_msgs/srv/detail/set_actuator_state__builder.hpp
[1.688s] -- Up-to-date: /home/noma/FINAL_ws/manipulator/install/open_manipulator_msgs/include/open_manipulator_msgs/open_manipulator_msgs/srv/detail/set_actuator_state__traits.hpp
[1.688s] -- Up-to-date: /home/noma/FINAL_ws/manipulator/install/open_manipulator_msgs/include/open_manipulator_msgs/open_manipulator_msgs/srv/detail/get_kinematics_pose__traits.hpp
[1.688s] -- Up-to-date: /home/noma/FINAL_ws/manipulator/install/open_manipulator_msgs/include/open_manipulator_msgs/open_manipulator_msgs/srv/detail/set_actuator_state__struct.hpp
[1.688s] -- Up-to-date: /home/noma/FINAL_ws/manipulator/install/open_manipulator_msgs/include/open_manipulator_msgs/open_manipulator_msgs/srv/detail/set_drawing_trajectory__traits.hpp
[1.688s] -- Up-to-date: /home/noma/FINAL_ws/manipulator/install/open_manipulator_msgs/include/open_manipulator_msgs/open_manipulator_msgs/srv/detail/set_drawing_trajectory__builder.hpp
[1.688s] -- Up-to-date: /home/noma/FINAL_ws/manipulator/install/open_manipulator_msgs/include/open_manipulator_msgs/open_manipulator_msgs/srv/detail/get_kinematics_pose__struct.hpp
[1.688s] -- Up-to-date: /home/noma/FINAL_ws/manipulator/install/open_manipulator_msgs/include/open_manipulator_msgs/open_manipulator_msgs/srv/detail/set_kinematics_pose__traits.hpp
[1.689s] -- Up-to-date: /home/noma/FINAL_ws/manipulator/install/open_manipulator_msgs/include/open_manipulator_msgs/open_manipulator_msgs/srv/detail/set_joint_position__struct.hpp
[1.689s] -- Up-to-date: /home/noma/FINAL_ws/manipulator/install/open_manipulator_msgs/include/open_manipulator_msgs/open_manipulator_msgs/srv/detail/get_joint_position__builder.hpp
[1.689s] -- Up-to-date: /home/noma/FINAL_ws/manipulator/install/open_manipulator_msgs/include/open_manipulator_msgs/open_manipulator_msgs/srv/detail/get_kinematics_pose__builder.hpp
[1.689s] -- Up-to-date: /home/noma/FINAL_ws/manipulator/install/open_manipulator_msgs/include/open_manipulator_msgs/open_manipulator_msgs/srv/detail/get_joint_position__struct.hpp
[1.689s] -- Up-to-date: /home/noma/FINAL_ws/manipulator/install/open_manipulator_msgs/include/open_manipulator_msgs/open_manipulator_msgs/srv/detail/set_joint_position__builder.hpp
[1.689s] -- Up-to-date: /home/noma/FINAL_ws/manipulator/install/open_manipulator_msgs/include/open_manipulator_msgs/open_manipulator_msgs/srv/get_kinematics_pose.hpp
[1.689s] -- Up-to-date: /home/noma/FINAL_ws/manipulator/install/open_manipulator_msgs/include/open_manipulator_msgs/open_manipulator_msgs/srv/set_actuator_state.hpp
[1.689s] -- Up-to-date: /home/noma/FINAL_ws/manipulator/install/open_manipulator_msgs/include/open_manipulator_msgs/open_manipulator_msgs/msg
[1.689s] -- Up-to-date: /home/noma/FINAL_ws/manipulator/install/open_manipulator_msgs/include/open_manipulator_msgs/open_manipulator_msgs/msg/open_manipulator_state.hpp
[1.689s] -- Up-to-date: /home/noma/FINAL_ws/manipulator/install/open_manipulator_msgs/include/open_manipulator_msgs/open_manipulator_msgs/msg/joint_position.hpp
[1.689s] -- Up-to-date: /home/noma/FINAL_ws/manipulator/install/open_manipulator_msgs/include/open_manipulator_msgs/open_manipulator_msgs/msg/kinematics_pose.hpp
[1.689s] -- Up-to-date: /home/noma/FINAL_ws/manipulator/install/open_manipulator_msgs/include/open_manipulator_msgs/open_manipulator_msgs/msg/detail
[1.690s] -- Up-to-date: /home/noma/FINAL_ws/manipulator/install/open_manipulator_msgs/include/open_manipulator_msgs/open_manipulator_msgs/msg/detail/kinematics_pose__builder.hpp
[1.690s] -- Up-to-date: /home/noma/FINAL_ws/manipulator/install/open_manipulator_msgs/include/open_manipulator_msgs/open_manipulator_msgs/msg/detail/joint_position__traits.hpp
[1.690s] -- Up-to-date: /home/noma/FINAL_ws/manipulator/install/open_manipulator_msgs/include/open_manipulator_msgs/open_manipulator_msgs/msg/detail/kinematics_pose__traits.hpp
[1.690s] -- Up-to-date: /home/noma/FINAL_ws/manipulator/install/open_manipulator_msgs/include/open_manipulator_msgs/open_manipulator_msgs/msg/detail/open_manipulator_state__struct.hpp
[1.690s] -- Up-to-date: /home/noma/FINAL_ws/manipulator/install/open_manipulator_msgs/include/open_manipulator_msgs/open_manipulator_msgs/msg/detail/joint_position__struct.hpp
[1.690s] -- Up-to-date: /home/noma/FINAL_ws/manipulator/install/open_manipulator_msgs/include/open_manipulator_msgs/open_manipulator_msgs/msg/detail/open_manipulator_state__traits.hpp
[1.690s] -- Up-to-date: /home/noma/FINAL_ws/manipulator/install/open_manipulator_msgs/include/open_manipulator_msgs/open_manipulator_msgs/msg/detail/joint_position__builder.hpp
[1.690s] -- Up-to-date: /home/noma/FINAL_ws/manipulator/install/open_manipulator_msgs/include/open_manipulator_msgs/open_manipulator_msgs/msg/detail/kinematics_pose__struct.hpp
[1.690s] -- Up-to-date: /home/noma/FINAL_ws/manipulator/install/open_manipulator_msgs/include/open_manipulator_msgs/open_manipulator_msgs/msg/detail/open_manipulator_state__builder.hpp
[1.690s] -- Up-to-date: /home/noma/FINAL_ws/manipulator/install/open_manipulator_msgs/include/open_manipulator_msgs/open_manipulator_msgs
[1.690s] -- Up-to-date: /home/noma/FINAL_ws/manipulator/install/open_manipulator_msgs/include/open_manipulator_msgs/open_manipulator_msgs/srv
[1.690s] -- Up-to-date: /home/noma/FINAL_ws/manipulator/install/open_manipulator_msgs/include/open_manipulator_msgs/open_manipulator_msgs/srv/detail
[1.690s] -- Up-to-date: /home/noma/FINAL_ws/manipulator/install/open_manipulator_msgs/include/open_manipulator_msgs/open_manipulator_msgs/srv/detail/set_kinematics_pose__rosidl_typesupport_fastrtps_cpp.hpp
[1.690s] -- Up-to-date: /home/noma/FINAL_ws/manipulator/install/open_manipulator_msgs/include/open_manipulator_msgs/open_manipulator_msgs/srv/detail/set_actuator_state__rosidl_typesupport_fastrtps_cpp.hpp
[1.691s] -- Up-to-date: /home/noma/FINAL_ws/manipulator/install/open_manipulator_msgs/include/open_manipulator_msgs/open_manipulator_msgs/srv/detail/dds_fastrtps
[1.691s] -- Up-to-date: /home/noma/FINAL_ws/manipulator/install/open_manipulator_msgs/include/open_manipulator_msgs/open_manipulator_msgs/srv/detail/set_drawing_trajectory__rosidl_typesupport_fastrtps_cpp.hpp
[1.691s] -- Up-to-date: /home/noma/FINAL_ws/manipulator/install/open_manipulator_msgs/include/open_manipulator_msgs/open_manipulator_msgs/srv/detail/set_joint_position__rosidl_typesupport_fastrtps_cpp.hpp
[1.691s] -- Up-to-date: /home/noma/FINAL_ws/manipulator/install/open_manipulator_msgs/include/open_manipulator_msgs/open_manipulator_msgs/srv/detail/get_kinematics_pose__rosidl_typesupport_fastrtps_cpp.hpp
[1.691s] -- Up-to-date: /home/noma/FINAL_ws/manipulator/install/open_manipulator_msgs/include/open_manipulator_msgs/open_manipulator_msgs/srv/detail/get_joint_position__rosidl_typesupport_fastrtps_cpp.hpp
[1.691s] -- Up-to-date: /home/noma/FINAL_ws/manipulator/install/open_manipulator_msgs/include/open_manipulator_msgs/open_manipulator_msgs/msg
[1.691s] -- Up-to-date: /home/noma/FINAL_ws/manipulator/install/open_manipulator_msgs/include/open_manipulator_msgs/open_manipulator_msgs/msg/detail
[1.691s] -- Up-to-date: /home/noma/FINAL_ws/manipulator/install/open_manipulator_msgs/include/open_manipulator_msgs/open_manipulator_msgs/msg/detail/kinematics_pose__rosidl_typesupport_fastrtps_cpp.hpp
[1.691s] -- Up-to-date: /home/noma/FINAL_ws/manipulator/install/open_manipulator_msgs/include/open_manipulator_msgs/open_manipulator_msgs/msg/detail/open_manipulator_state__rosidl_typesupport_fastrtps_cpp.hpp
[1.691s] -- Up-to-date: /home/noma/FINAL_ws/manipulator/install/open_manipulator_msgs/include/open_manipulator_msgs/open_manipulator_msgs/msg/detail/dds_fastrtps
[1.691s] -- Up-to-date: /home/noma/FINAL_ws/manipulator/install/open_manipulator_msgs/include/open_manipulator_msgs/open_manipulator_msgs/msg/detail/joint_position__rosidl_typesupport_fastrtps_cpp.hpp
[1.691s] -- Up-to-date: /home/noma/FINAL_ws/manipulator/install/open_manipulator_msgs/include/open_manipulator_msgs/open_manipulator_msgs/msg/rosidl_typesupport_fastrtps_cpp__visibility_control.h
[1.691s] -- Up-to-date: /home/noma/FINAL_ws/manipulator/install/open_manipulator_msgs/lib/libopen_manipulator_msgs__rosidl_typesupport_fastrtps_cpp.so
[1.691s] -- Up-to-date: /home/noma/FINAL_ws/manipulator/install/open_manipulator_msgs/include/open_manipulator_msgs/open_manipulator_msgs
[1.691s] -- Up-to-date: /home/noma/FINAL_ws/manipulator/install/open_manipulator_msgs/include/open_manipulator_msgs/open_manipulator_msgs/srv
[1.692s] -- Up-to-date: /home/noma/FINAL_ws/manipulator/install/open_manipulator_msgs/include/open_manipulator_msgs/open_manipulator_msgs/srv/detail
[1.692s] -- Up-to-date: /home/noma/FINAL_ws/manipulator/install/open_manipulator_msgs/include/open_manipulator_msgs/open_manipulator_msgs/srv/detail/get_joint_position__rosidl_typesupport_introspection_c.h
[1.692s] -- Up-to-date: /home/noma/FINAL_ws/manipulator/install/open_manipulator_msgs/include/open_manipulator_msgs/open_manipulator_msgs/srv/detail/set_joint_position__type_support.c
[1.692s] -- Up-to-date: /home/noma/FINAL_ws/manipulator/install/open_manipulator_msgs/include/open_manipulator_msgs/open_manipulator_msgs/srv/detail/set_actuator_state__rosidl_typesupport_introspection_c.h
[1.692s] -- Up-to-date: /home/noma/FINAL_ws/manipulator/install/open_manipulator_msgs/include/open_manipulator_msgs/open_manipulator_msgs/srv/detail/get_kinematics_pose__type_support.c
[1.692s] -- Up-to-date: /home/noma/FINAL_ws/manipulator/install/open_manipulator_msgs/include/open_manipulator_msgs/open_manipulator_msgs/srv/detail/get_joint_position__type_support.c
[1.692s] -- Up-to-date: /home/noma/FINAL_ws/manipulator/install/open_manipulator_msgs/include/open_manipulator_msgs/open_manipulator_msgs/srv/detail/set_kinematics_pose__rosidl_typesupport_introspection_c.h
[1.692s] -- Up-to-date: /home/noma/FINAL_ws/manipulator/install/open_manipulator_msgs/include/open_manipulator_msgs/open_manipulator_msgs/srv/detail/set_drawing_trajectory__type_support.c
[1.692s] -- Up-to-date: /home/noma/FINAL_ws/manipulator/install/open_manipulator_msgs/include/open_manipulator_msgs/open_manipulator_msgs/srv/detail/set_kinematics_pose__type_support.c
[1.692s] -- Up-to-date: /home/noma/FINAL_ws/manipulator/install/open_manipulator_msgs/include/open_manipulator_msgs/open_manipulator_msgs/srv/detail/get_kinematics_pose__rosidl_typesupport_introspection_c.h
[1.692s] -- Up-to-date: /home/noma/FINAL_ws/manipulator/install/open_manipulator_msgs/include/open_manipulator_msgs/open_manipulator_msgs/srv/detail/set_actuator_state__type_support.c
[1.693s] -- Up-to-date: /home/noma/FINAL_ws/manipulator/install/open_manipulator_msgs/include/open_manipulator_msgs/open_manipulator_msgs/srv/detail/set_joint_position__rosidl_typesupport_introspection_c.h
[1.693s] -- Up-to-date: /home/noma/FINAL_ws/manipulator/install/open_manipulator_msgs/include/open_manipulator_msgs/open_manipulator_msgs/srv/detail/set_drawing_trajectory__rosidl_typesupport_introspection_c.h
[1.693s] -- Up-to-date: /home/noma/FINAL_ws/manipulator/install/open_manipulator_msgs/include/open_manipulator_msgs/open_manipulator_msgs/msg
[1.693s] -- Up-to-date: /home/noma/FINAL_ws/manipulator/install/open_manipulator_msgs/include/open_manipulator_msgs/open_manipulator_msgs/msg/rosidl_typesupport_introspection_c__visibility_control.h
[1.693s] -- Up-to-date: /home/noma/FINAL_ws/manipulator/install/open_manipulator_msgs/include/open_manipulator_msgs/open_manipulator_msgs/msg/detail
[1.693s] -- Up-to-date: /home/noma/FINAL_ws/manipulator/install/open_manipulator_msgs/include/open_manipulator_msgs/open_manipulator_msgs/msg/detail/open_manipulator_state__rosidl_typesupport_introspection_c.h
[1.693s] -- Up-to-date: /home/noma/FINAL_ws/manipulator/install/open_manipulator_msgs/include/open_manipulator_msgs/open_manipulator_msgs/msg/detail/joint_position__rosidl_typesupport_introspection_c.h
[1.693s] -- Up-to-date: /home/noma/FINAL_ws/manipulator/install/open_manipulator_msgs/include/open_manipulator_msgs/open_manipulator_msgs/msg/detail/open_manipulator_state__type_support.c
[1.693s] -- Up-to-date: /home/noma/FINAL_ws/manipulator/install/open_manipulator_msgs/include/open_manipulator_msgs/open_manipulator_msgs/msg/detail/kinematics_pose__type_support.c
[1.693s] -- Up-to-date: /home/noma/FINAL_ws/manipulator/install/open_manipulator_msgs/include/open_manipulator_msgs/open_manipulator_msgs/msg/detail/kinematics_pose__rosidl_typesupport_introspection_c.h
[1.693s] -- Up-to-date: /home/noma/FINAL_ws/manipulator/install/open_manipulator_msgs/include/open_manipulator_msgs/open_manipulator_msgs/msg/detail/joint_position__type_support.c
[1.693s] -- Up-to-date: /home/noma/FINAL_ws/manipulator/install/open_manipulator_msgs/lib/libopen_manipulator_msgs__rosidl_typesupport_introspection_c.so
[1.694s] -- Up-to-date: /home/noma/FINAL_ws/manipulator/install/open_manipulator_msgs/lib/libopen_manipulator_msgs__rosidl_typesupport_c.so
[1.694s] -- Up-to-date: /home/noma/FINAL_ws/manipulator/install/open_manipulator_msgs/include/open_manipulator_msgs/open_manipulator_msgs
[1.694s] -- Up-to-date: /home/noma/FINAL_ws/manipulator/install/open_manipulator_msgs/include/open_manipulator_msgs/open_manipulator_msgs/srv
[1.694s] -- Up-to-date: /home/noma/FINAL_ws/manipulator/install/open_manipulator_msgs/include/open_manipulator_msgs/open_manipulator_msgs/srv/detail
[1.694s] -- Up-to-date: /home/noma/FINAL_ws/manipulator/install/open_manipulator_msgs/include/open_manipulator_msgs/open_manipulator_msgs/srv/detail/get_joint_position__type_support.cpp
[1.694s] -- Up-to-date: /home/noma/FINAL_ws/manipulator/install/open_manipulator_msgs/include/open_manipulator_msgs/open_manipulator_msgs/srv/detail/get_joint_position__rosidl_typesupport_introspection_cpp.hpp
[1.694s] -- Up-to-date: /home/noma/FINAL_ws/manipulator/install/open_manipulator_msgs/include/open_manipulator_msgs/open_manipulator_msgs/srv/detail/set_kinematics_pose__rosidl_typesupport_introspection_cpp.hpp
[1.694s] -- Up-to-date: /home/noma/FINAL_ws/manipulator/install/open_manipulator_msgs/include/open_manipulator_msgs/open_manipulator_msgs/srv/detail/set_actuator_state__rosidl_typesupport_introspection_cpp.hpp
[1.694s] -- Up-to-date: /home/noma/FINAL_ws/manipulator/install/open_manipulator_msgs/include/open_manipulator_msgs/open_manipulator_msgs/srv/detail/set_joint_position__type_support.cpp
[1.694s] -- Up-to-date: /home/noma/FINAL_ws/manipulator/install/open_manipulator_msgs/include/open_manipulator_msgs/open_manipulator_msgs/srv/detail/set_kinematics_pose__type_support.cpp
[1.694s] -- Up-to-date: /home/noma/FINAL_ws/manipulator/install/open_manipulator_msgs/include/open_manipulator_msgs/open_manipulator_msgs/srv/detail/get_kinematics_pose__type_support.cpp
[1.695s] -- Up-to-date: /home/noma/FINAL_ws/manipulator/install/open_manipulator_msgs/include/open_manipulator_msgs/open_manipulator_msgs/srv/detail/set_actuator_state__type_support.cpp
[1.695s] -- Up-to-date: /home/noma/FINAL_ws/manipulator/install/open_manipulator_msgs/include/open_manipulator_msgs/open_manipulator_msgs/srv/detail/set_joint_position__rosidl_typesupport_introspection_cpp.hpp
[1.695s] -- Up-to-date: /home/noma/FINAL_ws/manipulator/install/open_manipulator_msgs/include/open_manipulator_msgs/open_manipulator_msgs/srv/detail/set_drawing_trajectory__type_support.cpp
[1.695s] -- Up-to-date: /home/noma/FINAL_ws/manipulator/install/open_manipulator_msgs/include/open_manipulator_msgs/open_manipulator_msgs/srv/detail/set_drawing_trajectory__rosidl_typesupport_introspection_cpp.hpp
[1.695s] -- Up-to-date: /home/noma/FINAL_ws/manipulator/install/open_manipulator_msgs/include/open_manipulator_msgs/open_manipulator_msgs/srv/detail/get_kinematics_pose__rosidl_typesupport_introspection_cpp.hpp
[1.695s] -- Up-to-date: /home/noma/FINAL_ws/manipulator/install/open_manipulator_msgs/include/open_manipulator_msgs/open_manipulator_msgs/msg
[1.695s] -- Up-to-date: /home/noma/FINAL_ws/manipulator/install/open_manipulator_msgs/include/open_manipulator_msgs/open_manipulator_msgs/msg/detail
[1.695s] -- Up-to-date: /home/noma/FINAL_ws/manipulator/install/open_manipulator_msgs/include/open_manipulator_msgs/open_manipulator_msgs/msg/detail/open_manipulator_state__type_support.cpp
[1.695s] -- Up-to-date: /home/noma/FINAL_ws/manipulator/install/open_manipulator_msgs/include/open_manipulator_msgs/open_manipulator_msgs/msg/detail/joint_position__rosidl_typesupport_introspection_cpp.hpp
[1.695s] -- Up-to-date: /home/noma/FINAL_ws/manipulator/install/open_manipulator_msgs/include/open_manipulator_msgs/open_manipulator_msgs/msg/detail/kinematics_pose__rosidl_typesupport_introspection_cpp.hpp
[1.695s] -- Up-to-date: /home/noma/FINAL_ws/manipulator/install/open_manipulator_msgs/include/open_manipulator_msgs/open_manipulator_msgs/msg/detail/kinematics_pose__type_support.cpp
[1.696s] -- Up-to-date: /home/noma/FINAL_ws/manipulator/install/open_manipulator_msgs/include/open_manipulator_msgs/open_manipulator_msgs/msg/detail/joint_position__type_support.cpp
[1.696s] -- Up-to-date: /home/noma/FINAL_ws/manipulator/install/open_manipulator_msgs/include/open_manipulator_msgs/open_manipulator_msgs/msg/detail/open_manipulator_state__rosidl_typesupport_introspection_cpp.hpp
[1.696s] -- Up-to-date: /home/noma/FINAL_ws/manipulator/install/open_manipulator_msgs/lib/libopen_manipulator_msgs__rosidl_typesupport_introspection_cpp.so
[1.696s] -- Up-to-date: /home/noma/FINAL_ws/manipulator/install/open_manipulator_msgs/lib/libopen_manipulator_msgs__rosidl_typesupport_cpp.so
[1.696s] -- Up-to-date: /home/noma/FINAL_ws/manipulator/install/open_manipulator_msgs/share/open_manipulator_msgs/environment/pythonpath.sh
[1.696s] -- Up-to-date: /home/noma/FINAL_ws/manipulator/install/open_manipulator_msgs/share/open_manipulator_msgs/environment/pythonpath.dsv
[1.696s] -- Up-to-date: /home/noma/FINAL_ws/manipulator/install/open_manipulator_msgs/local/lib/python3.10/dist-packages/open_manipulator_msgs-2.2.0-py3.10.egg-info
[1.696s] -- Installing: /home/noma/FINAL_ws/manipulator/install/open_manipulator_msgs/local/lib/python3.10/dist-packages/open_manipulator_msgs-2.2.0-py3.10.egg-info/PKG-INFO
[1.696s] -- Installing: /home/noma/FINAL_ws/manipulator/install/open_manipulator_msgs/local/lib/python3.10/dist-packages/open_manipulator_msgs-2.2.0-py3.10.egg-info/SOURCES.txt
[1.696s] -- Installing: /home/noma/FINAL_ws/manipulator/install/open_manipulator_msgs/local/lib/python3.10/dist-packages/open_manipulator_msgs-2.2.0-py3.10.egg-info/dependency_links.txt
[1.696s] -- Installing: /home/noma/FINAL_ws/manipulator/install/open_manipulator_msgs/local/lib/python3.10/dist-packages/open_manipulator_msgs-2.2.0-py3.10.egg-info/top_level.txt
[1.696s] -- Up-to-date: /home/noma/FINAL_ws/manipulator/install/open_manipulator_msgs/local/lib/python3.10/dist-packages/open_manipulator_msgs
[1.696s] -- Up-to-date: /home/noma/FINAL_ws/manipulator/install/open_manipulator_msgs/local/lib/python3.10/dist-packages/open_manipulator_msgs/__init__.py
[1.697s] -- Up-to-date: /home/noma/FINAL_ws/manipulator/install/open_manipulator_msgs/local/lib/python3.10/dist-packages/open_manipulator_msgs/libopen_manipulator_msgs__rosidl_generator_py.so
[1.697s] -- Up-to-date: /home/noma/FINAL_ws/manipulator/install/open_manipulator_msgs/local/lib/python3.10/dist-packages/open_manipulator_msgs/_open_manipulator_msgs_s.ep.rosidl_typesupport_c.c
[1.697s] -- Up-to-date: /home/noma/FINAL_ws/manipulator/install/open_manipulator_msgs/local/lib/python3.10/dist-packages/open_manipulator_msgs/srv
[1.697s] -- Up-to-date: /home/noma/FINAL_ws/manipulator/install/open_manipulator_msgs/local/lib/python3.10/dist-packages/open_manipulator_msgs/srv/_get_joint_position_s.c
[1.697s] -- Up-to-date: /home/noma/FINAL_ws/manipulator/install/open_manipulator_msgs/local/lib/python3.10/dist-packages/open_manipulator_msgs/srv/_get_joint_position.py
[1.697s] -- Up-to-date: /home/noma/FINAL_ws/manipulator/install/open_manipulator_msgs/local/lib/python3.10/dist-packages/open_manipulator_msgs/srv/_set_joint_position_s.c
[1.697s] -- Up-to-date: /home/noma/FINAL_ws/manipulator/install/open_manipulator_msgs/local/lib/python3.10/dist-packages/open_manipulator_msgs/srv/__init__.py
[1.697s] -- Up-to-date: /home/noma/FINAL_ws/manipulator/install/open_manipulator_msgs/local/lib/python3.10/dist-packages/open_manipulator_msgs/srv/_get_kinematics_pose.py
[1.697s] -- Up-to-date: /home/noma/FINAL_ws/manipulator/install/open_manipulator_msgs/local/lib/python3.10/dist-packages/open_manipulator_msgs/srv/_set_drawing_trajectory.py
[1.697s] -- Up-to-date: /home/noma/FINAL_ws/manipulator/install/open_manipulator_msgs/local/lib/python3.10/dist-packages/open_manipulator_msgs/srv/_set_joint_position.py
[1.697s] -- Up-to-date: /home/noma/FINAL_ws/manipulator/install/open_manipulator_msgs/local/lib/python3.10/dist-packages/open_manipulator_msgs/srv/_set_kinematics_pose_s.c
[1.697s] -- Up-to-date: /home/noma/FINAL_ws/manipulator/install/open_manipulator_msgs/local/lib/python3.10/dist-packages/open_manipulator_msgs/srv/_set_kinematics_pose.py
[1.697s] -- Up-to-date: /home/noma/FINAL_ws/manipulator/install/open_manipulator_msgs/local/lib/python3.10/dist-packages/open_manipulator_msgs/srv/_get_kinematics_pose_s.c
[1.697s] -- Up-to-date: /home/noma/FINAL_ws/manipulator/install/open_manipulator_msgs/local/lib/python3.10/dist-packages/open_manipulator_msgs/srv/_set_actuator_state_s.c
[1.697s] -- Up-to-date: /home/noma/FINAL_ws/manipulator/install/open_manipulator_msgs/local/lib/python3.10/dist-packages/open_manipulator_msgs/srv/_set_actuator_state.py
[1.697s] -- Up-to-date: /home/noma/FINAL_ws/manipulator/install/open_manipulator_msgs/local/lib/python3.10/dist-packages/open_manipulator_msgs/srv/_set_drawing_trajectory_s.c
[1.698s] -- Up-to-date: /home/noma/FINAL_ws/manipulator/install/open_manipulator_msgs/local/lib/python3.10/dist-packages/open_manipulator_msgs/_open_manipulator_msgs_s.ep.rosidl_typesupport_fastrtps_c.c
[1.698s] -- Up-to-date: /home/noma/FINAL_ws/manipulator/install/open_manipulator_msgs/local/lib/python3.10/dist-packages/open_manipulator_msgs/msg
[1.698s] -- Up-to-date: /home/noma/FINAL_ws/manipulator/install/open_manipulator_msgs/local/lib/python3.10/dist-packages/open_manipulator_msgs/msg/_kinematics_pose_s.c
[1.698s] -- Up-to-date: /home/noma/FINAL_ws/manipulator/install/open_manipulator_msgs/local/lib/python3.10/dist-packages/open_manipulator_msgs/msg/_kinematics_pose.py
[1.698s] -- Up-to-date: /home/noma/FINAL_ws/manipulator/install/open_manipulator_msgs/local/lib/python3.10/dist-packages/open_manipulator_msgs/msg/_joint_position_s.c
[1.698s] -- Up-to-date: /home/noma/FINAL_ws/manipulator/install/open_manipulator_msgs/local/lib/python3.10/dist-packages/open_manipulator_msgs/msg/__init__.py
[1.698s] -- Up-to-date: /home/noma/FINAL_ws/manipulator/install/open_manipulator_msgs/local/lib/python3.10/dist-packages/open_manipulator_msgs/msg/_open_manipulator_state.py
[1.698s] -- Up-to-date: /home/noma/FINAL_ws/manipulator/install/open_manipulator_msgs/local/lib/python3.10/dist-packages/open_manipulator_msgs/msg/_open_manipulator_state_s.c
[1.698s] -- Up-to-date: /home/noma/FINAL_ws/manipulator/install/open_manipulator_msgs/local/lib/python3.10/dist-packages/open_manipulator_msgs/msg/_joint_position.py
[1.698s] -- Up-to-date: /home/noma/FINAL_ws/manipulator/install/open_manipulator_msgs/local/lib/python3.10/dist-packages/open_manipulator_msgs/open_manipulator_msgs_s__rosidl_typesupport_introspection_c.cpython-310-x86_64-linux-gnu.so
[1.698s] -- Up-to-date: /home/noma/FINAL_ws/manipulator/install/open_manipulator_msgs/local/lib/python3.10/dist-packages/open_manipulator_msgs/_open_manipulator_msgs_s.ep.rosidl_typesupport_introspection_c.c
[1.698s] -- Up-to-date: /home/noma/FINAL_ws/manipulator/install/open_manipulator_msgs/local/lib/python3.10/dist-packages/open_manipulator_msgs/open_manipulator_msgs_s__rosidl_typesupport_fastrtps_c.cpython-310-x86_64-linux-gnu.so
[1.698s] -- Up-to-date: /home/noma/FINAL_ws/manipulator/install/open_manipulator_msgs/local/lib/python3.10/dist-packages/open_manipulator_msgs/open_manipulator_msgs_s__rosidl_typesupport_c.cpython-310-x86_64-linux-gnu.so
[1.732s] Listing '/home/noma/FINAL_ws/manipulator/install/open_manipulator_msgs/local/lib/python3.10/dist-packages/open_manipulator_msgs'...
[1.732s] Listing '/home/noma/FINAL_ws/manipulator/install/open_manipulator_msgs/local/lib/python3.10/dist-packages/open_manipulator_msgs/msg'...
[1.732s] Listing '/home/noma/FINAL_ws/manipulator/install/open_manipulator_msgs/local/lib/python3.10/dist-packages/open_manipulator_msgs/srv'...
[1.738s] -- Up-to-date: /home/noma/FINAL_ws/manipulator/install/open_manipulator_msgs/local/lib/python3.10/dist-packages/open_manipulator_msgs/open_manipulator_msgs_s__rosidl_typesupport_fastrtps_c.cpython-310-x86_64-linux-gnu.so
[1.738s] -- Up-to-date: /home/noma/FINAL_ws/manipulator/install/open_manipulator_msgs/local/lib/python3.10/dist-packages/open_manipulator_msgs/open_manipulator_msgs_s__rosidl_typesupport_introspection_c.cpython-310-x86_64-linux-gnu.so
[1.739s] -- Up-to-date: /home/noma/FINAL_ws/manipulator/install/open_manipulator_msgs/local/lib/python3.10/dist-packages/open_manipulator_msgs/open_manipulator_msgs_s__rosidl_typesupport_c.cpython-310-x86_64-linux-gnu.so
[1.739s] -- Up-to-date: /home/noma/FINAL_ws/manipulator/install/open_manipulator_msgs/lib/libopen_manipulator_msgs__rosidl_generator_py.so
[1.740s] -- Up-to-date: /home/noma/FINAL_ws/manipulator/install/open_manipulator_msgs/share/open_manipulator_msgs/msg/JointPosition.idl
[1.740s] -- Up-to-date: /home/noma/FINAL_ws/manipulator/install/open_manipulator_msgs/share/open_manipulator_msgs/msg/KinematicsPose.idl
[1.740s] -- Up-to-date: /home/noma/FINAL_ws/manipulator/install/open_manipulator_msgs/share/open_manipulator_msgs/msg/OpenManipulatorState.idl
[1.741s] -- Up-to-date: /home/noma/FINAL_ws/manipulator/install/open_manipulator_msgs/share/open_manipulator_msgs/srv/GetJointPosition.idl
[1.741s] -- Up-to-date: /home/noma/FINAL_ws/manipulator/install/open_manipulator_msgs/share/open_manipulator_msgs/srv/GetKinematicsPose.idl
[1.741s] -- Up-to-date: /home/noma/FINAL_ws/manipulator/install/open_manipulator_msgs/share/open_manipulator_msgs/srv/SetJointPosition.idl
[1.741s] -- Up-to-date: /home/noma/FINAL_ws/manipulator/install/open_manipulator_msgs/share/open_manipulator_msgs/srv/SetKinematicsPose.idl
[1.741s] -- Up-to-date: /home/noma/FINAL_ws/manipulator/install/open_manipulator_msgs/share/open_manipulator_msgs/srv/SetDrawingTrajectory.idl
[1.741s] -- Up-to-date: /home/noma/FINAL_ws/manipulator/install/open_manipulator_msgs/share/open_manipulator_msgs/srv/SetActuatorState.idl
[1.742s] -- Up-to-date: /home/noma/FINAL_ws/manipulator/install/open_manipulator_msgs/share/open_manipulator_msgs/msg/JointPosition.msg
[1.742s] -- Up-to-date: /home/noma/FINAL_ws/manipulator/install/open_manipulator_msgs/share/open_manipulator_msgs/msg/KinematicsPose.msg
[1.742s] -- Up-to-date: /home/noma/FINAL_ws/manipulator/install/open_manipulator_msgs/share/open_manipulator_msgs/msg/OpenManipulatorState.msg
[1.742s] -- Up-to-date: /home/noma/FINAL_ws/manipulator/install/open_manipulator_msgs/share/open_manipulator_msgs/srv/GetJointPosition.srv
[1.742s] -- Up-to-date: /home/noma/FINAL_ws/manipulator/install/open_manipulator_msgs/share/open_manipulator_msgs/srv/GetJointPosition_Request.msg
[1.742s] -- Up-to-date: /home/noma/FINAL_ws/manipulator/install/open_manipulator_msgs/share/open_manipulator_msgs/srv/GetJointPosition_Response.msg
[1.742s] -- Up-to-date: /home/noma/FINAL_ws/manipulator/install/open_manipulator_msgs/share/open_manipulator_msgs/srv/GetKinematicsPose.srv
[1.742s] -- Up-to-date: /home/noma/FINAL_ws/manipulator/install/open_manipulator_msgs/share/open_manipulator_msgs/srv/GetKinematicsPose_Request.msg
[1.742s] -- Up-to-date: /home/noma/FINAL_ws/manipulator/install/open_manipulator_msgs/share/open_manipulator_msgs/srv/GetKinematicsPose_Response.msg
[1.743s] -- Up-to-date: /home/noma/FINAL_ws/manipulator/install/open_manipulator_msgs/share/open_manipulator_msgs/srv/SetJointPosition.srv
[1.743s] -- Up-to-date: /home/noma/FINAL_ws/manipulator/install/open_manipulator_msgs/share/open_manipulator_msgs/srv/SetJointPosition_Request.msg
[1.743s] -- Up-to-date: /home/noma/FINAL_ws/manipulator/install/open_manipulator_msgs/share/open_manipulator_msgs/srv/SetJointPosition_Response.msg
[1.743s] -- Up-to-date: /home/noma/FINAL_ws/manipulator/install/open_manipulator_msgs/share/open_manipulator_msgs/srv/SetKinematicsPose.srv
[1.743s] -- Up-to-date: /home/noma/FINAL_ws/manipulator/install/open_manipulator_msgs/share/open_manipulator_msgs/srv/SetKinematicsPose_Request.msg
[1.743s] -- Up-to-date: /home/noma/FINAL_ws/manipulator/install/open_manipulator_msgs/share/open_manipulator_msgs/srv/SetKinematicsPose_Response.msg
[1.743s] -- Up-to-date: /home/noma/FINAL_ws/manipulator/install/open_manipulator_msgs/share/open_manipulator_msgs/srv/SetDrawingTrajectory.srv
[1.743s] -- Up-to-date: /home/noma/FINAL_ws/manipulator/install/open_manipulator_msgs/share/open_manipulator_msgs/srv/SetDrawingTrajectory_Request.msg
[1.743s] -- Up-to-date: /home/noma/FINAL_ws/manipulator/install/open_manipulator_msgs/share/open_manipulator_msgs/srv/SetDrawingTrajectory_Response.msg
[1.743s] -- Up-to-date: /home/noma/FINAL_ws/manipulator/install/open_manipulator_msgs/share/open_manipulator_msgs/srv/SetActuatorState.srv
[1.743s] -- Up-to-date: /home/noma/FINAL_ws/manipulator/install/open_manipulator_msgs/share/open_manipulator_msgs/srv/SetActuatorState_Request.msg
[1.743s] -- Up-to-date: /home/noma/FINAL_ws/manipulator/install/open_manipulator_msgs/share/open_manipulator_msgs/srv/SetActuatorState_Response.msg
[1.743s] -- Up-to-date: /home/noma/FINAL_ws/manipulator/install/open_manipulator_msgs/share/ament_index/resource_index/package_run_dependencies/open_manipulator_msgs
[1.743s] -- Up-to-date: /home/noma/FINAL_ws/manipulator/install/open_manipulator_msgs/share/ament_index/resource_index/parent_prefix_path/open_manipulator_msgs
[1.743s] -- Up-to-date: /home/noma/FINAL_ws/manipulator/install/open_manipulator_msgs/share/open_manipulator_msgs/environment/ament_prefix_path.sh
[1.744s] -- Up-to-date: /home/noma/FINAL_ws/manipulator/install/open_manipulator_msgs/share/open_manipulator_msgs/environment/ament_prefix_path.dsv
[1.744s] -- Up-to-date: /home/noma/FINAL_ws/manipulator/install/open_manipulator_msgs/share/open_manipulator_msgs/environment/path.sh
[1.744s] -- Up-to-date: /home/noma/FINAL_ws/manipulator/install/open_manipulator_msgs/share/open_manipulator_msgs/environment/path.dsv
[1.744s] -- Up-to-date: /home/noma/FINAL_ws/manipulator/install/open_manipulator_msgs/share/open_manipulator_msgs/local_setup.bash
[1.744s] -- Up-to-date: /home/noma/FINAL_ws/manipulator/install/open_manipulator_msgs/share/open_manipulator_msgs/local_setup.sh
[1.744s] -- Up-to-date: /home/noma/FINAL_ws/manipulator/install/open_manipulator_msgs/share/open_manipulator_msgs/local_setup.zsh
[1.744s] -- Up-to-date: /home/noma/FINAL_ws/manipulator/install/open_manipulator_msgs/share/open_manipulator_msgs/local_setup.dsv
[1.744s] -- Installing: /home/noma/FINAL_ws/manipulator/install/open_manipulator_msgs/share/open_manipulator_msgs/package.dsv
[1.744s] -- Up-to-date: /home/noma/FINAL_ws/manipulator/install/open_manipulator_msgs/share/ament_index/resource_index/packages/open_manipulator_msgs
[1.744s] -- Up-to-date: /home/noma/FINAL_ws/manipulator/install/open_manipulator_msgs/share/open_manipulator_msgs/cmake/export_open_manipulator_msgs__rosidl_generator_cExport.cmake
[1.744s] -- Up-to-date: /home/noma/FINAL_ws/manipulator/install/open_manipulator_msgs/share/open_manipulator_msgs/cmake/export_open_manipulator_msgs__rosidl_generator_cExport-noconfig.cmake
[1.744s] -- Up-to-date: /home/noma/FINAL_ws/manipulator/install/open_manipulator_msgs/share/open_manipulator_msgs/cmake/export_open_manipulator_msgs__rosidl_typesupport_fastrtps_cExport.cmake
[1.745s] -- Up-to-date: /home/noma/FINAL_ws/manipulator/install/open_manipulator_msgs/share/open_manipulator_msgs/cmake/export_open_manipulator_msgs__rosidl_typesupport_fastrtps_cExport-noconfig.cmake
[1.745s] -- Up-to-date: /home/noma/FINAL_ws/manipulator/install/open_manipulator_msgs/share/open_manipulator_msgs/cmake/export_open_manipulator_msgs__rosidl_generator_cppExport.cmake
[1.745s] -- Up-to-date: /home/noma/FINAL_ws/manipulator/install/open_manipulator_msgs/share/open_manipulator_msgs/cmake/export_open_manipulator_msgs__rosidl_typesupport_fastrtps_cppExport.cmake
[1.745s] -- Up-to-date: /home/noma/FINAL_ws/manipulator/install/open_manipulator_msgs/share/open_manipulator_msgs/cmake/export_open_manipulator_msgs__rosidl_typesupport_fastrtps_cppExport-noconfig.cmake
[1.745s] -- Up-to-date: /home/noma/FINAL_ws/manipulator/install/open_manipulator_msgs/share/open_manipulator_msgs/cmake/open_manipulator_msgs__rosidl_typesupport_introspection_cExport.cmake
[1.745s] -- Up-to-date: /home/noma/FINAL_ws/manipulator/install/open_manipulator_msgs/share/open_manipulator_msgs/cmake/open_manipulator_msgs__rosidl_typesupport_introspection_cExport-noconfig.cmake
[1.745s] -- Up-to-date: /home/noma/FINAL_ws/manipulator/install/open_manipulator_msgs/share/open_manipulator_msgs/cmake/open_manipulator_msgs__rosidl_typesupport_cExport.cmake
[1.745s] -- Up-to-date: /home/noma/FINAL_ws/manipulator/install/open_manipulator_msgs/share/open_manipulator_msgs/cmake/open_manipulator_msgs__rosidl_typesupport_cExport-noconfig.cmake
[1.745s] -- Up-to-date: /home/noma/FINAL_ws/manipulator/install/open_manipulator_msgs/share/open_manipulator_msgs/cmake/open_manipulator_msgs__rosidl_typesupport_introspection_cppExport.cmake
[1.745s] -- Up-to-date: /home/noma/FINAL_ws/manipulator/install/open_manipulator_msgs/share/open_manipulator_msgs/cmake/open_manipulator_msgs__rosidl_typesupport_introspection_cppExport-noconfig.cmake
[1.745s] -- Up-to-date: /home/noma/FINAL_ws/manipulator/install/open_manipulator_msgs/share/open_manipulator_msgs/cmake/open_manipulator_msgs__rosidl_typesupport_cppExport.cmake
[1.745s] -- Up-to-date: /home/noma/FINAL_ws/manipulator/install/open_manipulator_msgs/share/open_manipulator_msgs/cmake/open_manipulator_msgs__rosidl_typesupport_cppExport-noconfig.cmake
[1.745s] -- Up-to-date: /home/noma/FINAL_ws/manipulator/install/open_manipulator_msgs/share/open_manipulator_msgs/cmake/export_open_manipulator_msgs__rosidl_generator_pyExport.cmake
[1.746s] -- Up-to-date: /home/noma/FINAL_ws/manipulator/install/open_manipulator_msgs/share/open_manipulator_msgs/cmake/export_open_manipulator_msgs__rosidl_generator_pyExport-noconfig.cmake
[1.746s] -- Up-to-date: /home/noma/FINAL_ws/manipulator/install/open_manipulator_msgs/share/open_manipulator_msgs/cmake/rosidl_cmake-extras.cmake
[1.746s] -- Up-to-date: /home/noma/FINAL_ws/manipulator/install/open_manipulator_msgs/share/open_manipulator_msgs/cmake/ament_cmake_export_dependencies-extras.cmake
[1.746s] -- Up-to-date: /home/noma/FINAL_ws/manipulator/install/open_manipulator_msgs/share/open_manipulator_msgs/cmake/ament_cmake_export_include_directories-extras.cmake
[1.746s] -- Up-to-date: /home/noma/FINAL_ws/manipulator/install/open_manipulator_msgs/share/open_manipulator_msgs/cmake/ament_cmake_export_libraries-extras.cmake
[1.746s] -- Up-to-date: /home/noma/FINAL_ws/manipulator/install/open_manipulator_msgs/share/open_manipulator_msgs/cmake/ament_cmake_export_targets-extras.cmake
[1.746s] -- Up-to-date: /home/noma/FINAL_ws/manipulator/install/open_manipulator_msgs/share/open_manipulator_msgs/cmake/rosidl_cmake_export_typesupport_targets-extras.cmake
[1.746s] -- Up-to-date: /home/noma/FINAL_ws/manipulator/install/open_manipulator_msgs/share/open_manipulator_msgs/cmake/rosidl_cmake_export_typesupport_libraries-extras.cmake
[1.746s] -- Up-to-date: /home/noma/FINAL_ws/manipulator/install/open_manipulator_msgs/share/open_manipulator_msgs/cmake/open_manipulator_msgsConfig.cmake
[1.746s] -- Up-to-date: /home/noma/FINAL_ws/manipulator/install/open_manipulator_msgs/share/open_manipulator_msgs/cmake/open_manipulator_msgsConfig-version.cmake
[1.746s] -- Up-to-date: /home/noma/FINAL_ws/manipulator/install/open_manipulator_msgs/share/open_manipulator_msgs/package.xml
[2.164s] Invoked command in '/home/noma/FINAL_ws/manipulator/build/open_manipulator_msgs' returned '0': CMAKE_PREFIX_PATH=${CMAKE_PREFIX_PATH}:/home/noma/FINAL_ws/manipulator/install/test_package:/home/noma/FINAL_ws/manipulator/install/open_manipulator_x_teleop:/opt/ros/humble /usr/bin/cmake --install /home/noma/FINAL_ws/manipulator/build/open_manipulator_msgs
