[0.106s] Invoking command in '/home/noma/FINAL_ws/manipulator/build/robotis_manipulator': AMENT_PREFIX_PATH=/home/noma/FINAL_ws/manipulator/install/cmake_modules:${AMENT_PREFIX_PATH} CMAKE_PREFIX_PATH=/home/noma/FINAL_ws/manipulator/install/cmake_modules:/opt/ros/humble /usr/bin/cmake /home/noma/FINAL_ws/manipulator/src/robotis_manipulator -DCMAKE_INSTALL_PREFIX=/home/noma/FINAL_ws/manipulator/install/robotis_manipulator
[0.162s] -- The C compiler identification is GNU 11.4.0
[0.235s] -- The CXX compiler identification is GNU 11.4.0
[0.244s] -- Detecting C compiler ABI info
[0.308s] -- Detecting C compiler ABI info - done
[0.313s] -- Check for working C compiler: /usr/bin/cc - skipped
[0.313s] -- Detecting C compile features
[0.313s] -- Detecting C compile features - done
[0.316s] -- Detecting CXX compiler ABI info
[0.398s] -- Detecting CXX compiler ABI info - done
[0.412s] -- Check for working CXX compiler: /usr/bin/c++ - skipped
[0.413s] -- Detecting CXX compile features
[0.413s] -- Detecting CXX compile features - done
[0.427s] -- Found ament_cmake: 1.3.5 (/opt/ros/humble/share/ament_cmake/cmake)
[0.624s] -- Found Python3: /usr/bin/python3.10 (found version "3.10.12") found components: Interpreter 
[0.719s] -- Found cmake_modules: 0.4.1 (/home/noma/FINAL_ws/manipulator/install/cmake_modules/share/cmake_modules/cmake)
[0.722s] -- Found rclcpp: 16.0.6 (/opt/ros/humble/share/rclcpp/cmake)
[0.769s] -- Found rosidl_generator_c: 3.1.5 (/opt/ros/humble/share/rosidl_generator_c/cmake)
[0.775s] -- Found rosidl_adapter: 3.1.5 (/opt/ros/humble/share/rosidl_adapter/cmake)
[0.784s] -- Found rosidl_generator_cpp: 3.1.5 (/opt/ros/humble/share/rosidl_generator_cpp/cmake)
[0.800s] -- Using all available rosidl_typesupport_c: rosidl_typesupport_fastrtps_c;rosidl_typesupport_introspection_c
[0.832s] -- Using all available rosidl_typesupport_cpp: rosidl_typesupport_fastrtps_cpp;rosidl_typesupport_introspection_cpp
[0.973s] -- Found rmw_implementation_cmake: 6.1.1 (/opt/ros/humble/share/rmw_implementation_cmake/cmake)
[0.979s] -- Found rmw_fastrtps_cpp: 6.2.4 (/opt/ros/humble/share/rmw_fastrtps_cpp/cmake)
[1.166s] -- Found OpenSSL: /usr/lib/x86_64-linux-gnu/libcrypto.so (found version "3.0.2")  
[1.204s] -- Found FastRTPS: /opt/ros/humble/include  
[1.257s] -- Using RMW implementation 'rmw_fastrtps_cpp' as default
[1.298s] -- Looking for pthread.h
[1.474s] -- Looking for pthread.h - found
[1.474s] -- Performing Test CMAKE_HAVE_LIBC_PTHREAD
[1.700s] -- Performing Test CMAKE_HAVE_LIBC_PTHREAD - Success
[1.702s] -- Found Threads: TRUE  
[2.255s] -- Configuring done
[2.271s] -- Generating done
[2.274s] -- Build files have been written to: /home/noma/FINAL_ws/manipulator/build/robotis_manipulator
[2.296s] Invoked command in '/home/noma/FINAL_ws/manipulator/build/robotis_manipulator' returned '0': AMENT_PREFIX_PATH=/home/noma/FINAL_ws/manipulator/install/cmake_modules:${AMENT_PREFIX_PATH} CMAKE_PREFIX_PATH=/home/noma/FINAL_ws/manipulator/install/cmake_modules:/opt/ros/humble /usr/bin/cmake /home/noma/FINAL_ws/manipulator/src/robotis_manipulator -DCMAKE_INSTALL_PREFIX=/home/noma/FINAL_ws/manipulator/install/robotis_manipulator
[2.296s] Invoking command in '/home/noma/FINAL_ws/manipulator/build/robotis_manipulator': AMENT_PREFIX_PATH=/home/noma/FINAL_ws/manipulator/install/cmake_modules:${AMENT_PREFIX_PATH} CMAKE_PREFIX_PATH=/home/noma/FINAL_ws/manipulator/install/cmake_modules:/opt/ros/humble /usr/bin/cmake --build /home/noma/FINAL_ws/manipulator/build/robotis_manipulator -- -j8 -l8
[2.442s] [ 14%] [32mBuilding CXX object CMakeFiles/robotis_manipulator.dir/src/robotis_manipulator/robotis_manipulator_common.cpp.o[0m
[2.453s] [ 42%] [32mBuilding CXX object CMakeFiles/robotis_manipulator.dir/src/robotis_manipulator/robotis_manipulator_log.cpp.o[0m
[2.454s] [ 42%] [32mBuilding CXX object CMakeFiles/robotis_manipulator.dir/src/robotis_manipulator/robotis_manipulator.cpp.o[0m
[2.486s] [ 57%] [32mBuilding CXX object CMakeFiles/robotis_manipulator.dir/src/robotis_manipulator/robotis_manipulator_trajectory_generator.cpp.o[0m
[2.586s] [ 71%] [32mBuilding CXX object CMakeFiles/robotis_manipulator.dir/src/robotis_manipulator/robotis_manipulator_manager.cpp.o[0m
[2.591s] [ 85%] [32mBuilding CXX object CMakeFiles/robotis_manipulator.dir/src/robotis_manipulator/robotis_manipulator_math.cpp.o[0m
[14.643s] [100%] [32m[1mLinking CXX shared library librobotis_manipulator.so[0m
[14.983s] [100%] Built target robotis_manipulator
[14.994s] Invoked command in '/home/noma/FINAL_ws/manipulator/build/robotis_manipulator' returned '0': AMENT_PREFIX_PATH=/home/noma/FINAL_ws/manipulator/install/cmake_modules:${AMENT_PREFIX_PATH} CMAKE_PREFIX_PATH=/home/noma/FINAL_ws/manipulator/install/cmake_modules:/opt/ros/humble /usr/bin/cmake --build /home/noma/FINAL_ws/manipulator/build/robotis_manipulator -- -j8 -l8
[15.028s] Invoking command in '/home/noma/FINAL_ws/manipulator/build/robotis_manipulator': AMENT_PREFIX_PATH=/home/noma/FINAL_ws/manipulator/install/cmake_modules:${AMENT_PREFIX_PATH} CMAKE_PREFIX_PATH=/home/noma/FINAL_ws/manipulator/install/cmake_modules:/opt/ros/humble /usr/bin/cmake --install /home/noma/FINAL_ws/manipulator/build/robotis_manipulator
[15.038s] -- Install configuration: ""
[15.038s] -- Installing: /home/noma/FINAL_ws/manipulator/install/robotis_manipulator/lib/librobotis_manipulator.so
[15.041s] -- Set runtime path of "/home/noma/FINAL_ws/manipulator/install/robotis_manipulator/lib/librobotis_manipulator.so" to ""
[15.041s] -- Installing: /home/noma/FINAL_ws/manipulator/install/robotis_manipulator/include/
[15.041s] -- Installing: /home/noma/FINAL_ws/manipulator/install/robotis_manipulator/include//robotis_manipulator
[15.042s] -- Installing: /home/noma/FINAL_ws/manipulator/install/robotis_manipulator/include//robotis_manipulator/robotis_manipulator_manager.h
[15.042s] -- Installing: /home/noma/FINAL_ws/manipulator/install/robotis_manipulator/include//robotis_manipulator/robotis_manipulator_trajectory_generator.h
[15.042s] -- Installing: /home/noma/FINAL_ws/manipulator/install/robotis_manipulator/include//robotis_manipulator/robotis_manipulator_math.h
[15.043s] -- Installing: /home/noma/FINAL_ws/manipulator/install/robotis_manipulator/include//robotis_manipulator/robotis_manipulator_common.h
[15.043s] -- Installing: /home/noma/FINAL_ws/manipulator/install/robotis_manipulator/include//robotis_manipulator/robotis_manipulator_log.h
[15.043s] -- Installing: /home/noma/FINAL_ws/manipulator/install/robotis_manipulator/include//robotis_manipulator/robotis_manipulator.h
[15.043s] -- Installing: /home/noma/FINAL_ws/manipulator/install/robotis_manipulator/share/robotis_manipulator/environment/library_path.sh
[15.043s] -- Installing: /home/noma/FINAL_ws/manipulator/install/robotis_manipulator/share/robotis_manipulator/environment/library_path.dsv
[15.043s] -- Installing: /home/noma/FINAL_ws/manipulator/install/robotis_manipulator/share/ament_index/resource_index/package_run_dependencies/robotis_manipulator
[15.043s] -- Installing: /home/noma/FINAL_ws/manipulator/install/robotis_manipulator/share/ament_index/resource_index/parent_prefix_path/robotis_manipulator
[15.043s] -- Installing: /home/noma/FINAL_ws/manipulator/install/robotis_manipulator/share/robotis_manipulator/environment/ament_prefix_path.sh
[15.044s] -- Installing: /home/noma/FINAL_ws/manipulator/install/robotis_manipulator/share/robotis_manipulator/environment/ament_prefix_path.dsv
[15.044s] -- Installing: /home/noma/FINAL_ws/manipulator/install/robotis_manipulator/share/robotis_manipulator/environment/path.sh
[15.044s] -- Installing: /home/noma/FINAL_ws/manipulator/install/robotis_manipulator/share/robotis_manipulator/environment/path.dsv
[15.044s] -- Installing: /home/noma/FINAL_ws/manipulator/install/robotis_manipulator/share/robotis_manipulator/local_setup.bash
[15.044s] -- Installing: /home/noma/FINAL_ws/manipulator/install/robotis_manipulator/share/robotis_manipulator/local_setup.sh
[15.044s] -- Installing: /home/noma/FINAL_ws/manipulator/install/robotis_manipulator/share/robotis_manipulator/local_setup.zsh
[15.044s] -- Installing: /home/noma/FINAL_ws/manipulator/install/robotis_manipulator/share/robotis_manipulator/local_setup.dsv
[15.045s] -- Installing: /home/noma/FINAL_ws/manipulator/install/robotis_manipulator/share/robotis_manipulator/package.dsv
[15.045s] -- Installing: /home/noma/FINAL_ws/manipulator/install/robotis_manipulator/share/ament_index/resource_index/packages/robotis_manipulator
[15.045s] -- Installing: /home/noma/FINAL_ws/manipulator/install/robotis_manipulator/share/robotis_manipulator/cmake/ament_cmake_export_include_directories-extras.cmake
[15.045s] -- Installing: /home/noma/FINAL_ws/manipulator/install/robotis_manipulator/share/robotis_manipulator/cmake/ament_cmake_export_dependencies-extras.cmake
[15.045s] -- Installing: /home/noma/FINAL_ws/manipulator/install/robotis_manipulator/share/robotis_manipulator/cmake/ament_cmake_export_libraries-extras.cmake
[15.045s] -- Installing: /home/noma/FINAL_ws/manipulator/install/robotis_manipulator/share/robotis_manipulator/cmake/robotis_manipulatorConfig.cmake
[15.046s] -- Installing: /home/noma/FINAL_ws/manipulator/install/robotis_manipulator/share/robotis_manipulator/cmake/robotis_manipulatorConfig-version.cmake
[15.046s] -- Installing: /home/noma/FINAL_ws/manipulator/install/robotis_manipulator/share/robotis_manipulator/package.xml
[15.047s] Invoked command in '/home/noma/FINAL_ws/manipulator/build/robotis_manipulator' returned '0': AMENT_PREFIX_PATH=/home/noma/FINAL_ws/manipulator/install/cmake_modules:${AMENT_PREFIX_PATH} CMAKE_PREFIX_PATH=/home/noma/FINAL_ws/manipulator/install/cmake_modules:/opt/ros/humble /usr/bin/cmake --install /home/noma/FINAL_ws/manipulator/build/robotis_manipulator
