[1.080s] DEBUG:colcon:Command line arguments: ['/usr/bin/colcon', 'build']
[1.080s] DEBUG:colcon:Parsed command line arguments: Namespace(log_base=None, log_level=None, verb_name='build', build_base='build', install_base='install', merge_install=False, symlink_install=False, test_result_base=None, continue_on_error=False, executor='parallel', parallel_workers=8, event_handlers=None, ignore_user_meta=False, metas=['./colcon.meta'], base_paths=['.'], packages_ignore=None, packages_ignore_regex=None, paths=None, packages_up_to=None, packages_up_to_regex=None, packages_above=None, packages_above_and_dependencies=None, packages_above_depth=None, packages_select_by_dep=None, packages_skip_by_dep=None, packages_skip_up_to=None, packages_select_build_failed=False, packages_skip_build_finished=False, packages_select_test_failures=False, packages_skip_test_passed=False, packages_select=None, packages_skip=None, packages_select_regex=None, packages_skip_regex=None, packages_start=None, packages_end=None, allow_overriding=[], cmake_args=None, cmake_target=None, cmake_target_skip_unavailable=False, cmake_clean_cache=False, cmake_clean_first=False, cmake_force_configure=False, ament_cmake_args=None, catkin_cmake_args=None, catkin_skip_building_tests=False, verb_parser=<colcon_defaults.argument_parser.defaults.DefaultArgumentsDecorator object at 0x7fcc411b3880>, verb_extension=<colcon_core.verb.build.BuildVerb object at 0x7fcc415ef580>, main=<bound method BuildVerb.main of <colcon_core.verb.build.BuildVerb object at 0x7fcc415ef580>>)
[1.140s] Level 1:colcon.colcon_core.package_discovery:discover_packages(colcon_meta) check parameters
[1.140s] Level 1:colcon.colcon_core.package_discovery:discover_packages(recursive) check parameters
[1.140s] Level 1:colcon.colcon_core.package_discovery:discover_packages(ignore) check parameters
[1.140s] Level 1:colcon.colcon_core.package_discovery:discover_packages(path) check parameters
[1.140s] Level 1:colcon.colcon_core.package_discovery:discover_packages(colcon_meta) discover
[1.140s] Level 1:colcon.colcon_core.package_discovery:discover_packages(recursive) discover
[1.140s] INFO:colcon.colcon_core.package_discovery:Crawling recursively for packages in '/home/boma/realsense'
[1.140s] Level 1:colcon.colcon_core.package_identification:_identify(.) by extensions ['ignore', 'ignore_ament_install']
[1.140s] Level 1:colcon.colcon_core.package_identification:_identify(.) by extension 'ignore'
[1.140s] Level 1:colcon.colcon_core.package_identification:_identify(.) by extension 'ignore_ament_install'
[1.140s] Level 1:colcon.colcon_core.package_identification:_identify(.) by extensions ['colcon_pkg']
[1.140s] Level 1:colcon.colcon_core.package_identification:_identify(.) by extension 'colcon_pkg'
[1.140s] Level 1:colcon.colcon_core.package_identification:_identify(.) by extensions ['colcon_meta']
[1.140s] Level 1:colcon.colcon_core.package_identification:_identify(.) by extension 'colcon_meta'
[1.140s] Level 1:colcon.colcon_core.package_identification:_identify(.) by extensions ['ros']
[1.141s] Level 1:colcon.colcon_core.package_identification:_identify(.) by extension 'ros'
[1.152s] Level 1:colcon.colcon_core.package_identification:_identify(.) by extensions ['cmake', 'python']
[1.152s] Level 1:colcon.colcon_core.package_identification:_identify(.) by extension 'cmake'
[1.153s] Level 1:colcon.colcon_core.package_identification:_identify(.) by extension 'python'
[1.153s] Level 1:colcon.colcon_core.package_identification:_identify(.) by extensions ['python_setup_py']
[1.153s] Level 1:colcon.colcon_core.package_identification:_identify(.) by extension 'python_setup_py'
[1.153s] Level 1:colcon.colcon_core.package_identification:_identify(build) by extensions ['ignore', 'ignore_ament_install']
[1.153s] Level 1:colcon.colcon_core.package_identification:_identify(build) by extension 'ignore'
[1.153s] Level 1:colcon.colcon_core.package_identification:_identify(build) ignored
[1.153s] Level 1:colcon.colcon_core.package_identification:_identify(install) by extensions ['ignore', 'ignore_ament_install']
[1.153s] Level 1:colcon.colcon_core.package_identification:_identify(install) by extension 'ignore'
[1.153s] Level 1:colcon.colcon_core.package_identification:_identify(install) ignored
[1.153s] Level 1:colcon.colcon_core.package_identification:_identify(log) by extensions ['ignore', 'ignore_ament_install']
[1.154s] Level 1:colcon.colcon_core.package_identification:_identify(log) by extension 'ignore'
[1.154s] Level 1:colcon.colcon_core.package_identification:_identify(log) ignored
[1.154s] Level 1:colcon.colcon_core.package_identification:_identify(runs) by extensions ['ignore', 'ignore_ament_install']
[1.154s] Level 1:colcon.colcon_core.package_identification:_identify(runs) by extension 'ignore'
[1.154s] Level 1:colcon.colcon_core.package_identification:_identify(runs) by extension 'ignore_ament_install'
[1.154s] Level 1:colcon.colcon_core.package_identification:_identify(runs) by extensions ['colcon_pkg']
[1.154s] Level 1:colcon.colcon_core.package_identification:_identify(runs) by extension 'colcon_pkg'
[1.154s] Level 1:colcon.colcon_core.package_identification:_identify(runs) by extensions ['colcon_meta']
[1.154s] Level 1:colcon.colcon_core.package_identification:_identify(runs) by extension 'colcon_meta'
[1.154s] Level 1:colcon.colcon_core.package_identification:_identify(runs) by extensions ['ros']
[1.154s] Level 1:colcon.colcon_core.package_identification:_identify(runs) by extension 'ros'
[1.154s] Level 1:colcon.colcon_core.package_identification:_identify(runs) by extensions ['cmake', 'python']
[1.154s] Level 1:colcon.colcon_core.package_identification:_identify(runs) by extension 'cmake'
[1.154s] Level 1:colcon.colcon_core.package_identification:_identify(runs) by extension 'python'
[1.154s] Level 1:colcon.colcon_core.package_identification:_identify(runs) by extensions ['python_setup_py']
[1.154s] Level 1:colcon.colcon_core.package_identification:_identify(runs) by extension 'python_setup_py'
[1.155s] Level 1:colcon.colcon_core.package_identification:_identify(runs/detect) by extensions ['ignore', 'ignore_ament_install']
[1.155s] Level 1:colcon.colcon_core.package_identification:_identify(runs/detect) by extension 'ignore'
[1.155s] Level 1:colcon.colcon_core.package_identification:_identify(runs/detect) by extension 'ignore_ament_install'
[1.155s] Level 1:colcon.colcon_core.package_identification:_identify(runs/detect) by extensions ['colcon_pkg']
[1.155s] Level 1:colcon.colcon_core.package_identification:_identify(runs/detect) by extension 'colcon_pkg'
[1.155s] Level 1:colcon.colcon_core.package_identification:_identify(runs/detect) by extensions ['colcon_meta']
[1.155s] Level 1:colcon.colcon_core.package_identification:_identify(runs/detect) by extension 'colcon_meta'
[1.155s] Level 1:colcon.colcon_core.package_identification:_identify(runs/detect) by extensions ['ros']
[1.155s] Level 1:colcon.colcon_core.package_identification:_identify(runs/detect) by extension 'ros'
[1.155s] Level 1:colcon.colcon_core.package_identification:_identify(runs/detect) by extensions ['cmake', 'python']
[1.155s] Level 1:colcon.colcon_core.package_identification:_identify(runs/detect) by extension 'cmake'
[1.155s] Level 1:colcon.colcon_core.package_identification:_identify(runs/detect) by extension 'python'
[1.155s] Level 1:colcon.colcon_core.package_identification:_identify(runs/detect) by extensions ['python_setup_py']
[1.155s] Level 1:colcon.colcon_core.package_identification:_identify(runs/detect) by extension 'python_setup_py'
[1.155s] Level 1:colcon.colcon_core.package_identification:_identify(runs/detect/exp) by extensions ['ignore', 'ignore_ament_install']
[1.155s] Level 1:colcon.colcon_core.package_identification:_identify(runs/detect/exp) by extension 'ignore'
[1.155s] Level 1:colcon.colcon_core.package_identification:_identify(runs/detect/exp) by extension 'ignore_ament_install'
[1.155s] Level 1:colcon.colcon_core.package_identification:_identify(runs/detect/exp) by extensions ['colcon_pkg']
[1.155s] Level 1:colcon.colcon_core.package_identification:_identify(runs/detect/exp) by extension 'colcon_pkg'
[1.155s] Level 1:colcon.colcon_core.package_identification:_identify(runs/detect/exp) by extensions ['colcon_meta']
[1.156s] Level 1:colcon.colcon_core.package_identification:_identify(runs/detect/exp) by extension 'colcon_meta'
[1.156s] Level 1:colcon.colcon_core.package_identification:_identify(runs/detect/exp) by extensions ['ros']
[1.156s] Level 1:colcon.colcon_core.package_identification:_identify(runs/detect/exp) by extension 'ros'
[1.156s] Level 1:colcon.colcon_core.package_identification:_identify(runs/detect/exp) by extensions ['cmake', 'python']
[1.156s] Level 1:colcon.colcon_core.package_identification:_identify(runs/detect/exp) by extension 'cmake'
[1.156s] Level 1:colcon.colcon_core.package_identification:_identify(runs/detect/exp) by extension 'python'
[1.156s] Level 1:colcon.colcon_core.package_identification:_identify(runs/detect/exp) by extensions ['python_setup_py']
[1.156s] Level 1:colcon.colcon_core.package_identification:_identify(runs/detect/exp) by extension 'python_setup_py'
[1.156s] Level 1:colcon.colcon_core.package_identification:_identify(runs/detect/exp2) by extensions ['ignore', 'ignore_ament_install']
[1.156s] Level 1:colcon.colcon_core.package_identification:_identify(runs/detect/exp2) by extension 'ignore'
[1.156s] Level 1:colcon.colcon_core.package_identification:_identify(runs/detect/exp2) by extension 'ignore_ament_install'
[1.156s] Level 1:colcon.colcon_core.package_identification:_identify(runs/detect/exp2) by extensions ['colcon_pkg']
[1.156s] Level 1:colcon.colcon_core.package_identification:_identify(runs/detect/exp2) by extension 'colcon_pkg'
[1.156s] Level 1:colcon.colcon_core.package_identification:_identify(runs/detect/exp2) by extensions ['colcon_meta']
[1.156s] Level 1:colcon.colcon_core.package_identification:_identify(runs/detect/exp2) by extension 'colcon_meta'
[1.156s] Level 1:colcon.colcon_core.package_identification:_identify(runs/detect/exp2) by extensions ['ros']
[1.156s] Level 1:colcon.colcon_core.package_identification:_identify(runs/detect/exp2) by extension 'ros'
[1.156s] Level 1:colcon.colcon_core.package_identification:_identify(runs/detect/exp2) by extensions ['cmake', 'python']
[1.156s] Level 1:colcon.colcon_core.package_identification:_identify(runs/detect/exp2) by extension 'cmake'
[1.156s] Level 1:colcon.colcon_core.package_identification:_identify(runs/detect/exp2) by extension 'python'
[1.156s] Level 1:colcon.colcon_core.package_identification:_identify(runs/detect/exp2) by extensions ['python_setup_py']
[1.156s] Level 1:colcon.colcon_core.package_identification:_identify(runs/detect/exp2) by extension 'python_setup_py'
[1.156s] Level 1:colcon.colcon_core.package_identification:_identify(runs/detect/exp3) by extensions ['ignore', 'ignore_ament_install']
[1.157s] Level 1:colcon.colcon_core.package_identification:_identify(runs/detect/exp3) by extension 'ignore'
[1.157s] Level 1:colcon.colcon_core.package_identification:_identify(runs/detect/exp3) by extension 'ignore_ament_install'
[1.157s] Level 1:colcon.colcon_core.package_identification:_identify(runs/detect/exp3) by extensions ['colcon_pkg']
[1.157s] Level 1:colcon.colcon_core.package_identification:_identify(runs/detect/exp3) by extension 'colcon_pkg'
[1.157s] Level 1:colcon.colcon_core.package_identification:_identify(runs/detect/exp3) by extensions ['colcon_meta']
[1.157s] Level 1:colcon.colcon_core.package_identification:_identify(runs/detect/exp3) by extension 'colcon_meta'
[1.157s] Level 1:colcon.colcon_core.package_identification:_identify(runs/detect/exp3) by extensions ['ros']
[1.157s] Level 1:colcon.colcon_core.package_identification:_identify(runs/detect/exp3) by extension 'ros'
[1.157s] Level 1:colcon.colcon_core.package_identification:_identify(runs/detect/exp3) by extensions ['cmake', 'python']
[1.157s] Level 1:colcon.colcon_core.package_identification:_identify(runs/detect/exp3) by extension 'cmake'
[1.157s] Level 1:colcon.colcon_core.package_identification:_identify(runs/detect/exp3) by extension 'python'
[1.157s] Level 1:colcon.colcon_core.package_identification:_identify(runs/detect/exp3) by extensions ['python_setup_py']
[1.157s] Level 1:colcon.colcon_core.package_identification:_identify(runs/detect/exp3) by extension 'python_setup_py'
[1.157s] Level 1:colcon.colcon_core.package_identification:_identify(runs/detect/exp4) by extensions ['ignore', 'ignore_ament_install']
[1.157s] Level 1:colcon.colcon_core.package_identification:_identify(runs/detect/exp4) by extension 'ignore'
[1.157s] Level 1:colcon.colcon_core.package_identification:_identify(runs/detect/exp4) by extension 'ignore_ament_install'
[1.157s] Level 1:colcon.colcon_core.package_identification:_identify(runs/detect/exp4) by extensions ['colcon_pkg']
[1.157s] Level 1:colcon.colcon_core.package_identification:_identify(runs/detect/exp4) by extension 'colcon_pkg'
[1.157s] Level 1:colcon.colcon_core.package_identification:_identify(runs/detect/exp4) by extensions ['colcon_meta']
[1.157s] Level 1:colcon.colcon_core.package_identification:_identify(runs/detect/exp4) by extension 'colcon_meta'
[1.157s] Level 1:colcon.colcon_core.package_identification:_identify(runs/detect/exp4) by extensions ['ros']
[1.157s] Level 1:colcon.colcon_core.package_identification:_identify(runs/detect/exp4) by extension 'ros'
[1.157s] Level 1:colcon.colcon_core.package_identification:_identify(runs/detect/exp4) by extensions ['cmake', 'python']
[1.158s] Level 1:colcon.colcon_core.package_identification:_identify(runs/detect/exp4) by extension 'cmake'
[1.158s] Level 1:colcon.colcon_core.package_identification:_identify(runs/detect/exp4) by extension 'python'
[1.158s] Level 1:colcon.colcon_core.package_identification:_identify(runs/detect/exp4) by extensions ['python_setup_py']
[1.158s] Level 1:colcon.colcon_core.package_identification:_identify(runs/detect/exp4) by extension 'python_setup_py'
[1.158s] Level 1:colcon.colcon_core.package_identification:_identify(runs/detect/exp5) by extensions ['ignore', 'ignore_ament_install']
[1.158s] Level 1:colcon.colcon_core.package_identification:_identify(runs/detect/exp5) by extension 'ignore'
[1.158s] Level 1:colcon.colcon_core.package_identification:_identify(runs/detect/exp5) by extension 'ignore_ament_install'
[1.158s] Level 1:colcon.colcon_core.package_identification:_identify(runs/detect/exp5) by extensions ['colcon_pkg']
[1.158s] Level 1:colcon.colcon_core.package_identification:_identify(runs/detect/exp5) by extension 'colcon_pkg'
[1.158s] Level 1:colcon.colcon_core.package_identification:_identify(runs/detect/exp5) by extensions ['colcon_meta']
[1.158s] Level 1:colcon.colcon_core.package_identification:_identify(runs/detect/exp5) by extension 'colcon_meta'
[1.158s] Level 1:colcon.colcon_core.package_identification:_identify(runs/detect/exp5) by extensions ['ros']
[1.158s] Level 1:colcon.colcon_core.package_identification:_identify(runs/detect/exp5) by extension 'ros'
[1.158s] Level 1:colcon.colcon_core.package_identification:_identify(runs/detect/exp5) by extensions ['cmake', 'python']
[1.158s] Level 1:colcon.colcon_core.package_identification:_identify(runs/detect/exp5) by extension 'cmake'
[1.158s] Level 1:colcon.colcon_core.package_identification:_identify(runs/detect/exp5) by extension 'python'
[1.158s] Level 1:colcon.colcon_core.package_identification:_identify(runs/detect/exp5) by extensions ['python_setup_py']
[1.158s] Level 1:colcon.colcon_core.package_identification:_identify(runs/detect/exp5) by extension 'python_setup_py'
[1.158s] Level 1:colcon.colcon_core.package_identification:_identify(runs/detect/exp6) by extensions ['ignore', 'ignore_ament_install']
[1.158s] Level 1:colcon.colcon_core.package_identification:_identify(runs/detect/exp6) by extension 'ignore'
[1.158s] Level 1:colcon.colcon_core.package_identification:_identify(runs/detect/exp6) by extension 'ignore_ament_install'
[1.158s] Level 1:colcon.colcon_core.package_identification:_identify(runs/detect/exp6) by extensions ['colcon_pkg']
[1.158s] Level 1:colcon.colcon_core.package_identification:_identify(runs/detect/exp6) by extension 'colcon_pkg'
[1.158s] Level 1:colcon.colcon_core.package_identification:_identify(runs/detect/exp6) by extensions ['colcon_meta']
[1.158s] Level 1:colcon.colcon_core.package_identification:_identify(runs/detect/exp6) by extension 'colcon_meta'
[1.158s] Level 1:colcon.colcon_core.package_identification:_identify(runs/detect/exp6) by extensions ['ros']
[1.158s] Level 1:colcon.colcon_core.package_identification:_identify(runs/detect/exp6) by extension 'ros'
[1.159s] Level 1:colcon.colcon_core.package_identification:_identify(runs/detect/exp6) by extensions ['cmake', 'python']
[1.159s] Level 1:colcon.colcon_core.package_identification:_identify(runs/detect/exp6) by extension 'cmake'
[1.159s] Level 1:colcon.colcon_core.package_identification:_identify(runs/detect/exp6) by extension 'python'
[1.159s] Level 1:colcon.colcon_core.package_identification:_identify(runs/detect/exp6) by extensions ['python_setup_py']
[1.159s] Level 1:colcon.colcon_core.package_identification:_identify(runs/detect/exp6) by extension 'python_setup_py'
[1.159s] Level 1:colcon.colcon_core.package_identification:_identify(runs/detect/exp7) by extensions ['ignore', 'ignore_ament_install']
[1.159s] Level 1:colcon.colcon_core.package_identification:_identify(runs/detect/exp7) by extension 'ignore'
[1.159s] Level 1:colcon.colcon_core.package_identification:_identify(runs/detect/exp7) by extension 'ignore_ament_install'
[1.159s] Level 1:colcon.colcon_core.package_identification:_identify(runs/detect/exp7) by extensions ['colcon_pkg']
[1.159s] Level 1:colcon.colcon_core.package_identification:_identify(runs/detect/exp7) by extension 'colcon_pkg'
[1.159s] Level 1:colcon.colcon_core.package_identification:_identify(runs/detect/exp7) by extensions ['colcon_meta']
[1.159s] Level 1:colcon.colcon_core.package_identification:_identify(runs/detect/exp7) by extension 'colcon_meta'
[1.159s] Level 1:colcon.colcon_core.package_identification:_identify(runs/detect/exp7) by extensions ['ros']
[1.159s] Level 1:colcon.colcon_core.package_identification:_identify(runs/detect/exp7) by extension 'ros'
[1.159s] Level 1:colcon.colcon_core.package_identification:_identify(runs/detect/exp7) by extensions ['cmake', 'python']
[1.159s] Level 1:colcon.colcon_core.package_identification:_identify(runs/detect/exp7) by extension 'cmake'
[1.159s] Level 1:colcon.colcon_core.package_identification:_identify(runs/detect/exp7) by extension 'python'
[1.159s] Level 1:colcon.colcon_core.package_identification:_identify(runs/detect/exp7) by extensions ['python_setup_py']
[1.159s] Level 1:colcon.colcon_core.package_identification:_identify(runs/detect/exp7) by extension 'python_setup_py'
[1.159s] Level 1:colcon.colcon_core.package_identification:_identify(runs/detect/exp8) by extensions ['ignore', 'ignore_ament_install']
[1.159s] Level 1:colcon.colcon_core.package_identification:_identify(runs/detect/exp8) by extension 'ignore'
[1.159s] Level 1:colcon.colcon_core.package_identification:_identify(runs/detect/exp8) by extension 'ignore_ament_install'
[1.159s] Level 1:colcon.colcon_core.package_identification:_identify(runs/detect/exp8) by extensions ['colcon_pkg']
[1.159s] Level 1:colcon.colcon_core.package_identification:_identify(runs/detect/exp8) by extension 'colcon_pkg'
[1.159s] Level 1:colcon.colcon_core.package_identification:_identify(runs/detect/exp8) by extensions ['colcon_meta']
[1.159s] Level 1:colcon.colcon_core.package_identification:_identify(runs/detect/exp8) by extension 'colcon_meta'
[1.159s] Level 1:colcon.colcon_core.package_identification:_identify(runs/detect/exp8) by extensions ['ros']
[1.159s] Level 1:colcon.colcon_core.package_identification:_identify(runs/detect/exp8) by extension 'ros'
[1.160s] Level 1:colcon.colcon_core.package_identification:_identify(runs/detect/exp8) by extensions ['cmake', 'python']
[1.160s] Level 1:colcon.colcon_core.package_identification:_identify(runs/detect/exp8) by extension 'cmake'
[1.160s] Level 1:colcon.colcon_core.package_identification:_identify(runs/detect/exp8) by extension 'python'
[1.160s] Level 1:colcon.colcon_core.package_identification:_identify(runs/detect/exp8) by extensions ['python_setup_py']
[1.160s] Level 1:colcon.colcon_core.package_identification:_identify(runs/detect/exp8) by extension 'python_setup_py'
[1.160s] Level 1:colcon.colcon_core.package_identification:_identify(runs/detect/exp9) by extensions ['ignore', 'ignore_ament_install']
[1.160s] Level 1:colcon.colcon_core.package_identification:_identify(runs/detect/exp9) by extension 'ignore'
[1.160s] Level 1:colcon.colcon_core.package_identification:_identify(runs/detect/exp9) by extension 'ignore_ament_install'
[1.160s] Level 1:colcon.colcon_core.package_identification:_identify(runs/detect/exp9) by extensions ['colcon_pkg']
[1.160s] Level 1:colcon.colcon_core.package_identification:_identify(runs/detect/exp9) by extension 'colcon_pkg'
[1.160s] Level 1:colcon.colcon_core.package_identification:_identify(runs/detect/exp9) by extensions ['colcon_meta']
[1.160s] Level 1:colcon.colcon_core.package_identification:_identify(runs/detect/exp9) by extension 'colcon_meta'
[1.160s] Level 1:colcon.colcon_core.package_identification:_identify(runs/detect/exp9) by extensions ['ros']
[1.160s] Level 1:colcon.colcon_core.package_identification:_identify(runs/detect/exp9) by extension 'ros'
[1.160s] Level 1:colcon.colcon_core.package_identification:_identify(runs/detect/exp9) by extensions ['cmake', 'python']
[1.160s] Level 1:colcon.colcon_core.package_identification:_identify(runs/detect/exp9) by extension 'cmake'
[1.160s] Level 1:colcon.colcon_core.package_identification:_identify(runs/detect/exp9) by extension 'python'
[1.160s] Level 1:colcon.colcon_core.package_identification:_identify(runs/detect/exp9) by extensions ['python_setup_py']
[1.160s] Level 1:colcon.colcon_core.package_identification:_identify(runs/detect/exp9) by extension 'python_setup_py'
[1.160s] Level 1:colcon.colcon_core.package_identification:_identify(src) by extensions ['ignore', 'ignore_ament_install']
[1.160s] Level 1:colcon.colcon_core.package_identification:_identify(src) by extension 'ignore'
[1.160s] Level 1:colcon.colcon_core.package_identification:_identify(src) by extension 'ignore_ament_install'
[1.160s] Level 1:colcon.colcon_core.package_identification:_identify(src) by extensions ['colcon_pkg']
[1.160s] Level 1:colcon.colcon_core.package_identification:_identify(src) by extension 'colcon_pkg'
[1.160s] Level 1:colcon.colcon_core.package_identification:_identify(src) by extensions ['colcon_meta']
[1.160s] Level 1:colcon.colcon_core.package_identification:_identify(src) by extension 'colcon_meta'
[1.160s] Level 1:colcon.colcon_core.package_identification:_identify(src) by extensions ['ros']
[1.160s] Level 1:colcon.colcon_core.package_identification:_identify(src) by extension 'ros'
[1.160s] Level 1:colcon.colcon_core.package_identification:_identify(src) by extensions ['cmake', 'python']
[1.160s] Level 1:colcon.colcon_core.package_identification:_identify(src) by extension 'cmake'
[1.160s] Level 1:colcon.colcon_core.package_identification:_identify(src) by extension 'python'
[1.160s] Level 1:colcon.colcon_core.package_identification:_identify(src) by extensions ['python_setup_py']
[1.161s] Level 1:colcon.colcon_core.package_identification:_identify(src) by extension 'python_setup_py'
[1.161s] Level 1:colcon.colcon_core.package_identification:_identify(src/depth_example) by extensions ['ignore', 'ignore_ament_install']
[1.161s] Level 1:colcon.colcon_core.package_identification:_identify(src/depth_example) by extension 'ignore'
[1.161s] Level 1:colcon.colcon_core.package_identification:_identify(src/depth_example) by extension 'ignore_ament_install'
[1.161s] Level 1:colcon.colcon_core.package_identification:_identify(src/depth_example) by extensions ['colcon_pkg']
[1.161s] Level 1:colcon.colcon_core.package_identification:_identify(src/depth_example) by extension 'colcon_pkg'
[1.161s] Level 1:colcon.colcon_core.package_identification:_identify(src/depth_example) by extensions ['colcon_meta']
[1.161s] Level 1:colcon.colcon_core.package_identification:_identify(src/depth_example) by extension 'colcon_meta'
[1.161s] Level 1:colcon.colcon_core.package_identification:_identify(src/depth_example) by extensions ['ros']
[1.161s] Level 1:colcon.colcon_core.package_identification:_identify(src/depth_example) by extension 'ros'
[1.163s] DEBUG:colcon.colcon_core.package_identification:Package 'src/depth_example' with type 'ros.ament_python' and name 'depth_example'
[1.163s] Level 1:colcon.colcon_core.package_discovery:discover_packages(recursive) using defaults
[1.163s] Level 1:colcon.colcon_core.package_discovery:discover_packages(ignore) discover
[1.163s] Level 1:colcon.colcon_core.package_discovery:discover_packages(ignore) using defaults
[1.163s] Level 1:colcon.colcon_core.package_discovery:discover_packages(path) discover
[1.163s] Level 1:colcon.colcon_core.package_discovery:discover_packages(path) using defaults
[1.260s] Level 1:colcon.colcon_core.package_discovery:discover_packages(prefix_path) check parameters
[1.260s] Level 1:colcon.colcon_core.package_discovery:discover_packages(prefix_path) discover
[1.287s] DEBUG:colcon.colcon_installed_package_information.package_discovery:Found 1 installed packages in /home/boma/realsense/install
[1.301s] DEBUG:colcon.colcon_installed_package_information.package_discovery:Found 273 installed packages in /opt/ros/humble
[1.302s] Level 1:colcon.colcon_core.package_discovery:discover_packages(prefix_path) using defaults
[1.367s] Level 5:colcon.colcon_core.verb:set package 'depth_example' build argument 'cmake_args' from command line to 'None'
[1.367s] Level 5:colcon.colcon_core.verb:set package 'depth_example' build argument 'cmake_target' from command line to 'None'
[1.367s] Level 5:colcon.colcon_core.verb:set package 'depth_example' build argument 'cmake_target_skip_unavailable' from command line to 'False'
[1.367s] Level 5:colcon.colcon_core.verb:set package 'depth_example' build argument 'cmake_clean_cache' from command line to 'False'
[1.367s] Level 5:colcon.colcon_core.verb:set package 'depth_example' build argument 'cmake_clean_first' from command line to 'False'
[1.367s] Level 5:colcon.colcon_core.verb:set package 'depth_example' build argument 'cmake_force_configure' from command line to 'False'
[1.367s] Level 5:colcon.colcon_core.verb:set package 'depth_example' build argument 'ament_cmake_args' from command line to 'None'
[1.367s] Level 5:colcon.colcon_core.verb:set package 'depth_example' build argument 'catkin_cmake_args' from command line to 'None'
[1.367s] Level 5:colcon.colcon_core.verb:set package 'depth_example' build argument 'catkin_skip_building_tests' from command line to 'False'
[1.368s] DEBUG:colcon.colcon_core.verb:Building package 'depth_example' with the following arguments: {'ament_cmake_args': None, 'build_base': '/home/boma/realsense/build/depth_example', 'catkin_cmake_args': None, 'catkin_skip_building_tests': False, 'cmake_args': None, 'cmake_clean_cache': False, 'cmake_clean_first': False, 'cmake_force_configure': False, 'cmake_target': None, 'cmake_target_skip_unavailable': False, 'install_base': '/home/boma/realsense/install/depth_example', 'merge_install': False, 'path': '/home/boma/realsense/src/depth_example', 'symlink_install': False, 'test_result_base': None}
[1.383s] INFO:colcon.colcon_core.executor:Executing jobs using 'parallel' executor
[1.399s] DEBUG:colcon.colcon_parallel_executor.executor.parallel:run_until_complete
[1.399s] INFO:colcon.colcon_ros.task.ament_python.build:Building ROS package in '/home/boma/realsense/src/depth_example' with build type 'ament_python'
[1.399s] Level 1:colcon.colcon_core.shell:create_environment_hook('depth_example', 'ament_prefix_path')
[1.422s] INFO:colcon.colcon_core.plugin_system:Skipping extension 'colcon_core.shell.bat': Not used on non-Windows systems
[1.423s] INFO:colcon.colcon_core.shell:Creating environment hook '/home/boma/realsense/install/depth_example/share/depth_example/hook/ament_prefix_path.ps1'
[1.423s] INFO:colcon.colcon_core.shell:Creating environment descriptor '/home/boma/realsense/install/depth_example/share/depth_example/hook/ament_prefix_path.dsv'
[1.424s] INFO:colcon.colcon_core.shell:Creating environment hook '/home/boma/realsense/install/depth_example/share/depth_example/hook/ament_prefix_path.sh'
[1.446s] INFO:colcon.colcon_core.shell:Skip shell extension 'powershell' for command environment: Not usable outside of PowerShell
[1.446s] DEBUG:colcon.colcon_core.shell:Skip shell extension 'dsv' for command environment
[1.753s] INFO:colcon.colcon_core.task.python.build:Building Python package in '/home/boma/realsense/src/depth_example'
[1.767s] INFO:colcon.colcon_core.shell:Skip shell extension 'powershell' for command environment: Not usable outside of PowerShell
[1.767s] DEBUG:colcon.colcon_core.shell:Skip shell extension 'dsv' for command environment
[2.292s] DEBUG:colcon.colcon_core.event_handler.log_command:Invoking command in '/home/boma/realsense/src/depth_example': PYTHONPATH=/home/boma/realsense/build/depth_example/prefix_override:/home/boma/realsense/install/depth_example/lib/python3.10/site-packages:${PYTHONPATH} /usr/bin/python3 setup.py egg_info --egg-base ../../build/depth_example build --build-base /home/boma/realsense/build/depth_example/build install --record /home/boma/realsense/build/depth_example/install.log --single-version-externally-managed
[2.743s] DEBUG:colcon.colcon_core.event_handler.log_command:Invoked command in '/home/boma/realsense/src/depth_example' returned '0': PYTHONPATH=/home/boma/realsense/build/depth_example/prefix_override:/home/boma/realsense/install/depth_example/lib/python3.10/site-packages:${PYTHONPATH} /usr/bin/python3 setup.py egg_info --egg-base ../../build/depth_example build --build-base /home/boma/realsense/build/depth_example/build install --record /home/boma/realsense/build/depth_example/install.log --single-version-externally-managed
[2.768s] Level 1:colcon.colcon_core.environment:checking '/home/boma/realsense/install/depth_example' for CMake module files
[2.769s] Level 1:colcon.colcon_core.environment:checking '/home/boma/realsense/install/depth_example' for CMake config files
[2.770s] Level 1:colcon.colcon_core.environment:checking '/home/boma/realsense/install/depth_example/lib'
[2.770s] Level 1:colcon.colcon_core.environment:checking '/home/boma/realsense/install/depth_example/bin'
[2.770s] Level 1:colcon.colcon_core.environment:checking '/home/boma/realsense/install/depth_example/lib/pkgconfig/depth_example.pc'
[2.770s] Level 1:colcon.colcon_core.environment:checking '/home/boma/realsense/install/depth_example/lib/python3.10/site-packages'
[2.770s] Level 1:colcon.colcon_core.shell:create_environment_hook('depth_example', 'pythonpath')
[2.794s] INFO:colcon.colcon_core.shell:Creating environment hook '/home/boma/realsense/install/depth_example/share/depth_example/hook/pythonpath.ps1'
[2.795s] INFO:colcon.colcon_core.shell:Creating environment descriptor '/home/boma/realsense/install/depth_example/share/depth_example/hook/pythonpath.dsv'
[2.795s] INFO:colcon.colcon_core.shell:Creating environment hook '/home/boma/realsense/install/depth_example/share/depth_example/hook/pythonpath.sh'
[2.796s] Level 1:colcon.colcon_core.environment:checking '/home/boma/realsense/install/depth_example/bin'
[2.796s] Level 1:colcon.colcon_core.environment:create_environment_scripts_only(depth_example)
[2.821s] INFO:colcon.colcon_core.shell:Creating package script '/home/boma/realsense/install/depth_example/share/depth_example/package.ps1'
[2.822s] INFO:colcon.colcon_core.shell:Creating package descriptor '/home/boma/realsense/install/depth_example/share/depth_example/package.dsv'
[2.823s] INFO:colcon.colcon_core.shell:Creating package script '/home/boma/realsense/install/depth_example/share/depth_example/package.sh'
[2.823s] INFO:colcon.colcon_core.shell:Creating package script '/home/boma/realsense/install/depth_example/share/depth_example/package.bash'
[2.824s] INFO:colcon.colcon_core.shell:Creating package script '/home/boma/realsense/install/depth_example/share/depth_example/package.zsh'
[2.825s] Level 1:colcon.colcon_core.environment:create_file_with_runtime_dependencies(/home/boma/realsense/install/depth_example/share/colcon-core/packages/depth_example)
[2.826s] DEBUG:colcon.colcon_parallel_executor.executor.parallel:closing loop
[2.826s] DEBUG:colcon.colcon_parallel_executor.executor.parallel:loop closed
[2.827s] DEBUG:colcon.colcon_parallel_executor.executor.parallel:run_until_complete finished with '0'
[2.827s] DEBUG:colcon.colcon_core.event_reactor:joining thread
[2.864s] INFO:colcon.colcon_core.plugin_system:Skipping extension 'colcon_notification.desktop_notification.terminal_notifier': Not used on non-Darwin systems
[2.864s] INFO:colcon.colcon_core.plugin_system:Skipping extension 'colcon_notification.desktop_notification.win32': Not used on non-Windows systems
[2.864s] INFO:colcon.colcon_notification.desktop_notification:Sending desktop notification using 'notify2'
[2.895s] DEBUG:colcon.colcon_core.event_reactor:joined thread
[2.921s] INFO:colcon.colcon_core.shell:Creating prefix script '/home/boma/realsense/install/local_setup.ps1'
[2.923s] INFO:colcon.colcon_core.shell:Creating prefix util module '/home/boma/realsense/install/_local_setup_util_ps1.py'
[2.925s] INFO:colcon.colcon_core.shell:Creating prefix chain script '/home/boma/realsense/install/setup.ps1'
[2.956s] INFO:colcon.colcon_core.shell:Creating prefix script '/home/boma/realsense/install/local_setup.sh'
[2.957s] INFO:colcon.colcon_core.shell:Creating prefix util module '/home/boma/realsense/install/_local_setup_util_sh.py'
[2.958s] INFO:colcon.colcon_core.shell:Creating prefix chain script '/home/boma/realsense/install/setup.sh'
[2.985s] INFO:colcon.colcon_core.shell:Creating prefix script '/home/boma/realsense/install/local_setup.bash'
[2.986s] INFO:colcon.colcon_core.shell:Creating prefix chain script '/home/boma/realsense/install/setup.bash'
[3.009s] INFO:colcon.colcon_core.shell:Creating prefix script '/home/boma/realsense/install/local_setup.zsh'
[3.010s] INFO:colcon.colcon_core.shell:Creating prefix chain script '/home/boma/realsense/install/setup.zsh'
