[0.200s] Invoking command in '/home/noma/FINAL_ws/manipulator/build/cmake_modules': /usr/bin/cmake --build /home/noma/FINAL_ws/manipulator/build/cmake_modules -- -j8 -l8
[0.621s] Invoked command in '/home/noma/FINAL_ws/manipulator/build/cmake_modules' returned '0': /usr/bin/cmake --build /home/noma/FINAL_ws/manipulator/build/cmake_modules -- -j8 -l8
[0.645s] Invoking command in '/home/noma/FINAL_ws/manipulator/build/cmake_modules': /usr/bin/cmake --install /home/noma/FINAL_ws/manipulator/build/cmake_modules
[0.655s] -- Install configuration: ""
[0.655s] -- Up-to-date: /home/noma/FINAL_ws/manipulator/install/cmake_modules/share/cmake_modules/cmake/Modules
[0.656s] -- Up-to-date: /home/noma/FINAL_ws/manipulator/install/cmake_modules/share/cmake_modules/cmake/Modules/FindTBB.cmake
[0.656s] -- Up-to-date: /home/noma/FINAL_ws/manipulator/install/cmake_modules/share/cmake_modules/cmake/Modules/FindTinyXML.cmake
[0.657s] -- Up-to-date: /home/noma/FINAL_ws/manipulator/install/cmake_modules/share/cmake_modules/cmake/Modules/FindUUID.cmake
[0.657s] -- Up-to-date: /home/noma/FINAL_ws/manipulator/install/cmake_modules/share/cmake_modules/cmake/Modules/FindXenomai.cmake
[0.657s] -- Up-to-date: /home/noma/FINAL_ws/manipulator/install/cmake_modules/share/cmake_modules/cmake/Modules/FindTinyXML2.cmake
[0.657s] -- Up-to-date: /home/noma/FINAL_ws/manipulator/install/cmake_modules/share/cmake_modules/cmake/Modules/FindGSL.cmake
[0.657s] -- Up-to-date: /home/noma/FINAL_ws/manipulator/install/cmake_modules/share/cmake_modules/cmake/Modules/FindGflags.cmake
[0.658s] -- Up-to-date: /home/noma/FINAL_ws/manipulator/install/cmake_modules/share/cmake_modules/cmake/Modules/FindNUMPY.cmake
[0.658s] -- Up-to-date: /home/noma/FINAL_ws/manipulator/install/cmake_modules/share/cmake_modules/cmake/Modules/FindPoco.cmake
[0.658s] -- Up-to-date: /home/noma/FINAL_ws/manipulator/install/cmake_modules/share/ament_index/resource_index/package_run_dependencies/cmake_modules
[0.658s] -- Up-to-date: /home/noma/FINAL_ws/manipulator/install/cmake_modules/share/ament_index/resource_index/parent_prefix_path/cmake_modules
[0.658s] -- Up-to-date: /home/noma/FINAL_ws/manipulator/install/cmake_modules/share/cmake_modules/environment/ament_prefix_path.sh
[0.658s] -- Up-to-date: /home/noma/FINAL_ws/manipulator/install/cmake_modules/share/cmake_modules/environment/ament_prefix_path.dsv
[0.658s] -- Up-to-date: /home/noma/FINAL_ws/manipulator/install/cmake_modules/share/cmake_modules/environment/path.sh
[0.658s] -- Up-to-date: /home/noma/FINAL_ws/manipulator/install/cmake_modules/share/cmake_modules/environment/path.dsv
[0.658s] -- Up-to-date: /home/noma/FINAL_ws/manipulator/install/cmake_modules/share/cmake_modules/local_setup.bash
[0.659s] -- Up-to-date: /home/noma/FINAL_ws/manipulator/install/cmake_modules/share/cmake_modules/local_setup.sh
[0.664s] -- Up-to-date: /home/noma/FINAL_ws/manipulator/install/cmake_modules/share/cmake_modules/local_setup.zsh
[0.664s] -- Up-to-date: /home/noma/FINAL_ws/manipulator/install/cmake_modules/share/cmake_modules/local_setup.dsv
[0.664s] -- Installing: /home/noma/FINAL_ws/manipulator/install/cmake_modules/share/cmake_modules/package.dsv
[0.664s] -- Up-to-date: /home/noma/FINAL_ws/manipulator/install/cmake_modules/share/ament_index/resource_index/packages/cmake_modules
[0.664s] -- Up-to-date: /home/noma/FINAL_ws/manipulator/install/cmake_modules/share/cmake_modules/cmake/cmake_modules-extras.cmake
[0.665s] -- Up-to-date: /home/noma/FINAL_ws/manipulator/install/cmake_modules/share/cmake_modules/cmake/ament_cmake_export_dependencies-extras.cmake
[0.665s] -- Up-to-date: /home/noma/FINAL_ws/manipulator/install/cmake_modules/share/cmake_modules/cmake/cmake_modulesConfig.cmake
[0.665s] -- Up-to-date: /home/noma/FINAL_ws/manipulator/install/cmake_modules/share/cmake_modules/cmake/cmake_modulesConfig-version.cmake
[0.665s] -- Up-to-date: /home/noma/FINAL_ws/manipulator/install/cmake_modules/share/cmake_modules/package.xml
[0.744s] Invoked command in '/home/noma/FINAL_ws/manipulator/build/cmake_modules' returned '0': /usr/bin/cmake --install /home/noma/FINAL_ws/manipulator/build/cmake_modules
