[0.680s] Invoking command in '/home/noma/FINAL_ws/manipulator/build/dynamixel_sdk': CMAKE_PREFIX_PATH=${CMAKE_PREFIX_PATH}:/home/noma/FINAL_ws/manipulator/install/test_package:/home/noma/FINAL_ws/manipulator/install/open_manipulator_x_teleop:/opt/ros/humble /usr/bin/cmake --build /home/noma/FINAL_ws/manipulator/build/dynamixel_sdk -- -j8 -l8
[0.766s] [100%] Built target dynamixel_sdk
[1.318s] Invoked command in '/home/noma/FINAL_ws/manipulator/build/dynamixel_sdk' returned '0': CMAKE_PREFIX_PATH=${CMAKE_PREFIX_PATH}:/home/noma/FINAL_ws/manipulator/install/test_package:/home/noma/FINAL_ws/manipulator/install/open_manipulator_x_teleop:/opt/ros/humble /usr/bin/cmake --build /home/noma/FINAL_ws/manipulator/build/dynamixel_sdk -- -j8 -l8
[1.387s] Invoking command in '/home/noma/FINAL_ws/manipulator/build/dynamixel_sdk': CMAKE_PREFIX_PATH=${CMAKE_PREFIX_PATH}:/home/noma/FINAL_ws/manipulator/install/test_package:/home/noma/FINAL_ws/manipulator/install/open_manipulator_x_teleop:/opt/ros/humble /usr/bin/cmake --install /home/noma/FINAL_ws/manipulator/build/dynamixel_sdk
[1.389s] -- Install configuration: ""
[1.390s] -- Up-to-date: /home/noma/FINAL_ws/manipulator/install/dynamixel_sdk/include/
[1.391s] -- Up-to-date: /home/noma/FINAL_ws/manipulator/install/dynamixel_sdk/include//dynamixel_sdk
[1.391s] -- Up-to-date: /home/noma/FINAL_ws/manipulator/install/dynamixel_sdk/include//dynamixel_sdk/port_handler_linux.h
[1.391s] -- Up-to-date: /home/noma/FINAL_ws/manipulator/install/dynamixel_sdk/include//dynamixel_sdk/port_handler_arduino.h
[1.391s] -- Up-to-date: /home/noma/FINAL_ws/manipulator/install/dynamixel_sdk/include//dynamixel_sdk/port_handler_mac.h
[1.391s] -- Up-to-date: /home/noma/FINAL_ws/manipulator/install/dynamixel_sdk/include//dynamixel_sdk/packet_handler.h
[1.392s] -- Up-to-date: /home/noma/FINAL_ws/manipulator/install/dynamixel_sdk/include//dynamixel_sdk/port_handler_windows.h
[1.392s] -- Up-to-date: /home/noma/FINAL_ws/manipulator/install/dynamixel_sdk/include//dynamixel_sdk/group_bulk_write.h
[1.392s] -- Up-to-date: /home/noma/FINAL_ws/manipulator/install/dynamixel_sdk/include//dynamixel_sdk/group_sync_write.h
[1.393s] -- Up-to-date: /home/noma/FINAL_ws/manipulator/install/dynamixel_sdk/include//dynamixel_sdk/dynamixel_sdk.h
[1.393s] -- Up-to-date: /home/noma/FINAL_ws/manipulator/install/dynamixel_sdk/include//dynamixel_sdk/group_sync_read.h
[1.393s] -- Up-to-date: /home/noma/FINAL_ws/manipulator/install/dynamixel_sdk/include//dynamixel_sdk/protocol2_packet_handler.h
[1.393s] -- Up-to-date: /home/noma/FINAL_ws/manipulator/install/dynamixel_sdk/include//dynamixel_sdk/group_bulk_read.h
[1.394s] -- Up-to-date: /home/noma/FINAL_ws/manipulator/install/dynamixel_sdk/include//dynamixel_sdk/port_handler.h
[1.394s] -- Up-to-date: /home/noma/FINAL_ws/manipulator/install/dynamixel_sdk/include//dynamixel_sdk/protocol1_packet_handler.h
[1.394s] -- Up-to-date: /home/noma/FINAL_ws/manipulator/install/dynamixel_sdk/lib/libdynamixel_sdk.so
[1.395s] -- Up-to-date: /home/noma/FINAL_ws/manipulator/install/dynamixel_sdk/share/dynamixel_sdk/environment/library_path.sh
[1.395s] -- Up-to-date: /home/noma/FINAL_ws/manipulator/install/dynamixel_sdk/share/dynamixel_sdk/environment/library_path.dsv
[1.395s] -- Up-to-date: /home/noma/FINAL_ws/manipulator/install/dynamixel_sdk/share/ament_index/resource_index/package_run_dependencies/dynamixel_sdk
[1.396s] -- Up-to-date: /home/noma/FINAL_ws/manipulator/install/dynamixel_sdk/share/ament_index/resource_index/parent_prefix_path/dynamixel_sdk
[1.397s] -- Up-to-date: /home/noma/FINAL_ws/manipulator/install/dynamixel_sdk/share/dynamixel_sdk/environment/ament_prefix_path.sh
[1.397s] -- Up-to-date: /home/noma/FINAL_ws/manipulator/install/dynamixel_sdk/share/dynamixel_sdk/environment/ament_prefix_path.dsv
[1.397s] -- Up-to-date: /home/noma/FINAL_ws/manipulator/install/dynamixel_sdk/share/dynamixel_sdk/environment/path.sh
[1.397s] -- Up-to-date: /home/noma/FINAL_ws/manipulator/install/dynamixel_sdk/share/dynamixel_sdk/environment/path.dsv
[1.397s] -- Up-to-date: /home/noma/FINAL_ws/manipulator/install/dynamixel_sdk/share/dynamixel_sdk/local_setup.bash
[1.397s] -- Up-to-date: /home/noma/FINAL_ws/manipulator/install/dynamixel_sdk/share/dynamixel_sdk/local_setup.sh
[1.397s] -- Up-to-date: /home/noma/FINAL_ws/manipulator/install/dynamixel_sdk/share/dynamixel_sdk/local_setup.zsh
[1.397s] -- Up-to-date: /home/noma/FINAL_ws/manipulator/install/dynamixel_sdk/share/dynamixel_sdk/local_setup.dsv
[1.397s] -- Installing: /home/noma/FINAL_ws/manipulator/install/dynamixel_sdk/share/dynamixel_sdk/package.dsv
[1.397s] -- Up-to-date: /home/noma/FINAL_ws/manipulator/install/dynamixel_sdk/share/ament_index/resource_index/packages/dynamixel_sdk
[1.398s] -- Up-to-date: /home/noma/FINAL_ws/manipulator/install/dynamixel_sdk/share/dynamixel_sdk/cmake/ament_cmake_export_include_directories-extras.cmake
[1.398s] -- Up-to-date: /home/noma/FINAL_ws/manipulator/install/dynamixel_sdk/share/dynamixel_sdk/cmake/ament_cmake_export_libraries-extras.cmake
[1.398s] -- Up-to-date: /home/noma/FINAL_ws/manipulator/install/dynamixel_sdk/share/dynamixel_sdk/cmake/dynamixel_sdkConfig.cmake
[1.398s] -- Up-to-date: /home/noma/FINAL_ws/manipulator/install/dynamixel_sdk/share/dynamixel_sdk/cmake/dynamixel_sdkConfig-version.cmake
[1.398s] -- Up-to-date: /home/noma/FINAL_ws/manipulator/install/dynamixel_sdk/share/dynamixel_sdk/package.xml
[1.582s] Invoked command in '/home/noma/FINAL_ws/manipulator/build/dynamixel_sdk' returned '0': CMAKE_PREFIX_PATH=${CMAKE_PREFIX_PATH}:/home/noma/FINAL_ws/manipulator/install/test_package:/home/noma/FINAL_ws/manipulator/install/open_manipulator_x_teleop:/opt/ros/humble /usr/bin/cmake --install /home/noma/FINAL_ws/manipulator/build/dynamixel_sdk
