[0.239s] Invoking command in '/home/noma/FINAL_ws/manipulator/build/open_manipulator_x_description': CMAKE_PREFIX_PATH=/opt/ros/humble /usr/bin/cmake /home/noma/FINAL_ws/manipulator/src/open_manipulator/open_manipulator_x_description -DCMAKE_INSTALL_PREFIX=/home/noma/FINAL_ws/manipulator/install/open_manipulator_x_description
[0.255s] -- Found ament_cmake: 1.3.5 (/opt/ros/humble/share/ament_cmake/cmake)
[0.524s] -- Found Python3: /usr/bin/python3.10 (found version "3.10.12") found components: Interpreter 
[0.756s] -- Configuring done
[0.760s] -- Generating done
[0.761s] -- Build files have been written to: /home/noma/FINAL_ws/manipulator/build/open_manipulator_x_description
[0.811s] Invoked command in '/home/noma/FINAL_ws/manipulator/build/open_manipulator_x_description' returned '0': CMAKE_PREFIX_PATH=/opt/ros/humble /usr/bin/cmake /home/noma/FINAL_ws/manipulator/src/open_manipulator/open_manipulator_x_description -DCMAKE_INSTALL_PREFIX=/home/noma/FINAL_ws/manipulator/install/open_manipulator_x_description
[0.813s] Invoking command in '/home/noma/FINAL_ws/manipulator/build/open_manipulator_x_description': CMAKE_PREFIX_PATH=/opt/ros/humble /usr/bin/cmake --build /home/noma/FINAL_ws/manipulator/build/open_manipulator_x_description -- -j8 -l8
[0.848s] Invoked command in '/home/noma/FINAL_ws/manipulator/build/open_manipulator_x_description' returned '0': CMAKE_PREFIX_PATH=/opt/ros/humble /usr/bin/cmake --build /home/noma/FINAL_ws/manipulator/build/open_manipulator_x_description -- -j8 -l8
[1.173s] Invoking command in '/home/noma/FINAL_ws/manipulator/build/open_manipulator_x_description': CMAKE_PREFIX_PATH=/opt/ros/humble /usr/bin/cmake --install /home/noma/FINAL_ws/manipulator/build/open_manipulator_x_description
[1.202s] -- Install configuration: ""
[1.202s] -- Installing: /home/noma/FINAL_ws/manipulator/install/open_manipulator_x_description/share/open_manipulator_x_description/launch
[1.203s] -- Installing: /home/noma/FINAL_ws/manipulator/install/open_manipulator_x_description/share/open_manipulator_x_description/launch/.DS_Store
[1.203s] -- Installing: /home/noma/FINAL_ws/manipulator/install/open_manipulator_x_description/share/open_manipulator_x_description/launch/open_manipulator_x_rviz.launch.py
[1.203s] -- Installing: /home/noma/FINAL_ws/manipulator/install/open_manipulator_x_description/share/open_manipulator_x_description/meshes
[1.203s] -- Installing: /home/noma/FINAL_ws/manipulator/install/open_manipulator_x_description/share/open_manipulator_x_description/meshes/chain_link3.stl
[1.204s] -- Installing: /home/noma/FINAL_ws/manipulator/install/open_manipulator_x_description/share/open_manipulator_x_description/meshes/chain_link4.stl
[1.206s] -- Installing: /home/noma/FINAL_ws/manipulator/install/open_manipulator_x_description/share/open_manipulator_x_description/meshes/chain_link2.stl
[1.206s] -- Installing: /home/noma/FINAL_ws/manipulator/install/open_manipulator_x_description/share/open_manipulator_x_description/meshes/chain_link1.stl
[1.208s] -- Installing: /home/noma/FINAL_ws/manipulator/install/open_manipulator_x_description/share/open_manipulator_x_description/meshes/chain_link_grip_r.stl
[1.208s] -- Installing: /home/noma/FINAL_ws/manipulator/install/open_manipulator_x_description/share/open_manipulator_x_description/meshes/chain_link5.stl
[1.209s] -- Installing: /home/noma/FINAL_ws/manipulator/install/open_manipulator_x_description/share/open_manipulator_x_description/meshes/chain_link_grip_l.stl
[1.209s] -- Installing: /home/noma/FINAL_ws/manipulator/install/open_manipulator_x_description/share/open_manipulator_x_description/rviz
[1.210s] -- Installing: /home/noma/FINAL_ws/manipulator/install/open_manipulator_x_description/share/open_manipulator_x_description/rviz/open_manipulator_x.rviz
[1.210s] -- Installing: /home/noma/FINAL_ws/manipulator/install/open_manipulator_x_description/share/open_manipulator_x_description/urdf
[1.210s] -- Installing: /home/noma/FINAL_ws/manipulator/install/open_manipulator_x_description/share/open_manipulator_x_description/urdf/materials.xacro
[1.210s] -- Installing: /home/noma/FINAL_ws/manipulator/install/open_manipulator_x_description/share/open_manipulator_x_description/urdf/open_manipulator_x_robot.urdf.xacro
[1.210s] -- Installing: /home/noma/FINAL_ws/manipulator/install/open_manipulator_x_description/share/open_manipulator_x_description/urdf/open_manipulator_x.transmission.xacro
[1.219s] -- Installing: /home/noma/FINAL_ws/manipulator/install/open_manipulator_x_description/share/open_manipulator_x_description/urdf/open_manipulator_x.gazebo.xacro
[1.219s] -- Installing: /home/noma/FINAL_ws/manipulator/install/open_manipulator_x_description/share/open_manipulator_x_description/urdf/open_manipulator_x.urdf.xacro
[1.220s] -- Installing: /home/noma/FINAL_ws/manipulator/install/open_manipulator_x_description/share/ament_index/resource_index/package_run_dependencies/open_manipulator_x_description
[1.220s] -- Installing: /home/noma/FINAL_ws/manipulator/install/open_manipulator_x_description/share/ament_index/resource_index/parent_prefix_path/open_manipulator_x_description
[1.220s] -- Installing: /home/noma/FINAL_ws/manipulator/install/open_manipulator_x_description/share/open_manipulator_x_description/environment/ament_prefix_path.sh
[1.220s] -- Installing: /home/noma/FINAL_ws/manipulator/install/open_manipulator_x_description/share/open_manipulator_x_description/environment/ament_prefix_path.dsv
[1.220s] -- Installing: /home/noma/FINAL_ws/manipulator/install/open_manipulator_x_description/share/open_manipulator_x_description/environment/path.sh
[1.221s] -- Installing: /home/noma/FINAL_ws/manipulator/install/open_manipulator_x_description/share/open_manipulator_x_description/environment/path.dsv
[1.221s] -- Installing: /home/noma/FINAL_ws/manipulator/install/open_manipulator_x_description/share/open_manipulator_x_description/local_setup.bash
[1.221s] -- Installing: /home/noma/FINAL_ws/manipulator/install/open_manipulator_x_description/share/open_manipulator_x_description/local_setup.sh
[1.221s] -- Installing: /home/noma/FINAL_ws/manipulator/install/open_manipulator_x_description/share/open_manipulator_x_description/local_setup.zsh
[1.222s] -- Installing: /home/noma/FINAL_ws/manipulator/install/open_manipulator_x_description/share/open_manipulator_x_description/local_setup.dsv
[1.222s] -- Installing: /home/noma/FINAL_ws/manipulator/install/open_manipulator_x_description/share/open_manipulator_x_description/package.dsv
[1.222s] -- Installing: /home/noma/FINAL_ws/manipulator/install/open_manipulator_x_description/share/ament_index/resource_index/packages/open_manipulator_x_description
[1.223s] -- Installing: /home/noma/FINAL_ws/manipulator/install/open_manipulator_x_description/share/open_manipulator_x_description/cmake/open_manipulator_x_descriptionConfig.cmake
[1.223s] -- Installing: /home/noma/FINAL_ws/manipulator/install/open_manipulator_x_description/share/open_manipulator_x_description/cmake/open_manipulator_x_descriptionConfig-version.cmake
[1.223s] -- Installing: /home/noma/FINAL_ws/manipulator/install/open_manipulator_x_description/share/open_manipulator_x_description/package.xml
[1.226s] Invoked command in '/home/noma/FINAL_ws/manipulator/build/open_manipulator_x_description' returned '0': CMAKE_PREFIX_PATH=/opt/ros/humble /usr/bin/cmake --install /home/noma/FINAL_ws/manipulator/build/open_manipulator_x_description
