[0.045s] Invoking command in '/home/noma/FINAL_ws/manipulator/build/open_manipulator_x_libs': AMENT_PREFIX_PATH=/home/noma/FINAL_ws/manipulator/install/robotis_manipulator:/home/noma/FINAL_ws/manipulator/install/dynamixel_workbench_toolbox:/home/noma/FINAL_ws/manipulator/install/dynamixel_sdk:/home/noma/FINAL_ws/manipulator/install/cmake_modules CMAKE_PREFIX_PATH=/home/noma/FINAL_ws/manipulator/install/robotis_manipulator:/home/noma/FINAL_ws/manipulator/install/dynamixel_workbench_toolbox:/home/noma/FINAL_ws/manipulator/install/dynamixel_sdk:/home/noma/FINAL_ws/manipulator/install/cmake_modules LD_LIBRARY_PATH=/home/noma/FINAL_ws/manipulator/install/robotis_manipulator/lib:/home/noma/FINAL_ws/manipulator/install/dynamixel_workbench_toolbox/lib:/home/noma/FINAL_ws/manipulator/install/dynamixel_sdk/lib:/usr/local/cuda-11.7/lib64:/usr/local/cuda-11.7/lib64/ /usr/bin/cmake --build /home/noma/FINAL_ws/manipulator/build/open_manipulator_x_libs -- -j8 -l8
[0.097s] [100%] Built target open_manipulator_x_libs
[0.110s] Invoked command in '/home/noma/FINAL_ws/manipulator/build/open_manipulator_x_libs' returned '0': AMENT_PREFIX_PATH=/home/noma/FINAL_ws/manipulator/install/robotis_manipulator:/home/noma/FINAL_ws/manipulator/install/dynamixel_workbench_toolbox:/home/noma/FINAL_ws/manipulator/install/dynamixel_sdk:/home/noma/FINAL_ws/manipulator/install/cmake_modules CMAKE_PREFIX_PATH=/home/noma/FINAL_ws/manipulator/install/robotis_manipulator:/home/noma/FINAL_ws/manipulator/install/dynamixel_workbench_toolbox:/home/noma/FINAL_ws/manipulator/install/dynamixel_sdk:/home/noma/FINAL_ws/manipulator/install/cmake_modules LD_LIBRARY_PATH=/home/noma/FINAL_ws/manipulator/install/robotis_manipulator/lib:/home/noma/FINAL_ws/manipulator/install/dynamixel_workbench_toolbox/lib:/home/noma/FINAL_ws/manipulator/install/dynamixel_sdk/lib:/usr/local/cuda-11.7/lib64:/usr/local/cuda-11.7/lib64/ /usr/bin/cmake --build /home/noma/FINAL_ws/manipulator/build/open_manipulator_x_libs -- -j8 -l8
[0.210s] Invoking command in '/home/noma/FINAL_ws/manipulator/build/open_manipulator_x_libs': AMENT_PREFIX_PATH=/home/noma/FINAL_ws/manipulator/install/robotis_manipulator:/home/noma/FINAL_ws/manipulator/install/dynamixel_workbench_toolbox:/home/noma/FINAL_ws/manipulator/install/dynamixel_sdk:/home/noma/FINAL_ws/manipulator/install/cmake_modules CMAKE_PREFIX_PATH=/home/noma/FINAL_ws/manipulator/install/robotis_manipulator:/home/noma/FINAL_ws/manipulator/install/dynamixel_workbench_toolbox:/home/noma/FINAL_ws/manipulator/install/dynamixel_sdk:/home/noma/FINAL_ws/manipulator/install/cmake_modules LD_LIBRARY_PATH=/home/noma/FINAL_ws/manipulator/install/robotis_manipulator/lib:/home/noma/FINAL_ws/manipulator/install/dynamixel_workbench_toolbox/lib:/home/noma/FINAL_ws/manipulator/install/dynamixel_sdk/lib:/usr/local/cuda-11.7/lib64:/usr/local/cuda-11.7/lib64/ /usr/bin/cmake --install /home/noma/FINAL_ws/manipulator/build/open_manipulator_x_libs
[0.218s] -- Install configuration: ""
[0.218s] -- Up-to-date: /home/noma/FINAL_ws/manipulator/install/open_manipulator_x_libs/lib/libopen_manipulator_x_libs.so
[0.219s] -- Up-to-date: /home/noma/FINAL_ws/manipulator/install/open_manipulator_x_libs/include/
[0.219s] -- Up-to-date: /home/noma/FINAL_ws/manipulator/install/open_manipulator_x_libs/include//open_manipulator_x_libs
[0.220s] -- Up-to-date: /home/noma/FINAL_ws/manipulator/install/open_manipulator_x_libs/include//open_manipulator_x_libs/custom_trajectory.hpp
[0.220s] -- Up-to-date: /home/noma/FINAL_ws/manipulator/install/open_manipulator_x_libs/include//open_manipulator_x_libs/kinematics.hpp
[0.220s] -- Up-to-date: /home/noma/FINAL_ws/manipulator/install/open_manipulator_x_libs/include//open_manipulator_x_libs/dynamixel.hpp
[0.220s] -- Up-to-date: /home/noma/FINAL_ws/manipulator/install/open_manipulator_x_libs/include//open_manipulator_x_libs/open_manipulator_x.hpp
[0.220s] -- Up-to-date: /home/noma/FINAL_ws/manipulator/install/open_manipulator_x_libs/share/open_manipulator_x_libs/environment/library_path.sh
[0.220s] -- Up-to-date: /home/noma/FINAL_ws/manipulator/install/open_manipulator_x_libs/share/open_manipulator_x_libs/environment/library_path.dsv
[0.221s] -- Up-to-date: /home/noma/FINAL_ws/manipulator/install/open_manipulator_x_libs/share/ament_index/resource_index/package_run_dependencies/open_manipulator_x_libs
[0.221s] -- Up-to-date: /home/noma/FINAL_ws/manipulator/install/open_manipulator_x_libs/share/ament_index/resource_index/parent_prefix_path/open_manipulator_x_libs
[0.221s] -- Up-to-date: /home/noma/FINAL_ws/manipulator/install/open_manipulator_x_libs/share/open_manipulator_x_libs/environment/ament_prefix_path.sh
[0.221s] -- Up-to-date: /home/noma/FINAL_ws/manipulator/install/open_manipulator_x_libs/share/open_manipulator_x_libs/environment/ament_prefix_path.dsv
[0.221s] -- Up-to-date: /home/noma/FINAL_ws/manipulator/install/open_manipulator_x_libs/share/open_manipulator_x_libs/environment/path.sh
[0.221s] -- Up-to-date: /home/noma/FINAL_ws/manipulator/install/open_manipulator_x_libs/share/open_manipulator_x_libs/environment/path.dsv
[0.221s] -- Up-to-date: /home/noma/FINAL_ws/manipulator/install/open_manipulator_x_libs/share/open_manipulator_x_libs/local_setup.bash
[0.221s] -- Up-to-date: /home/noma/FINAL_ws/manipulator/install/open_manipulator_x_libs/share/open_manipulator_x_libs/local_setup.sh
[0.221s] -- Up-to-date: /home/noma/FINAL_ws/manipulator/install/open_manipulator_x_libs/share/open_manipulator_x_libs/local_setup.zsh
[0.221s] -- Up-to-date: /home/noma/FINAL_ws/manipulator/install/open_manipulator_x_libs/share/open_manipulator_x_libs/local_setup.dsv
[0.221s] -- Installing: /home/noma/FINAL_ws/manipulator/install/open_manipulator_x_libs/share/open_manipulator_x_libs/package.dsv
[0.221s] -- Up-to-date: /home/noma/FINAL_ws/manipulator/install/open_manipulator_x_libs/share/ament_index/resource_index/packages/open_manipulator_x_libs
[0.221s] -- Up-to-date: /home/noma/FINAL_ws/manipulator/install/open_manipulator_x_libs/share/open_manipulator_x_libs/cmake/ament_cmake_export_include_directories-extras.cmake
[0.221s] -- Up-to-date: /home/noma/FINAL_ws/manipulator/install/open_manipulator_x_libs/share/open_manipulator_x_libs/cmake/ament_cmake_export_dependencies-extras.cmake
[0.221s] -- Up-to-date: /home/noma/FINAL_ws/manipulator/install/open_manipulator_x_libs/share/open_manipulator_x_libs/cmake/ament_cmake_export_libraries-extras.cmake
[0.221s] -- Up-to-date: /home/noma/FINAL_ws/manipulator/install/open_manipulator_x_libs/share/open_manipulator_x_libs/cmake/open_manipulator_x_libsConfig.cmake
[0.222s] -- Up-to-date: /home/noma/FINAL_ws/manipulator/install/open_manipulator_x_libs/share/open_manipulator_x_libs/cmake/open_manipulator_x_libsConfig-version.cmake
[0.222s] -- Up-to-date: /home/noma/FINAL_ws/manipulator/install/open_manipulator_x_libs/share/open_manipulator_x_libs/package.xml
[0.277s] Invoked command in '/home/noma/FINAL_ws/manipulator/build/open_manipulator_x_libs' returned '0': AMENT_PREFIX_PATH=/home/noma/FINAL_ws/manipulator/install/robotis_manipulator:/home/noma/FINAL_ws/manipulator/install/dynamixel_workbench_toolbox:/home/noma/FINAL_ws/manipulator/install/dynamixel_sdk:/home/noma/FINAL_ws/manipulator/install/cmake_modules CMAKE_PREFIX_PATH=/home/noma/FINAL_ws/manipulator/install/robotis_manipulator:/home/noma/FINAL_ws/manipulator/install/dynamixel_workbench_toolbox:/home/noma/FINAL_ws/manipulator/install/dynamixel_sdk:/home/noma/FINAL_ws/manipulator/install/cmake_modules LD_LIBRARY_PATH=/home/noma/FINAL_ws/manipulator/install/robotis_manipulator/lib:/home/noma/FINAL_ws/manipulator/install/dynamixel_workbench_toolbox/lib:/home/noma/FINAL_ws/manipulator/install/dynamixel_sdk/lib:/usr/local/cuda-11.7/lib64:/usr/local/cuda-11.7/lib64/ /usr/bin/cmake --install /home/noma/FINAL_ws/manipulator/build/open_manipulator_x_libs
