[0.624s] Invoking command in '/home/boma/realsense/src/depth_example': PYTHONPATH=/home/boma/realsense/build/depth_example/prefix_override:/home/boma/realsense/install/depth_example/lib/python3.10/site-packages:${PYTHONPATH} /usr/bin/python3 setup.py egg_info --egg-base ../../build/depth_example build --build-base /home/boma/realsense/build/depth_example/build install --record /home/boma/realsense/build/depth_example/install.log --single-version-externally-managed
[0.811s] running egg_info
[0.811s] writing ../../build/depth_example/depth_example.egg-info/PKG-INFO
[0.811s] writing dependency_links to ../../build/depth_example/depth_example.egg-info/dependency_links.txt
[0.811s] writing entry points to ../../build/depth_example/depth_example.egg-info/entry_points.txt
[0.811s] writing requirements to ../../build/depth_example/depth_example.egg-info/requires.txt
[0.811s] writing top-level names to ../../build/depth_example/depth_example.egg-info/top_level.txt
[0.813s] reading manifest file '../../build/depth_example/depth_example.egg-info/SOURCES.txt'
[0.813s] writing manifest file '../../build/depth_example/depth_example.egg-info/SOURCES.txt'
[0.813s] running build
[0.813s] running build_py
[0.814s] running install
[0.814s] running install_lib
[0.815s] running install_data
[0.815s] running install_egg_info
[0.816s] removing '/home/boma/realsense/install/depth_example/lib/python3.10/site-packages/depth_example-0.0.0-py3.10.egg-info' (and everything under it)
[0.816s] Copying ../../build/depth_example/depth_example.egg-info to /home/boma/realsense/install/depth_example/lib/python3.10/site-packages/depth_example-0.0.0-py3.10.egg-info
[0.816s] running install_scripts
[0.830s] Installing detect_node script to /home/boma/realsense/install/depth_example/lib/depth_example
[0.830s] Installing final_RS_node script to /home/boma/realsense/install/depth_example/lib/depth_example
[0.831s] Installing final_node script to /home/boma/realsense/install/depth_example/lib/depth_example
[0.831s] Installing mail_node script to /home/boma/realsense/install/depth_example/lib/depth_example
[0.831s] Installing test_node script to /home/boma/realsense/install/depth_example/lib/depth_example
[0.831s] writing list of installed files to '/home/boma/realsense/build/depth_example/install.log'
[0.852s] Invoked command in '/home/boma/realsense/src/depth_example' returned '0': PYTHONPATH=/home/boma/realsense/build/depth_example/prefix_override:/home/boma/realsense/install/depth_example/lib/python3.10/site-packages:${PYTHONPATH} /usr/bin/python3 setup.py egg_info --egg-base ../../build/depth_example build --build-base /home/boma/realsense/build/depth_example/build install --record /home/boma/realsense/build/depth_example/install.log --single-version-externally-managed
