[0.689s] DEBUG:colcon:Command line arguments: ['/usr/bin/colcon', 'build']
[0.690s] DEBUG:colcon:Parsed command line arguments: Namespace(log_base=None, log_level=None, verb_name='build', build_base='build', install_base='install', merge_install=False, symlink_install=False, test_result_base=None, continue_on_error=False, executor='parallel', parallel_workers=8, event_handlers=None, ignore_user_meta=False, metas=['./colcon.meta'], base_paths=['.'], packages_ignore=None, packages_ignore_regex=None, paths=None, packages_up_to=None, packages_up_to_regex=None, packages_above=None, packages_above_and_dependencies=None, packages_above_depth=None, packages_select_by_dep=None, packages_skip_by_dep=None, packages_skip_up_to=None, packages_select_build_failed=False, packages_skip_build_finished=False, packages_select_test_failures=False, packages_skip_test_passed=False, packages_select=None, packages_skip=None, packages_select_regex=None, packages_skip_regex=None, packages_start=None, packages_end=None, allow_overriding=[], cmake_args=None, cmake_target=None, cmake_target_skip_unavailable=False, cmake_clean_cache=False, cmake_clean_first=False, cmake_force_configure=False, ament_cmake_args=None, catkin_cmake_args=None, catkin_skip_building_tests=False, verb_parser=<colcon_defaults.argument_parser.defaults.DefaultArgumentsDecorator object at 0x7f41f7b93a90>, verb_extension=<colcon_core.verb.build.BuildVerb object at 0x7f41f7b93460>, main=<bound method BuildVerb.main of <colcon_core.verb.build.BuildVerb object at 0x7f41f7b93460>>)
[0.721s] Level 1:colcon.colcon_core.package_discovery:discover_packages(colcon_meta) check parameters
[0.721s] Level 1:colcon.colcon_core.package_discovery:discover_packages(recursive) check parameters
[0.721s] Level 1:colcon.colcon_core.package_discovery:discover_packages(ignore) check parameters
[0.722s] Level 1:colcon.colcon_core.package_discovery:discover_packages(path) check parameters
[0.722s] Level 1:colcon.colcon_core.package_discovery:discover_packages(colcon_meta) discover
[0.722s] Level 1:colcon.colcon_core.package_discovery:discover_packages(recursive) discover
[0.722s] INFO:colcon.colcon_core.package_discovery:Crawling recursively for packages in '/home/jb/dev_ws/opencv_ws'
[0.722s] Level 1:colcon.colcon_core.package_identification:_identify(.) by extensions ['ignore', 'ignore_ament_install']
[0.722s] Level 1:colcon.colcon_core.package_identification:_identify(.) by extension 'ignore'
[0.722s] Level 1:colcon.colcon_core.package_identification:_identify(.) by extension 'ignore_ament_install'
[0.722s] Level 1:colcon.colcon_core.package_identification:_identify(.) by extensions ['colcon_pkg']
[0.722s] Level 1:colcon.colcon_core.package_identification:_identify(.) by extension 'colcon_pkg'
[0.722s] Level 1:colcon.colcon_core.package_identification:_identify(.) by extensions ['colcon_meta']
[0.722s] Level 1:colcon.colcon_core.package_identification:_identify(.) by extension 'colcon_meta'
[0.722s] Level 1:colcon.colcon_core.package_identification:_identify(.) by extensions ['ros']
[0.722s] Level 1:colcon.colcon_core.package_identification:_identify(.) by extension 'ros'
[0.728s] Level 1:colcon.colcon_core.package_identification:_identify(.) by extensions ['cmake', 'python']
[0.728s] Level 1:colcon.colcon_core.package_identification:_identify(.) by extension 'cmake'
[0.728s] Level 1:colcon.colcon_core.package_identification:_identify(.) by extension 'python'
[0.728s] Level 1:colcon.colcon_core.package_identification:_identify(.) by extensions ['python_setup_py']
[0.728s] Level 1:colcon.colcon_core.package_identification:_identify(.) by extension 'python_setup_py'
[0.728s] Level 1:colcon.colcon_core.package_identification:_identify(build) by extensions ['ignore', 'ignore_ament_install']
[0.728s] Level 1:colcon.colcon_core.package_identification:_identify(build) by extension 'ignore'
[0.728s] Level 1:colcon.colcon_core.package_identification:_identify(build) ignored
[0.729s] Level 1:colcon.colcon_core.package_identification:_identify(install) by extensions ['ignore', 'ignore_ament_install']
[0.729s] Level 1:colcon.colcon_core.package_identification:_identify(install) by extension 'ignore'
[0.729s] Level 1:colcon.colcon_core.package_identification:_identify(install) ignored
[0.729s] Level 1:colcon.colcon_core.package_identification:_identify(log) by extensions ['ignore', 'ignore_ament_install']
[0.729s] Level 1:colcon.colcon_core.package_identification:_identify(log) by extension 'ignore'
[0.729s] Level 1:colcon.colcon_core.package_identification:_identify(log) ignored
[0.729s] Level 1:colcon.colcon_core.package_identification:_identify(opencv_tutorials) by extensions ['ignore', 'ignore_ament_install']
[0.729s] Level 1:colcon.colcon_core.package_identification:_identify(opencv_tutorials) by extension 'ignore'
[0.729s] Level 1:colcon.colcon_core.package_identification:_identify(opencv_tutorials) by extension 'ignore_ament_install'
[0.729s] Level 1:colcon.colcon_core.package_identification:_identify(opencv_tutorials) by extensions ['colcon_pkg']
[0.729s] Level 1:colcon.colcon_core.package_identification:_identify(opencv_tutorials) by extension 'colcon_pkg'
[0.729s] Level 1:colcon.colcon_core.package_identification:_identify(opencv_tutorials) by extensions ['colcon_meta']
[0.729s] Level 1:colcon.colcon_core.package_identification:_identify(opencv_tutorials) by extension 'colcon_meta'
[0.729s] Level 1:colcon.colcon_core.package_identification:_identify(opencv_tutorials) by extensions ['ros']
[0.729s] Level 1:colcon.colcon_core.package_identification:_identify(opencv_tutorials) by extension 'ros'
[0.731s] DEBUG:colcon.colcon_core.package_identification:Package 'opencv_tutorials' with type 'ros.ament_python' and name 'opencv_tutorials'
[0.731s] Level 1:colcon.colcon_core.package_identification:_identify(test_package) by extensions ['ignore', 'ignore_ament_install']
[0.731s] Level 1:colcon.colcon_core.package_identification:_identify(test_package) by extension 'ignore'
[0.731s] Level 1:colcon.colcon_core.package_identification:_identify(test_package) by extension 'ignore_ament_install'
[0.731s] Level 1:colcon.colcon_core.package_identification:_identify(test_package) by extensions ['colcon_pkg']
[0.731s] Level 1:colcon.colcon_core.package_identification:_identify(test_package) by extension 'colcon_pkg'
[0.731s] Level 1:colcon.colcon_core.package_identification:_identify(test_package) by extensions ['colcon_meta']
[0.731s] Level 1:colcon.colcon_core.package_identification:_identify(test_package) by extension 'colcon_meta'
[0.731s] Level 1:colcon.colcon_core.package_identification:_identify(test_package) by extensions ['ros']
[0.731s] Level 1:colcon.colcon_core.package_identification:_identify(test_package) by extension 'ros'
[0.731s] DEBUG:colcon.colcon_core.package_identification:Package 'test_package' with type 'ros.ament_python' and name 'test_package'
[0.731s] Level 1:colcon.colcon_core.package_discovery:discover_packages(recursive) using defaults
[0.731s] Level 1:colcon.colcon_core.package_discovery:discover_packages(ignore) discover
[0.731s] Level 1:colcon.colcon_core.package_discovery:discover_packages(ignore) using defaults
[0.731s] Level 1:colcon.colcon_core.package_discovery:discover_packages(path) discover
[0.731s] Level 1:colcon.colcon_core.package_discovery:discover_packages(path) using defaults
[0.803s] Level 1:colcon.colcon_core.package_discovery:discover_packages(prefix_path) check parameters
[0.803s] Level 1:colcon.colcon_core.package_discovery:discover_packages(prefix_path) discover
[0.824s] DEBUG:colcon.colcon_installed_package_information.package_discovery:Found 2 installed packages in /home/jb/dev_ws/opencv_ws/install
[0.835s] DEBUG:colcon.colcon_installed_package_information.package_discovery:Found 375 installed packages in /opt/ros/humble
[0.836s] Level 1:colcon.colcon_core.package_discovery:discover_packages(prefix_path) using defaults
[0.898s] Level 5:colcon.colcon_core.verb:set package 'opencv_tutorials' build argument 'cmake_args' from command line to 'None'
[0.898s] Level 5:colcon.colcon_core.verb:set package 'opencv_tutorials' build argument 'cmake_target' from command line to 'None'
[0.898s] Level 5:colcon.colcon_core.verb:set package 'opencv_tutorials' build argument 'cmake_target_skip_unavailable' from command line to 'False'
[0.898s] Level 5:colcon.colcon_core.verb:set package 'opencv_tutorials' build argument 'cmake_clean_cache' from command line to 'False'
[0.898s] Level 5:colcon.colcon_core.verb:set package 'opencv_tutorials' build argument 'cmake_clean_first' from command line to 'False'
[0.898s] Level 5:colcon.colcon_core.verb:set package 'opencv_tutorials' build argument 'cmake_force_configure' from command line to 'False'
[0.898s] Level 5:colcon.colcon_core.verb:set package 'opencv_tutorials' build argument 'ament_cmake_args' from command line to 'None'
[0.898s] Level 5:colcon.colcon_core.verb:set package 'opencv_tutorials' build argument 'catkin_cmake_args' from command line to 'None'
[0.898s] Level 5:colcon.colcon_core.verb:set package 'opencv_tutorials' build argument 'catkin_skip_building_tests' from command line to 'False'
[0.898s] DEBUG:colcon.colcon_core.verb:Building package 'opencv_tutorials' with the following arguments: {'ament_cmake_args': None, 'build_base': '/home/jb/dev_ws/opencv_ws/build/opencv_tutorials', 'catkin_cmake_args': None, 'catkin_skip_building_tests': False, 'cmake_args': None, 'cmake_clean_cache': False, 'cmake_clean_first': False, 'cmake_force_configure': False, 'cmake_target': None, 'cmake_target_skip_unavailable': False, 'install_base': '/home/jb/dev_ws/opencv_ws/install/opencv_tutorials', 'merge_install': False, 'path': '/home/jb/dev_ws/opencv_ws/opencv_tutorials', 'symlink_install': False, 'test_result_base': None}
[0.909s] Level 5:colcon.colcon_core.verb:set package 'test_package' build argument 'cmake_args' from command line to 'None'
[0.909s] Level 5:colcon.colcon_core.verb:set package 'test_package' build argument 'cmake_target' from command line to 'None'
[0.909s] Level 5:colcon.colcon_core.verb:set package 'test_package' build argument 'cmake_target_skip_unavailable' from command line to 'False'
[0.909s] Level 5:colcon.colcon_core.verb:set package 'test_package' build argument 'cmake_clean_cache' from command line to 'False'
[0.909s] Level 5:colcon.colcon_core.verb:set package 'test_package' build argument 'cmake_clean_first' from command line to 'False'
[0.909s] Level 5:colcon.colcon_core.verb:set package 'test_package' build argument 'cmake_force_configure' from command line to 'False'
[0.909s] Level 5:colcon.colcon_core.verb:set package 'test_package' build argument 'ament_cmake_args' from command line to 'None'
[0.909s] Level 5:colcon.colcon_core.verb:set package 'test_package' build argument 'catkin_cmake_args' from command line to 'None'
[0.909s] Level 5:colcon.colcon_core.verb:set package 'test_package' build argument 'catkin_skip_building_tests' from command line to 'False'
[0.909s] DEBUG:colcon.colcon_core.verb:Building package 'test_package' with the following arguments: {'ament_cmake_args': None, 'build_base': '/home/jb/dev_ws/opencv_ws/build/test_package', 'catkin_cmake_args': None, 'catkin_skip_building_tests': False, 'cmake_args': None, 'cmake_clean_cache': False, 'cmake_clean_first': False, 'cmake_force_configure': False, 'cmake_target': None, 'cmake_target_skip_unavailable': False, 'install_base': '/home/jb/dev_ws/opencv_ws/install/test_package', 'merge_install': False, 'path': '/home/jb/dev_ws/opencv_ws/test_package', 'symlink_install': False, 'test_result_base': None}
[0.919s] INFO:colcon.colcon_core.executor:Executing jobs using 'parallel' executor
[0.930s] DEBUG:colcon.colcon_parallel_executor.executor.parallel:run_until_complete
[0.930s] INFO:colcon.colcon_ros.task.ament_python.build:Building ROS package in '/home/jb/dev_ws/opencv_ws/opencv_tutorials' with build type 'ament_python'
[0.930s] Level 1:colcon.colcon_core.shell:create_environment_hook('opencv_tutorials', 'ament_prefix_path')
[0.942s] INFO:colcon.colcon_core.plugin_system:Skipping extension 'colcon_core.shell.bat': Not used on non-Windows systems
[0.942s] INFO:colcon.colcon_core.shell:Creating environment hook '/home/jb/dev_ws/opencv_ws/install/opencv_tutorials/share/opencv_tutorials/hook/ament_prefix_path.ps1'
[0.942s] INFO:colcon.colcon_core.shell:Creating environment descriptor '/home/jb/dev_ws/opencv_ws/install/opencv_tutorials/share/opencv_tutorials/hook/ament_prefix_path.dsv'
[0.943s] INFO:colcon.colcon_core.shell:Creating environment hook '/home/jb/dev_ws/opencv_ws/install/opencv_tutorials/share/opencv_tutorials/hook/ament_prefix_path.sh'
[0.954s] INFO:colcon.colcon_core.shell:Skip shell extension 'powershell' for command environment: Not usable outside of PowerShell
[0.954s] DEBUG:colcon.colcon_core.shell:Skip shell extension 'dsv' for command environment
[0.987s] INFO:colcon.colcon_ros.task.ament_python.build:Building ROS package in '/home/jb/dev_ws/opencv_ws/test_package' with build type 'ament_python'
[0.987s] Level 1:colcon.colcon_core.shell:create_environment_hook('test_package', 'ament_prefix_path')
[0.998s] INFO:colcon.colcon_core.shell:Creating environment hook '/home/jb/dev_ws/opencv_ws/install/test_package/share/test_package/hook/ament_prefix_path.ps1'
[0.999s] INFO:colcon.colcon_core.shell:Creating environment descriptor '/home/jb/dev_ws/opencv_ws/install/test_package/share/test_package/hook/ament_prefix_path.dsv'
[0.999s] INFO:colcon.colcon_core.shell:Creating environment hook '/home/jb/dev_ws/opencv_ws/install/test_package/share/test_package/hook/ament_prefix_path.sh'
[1.010s] INFO:colcon.colcon_core.shell:Skip shell extension 'powershell' for command environment: Not usable outside of PowerShell
[1.010s] DEBUG:colcon.colcon_core.shell:Skip shell extension 'dsv' for command environment
[1.211s] INFO:colcon.colcon_core.task.python.build:Building Python package in '/home/jb/dev_ws/opencv_ws/opencv_tutorials'
[1.222s] INFO:colcon.colcon_core.shell:Skip shell extension 'powershell' for command environment: Not usable outside of PowerShell
[1.222s] DEBUG:colcon.colcon_core.shell:Skip shell extension 'dsv' for command environment
[1.421s] INFO:colcon.colcon_core.task.python.build:Building Python package in '/home/jb/dev_ws/opencv_ws/test_package'
[1.431s] INFO:colcon.colcon_core.shell:Skip shell extension 'powershell' for command environment: Not usable outside of PowerShell
[1.432s] DEBUG:colcon.colcon_core.shell:Skip shell extension 'dsv' for command environment
[1.700s] DEBUG:colcon.colcon_core.event_handler.log_command:Invoking command in '/home/jb/dev_ws/opencv_ws/test_package': PYTHONPATH=/home/jb/dev_ws/opencv_ws/build/test_package/prefix_override:/home/jb/dev_ws/opencv_ws/install/test_package/lib/python3.10/site-packages:${PYTHONPATH} /usr/bin/python3 setup.py egg_info --egg-base ../build/test_package build --build-base /home/jb/dev_ws/opencv_ws/build/test_package/build install --record /home/jb/dev_ws/opencv_ws/build/test_package/install.log --single-version-externally-managed
[1.701s] DEBUG:colcon.colcon_core.event_handler.log_command:Invoking command in '/home/jb/dev_ws/opencv_ws/opencv_tutorials': PYTHONPATH=/home/jb/dev_ws/opencv_ws/build/opencv_tutorials/prefix_override:/home/jb/dev_ws/opencv_ws/install/opencv_tutorials/lib/python3.10/site-packages:${PYTHONPATH} /usr/bin/python3 setup.py egg_info --egg-base ../build/opencv_tutorials build --build-base /home/jb/dev_ws/opencv_ws/build/opencv_tutorials/build install --record /home/jb/dev_ws/opencv_ws/build/opencv_tutorials/install.log --single-version-externally-managed
[1.897s] DEBUG:colcon.colcon_core.event_handler.log_command:Invoked command in '/home/jb/dev_ws/opencv_ws/test_package' returned '0': PYTHONPATH=/home/jb/dev_ws/opencv_ws/build/test_package/prefix_override:/home/jb/dev_ws/opencv_ws/install/test_package/lib/python3.10/site-packages:${PYTHONPATH} /usr/bin/python3 setup.py egg_info --egg-base ../build/test_package build --build-base /home/jb/dev_ws/opencv_ws/build/test_package/build install --record /home/jb/dev_ws/opencv_ws/build/test_package/install.log --single-version-externally-managed
[1.909s] Level 1:colcon.colcon_core.environment:checking '/home/jb/dev_ws/opencv_ws/install/test_package' for CMake module files
[1.909s] Level 1:colcon.colcon_core.environment:checking '/home/jb/dev_ws/opencv_ws/install/test_package' for CMake config files
[1.910s] Level 1:colcon.colcon_core.environment:checking '/home/jb/dev_ws/opencv_ws/install/test_package/lib'
[1.910s] Level 1:colcon.colcon_core.environment:checking '/home/jb/dev_ws/opencv_ws/install/test_package/bin'
[1.910s] Level 1:colcon.colcon_core.environment:checking '/home/jb/dev_ws/opencv_ws/install/test_package/lib/pkgconfig/test_package.pc'
[1.910s] Level 1:colcon.colcon_core.environment:checking '/home/jb/dev_ws/opencv_ws/install/test_package/lib/python3.10/site-packages'
[1.910s] Level 1:colcon.colcon_core.shell:create_environment_hook('test_package', 'pythonpath')
[1.920s] INFO:colcon.colcon_core.shell:Creating environment hook '/home/jb/dev_ws/opencv_ws/install/test_package/share/test_package/hook/pythonpath.ps1'
[1.921s] INFO:colcon.colcon_core.shell:Creating environment descriptor '/home/jb/dev_ws/opencv_ws/install/test_package/share/test_package/hook/pythonpath.dsv'
[1.921s] INFO:colcon.colcon_core.shell:Creating environment hook '/home/jb/dev_ws/opencv_ws/install/test_package/share/test_package/hook/pythonpath.sh'
[1.921s] Level 1:colcon.colcon_core.environment:checking '/home/jb/dev_ws/opencv_ws/install/test_package/bin'
[1.921s] Level 1:colcon.colcon_core.environment:create_environment_scripts_only(test_package)
[1.932s] INFO:colcon.colcon_core.shell:Creating package script '/home/jb/dev_ws/opencv_ws/install/test_package/share/test_package/package.ps1'
[1.932s] INFO:colcon.colcon_core.shell:Creating package descriptor '/home/jb/dev_ws/opencv_ws/install/test_package/share/test_package/package.dsv'
[1.932s] INFO:colcon.colcon_core.shell:Creating package script '/home/jb/dev_ws/opencv_ws/install/test_package/share/test_package/package.sh'
[1.933s] INFO:colcon.colcon_core.shell:Creating package script '/home/jb/dev_ws/opencv_ws/install/test_package/share/test_package/package.bash'
[1.933s] INFO:colcon.colcon_core.shell:Creating package script '/home/jb/dev_ws/opencv_ws/install/test_package/share/test_package/package.zsh'
[1.934s] Level 1:colcon.colcon_core.environment:create_file_with_runtime_dependencies(/home/jb/dev_ws/opencv_ws/install/test_package/share/colcon-core/packages/test_package)
[1.935s] DEBUG:colcon.colcon_core.event_handler.log_command:Invoked command in '/home/jb/dev_ws/opencv_ws/opencv_tutorials' returned '0': PYTHONPATH=/home/jb/dev_ws/opencv_ws/build/opencv_tutorials/prefix_override:/home/jb/dev_ws/opencv_ws/install/opencv_tutorials/lib/python3.10/site-packages:${PYTHONPATH} /usr/bin/python3 setup.py egg_info --egg-base ../build/opencv_tutorials build --build-base /home/jb/dev_ws/opencv_ws/build/opencv_tutorials/build install --record /home/jb/dev_ws/opencv_ws/build/opencv_tutorials/install.log --single-version-externally-managed
[1.945s] Level 1:colcon.colcon_core.environment:checking '/home/jb/dev_ws/opencv_ws/install/opencv_tutorials' for CMake module files
[1.945s] Level 1:colcon.colcon_core.environment:checking '/home/jb/dev_ws/opencv_ws/install/opencv_tutorials' for CMake config files
[1.946s] Level 1:colcon.colcon_core.environment:checking '/home/jb/dev_ws/opencv_ws/install/opencv_tutorials/lib'
[1.946s] Level 1:colcon.colcon_core.environment:checking '/home/jb/dev_ws/opencv_ws/install/opencv_tutorials/bin'
[1.946s] Level 1:colcon.colcon_core.environment:checking '/home/jb/dev_ws/opencv_ws/install/opencv_tutorials/lib/pkgconfig/opencv_tutorials.pc'
[1.946s] Level 1:colcon.colcon_core.environment:checking '/home/jb/dev_ws/opencv_ws/install/opencv_tutorials/lib/python3.10/site-packages'
[1.946s] Level 1:colcon.colcon_core.shell:create_environment_hook('opencv_tutorials', 'pythonpath')
[1.957s] INFO:colcon.colcon_core.shell:Creating environment hook '/home/jb/dev_ws/opencv_ws/install/opencv_tutorials/share/opencv_tutorials/hook/pythonpath.ps1'
[1.957s] INFO:colcon.colcon_core.shell:Creating environment descriptor '/home/jb/dev_ws/opencv_ws/install/opencv_tutorials/share/opencv_tutorials/hook/pythonpath.dsv'
[1.958s] INFO:colcon.colcon_core.shell:Creating environment hook '/home/jb/dev_ws/opencv_ws/install/opencv_tutorials/share/opencv_tutorials/hook/pythonpath.sh'
[1.958s] Level 1:colcon.colcon_core.environment:checking '/home/jb/dev_ws/opencv_ws/install/opencv_tutorials/bin'
[1.958s] Level 1:colcon.colcon_core.environment:create_environment_scripts_only(opencv_tutorials)
[1.969s] INFO:colcon.colcon_core.shell:Creating package script '/home/jb/dev_ws/opencv_ws/install/opencv_tutorials/share/opencv_tutorials/package.ps1'
[1.969s] INFO:colcon.colcon_core.shell:Creating package descriptor '/home/jb/dev_ws/opencv_ws/install/opencv_tutorials/share/opencv_tutorials/package.dsv'
[1.970s] INFO:colcon.colcon_core.shell:Creating package script '/home/jb/dev_ws/opencv_ws/install/opencv_tutorials/share/opencv_tutorials/package.sh'
[1.970s] INFO:colcon.colcon_core.shell:Creating package script '/home/jb/dev_ws/opencv_ws/install/opencv_tutorials/share/opencv_tutorials/package.bash'
[1.970s] INFO:colcon.colcon_core.shell:Creating package script '/home/jb/dev_ws/opencv_ws/install/opencv_tutorials/share/opencv_tutorials/package.zsh'
[1.970s] Level 1:colcon.colcon_core.environment:create_file_with_runtime_dependencies(/home/jb/dev_ws/opencv_ws/install/opencv_tutorials/share/colcon-core/packages/opencv_tutorials)
[1.970s] DEBUG:colcon.colcon_parallel_executor.executor.parallel:closing loop
[1.970s] DEBUG:colcon.colcon_parallel_executor.executor.parallel:loop closed
[1.970s] DEBUG:colcon.colcon_parallel_executor.executor.parallel:run_until_complete finished with '0'
[1.970s] DEBUG:colcon.colcon_core.event_reactor:joining thread
[1.985s] INFO:colcon.colcon_core.plugin_system:Skipping extension 'colcon_notification.desktop_notification.terminal_notifier': Not used on non-Darwin systems
[1.985s] INFO:colcon.colcon_core.plugin_system:Skipping extension 'colcon_notification.desktop_notification.win32': Not used on non-Windows systems
[1.985s] INFO:colcon.colcon_notification.desktop_notification:Sending desktop notification using 'notify2'
[1.993s] DEBUG:colcon.colcon_core.event_reactor:joined thread
[2.006s] INFO:colcon.colcon_core.shell:Creating prefix script '/home/jb/dev_ws/opencv_ws/install/local_setup.ps1'
[2.006s] INFO:colcon.colcon_core.shell:Creating prefix util module '/home/jb/dev_ws/opencv_ws/install/_local_setup_util_ps1.py'
[2.007s] INFO:colcon.colcon_core.shell:Creating prefix chain script '/home/jb/dev_ws/opencv_ws/install/setup.ps1'
[2.020s] INFO:colcon.colcon_core.shell:Creating prefix script '/home/jb/dev_ws/opencv_ws/install/local_setup.sh'
[2.020s] INFO:colcon.colcon_core.shell:Creating prefix util module '/home/jb/dev_ws/opencv_ws/install/_local_setup_util_sh.py'
[2.020s] INFO:colcon.colcon_core.shell:Creating prefix chain script '/home/jb/dev_ws/opencv_ws/install/setup.sh'
[2.031s] INFO:colcon.colcon_core.shell:Creating prefix script '/home/jb/dev_ws/opencv_ws/install/local_setup.bash'
[2.032s] INFO:colcon.colcon_core.shell:Creating prefix chain script '/home/jb/dev_ws/opencv_ws/install/setup.bash'
[2.043s] INFO:colcon.colcon_core.shell:Creating prefix script '/home/jb/dev_ws/opencv_ws/install/local_setup.zsh'
[2.044s] INFO:colcon.colcon_core.shell:Creating prefix chain script '/home/jb/dev_ws/opencv_ws/install/setup.zsh'
