[0.528s] Invoking command in '/home/boma/realsense/src/depth_example': PYTHONPATH=/home/boma/realsense/build/depth_example/prefix_override:/home/boma/realsense/install/depth_example/lib/python3.10/site-packages:${PYTHONPATH} /usr/bin/python3 setup.py egg_info --egg-base ../../build/depth_example build --build-base /home/boma/realsense/build/depth_example/build install --record /home/boma/realsense/build/depth_example/install.log --single-version-externally-managed
[0.694s] running egg_info
[0.694s] writing ../../build/depth_example/depth_example.egg-info/PKG-INFO
[0.694s] writing dependency_links to ../../build/depth_example/depth_example.egg-info/dependency_links.txt
[0.694s] writing entry points to ../../build/depth_example/depth_example.egg-info/entry_points.txt
[0.695s] writing requirements to ../../build/depth_example/depth_example.egg-info/requires.txt
[0.695s] writing top-level names to ../../build/depth_example/depth_example.egg-info/top_level.txt
[0.696s] reading manifest file '../../build/depth_example/depth_example.egg-info/SOURCES.txt'
[0.696s] writing manifest file '../../build/depth_example/depth_example.egg-info/SOURCES.txt'
[0.696s] running build
[0.696s] running build_py
[0.697s] copying depth_example/mail_node.py -> /home/boma/realsense/build/depth_example/build/lib/depth_example
[0.697s] running install
[0.697s] running install_lib
[0.698s] copying /home/boma/realsense/build/depth_example/build/lib/depth_example/mail_node.py -> /home/boma/realsense/install/depth_example/lib/python3.10/site-packages/depth_example
[0.698s] byte-compiling /home/boma/realsense/install/depth_example/lib/python3.10/site-packages/depth_example/mail_node.py to mail_node.cpython-310.pyc
[0.698s] Sorry: TabError: inconsistent use of tabs and spaces in indentation (mail_node.py, line 29)
[0.698s] running install_data
[0.698s] running install_egg_info
[0.699s] removing '/home/boma/realsense/install/depth_example/lib/python3.10/site-packages/depth_example-0.0.0-py3.10.egg-info' (and everything under it)
[0.700s] Copying ../../build/depth_example/depth_example.egg-info to /home/boma/realsense/install/depth_example/lib/python3.10/site-packages/depth_example-0.0.0-py3.10.egg-info
[0.700s] running install_scripts
[0.713s] Installing detect_node script to /home/boma/realsense/install/depth_example/lib/depth_example
[0.713s] Installing final_RS_node script to /home/boma/realsense/install/depth_example/lib/depth_example
[0.713s] Installing final_node script to /home/boma/realsense/install/depth_example/lib/depth_example
[0.713s] Installing mail_node script to /home/boma/realsense/install/depth_example/lib/depth_example
[0.713s] Installing test_node script to /home/boma/realsense/install/depth_example/lib/depth_example
[0.713s] writing list of installed files to '/home/boma/realsense/build/depth_example/install.log'
[0.729s] Invoked command in '/home/boma/realsense/src/depth_example' returned '0': PYTHONPATH=/home/boma/realsense/build/depth_example/prefix_override:/home/boma/realsense/install/depth_example/lib/python3.10/site-packages:${PYTHONPATH} /usr/bin/python3 setup.py egg_info --egg-base ../../build/depth_example build --build-base /home/boma/realsense/build/depth_example/build install --record /home/boma/realsense/build/depth_example/install.log --single-version-externally-managed
